[0.010s] Invoking command in '/home/peyton/dev_ws/build/sec_bot': /usr/bin/cmake /home/peyton/dev_ws/src/sec_bot -DAMENT_CMAKE_SYMLINK_INSTALL=1 -DCMAKE_INSTALL_PREFIX=/home/peyton/dev_ws/install/sec_bot
[0.263s] -- The C compiler identification is GNU 11.4.0
[0.543s] -- The CXX compiler identification is GNU 11.4.0
[0.684s] -- Detecting C compiler ABI info
[0.770s] -- Detecting C compiler ABI info - done
[0.776s] -- Check for working C compiler: /usr/bin/cc - skipped
[0.777s] -- Detecting C compile features
[0.778s] -- Detecting C compile features - done
[0.782s] -- Detecting CXX compiler ABI info
[0.893s] -- Detecting CXX compiler ABI info - done
[0.898s] -- Check for working CXX compiler: /usr/bin/c++ - skipped
[0.898s] -- Detecting CXX compile features
[0.898s] -- Detecting CXX compile features - done
[1.443s] [31mCMake Error at CMakeLists.txt:19 (find_package):
[1.443s]   By not providing "Findament_cmake.cmake" in CMAKE_MODULE_PATH this project
[1.443s]   has asked CMake to find a package configuration file provided by
[1.443s]   "ament_cmake", but CMake did not find one.
[1.443s] 
[1.443s]   Could not find a package configuration file provided by "ament_cmake" with
[1.443s]   any of the following names:
[1.443s] 
[1.443s]     ament_cmakeConfig.cmake
[1.443s]     ament_cmake-config.cmake
[1.443s] 
[1.443s]   Add the installation prefix of "ament_cmake" to CMAKE_PREFIX_PATH or set
[1.443s]   "ament_cmake_DIR" to a directory containing one of the above files.  If
[1.443s]   "ament_cmake" provides a separate development package or SDK, be sure it
[1.444s]   has been installed.
[1.444s] 
[1.444s] [0m
[1.444s] -- Configuring incomplete, errors occurred!
[1.444s] See also "/home/peyton/dev_ws/build/sec_bot/CMakeFiles/CMakeOutput.log".
[1.446s] Invoked command in '/home/peyton/dev_ws/build/sec_bot' returned '1': /usr/bin/cmake /home/peyton/dev_ws/src/sec_bot -DAMENT_CMAKE_SYMLINK_INSTALL=1 -DCMAKE_INSTALL_PREFIX=/home/peyton/dev_ws/install/sec_bot
