[0.032s] Invoking command in '/home/ubuntu-vm/Desktop/sec_bot/build/sec_bot': CMAKE_PREFIX_PATH=/opt/ros/humble /usr/bin/cmake --build /home/ubuntu-vm/Desktop/sec_bot/build/sec_bot -- -j8 -l8
[0.101s] -- Found ament_cmake: 1.3.11 (/opt/ros/humble/share/ament_cmake/cmake)
[0.404s] -- Override CMake install command with custom implementation using symlinks instead of copying resources
[0.421s] -- Found ament_lint_auto: 0.12.11 (/opt/ros/humble/share/ament_lint_auto/cmake)
[0.596s] -- Added test 'copyright' to check source files copyright and LICENSE
[0.605s] -- Added test 'flake8' to check Python code syntax and style conventions
[0.606s] -- Added test 'lint_cmake' to check CMake code style
[0.607s] -- Added test 'pep257' to check Python code against some of the docstring style conventions in PEP 257
[0.612s] -- Added test 'xmllint' to check XML markup files
[0.615s] -- Configuring done
[0.623s] -- Generating done
[0.628s] -- Build files have been written to: /home/ubuntu-vm/Desktop/sec_bot/build/sec_bot
[0.692s] Invoked command in '/home/ubuntu-vm/Desktop/sec_bot/build/sec_bot' returned '0': CMAKE_PREFIX_PATH=/opt/ros/humble /usr/bin/cmake --build /home/ubuntu-vm/Desktop/sec_bot/build/sec_bot -- -j8 -l8
[0.720s] Invoking command in '/home/ubuntu-vm/Desktop/sec_bot/build/sec_bot': CMAKE_PREFIX_PATH=/opt/ros/humble /usr/bin/cmake --install /home/ubuntu-vm/Desktop/sec_bot/build/sec_bot
[0.742s] -- Install configuration: ""
[0.743s] -- Execute custom install script
[0.744s] -- Up-to-date symlink: /home/ubuntu-vm/Desktop/sec_bot/install/sec_bot/share/sec_bot/config/empty.yaml
[0.745s] -- Up-to-date symlink: /home/ubuntu-vm/Desktop/sec_bot/install/sec_bot/share/sec_bot/description/gazebo_control.xacro
[0.745s] -- Up-to-date symlink: /home/ubuntu-vm/Desktop/sec_bot/install/sec_bot/share/sec_bot/description/inertial_macros.xacro
[0.746s] -- Up-to-date symlink: /home/ubuntu-vm/Desktop/sec_bot/install/sec_bot/share/sec_bot/description/robot.urdf.xacro
[0.746s] -- Up-to-date symlink: /home/ubuntu-vm/Desktop/sec_bot/install/sec_bot/share/sec_bot/description/robot_core.xacro
[0.746s] -- Up-to-date symlink: /home/ubuntu-vm/Desktop/sec_bot/install/sec_bot/share/sec_bot/description/urdf_help.txt
[0.747s] -- Up-to-date symlink: /home/ubuntu-vm/Desktop/sec_bot/install/sec_bot/share/sec_bot/launch/launch_sim.launch.py
[0.748s] -- Up-to-date symlink: /home/ubuntu-vm/Desktop/sec_bot/install/sec_bot/share/sec_bot/launch/rsp.launch.py
[0.748s] -- Up-to-date symlink: /home/ubuntu-vm/Desktop/sec_bot/install/sec_bot/share/sec_bot/launch/sec_bot.launch
[0.749s] -- Up-to-date symlink: /home/ubuntu-vm/Desktop/sec_bot/install/sec_bot/share/sec_bot/worlds/empty.world
[0.749s] -- Up-to-date symlink: /home/ubuntu-vm/Desktop/sec_bot/install/sec_bot/share/ament_index/resource_index/package_run_dependencies/sec_bot
[0.750s] -- Up-to-date symlink: /home/ubuntu-vm/Desktop/sec_bot/install/sec_bot/share/ament_index/resource_index/parent_prefix_path/sec_bot
[0.750s] -- Up-to-date symlink: /home/ubuntu-vm/Desktop/sec_bot/install/sec_bot/share/sec_bot/environment/ament_prefix_path.sh
[0.751s] -- Up-to-date symlink: /home/ubuntu-vm/Desktop/sec_bot/install/sec_bot/share/sec_bot/environment/ament_prefix_path.dsv
[0.751s] -- Up-to-date symlink: /home/ubuntu-vm/Desktop/sec_bot/install/sec_bot/share/sec_bot/environment/path.sh
[0.751s] -- Up-to-date symlink: /home/ubuntu-vm/Desktop/sec_bot/install/sec_bot/share/sec_bot/environment/path.dsv
[0.753s] -- Up-to-date symlink: /home/ubuntu-vm/Desktop/sec_bot/install/sec_bot/share/sec_bot/local_setup.bash
[0.753s] -- Up-to-date symlink: /home/ubuntu-vm/Desktop/sec_bot/install/sec_bot/share/sec_bot/local_setup.sh
[0.753s] -- Up-to-date symlink: /home/ubuntu-vm/Desktop/sec_bot/install/sec_bot/share/sec_bot/local_setup.zsh
[0.753s] -- Up-to-date symlink: /home/ubuntu-vm/Desktop/sec_bot/install/sec_bot/share/sec_bot/local_setup.dsv
[0.754s] -- Symlinking: /home/ubuntu-vm/Desktop/sec_bot/install/sec_bot/share/sec_bot/package.dsv
[0.783s] -- Up-to-date symlink: /home/ubuntu-vm/Desktop/sec_bot/install/sec_bot/share/ament_index/resource_index/packages/sec_bot
[0.783s] -- Up-to-date symlink: /home/ubuntu-vm/Desktop/sec_bot/install/sec_bot/share/sec_bot/cmake/sec_botConfig.cmake
[0.784s] -- Up-to-date symlink: /home/ubuntu-vm/Desktop/sec_bot/install/sec_bot/share/sec_bot/cmake/sec_botConfig-version.cmake
[0.784s] -- Up-to-date symlink: /home/ubuntu-vm/Desktop/sec_bot/install/sec_bot/share/sec_bot/package.xml
[0.789s] Invoked command in '/home/ubuntu-vm/Desktop/sec_bot/build/sec_bot' returned '0': CMAKE_PREFIX_PATH=/opt/ros/humble /usr/bin/cmake --install /home/ubuntu-vm/Desktop/sec_bot/build/sec_bot
