[0.316s] Invoking command in '/home/peyton/ros_ws/build/sec_bot': CMAKE_PREFIX_PATH=/opt/ros/humble /usr/bin/cmake /home/peyton/ros_ws/sec_bot/src/sec_bot -DAMENT_CMAKE_SYMLINK_INSTALL=1 -DCMAKE_INSTALL_PREFIX=/home/peyton/ros_ws/install/sec_bot
[0.335s] -- Found ament_cmake: 1.3.11 (/opt/ros/humble/share/ament_cmake/cmake)
[0.515s] -- Found Python3: /usr/bin/python3 (found version "3.10.12") found components: Interpreter 
[0.605s] -- Override CMake install command with custom implementation using symlinks instead of copying resources
[0.671s] -- Found ament_lint_auto: 0.12.11 (/opt/ros/humble/share/ament_lint_auto/cmake)
[0.811s] -- Added test 'copyright' to check source files copyright and LICENSE
[0.815s] -- Added test 'flake8' to check Python code syntax and style conventions
[0.816s] -- Added test 'lint_cmake' to check CMake code style
[0.818s] -- Added test 'pep257' to check Python code against some of the docstring style conventions in PEP 257
[0.820s] -- Added test 'xmllint' to check XML markup files
[0.825s] -- Configuring done
[0.833s] -- Generating done
[0.835s] -- Build files have been written to: /home/peyton/ros_ws/build/sec_bot
[0.839s] Invoked command in '/home/peyton/ros_ws/build/sec_bot' returned '0': CMAKE_PREFIX_PATH=/opt/ros/humble /usr/bin/cmake /home/peyton/ros_ws/sec_bot/src/sec_bot -DAMENT_CMAKE_SYMLINK_INSTALL=1 -DCMAKE_INSTALL_PREFIX=/home/peyton/ros_ws/install/sec_bot
[0.841s] Invoking command in '/home/peyton/ros_ws/build/sec_bot': CMAKE_PREFIX_PATH=/opt/ros/humble /usr/bin/cmake --build /home/peyton/ros_ws/build/sec_bot -- -j12 -l12
[0.875s] Invoked command in '/home/peyton/ros_ws/build/sec_bot' returned '0': CMAKE_PREFIX_PATH=/opt/ros/humble /usr/bin/cmake --build /home/peyton/ros_ws/build/sec_bot -- -j12 -l12
[0.884s] Invoking command in '/home/peyton/ros_ws/build/sec_bot': CMAKE_PREFIX_PATH=/opt/ros/humble /usr/bin/cmake --install /home/peyton/ros_ws/build/sec_bot
[0.892s] -- Install configuration: ""
[0.893s] -- Execute custom install script
[0.894s] -- Symlinking: /home/peyton/ros_ws/install/sec_bot/share/sec_bot/config/controllers.yaml
[0.902s] -- Symlinking: /home/peyton/ros_ws/install/sec_bot/share/sec_bot/config/empty.yaml
[0.911s] -- Symlinking: /home/peyton/ros_ws/install/sec_bot/share/sec_bot/config/view_bot.rviz
[0.920s] -- Symlinking: /home/peyton/ros_ws/install/sec_bot/share/sec_bot/description/camera.xacro
[0.927s] -- Symlinking: /home/peyton/ros_ws/install/sec_bot/share/sec_bot/description/gazebo_control.xacro
[0.935s] -- Symlinking: /home/peyton/ros_ws/install/sec_bot/share/sec_bot/description/inertial_macros.xacro
[0.942s] -- Symlinking: /home/peyton/ros_ws/install/sec_bot/share/sec_bot/description/message.txt
[0.950s] -- Symlinking: /home/peyton/ros_ws/install/sec_bot/share/sec_bot/description/robot.urdf.xacro
[0.959s] -- Symlinking: /home/peyton/ros_ws/install/sec_bot/share/sec_bot/description/robot_core.xacro
[0.966s] -- Symlinking: /home/peyton/ros_ws/install/sec_bot/share/sec_bot/description/ros2_control.xacro
[0.976s] -- Symlinking: /home/peyton/ros_ws/install/sec_bot/share/sec_bot/description/urdf_help.txt
[0.984s] -- Symlinking: /home/peyton/ros_ws/install/sec_bot/share/sec_bot/launch/ball_tracker_launch.py
[0.991s] -- Symlinking: /home/peyton/ros_ws/install/sec_bot/share/sec_bot/launch/launch_sim.launch.py
[1.000s] -- Symlinking: /home/peyton/ros_ws/install/sec_bot/share/sec_bot/launch/rsp.launch.py
[1.007s] -- Symlinking: /home/peyton/ros_ws/install/sec_bot/share/sec_bot/worlds/empty.world
[1.014s] -- Symlinking: /home/peyton/ros_ws/install/sec_bot/share/sec_bot/worlds/purple_ball.world
[1.022s] -- Symlinking: /home/peyton/ros_ws/install/sec_bot/share/ament_index/resource_index/package_run_dependencies/sec_bot
[1.029s] -- Symlinking: /home/peyton/ros_ws/install/sec_bot/share/ament_index/resource_index/parent_prefix_path/sec_bot
[1.038s] -- Symlinking: /home/peyton/ros_ws/install/sec_bot/share/sec_bot/environment/ament_prefix_path.sh
[1.045s] -- Symlinking: /home/peyton/ros_ws/install/sec_bot/share/sec_bot/environment/ament_prefix_path.dsv
[1.053s] -- Symlinking: /home/peyton/ros_ws/install/sec_bot/share/sec_bot/environment/path.sh
[1.063s] -- Symlinking: /home/peyton/ros_ws/install/sec_bot/share/sec_bot/environment/path.dsv
[1.074s] -- Symlinking: /home/peyton/ros_ws/install/sec_bot/share/sec_bot/local_setup.bash
[1.082s] -- Symlinking: /home/peyton/ros_ws/install/sec_bot/share/sec_bot/local_setup.sh
[1.091s] -- Symlinking: /home/peyton/ros_ws/install/sec_bot/share/sec_bot/local_setup.zsh
[1.101s] -- Symlinking: /home/peyton/ros_ws/install/sec_bot/share/sec_bot/local_setup.dsv
[1.110s] -- Symlinking: /home/peyton/ros_ws/install/sec_bot/share/sec_bot/package.dsv
[1.119s] -- Symlinking: /home/peyton/ros_ws/install/sec_bot/share/ament_index/resource_index/packages/sec_bot
[1.128s] -- Symlinking: /home/peyton/ros_ws/install/sec_bot/share/sec_bot/cmake/sec_botConfig.cmake
[1.137s] -- Symlinking: /home/peyton/ros_ws/install/sec_bot/share/sec_bot/cmake/sec_botConfig-version.cmake
[1.144s] -- Symlinking: /home/peyton/ros_ws/install/sec_bot/share/sec_bot/package.xml
[1.154s] Invoked command in '/home/peyton/ros_ws/build/sec_bot' returned '0': CMAKE_PREFIX_PATH=/opt/ros/humble /usr/bin/cmake --install /home/peyton/ros_ws/build/sec_bot
