[0.017s] Invoking command in '/home/peyton/dev_ws/build/sec_bot': CMAKE_PREFIX_PATH=/opt/ros/humble /usr/bin/cmake /home/peyton/dev_ws/src/sec_bot -DAMENT_CMAKE_SYMLINK_INSTALL=1 -DCMAKE_INSTALL_PREFIX=/home/peyton/dev_ws/install/sec_bot
[0.087s] -- Found ament_cmake: 1.3.11 (/opt/ros/humble/share/ament_cmake/cmake)
[0.219s] -- Found Python3: /usr/bin/python3 (found version "3.10.12") found components: Interpreter 
[0.294s] -- Override CMake install command with custom implementation using symlinks instead of copying resources
[0.339s] -- Found ament_lint_auto: 0.12.11 (/opt/ros/humble/share/ament_lint_auto/cmake)
[0.419s] -- Added test 'copyright' to check source files copyright and LICENSE
[0.431s] -- Added test 'flake8' to check Python code syntax and style conventions
[0.433s] -- Added test 'lint_cmake' to check CMake code style
[0.434s] -- Added test 'pep257' to check Python code against some of the docstring style conventions in PEP 257
[0.436s] -- Added test 'xmllint' to check XML markup files
[0.440s] -- Configuring done
[0.447s] -- Generating done
[0.449s] -- Build files have been written to: /home/peyton/dev_ws/build/sec_bot
[0.458s] Invoked command in '/home/peyton/dev_ws/build/sec_bot' returned '0': CMAKE_PREFIX_PATH=/opt/ros/humble /usr/bin/cmake /home/peyton/dev_ws/src/sec_bot -DAMENT_CMAKE_SYMLINK_INSTALL=1 -DCMAKE_INSTALL_PREFIX=/home/peyton/dev_ws/install/sec_bot
[0.459s] Invoking command in '/home/peyton/dev_ws/build/sec_bot': CMAKE_PREFIX_PATH=/opt/ros/humble /usr/bin/cmake --build /home/peyton/dev_ws/build/sec_bot -- -j12 -l12
[0.486s] Invoked command in '/home/peyton/dev_ws/build/sec_bot' returned '0': CMAKE_PREFIX_PATH=/opt/ros/humble /usr/bin/cmake --build /home/peyton/dev_ws/build/sec_bot -- -j12 -l12
[0.493s] Invoking command in '/home/peyton/dev_ws/build/sec_bot': CMAKE_PREFIX_PATH=/opt/ros/humble /usr/bin/cmake --install /home/peyton/dev_ws/build/sec_bot
[0.496s] -- Install configuration: ""
[0.496s] -- Execute custom install script
[0.498s] -- Symlinking: /home/peyton/dev_ws/install/sec_bot/share/sec_bot/config/empty.yaml
[0.504s] -- Symlinking: /home/peyton/dev_ws/install/sec_bot/share/sec_bot/description/robot.urdf.xacro
[0.509s] -- Symlinking: /home/peyton/dev_ws/install/sec_bot/share/sec_bot/launch/rsp.launch.py
[0.514s] -- Symlinking: /home/peyton/dev_ws/install/sec_bot/share/sec_bot/worlds/empty.world
[0.520s] -- Symlinking: /home/peyton/dev_ws/install/sec_bot/share/ament_index/resource_index/package_run_dependencies/sec_bot
[0.524s] -- Symlinking: /home/peyton/dev_ws/install/sec_bot/share/ament_index/resource_index/parent_prefix_path/sec_bot
[0.530s] -- Symlinking: /home/peyton/dev_ws/install/sec_bot/share/sec_bot/environment/ament_prefix_path.sh
[0.534s] -- Symlinking: /home/peyton/dev_ws/install/sec_bot/share/sec_bot/environment/ament_prefix_path.dsv
[0.540s] -- Symlinking: /home/peyton/dev_ws/install/sec_bot/share/sec_bot/environment/path.sh
[0.547s] -- Symlinking: /home/peyton/dev_ws/install/sec_bot/share/sec_bot/environment/path.dsv
[0.552s] -- Symlinking: /home/peyton/dev_ws/install/sec_bot/share/sec_bot/local_setup.bash
[0.557s] -- Symlinking: /home/peyton/dev_ws/install/sec_bot/share/sec_bot/local_setup.sh
[0.562s] -- Symlinking: /home/peyton/dev_ws/install/sec_bot/share/sec_bot/local_setup.zsh
[0.567s] -- Symlinking: /home/peyton/dev_ws/install/sec_bot/share/sec_bot/local_setup.dsv
[0.571s] -- Symlinking: /home/peyton/dev_ws/install/sec_bot/share/sec_bot/package.dsv
[0.576s] -- Symlinking: /home/peyton/dev_ws/install/sec_bot/share/ament_index/resource_index/packages/sec_bot
[0.581s] -- Symlinking: /home/peyton/dev_ws/install/sec_bot/share/sec_bot/cmake/sec_botConfig.cmake
[0.586s] -- Symlinking: /home/peyton/dev_ws/install/sec_bot/share/sec_bot/cmake/sec_botConfig-version.cmake
[0.590s] -- Symlinking: /home/peyton/dev_ws/install/sec_bot/share/sec_bot/package.xml
[0.598s] Invoked command in '/home/peyton/dev_ws/build/sec_bot' returned '0': CMAKE_PREFIX_PATH=/opt/ros/humble /usr/bin/cmake --install /home/peyton/dev_ws/build/sec_bot
