[0.675s] Invoking command in '/home/peyton/dev_ws/build/ball_tracker': PYTHONPATH=/home/peyton/dev_ws/build/ball_tracker/prefix_override:/home/peyton/.local/lib/python3.10/site-packages/colcon_core/task/python/colcon_distutils_commands:/home/peyton/dev_ws/install/ball_tracker/lib/python3.10/site-packages:${PYTHONPATH} /usr/bin/python3 -W ignore:setup.py install is deprecated -W ignore:easy_install command is deprecated setup.py develop --editable --build-directory /home/peyton/dev_ws/build/ball_tracker/build --no-deps symlink_data --force
[0.854s] running develop
[0.969s] running egg_info
[0.969s] writing ball_tracker.egg-info/PKG-INFO
[0.970s] writing dependency_links to ball_tracker.egg-info/dependency_links.txt
[0.970s] writing entry points to ball_tracker.egg-info/entry_points.txt
[0.970s] writing requirements to ball_tracker.egg-info/requires.txt
[0.970s] writing top-level names to ball_tracker.egg-info/top_level.txt
[0.971s] reading manifest file 'ball_tracker.egg-info/SOURCES.txt'
[0.973s] writing manifest file 'ball_tracker.egg-info/SOURCES.txt'
[0.974s] running build_ext
[0.974s] Creating /home/peyton/dev_ws/install/ball_tracker/lib/python3.10/site-packages/ball-tracker.egg-link (link to .)
[0.974s] Installing image_publisher script to /home/peyton/dev_ws/install/ball_tracker/lib/ball_tracker
[0.975s] Installing image_subscriber script to /home/peyton/dev_ws/install/ball_tracker/lib/ball_tracker
[0.975s] 
[0.975s] Installed /home/peyton/dev_ws/build/ball_tracker
[0.975s] running symlink_data
[0.975s] symbolically linking /home/peyton/dev_ws/build/ball_tracker/resource/ball_tracker -> /home/peyton/dev_ws/install/ball_tracker/share/ament_index/resource_index/packages
[0.975s] symbolically linking /home/peyton/dev_ws/build/ball_tracker/package.xml -> /home/peyton/dev_ws/install/ball_tracker/share/ball_tracker
[0.998s] Invoked command in '/home/peyton/dev_ws/build/ball_tracker' returned '0': PYTHONPATH=/home/peyton/dev_ws/build/ball_tracker/prefix_override:/home/peyton/.local/lib/python3.10/site-packages/colcon_core/task/python/colcon_distutils_commands:/home/peyton/dev_ws/install/ball_tracker/lib/python3.10/site-packages:${PYTHONPATH} /usr/bin/python3 -W ignore:setup.py install is deprecated -W ignore:easy_install command is deprecated setup.py develop --editable --build-directory /home/peyton/dev_ws/build/ball_tracker/build --no-deps symlink_data --force
