[0.152s] DEBUG:colcon:Command line arguments: ['/home/peyton/.local/bin/colcon', 'build', '--symlink-install']
[0.152s] DEBUG:colcon:Parsed command line arguments: Namespace(log_base=None, log_level=None, verb_name='build', build_base='build', install_base='install', merge_install=False, symlink_install=True, test_result_base=None, continue_on_error=False, executor='parallel', parallel_workers=12, event_handlers=None, ignore_user_meta=False, metas=['./colcon.meta'], base_paths=['.'], packages_ignore=None, packages_ignore_regex=None, paths=None, packages_up_to=None, packages_up_to_regex=None, packages_above=None, packages_above_and_dependencies=None, packages_above_depth=None, packages_select_by_dep=None, packages_skip_by_dep=None, packages_skip_up_to=None, packages_select_build_failed=False, packages_skip_build_finished=False, packages_select_test_failures=False, packages_skip_test_passed=False, packages_select=None, packages_skip=None, packages_select_regex=None, packages_skip_regex=None, packages_start=None, packages_end=None, allow_overriding=[], cmake_args=None, cmake_target=None, cmake_target_skip_unavailable=False, cmake_clean_cache=False, cmake_clean_first=False, cmake_force_configure=False, ament_cmake_args=None, catkin_cmake_args=None, catkin_skip_building_tests=False, mixin_files=None, mixin=None, verb_parser=<colcon_mixin.mixin.mixin_argument.MixinArgumentDecorator object at 0x7ff081158d30>, verb_extension=<colcon_core.verb.build.BuildVerb object at 0x7ff081158760>, main=<bound method BuildVerb.main of <colcon_core.verb.build.BuildVerb object at 0x7ff081158760>>, mixin_verb=('build',))
[0.262s] Level 1:colcon.colcon_core.package_discovery:discover_packages(colcon_meta) check parameters
[0.262s] Level 1:colcon.colcon_core.package_discovery:discover_packages(recursive) check parameters
[0.262s] Level 1:colcon.colcon_core.package_discovery:discover_packages(ignore) check parameters
[0.262s] Level 1:colcon.colcon_core.package_discovery:discover_packages(path) check parameters
[0.262s] Level 1:colcon.colcon_core.package_discovery:discover_packages(colcon_meta) discover
[0.262s] Level 1:colcon.colcon_core.package_discovery:discover_packages(recursive) discover
[0.262s] INFO:colcon.colcon_core.package_discovery:Crawling recursively for packages in '/home/peyton/dev_ws'
[0.262s] Level 1:colcon.colcon_core.package_identification:_identify(.) by extensions ['ignore', 'ignore_ament_install']
[0.262s] Level 1:colcon.colcon_core.package_identification:_identify(.) by extension 'ignore'
[0.262s] Level 1:colcon.colcon_core.package_identification:_identify(.) by extension 'ignore_ament_install'
[0.263s] Level 1:colcon.colcon_core.package_identification:_identify(.) by extensions ['colcon_pkg']
[0.263s] Level 1:colcon.colcon_core.package_identification:_identify(.) by extension 'colcon_pkg'
[0.263s] Level 1:colcon.colcon_core.package_identification:_identify(.) by extensions ['colcon_meta']
[0.263s] Level 1:colcon.colcon_core.package_identification:_identify(.) by extension 'colcon_meta'
[0.263s] Level 1:colcon.colcon_core.package_identification:_identify(.) by extensions ['ros']
[0.263s] Level 1:colcon.colcon_core.package_identification:_identify(.) by extension 'ros'
[0.271s] Level 1:colcon.colcon_core.package_identification:_identify(.) by extensions ['cmake', 'python']
[0.271s] Level 1:colcon.colcon_core.package_identification:_identify(.) by extension 'cmake'
[0.271s] Level 1:colcon.colcon_core.package_identification:_identify(.) by extension 'python'
[0.271s] Level 1:colcon.colcon_core.package_identification:_identify(.) by extensions ['python_setup_py']
[0.271s] Level 1:colcon.colcon_core.package_identification:_identify(.) by extension 'python_setup_py'
[0.271s] Level 1:colcon.colcon_core.package_identification:_identify(build) by extensions ['ignore', 'ignore_ament_install']
[0.271s] Level 1:colcon.colcon_core.package_identification:_identify(build) by extension 'ignore'
[0.271s] Level 1:colcon.colcon_core.package_identification:_identify(build) ignored
[0.271s] Level 1:colcon.colcon_core.package_identification:_identify(install) by extensions ['ignore', 'ignore_ament_install']
[0.271s] Level 1:colcon.colcon_core.package_identification:_identify(install) by extension 'ignore'
[0.271s] Level 1:colcon.colcon_core.package_identification:_identify(install) ignored
[0.271s] Level 1:colcon.colcon_core.package_identification:_identify(log) by extensions ['ignore', 'ignore_ament_install']
[0.271s] Level 1:colcon.colcon_core.package_identification:_identify(log) by extension 'ignore'
[0.271s] Level 1:colcon.colcon_core.package_identification:_identify(log) ignored
[0.272s] Level 1:colcon.colcon_core.package_identification:_identify(src) by extensions ['ignore', 'ignore_ament_install']
[0.272s] Level 1:colcon.colcon_core.package_identification:_identify(src) by extension 'ignore'
[0.272s] Level 1:colcon.colcon_core.package_identification:_identify(src) by extension 'ignore_ament_install'
[0.272s] Level 1:colcon.colcon_core.package_identification:_identify(src) by extensions ['colcon_pkg']
[0.272s] Level 1:colcon.colcon_core.package_identification:_identify(src) by extension 'colcon_pkg'
[0.272s] Level 1:colcon.colcon_core.package_identification:_identify(src) by extensions ['colcon_meta']
[0.272s] Level 1:colcon.colcon_core.package_identification:_identify(src) by extension 'colcon_meta'
[0.272s] Level 1:colcon.colcon_core.package_identification:_identify(src) by extensions ['ros']
[0.272s] Level 1:colcon.colcon_core.package_identification:_identify(src) by extension 'ros'
[0.272s] Level 1:colcon.colcon_core.package_identification:_identify(src) by extensions ['cmake', 'python']
[0.272s] Level 1:colcon.colcon_core.package_identification:_identify(src) by extension 'cmake'
[0.272s] Level 1:colcon.colcon_core.package_identification:_identify(src) by extension 'python'
[0.272s] Level 1:colcon.colcon_core.package_identification:_identify(src) by extensions ['python_setup_py']
[0.272s] Level 1:colcon.colcon_core.package_identification:_identify(src) by extension 'python_setup_py'
[0.272s] Level 1:colcon.colcon_core.package_identification:_identify(src/ball_tracker) by extensions ['ignore', 'ignore_ament_install']
[0.272s] Level 1:colcon.colcon_core.package_identification:_identify(src/ball_tracker) by extension 'ignore'
[0.272s] Level 1:colcon.colcon_core.package_identification:_identify(src/ball_tracker) by extension 'ignore_ament_install'
[0.272s] Level 1:colcon.colcon_core.package_identification:_identify(src/ball_tracker) by extensions ['colcon_pkg']
[0.272s] Level 1:colcon.colcon_core.package_identification:_identify(src/ball_tracker) by extension 'colcon_pkg'
[0.272s] Level 1:colcon.colcon_core.package_identification:_identify(src/ball_tracker) by extensions ['colcon_meta']
[0.272s] Level 1:colcon.colcon_core.package_identification:_identify(src/ball_tracker) by extension 'colcon_meta'
[0.272s] Level 1:colcon.colcon_core.package_identification:_identify(src/ball_tracker) by extensions ['ros']
[0.272s] Level 1:colcon.colcon_core.package_identification:_identify(src/ball_tracker) by extension 'ros'
[0.274s] DEBUG:colcon.colcon_core.package_identification:Package 'src/ball_tracker' with type 'ros.ament_python' and name 'ball_tracker'
[0.274s] Level 1:colcon.colcon_core.package_identification:_identify(src/build) by extensions ['ignore', 'ignore_ament_install']
[0.274s] Level 1:colcon.colcon_core.package_identification:_identify(src/build) by extension 'ignore'
[0.274s] Level 1:colcon.colcon_core.package_identification:_identify(src/build) by extension 'ignore_ament_install'
[0.274s] Level 1:colcon.colcon_core.package_identification:_identify(src/build) by extensions ['colcon_pkg']
[0.274s] Level 1:colcon.colcon_core.package_identification:_identify(src/build) by extension 'colcon_pkg'
[0.274s] Level 1:colcon.colcon_core.package_identification:_identify(src/build) by extensions ['colcon_meta']
[0.274s] Level 1:colcon.colcon_core.package_identification:_identify(src/build) by extension 'colcon_meta'
[0.274s] Level 1:colcon.colcon_core.package_identification:_identify(src/build) by extensions ['ros']
[0.274s] Level 1:colcon.colcon_core.package_identification:_identify(src/build) by extension 'ros'
[0.275s] Level 1:colcon.colcon_core.package_identification:_identify(src/build) by extensions ['cmake', 'python']
[0.275s] Level 1:colcon.colcon_core.package_identification:_identify(src/build) by extension 'cmake'
[0.275s] Level 1:colcon.colcon_core.package_identification:_identify(src/build) by extension 'python'
[0.275s] Level 1:colcon.colcon_core.package_identification:_identify(src/build) by extensions ['python_setup_py']
[0.275s] Level 1:colcon.colcon_core.package_identification:_identify(src/build) by extension 'python_setup_py'
[0.275s] Level 1:colcon.colcon_core.package_identification:_identify(src/build/sec_bot) by extensions ['ignore', 'ignore_ament_install']
[0.275s] Level 1:colcon.colcon_core.package_identification:_identify(src/build/sec_bot) by extension 'ignore'
[0.275s] Level 1:colcon.colcon_core.package_identification:_identify(src/build/sec_bot) by extension 'ignore_ament_install'
[0.275s] Level 1:colcon.colcon_core.package_identification:_identify(src/build/sec_bot) by extensions ['colcon_pkg']
[0.275s] Level 1:colcon.colcon_core.package_identification:_identify(src/build/sec_bot) by extension 'colcon_pkg'
[0.275s] Level 1:colcon.colcon_core.package_identification:_identify(src/build/sec_bot) by extensions ['colcon_meta']
[0.275s] Level 1:colcon.colcon_core.package_identification:_identify(src/build/sec_bot) by extension 'colcon_meta'
[0.275s] Level 1:colcon.colcon_core.package_identification:_identify(src/build/sec_bot) by extensions ['ros']
[0.275s] Level 1:colcon.colcon_core.package_identification:_identify(src/build/sec_bot) by extension 'ros'
[0.275s] Level 1:colcon.colcon_core.package_identification:_identify(src/build/sec_bot) by extensions ['cmake', 'python']
[0.275s] Level 1:colcon.colcon_core.package_identification:_identify(src/build/sec_bot) by extension 'cmake'
[0.275s] Level 1:colcon.colcon_core.package_identification:_identify(src/build/sec_bot) by extension 'python'
[0.275s] Level 1:colcon.colcon_core.package_identification:_identify(src/build/sec_bot) by extensions ['python_setup_py']
[0.275s] Level 1:colcon.colcon_core.package_identification:_identify(src/build/sec_bot) by extension 'python_setup_py'
[0.275s] Level 1:colcon.colcon_core.package_identification:_identify(src/build/sec_bot/CMakeFiles) by extensions ['ignore', 'ignore_ament_install']
[0.275s] Level 1:colcon.colcon_core.package_identification:_identify(src/build/sec_bot/CMakeFiles) by extension 'ignore'
[0.275s] Level 1:colcon.colcon_core.package_identification:_identify(src/build/sec_bot/CMakeFiles) by extension 'ignore_ament_install'
[0.275s] Level 1:colcon.colcon_core.package_identification:_identify(src/build/sec_bot/CMakeFiles) by extensions ['colcon_pkg']
[0.275s] Level 1:colcon.colcon_core.package_identification:_identify(src/build/sec_bot/CMakeFiles) by extension 'colcon_pkg'
[0.275s] Level 1:colcon.colcon_core.package_identification:_identify(src/build/sec_bot/CMakeFiles) by extensions ['colcon_meta']
[0.276s] Level 1:colcon.colcon_core.package_identification:_identify(src/build/sec_bot/CMakeFiles) by extension 'colcon_meta'
[0.276s] Level 1:colcon.colcon_core.package_identification:_identify(src/build/sec_bot/CMakeFiles) by extensions ['ros']
[0.276s] Level 1:colcon.colcon_core.package_identification:_identify(src/build/sec_bot/CMakeFiles) by extension 'ros'
[0.276s] Level 1:colcon.colcon_core.package_identification:_identify(src/build/sec_bot/CMakeFiles) by extensions ['cmake', 'python']
[0.276s] Level 1:colcon.colcon_core.package_identification:_identify(src/build/sec_bot/CMakeFiles) by extension 'cmake'
[0.276s] Level 1:colcon.colcon_core.package_identification:_identify(src/build/sec_bot/CMakeFiles) by extension 'python'
[0.276s] Level 1:colcon.colcon_core.package_identification:_identify(src/build/sec_bot/CMakeFiles) by extensions ['python_setup_py']
[0.276s] Level 1:colcon.colcon_core.package_identification:_identify(src/build/sec_bot/CMakeFiles) by extension 'python_setup_py'
[0.276s] Level 1:colcon.colcon_core.package_identification:_identify(src/build/sec_bot/CMakeFiles/3.22.1) by extensions ['ignore', 'ignore_ament_install']
[0.276s] Level 1:colcon.colcon_core.package_identification:_identify(src/build/sec_bot/CMakeFiles/3.22.1) by extension 'ignore'
[0.276s] Level 1:colcon.colcon_core.package_identification:_identify(src/build/sec_bot/CMakeFiles/3.22.1) by extension 'ignore_ament_install'
[0.276s] Level 1:colcon.colcon_core.package_identification:_identify(src/build/sec_bot/CMakeFiles/3.22.1) by extensions ['colcon_pkg']
[0.276s] Level 1:colcon.colcon_core.package_identification:_identify(src/build/sec_bot/CMakeFiles/3.22.1) by extension 'colcon_pkg'
[0.276s] Level 1:colcon.colcon_core.package_identification:_identify(src/build/sec_bot/CMakeFiles/3.22.1) by extensions ['colcon_meta']
[0.276s] Level 1:colcon.colcon_core.package_identification:_identify(src/build/sec_bot/CMakeFiles/3.22.1) by extension 'colcon_meta'
[0.276s] Level 1:colcon.colcon_core.package_identification:_identify(src/build/sec_bot/CMakeFiles/3.22.1) by extensions ['ros']
[0.276s] Level 1:colcon.colcon_core.package_identification:_identify(src/build/sec_bot/CMakeFiles/3.22.1) by extension 'ros'
[0.276s] Level 1:colcon.colcon_core.package_identification:_identify(src/build/sec_bot/CMakeFiles/3.22.1) by extensions ['cmake', 'python']
[0.276s] Level 1:colcon.colcon_core.package_identification:_identify(src/build/sec_bot/CMakeFiles/3.22.1) by extension 'cmake'
[0.276s] Level 1:colcon.colcon_core.package_identification:_identify(src/build/sec_bot/CMakeFiles/3.22.1) by extension 'python'
[0.276s] Level 1:colcon.colcon_core.package_identification:_identify(src/build/sec_bot/CMakeFiles/3.22.1) by extensions ['python_setup_py']
[0.276s] Level 1:colcon.colcon_core.package_identification:_identify(src/build/sec_bot/CMakeFiles/3.22.1) by extension 'python_setup_py'
[0.276s] Level 1:colcon.colcon_core.package_identification:_identify(src/build/sec_bot/CMakeFiles/3.22.1/CompilerIdC) by extensions ['ignore', 'ignore_ament_install']
[0.276s] Level 1:colcon.colcon_core.package_identification:_identify(src/build/sec_bot/CMakeFiles/3.22.1/CompilerIdC) by extension 'ignore'
[0.276s] Level 1:colcon.colcon_core.package_identification:_identify(src/build/sec_bot/CMakeFiles/3.22.1/CompilerIdC) by extension 'ignore_ament_install'
[0.276s] Level 1:colcon.colcon_core.package_identification:_identify(src/build/sec_bot/CMakeFiles/3.22.1/CompilerIdC) by extensions ['colcon_pkg']
[0.276s] Level 1:colcon.colcon_core.package_identification:_identify(src/build/sec_bot/CMakeFiles/3.22.1/CompilerIdC) by extension 'colcon_pkg'
[0.276s] Level 1:colcon.colcon_core.package_identification:_identify(src/build/sec_bot/CMakeFiles/3.22.1/CompilerIdC) by extensions ['colcon_meta']
[0.276s] Level 1:colcon.colcon_core.package_identification:_identify(src/build/sec_bot/CMakeFiles/3.22.1/CompilerIdC) by extension 'colcon_meta'
[0.277s] Level 1:colcon.colcon_core.package_identification:_identify(src/build/sec_bot/CMakeFiles/3.22.1/CompilerIdC) by extensions ['ros']
[0.277s] Level 1:colcon.colcon_core.package_identification:_identify(src/build/sec_bot/CMakeFiles/3.22.1/CompilerIdC) by extension 'ros'
[0.277s] Level 1:colcon.colcon_core.package_identification:_identify(src/build/sec_bot/CMakeFiles/3.22.1/CompilerIdC) by extensions ['cmake', 'python']
[0.277s] Level 1:colcon.colcon_core.package_identification:_identify(src/build/sec_bot/CMakeFiles/3.22.1/CompilerIdC) by extension 'cmake'
[0.277s] Level 1:colcon.colcon_core.package_identification:_identify(src/build/sec_bot/CMakeFiles/3.22.1/CompilerIdC) by extension 'python'
[0.277s] Level 1:colcon.colcon_core.package_identification:_identify(src/build/sec_bot/CMakeFiles/3.22.1/CompilerIdC) by extensions ['python_setup_py']
[0.277s] Level 1:colcon.colcon_core.package_identification:_identify(src/build/sec_bot/CMakeFiles/3.22.1/CompilerIdC) by extension 'python_setup_py'
[0.277s] Level 1:colcon.colcon_core.package_identification:_identify(src/build/sec_bot/CMakeFiles/3.22.1/CompilerIdC/tmp) by extensions ['ignore', 'ignore_ament_install']
[0.277s] Level 1:colcon.colcon_core.package_identification:_identify(src/build/sec_bot/CMakeFiles/3.22.1/CompilerIdC/tmp) by extension 'ignore'
[0.277s] Level 1:colcon.colcon_core.package_identification:_identify(src/build/sec_bot/CMakeFiles/3.22.1/CompilerIdC/tmp) by extension 'ignore_ament_install'
[0.277s] Level 1:colcon.colcon_core.package_identification:_identify(src/build/sec_bot/CMakeFiles/3.22.1/CompilerIdC/tmp) by extensions ['colcon_pkg']
[0.277s] Level 1:colcon.colcon_core.package_identification:_identify(src/build/sec_bot/CMakeFiles/3.22.1/CompilerIdC/tmp) by extension 'colcon_pkg'
[0.277s] Level 1:colcon.colcon_core.package_identification:_identify(src/build/sec_bot/CMakeFiles/3.22.1/CompilerIdC/tmp) by extensions ['colcon_meta']
[0.277s] Level 1:colcon.colcon_core.package_identification:_identify(src/build/sec_bot/CMakeFiles/3.22.1/CompilerIdC/tmp) by extension 'colcon_meta'
[0.277s] Level 1:colcon.colcon_core.package_identification:_identify(src/build/sec_bot/CMakeFiles/3.22.1/CompilerIdC/tmp) by extensions ['ros']
[0.277s] Level 1:colcon.colcon_core.package_identification:_identify(src/build/sec_bot/CMakeFiles/3.22.1/CompilerIdC/tmp) by extension 'ros'
[0.277s] Level 1:colcon.colcon_core.package_identification:_identify(src/build/sec_bot/CMakeFiles/3.22.1/CompilerIdC/tmp) by extensions ['cmake', 'python']
[0.277s] Level 1:colcon.colcon_core.package_identification:_identify(src/build/sec_bot/CMakeFiles/3.22.1/CompilerIdC/tmp) by extension 'cmake'
[0.277s] Level 1:colcon.colcon_core.package_identification:_identify(src/build/sec_bot/CMakeFiles/3.22.1/CompilerIdC/tmp) by extension 'python'
[0.277s] Level 1:colcon.colcon_core.package_identification:_identify(src/build/sec_bot/CMakeFiles/3.22.1/CompilerIdC/tmp) by extensions ['python_setup_py']
[0.277s] Level 1:colcon.colcon_core.package_identification:_identify(src/build/sec_bot/CMakeFiles/3.22.1/CompilerIdC/tmp) by extension 'python_setup_py'
[0.277s] Level 1:colcon.colcon_core.package_identification:_identify(src/build/sec_bot/CMakeFiles/3.22.1/CompilerIdCXX) by extensions ['ignore', 'ignore_ament_install']
[0.277s] Level 1:colcon.colcon_core.package_identification:_identify(src/build/sec_bot/CMakeFiles/3.22.1/CompilerIdCXX) by extension 'ignore'
[0.277s] Level 1:colcon.colcon_core.package_identification:_identify(src/build/sec_bot/CMakeFiles/3.22.1/CompilerIdCXX) by extension 'ignore_ament_install'
[0.277s] Level 1:colcon.colcon_core.package_identification:_identify(src/build/sec_bot/CMakeFiles/3.22.1/CompilerIdCXX) by extensions ['colcon_pkg']
[0.277s] Level 1:colcon.colcon_core.package_identification:_identify(src/build/sec_bot/CMakeFiles/3.22.1/CompilerIdCXX) by extension 'colcon_pkg'
[0.277s] Level 1:colcon.colcon_core.package_identification:_identify(src/build/sec_bot/CMakeFiles/3.22.1/CompilerIdCXX) by extensions ['colcon_meta']
[0.277s] Level 1:colcon.colcon_core.package_identification:_identify(src/build/sec_bot/CMakeFiles/3.22.1/CompilerIdCXX) by extension 'colcon_meta'
[0.278s] Level 1:colcon.colcon_core.package_identification:_identify(src/build/sec_bot/CMakeFiles/3.22.1/CompilerIdCXX) by extensions ['ros']
[0.278s] Level 1:colcon.colcon_core.package_identification:_identify(src/build/sec_bot/CMakeFiles/3.22.1/CompilerIdCXX) by extension 'ros'
[0.278s] Level 1:colcon.colcon_core.package_identification:_identify(src/build/sec_bot/CMakeFiles/3.22.1/CompilerIdCXX) by extensions ['cmake', 'python']
[0.278s] Level 1:colcon.colcon_core.package_identification:_identify(src/build/sec_bot/CMakeFiles/3.22.1/CompilerIdCXX) by extension 'cmake'
[0.278s] Level 1:colcon.colcon_core.package_identification:_identify(src/build/sec_bot/CMakeFiles/3.22.1/CompilerIdCXX) by extension 'python'
[0.278s] Level 1:colcon.colcon_core.package_identification:_identify(src/build/sec_bot/CMakeFiles/3.22.1/CompilerIdCXX) by extensions ['python_setup_py']
[0.278s] Level 1:colcon.colcon_core.package_identification:_identify(src/build/sec_bot/CMakeFiles/3.22.1/CompilerIdCXX) by extension 'python_setup_py'
[0.278s] Level 1:colcon.colcon_core.package_identification:_identify(src/build/sec_bot/CMakeFiles/3.22.1/CompilerIdCXX/tmp) by extensions ['ignore', 'ignore_ament_install']
[0.278s] Level 1:colcon.colcon_core.package_identification:_identify(src/build/sec_bot/CMakeFiles/3.22.1/CompilerIdCXX/tmp) by extension 'ignore'
[0.278s] Level 1:colcon.colcon_core.package_identification:_identify(src/build/sec_bot/CMakeFiles/3.22.1/CompilerIdCXX/tmp) by extension 'ignore_ament_install'
[0.278s] Level 1:colcon.colcon_core.package_identification:_identify(src/build/sec_bot/CMakeFiles/3.22.1/CompilerIdCXX/tmp) by extensions ['colcon_pkg']
[0.278s] Level 1:colcon.colcon_core.package_identification:_identify(src/build/sec_bot/CMakeFiles/3.22.1/CompilerIdCXX/tmp) by extension 'colcon_pkg'
[0.278s] Level 1:colcon.colcon_core.package_identification:_identify(src/build/sec_bot/CMakeFiles/3.22.1/CompilerIdCXX/tmp) by extensions ['colcon_meta']
[0.278s] Level 1:colcon.colcon_core.package_identification:_identify(src/build/sec_bot/CMakeFiles/3.22.1/CompilerIdCXX/tmp) by extension 'colcon_meta'
[0.278s] Level 1:colcon.colcon_core.package_identification:_identify(src/build/sec_bot/CMakeFiles/3.22.1/CompilerIdCXX/tmp) by extensions ['ros']
[0.278s] Level 1:colcon.colcon_core.package_identification:_identify(src/build/sec_bot/CMakeFiles/3.22.1/CompilerIdCXX/tmp) by extension 'ros'
[0.278s] Level 1:colcon.colcon_core.package_identification:_identify(src/build/sec_bot/CMakeFiles/3.22.1/CompilerIdCXX/tmp) by extensions ['cmake', 'python']
[0.278s] Level 1:colcon.colcon_core.package_identification:_identify(src/build/sec_bot/CMakeFiles/3.22.1/CompilerIdCXX/tmp) by extension 'cmake'
[0.278s] Level 1:colcon.colcon_core.package_identification:_identify(src/build/sec_bot/CMakeFiles/3.22.1/CompilerIdCXX/tmp) by extension 'python'
[0.278s] Level 1:colcon.colcon_core.package_identification:_identify(src/build/sec_bot/CMakeFiles/3.22.1/CompilerIdCXX/tmp) by extensions ['python_setup_py']
[0.278s] Level 1:colcon.colcon_core.package_identification:_identify(src/build/sec_bot/CMakeFiles/3.22.1/CompilerIdCXX/tmp) by extension 'python_setup_py'
[0.278s] Level 1:colcon.colcon_core.package_identification:_identify(src/build/sec_bot/CMakeFiles/CMakeTmp) by extensions ['ignore', 'ignore_ament_install']
[0.278s] Level 1:colcon.colcon_core.package_identification:_identify(src/build/sec_bot/CMakeFiles/CMakeTmp) by extension 'ignore'
[0.278s] Level 1:colcon.colcon_core.package_identification:_identify(src/build/sec_bot/CMakeFiles/CMakeTmp) by extension 'ignore_ament_install'
[0.279s] Level 1:colcon.colcon_core.package_identification:_identify(src/build/sec_bot/CMakeFiles/CMakeTmp) by extensions ['colcon_pkg']
[0.279s] Level 1:colcon.colcon_core.package_identification:_identify(src/build/sec_bot/CMakeFiles/CMakeTmp) by extension 'colcon_pkg'
[0.279s] Level 1:colcon.colcon_core.package_identification:_identify(src/build/sec_bot/CMakeFiles/CMakeTmp) by extensions ['colcon_meta']
[0.279s] Level 1:colcon.colcon_core.package_identification:_identify(src/build/sec_bot/CMakeFiles/CMakeTmp) by extension 'colcon_meta'
[0.279s] Level 1:colcon.colcon_core.package_identification:_identify(src/build/sec_bot/CMakeFiles/CMakeTmp) by extensions ['ros']
[0.279s] Level 1:colcon.colcon_core.package_identification:_identify(src/build/sec_bot/CMakeFiles/CMakeTmp) by extension 'ros'
[0.279s] Level 1:colcon.colcon_core.package_identification:_identify(src/build/sec_bot/CMakeFiles/CMakeTmp) by extensions ['cmake', 'python']
[0.279s] Level 1:colcon.colcon_core.package_identification:_identify(src/build/sec_bot/CMakeFiles/CMakeTmp) by extension 'cmake'
[0.279s] Level 1:colcon.colcon_core.package_identification:_identify(src/build/sec_bot/CMakeFiles/CMakeTmp) by extension 'python'
[0.279s] Level 1:colcon.colcon_core.package_identification:_identify(src/build/sec_bot/CMakeFiles/CMakeTmp) by extensions ['python_setup_py']
[0.279s] Level 1:colcon.colcon_core.package_identification:_identify(src/build/sec_bot/CMakeFiles/CMakeTmp) by extension 'python_setup_py'
[0.279s] Level 1:colcon.colcon_core.package_identification:_identify(src/build/sec_bot/ament_copyright) by extensions ['ignore', 'ignore_ament_install']
[0.279s] Level 1:colcon.colcon_core.package_identification:_identify(src/build/sec_bot/ament_copyright) by extension 'ignore'
[0.279s] Level 1:colcon.colcon_core.package_identification:_identify(src/build/sec_bot/ament_copyright) by extension 'ignore_ament_install'
[0.279s] Level 1:colcon.colcon_core.package_identification:_identify(src/build/sec_bot/ament_copyright) by extensions ['colcon_pkg']
[0.279s] Level 1:colcon.colcon_core.package_identification:_identify(src/build/sec_bot/ament_copyright) by extension 'colcon_pkg'
[0.279s] Level 1:colcon.colcon_core.package_identification:_identify(src/build/sec_bot/ament_copyright) by extensions ['colcon_meta']
[0.279s] Level 1:colcon.colcon_core.package_identification:_identify(src/build/sec_bot/ament_copyright) by extension 'colcon_meta'
[0.279s] Level 1:colcon.colcon_core.package_identification:_identify(src/build/sec_bot/ament_copyright) by extensions ['ros']
[0.279s] Level 1:colcon.colcon_core.package_identification:_identify(src/build/sec_bot/ament_copyright) by extension 'ros'
[0.279s] Level 1:colcon.colcon_core.package_identification:_identify(src/build/sec_bot/ament_copyright) by extensions ['cmake', 'python']
[0.279s] Level 1:colcon.colcon_core.package_identification:_identify(src/build/sec_bot/ament_copyright) by extension 'cmake'
[0.279s] Level 1:colcon.colcon_core.package_identification:_identify(src/build/sec_bot/ament_copyright) by extension 'python'
[0.279s] Level 1:colcon.colcon_core.package_identification:_identify(src/build/sec_bot/ament_copyright) by extensions ['python_setup_py']
[0.279s] Level 1:colcon.colcon_core.package_identification:_identify(src/build/sec_bot/ament_copyright) by extension 'python_setup_py'
[0.279s] Level 1:colcon.colcon_core.package_identification:_identify(src/build/sec_bot/ament_cppcheck) by extensions ['ignore', 'ignore_ament_install']
[0.280s] Level 1:colcon.colcon_core.package_identification:_identify(src/build/sec_bot/ament_cppcheck) by extension 'ignore'
[0.280s] Level 1:colcon.colcon_core.package_identification:_identify(src/build/sec_bot/ament_cppcheck) by extension 'ignore_ament_install'
[0.280s] Level 1:colcon.colcon_core.package_identification:_identify(src/build/sec_bot/ament_cppcheck) by extensions ['colcon_pkg']
[0.280s] Level 1:colcon.colcon_core.package_identification:_identify(src/build/sec_bot/ament_cppcheck) by extension 'colcon_pkg'
[0.280s] Level 1:colcon.colcon_core.package_identification:_identify(src/build/sec_bot/ament_cppcheck) by extensions ['colcon_meta']
[0.280s] Level 1:colcon.colcon_core.package_identification:_identify(src/build/sec_bot/ament_cppcheck) by extension 'colcon_meta'
[0.280s] Level 1:colcon.colcon_core.package_identification:_identify(src/build/sec_bot/ament_cppcheck) by extensions ['ros']
[0.280s] Level 1:colcon.colcon_core.package_identification:_identify(src/build/sec_bot/ament_cppcheck) by extension 'ros'
[0.280s] Level 1:colcon.colcon_core.package_identification:_identify(src/build/sec_bot/ament_cppcheck) by extensions ['cmake', 'python']
[0.280s] Level 1:colcon.colcon_core.package_identification:_identify(src/build/sec_bot/ament_cppcheck) by extension 'cmake'
[0.280s] Level 1:colcon.colcon_core.package_identification:_identify(src/build/sec_bot/ament_cppcheck) by extension 'python'
[0.280s] Level 1:colcon.colcon_core.package_identification:_identify(src/build/sec_bot/ament_cppcheck) by extensions ['python_setup_py']
[0.280s] Level 1:colcon.colcon_core.package_identification:_identify(src/build/sec_bot/ament_cppcheck) by extension 'python_setup_py'
[0.280s] Level 1:colcon.colcon_core.package_identification:_identify(src/build/sec_bot/ament_cpplint) by extensions ['ignore', 'ignore_ament_install']
[0.280s] Level 1:colcon.colcon_core.package_identification:_identify(src/build/sec_bot/ament_cpplint) by extension 'ignore'
[0.280s] Level 1:colcon.colcon_core.package_identification:_identify(src/build/sec_bot/ament_cpplint) by extension 'ignore_ament_install'
[0.280s] Level 1:colcon.colcon_core.package_identification:_identify(src/build/sec_bot/ament_cpplint) by extensions ['colcon_pkg']
[0.280s] Level 1:colcon.colcon_core.package_identification:_identify(src/build/sec_bot/ament_cpplint) by extension 'colcon_pkg'
[0.280s] Level 1:colcon.colcon_core.package_identification:_identify(src/build/sec_bot/ament_cpplint) by extensions ['colcon_meta']
[0.280s] Level 1:colcon.colcon_core.package_identification:_identify(src/build/sec_bot/ament_cpplint) by extension 'colcon_meta'
[0.280s] Level 1:colcon.colcon_core.package_identification:_identify(src/build/sec_bot/ament_cpplint) by extensions ['ros']
[0.281s] Level 1:colcon.colcon_core.package_identification:_identify(src/build/sec_bot/ament_cpplint) by extension 'ros'
[0.281s] Level 1:colcon.colcon_core.package_identification:_identify(src/build/sec_bot/ament_cpplint) by extensions ['cmake', 'python']
[0.281s] Level 1:colcon.colcon_core.package_identification:_identify(src/build/sec_bot/ament_cpplint) by extension 'cmake'
[0.281s] Level 1:colcon.colcon_core.package_identification:_identify(src/build/sec_bot/ament_cpplint) by extension 'python'
[0.281s] Level 1:colcon.colcon_core.package_identification:_identify(src/build/sec_bot/ament_cpplint) by extensions ['python_setup_py']
[0.281s] Level 1:colcon.colcon_core.package_identification:_identify(src/build/sec_bot/ament_cpplint) by extension 'python_setup_py'
[0.281s] Level 1:colcon.colcon_core.package_identification:_identify(src/build/sec_bot/ament_flake8) by extensions ['ignore', 'ignore_ament_install']
[0.281s] Level 1:colcon.colcon_core.package_identification:_identify(src/build/sec_bot/ament_flake8) by extension 'ignore'
[0.281s] Level 1:colcon.colcon_core.package_identification:_identify(src/build/sec_bot/ament_flake8) by extension 'ignore_ament_install'
[0.281s] Level 1:colcon.colcon_core.package_identification:_identify(src/build/sec_bot/ament_flake8) by extensions ['colcon_pkg']
[0.281s] Level 1:colcon.colcon_core.package_identification:_identify(src/build/sec_bot/ament_flake8) by extension 'colcon_pkg'
[0.281s] Level 1:colcon.colcon_core.package_identification:_identify(src/build/sec_bot/ament_flake8) by extensions ['colcon_meta']
[0.281s] Level 1:colcon.colcon_core.package_identification:_identify(src/build/sec_bot/ament_flake8) by extension 'colcon_meta'
[0.281s] Level 1:colcon.colcon_core.package_identification:_identify(src/build/sec_bot/ament_flake8) by extensions ['ros']
[0.281s] Level 1:colcon.colcon_core.package_identification:_identify(src/build/sec_bot/ament_flake8) by extension 'ros'
[0.281s] Level 1:colcon.colcon_core.package_identification:_identify(src/build/sec_bot/ament_flake8) by extensions ['cmake', 'python']
[0.281s] Level 1:colcon.colcon_core.package_identification:_identify(src/build/sec_bot/ament_flake8) by extension 'cmake'
[0.281s] Level 1:colcon.colcon_core.package_identification:_identify(src/build/sec_bot/ament_flake8) by extension 'python'
[0.281s] Level 1:colcon.colcon_core.package_identification:_identify(src/build/sec_bot/ament_flake8) by extensions ['python_setup_py']
[0.281s] Level 1:colcon.colcon_core.package_identification:_identify(src/build/sec_bot/ament_flake8) by extension 'python_setup_py'
[0.282s] Level 1:colcon.colcon_core.package_identification:_identify(src/build/sec_bot/ament_lint_cmake) by extensions ['ignore', 'ignore_ament_install']
[0.282s] Level 1:colcon.colcon_core.package_identification:_identify(src/build/sec_bot/ament_lint_cmake) by extension 'ignore'
[0.282s] Level 1:colcon.colcon_core.package_identification:_identify(src/build/sec_bot/ament_lint_cmake) by extension 'ignore_ament_install'
[0.282s] Level 1:colcon.colcon_core.package_identification:_identify(src/build/sec_bot/ament_lint_cmake) by extensions ['colcon_pkg']
[0.282s] Level 1:colcon.colcon_core.package_identification:_identify(src/build/sec_bot/ament_lint_cmake) by extension 'colcon_pkg'
[0.282s] Level 1:colcon.colcon_core.package_identification:_identify(src/build/sec_bot/ament_lint_cmake) by extensions ['colcon_meta']
[0.282s] Level 1:colcon.colcon_core.package_identification:_identify(src/build/sec_bot/ament_lint_cmake) by extension 'colcon_meta'
[0.282s] Level 1:colcon.colcon_core.package_identification:_identify(src/build/sec_bot/ament_lint_cmake) by extensions ['ros']
[0.282s] Level 1:colcon.colcon_core.package_identification:_identify(src/build/sec_bot/ament_lint_cmake) by extension 'ros'
[0.282s] Level 1:colcon.colcon_core.package_identification:_identify(src/build/sec_bot/ament_lint_cmake) by extensions ['cmake', 'python']
[0.282s] Level 1:colcon.colcon_core.package_identification:_identify(src/build/sec_bot/ament_lint_cmake) by extension 'cmake'
[0.282s] Level 1:colcon.colcon_core.package_identification:_identify(src/build/sec_bot/ament_lint_cmake) by extension 'python'
[0.282s] Level 1:colcon.colcon_core.package_identification:_identify(src/build/sec_bot/ament_lint_cmake) by extensions ['python_setup_py']
[0.282s] Level 1:colcon.colcon_core.package_identification:_identify(src/build/sec_bot/ament_lint_cmake) by extension 'python_setup_py'
[0.282s] Level 1:colcon.colcon_core.package_identification:_identify(src/build/sec_bot/ament_pep257) by extensions ['ignore', 'ignore_ament_install']
[0.282s] Level 1:colcon.colcon_core.package_identification:_identify(src/build/sec_bot/ament_pep257) by extension 'ignore'
[0.282s] Level 1:colcon.colcon_core.package_identification:_identify(src/build/sec_bot/ament_pep257) by extension 'ignore_ament_install'
[0.282s] Level 1:colcon.colcon_core.package_identification:_identify(src/build/sec_bot/ament_pep257) by extensions ['colcon_pkg']
[0.282s] Level 1:colcon.colcon_core.package_identification:_identify(src/build/sec_bot/ament_pep257) by extension 'colcon_pkg'
[0.282s] Level 1:colcon.colcon_core.package_identification:_identify(src/build/sec_bot/ament_pep257) by extensions ['colcon_meta']
[0.282s] Level 1:colcon.colcon_core.package_identification:_identify(src/build/sec_bot/ament_pep257) by extension 'colcon_meta'
[0.282s] Level 1:colcon.colcon_core.package_identification:_identify(src/build/sec_bot/ament_pep257) by extensions ['ros']
[0.282s] Level 1:colcon.colcon_core.package_identification:_identify(src/build/sec_bot/ament_pep257) by extension 'ros'
[0.282s] Level 1:colcon.colcon_core.package_identification:_identify(src/build/sec_bot/ament_pep257) by extensions ['cmake', 'python']
[0.282s] Level 1:colcon.colcon_core.package_identification:_identify(src/build/sec_bot/ament_pep257) by extension 'cmake'
[0.282s] Level 1:colcon.colcon_core.package_identification:_identify(src/build/sec_bot/ament_pep257) by extension 'python'
[0.282s] Level 1:colcon.colcon_core.package_identification:_identify(src/build/sec_bot/ament_pep257) by extensions ['python_setup_py']
[0.283s] Level 1:colcon.colcon_core.package_identification:_identify(src/build/sec_bot/ament_pep257) by extension 'python_setup_py'
[0.283s] Level 1:colcon.colcon_core.package_identification:_identify(src/build/sec_bot/ament_uncrustify) by extensions ['ignore', 'ignore_ament_install']
[0.283s] Level 1:colcon.colcon_core.package_identification:_identify(src/build/sec_bot/ament_uncrustify) by extension 'ignore'
[0.283s] Level 1:colcon.colcon_core.package_identification:_identify(src/build/sec_bot/ament_uncrustify) by extension 'ignore_ament_install'
[0.283s] Level 1:colcon.colcon_core.package_identification:_identify(src/build/sec_bot/ament_uncrustify) by extensions ['colcon_pkg']
[0.283s] Level 1:colcon.colcon_core.package_identification:_identify(src/build/sec_bot/ament_uncrustify) by extension 'colcon_pkg'
[0.283s] Level 1:colcon.colcon_core.package_identification:_identify(src/build/sec_bot/ament_uncrustify) by extensions ['colcon_meta']
[0.283s] Level 1:colcon.colcon_core.package_identification:_identify(src/build/sec_bot/ament_uncrustify) by extension 'colcon_meta'
[0.283s] Level 1:colcon.colcon_core.package_identification:_identify(src/build/sec_bot/ament_uncrustify) by extensions ['ros']
[0.283s] Level 1:colcon.colcon_core.package_identification:_identify(src/build/sec_bot/ament_uncrustify) by extension 'ros'
[0.283s] Level 1:colcon.colcon_core.package_identification:_identify(src/build/sec_bot/ament_uncrustify) by extensions ['cmake', 'python']
[0.283s] Level 1:colcon.colcon_core.package_identification:_identify(src/build/sec_bot/ament_uncrustify) by extension 'cmake'
[0.283s] Level 1:colcon.colcon_core.package_identification:_identify(src/build/sec_bot/ament_uncrustify) by extension 'python'
[0.283s] Level 1:colcon.colcon_core.package_identification:_identify(src/build/sec_bot/ament_uncrustify) by extensions ['python_setup_py']
[0.283s] Level 1:colcon.colcon_core.package_identification:_identify(src/build/sec_bot/ament_uncrustify) by extension 'python_setup_py'
[0.283s] Level 1:colcon.colcon_core.package_identification:_identify(src/build/sec_bot/ament_xmllint) by extensions ['ignore', 'ignore_ament_install']
[0.283s] Level 1:colcon.colcon_core.package_identification:_identify(src/build/sec_bot/ament_xmllint) by extension 'ignore'
[0.283s] Level 1:colcon.colcon_core.package_identification:_identify(src/build/sec_bot/ament_xmllint) by extension 'ignore_ament_install'
[0.283s] Level 1:colcon.colcon_core.package_identification:_identify(src/build/sec_bot/ament_xmllint) by extensions ['colcon_pkg']
[0.283s] Level 1:colcon.colcon_core.package_identification:_identify(src/build/sec_bot/ament_xmllint) by extension 'colcon_pkg'
[0.283s] Level 1:colcon.colcon_core.package_identification:_identify(src/build/sec_bot/ament_xmllint) by extensions ['colcon_meta']
[0.283s] Level 1:colcon.colcon_core.package_identification:_identify(src/build/sec_bot/ament_xmllint) by extension 'colcon_meta'
[0.283s] Level 1:colcon.colcon_core.package_identification:_identify(src/build/sec_bot/ament_xmllint) by extensions ['ros']
[0.283s] Level 1:colcon.colcon_core.package_identification:_identify(src/build/sec_bot/ament_xmllint) by extension 'ros'
[0.283s] Level 1:colcon.colcon_core.package_identification:_identify(src/build/sec_bot/ament_xmllint) by extensions ['cmake', 'python']
[0.283s] Level 1:colcon.colcon_core.package_identification:_identify(src/build/sec_bot/ament_xmllint) by extension 'cmake'
[0.283s] Level 1:colcon.colcon_core.package_identification:_identify(src/build/sec_bot/ament_xmllint) by extension 'python'
[0.284s] Level 1:colcon.colcon_core.package_identification:_identify(src/build/sec_bot/ament_xmllint) by extensions ['python_setup_py']
[0.284s] Level 1:colcon.colcon_core.package_identification:_identify(src/build/sec_bot/ament_xmllint) by extension 'python_setup_py'
[0.284s] Level 1:colcon.colcon_core.package_identification:_identify(src/sec_bot) by extensions ['ignore', 'ignore_ament_install']
[0.284s] Level 1:colcon.colcon_core.package_identification:_identify(src/sec_bot) by extension 'ignore'
[0.284s] Level 1:colcon.colcon_core.package_identification:_identify(src/sec_bot) by extension 'ignore_ament_install'
[0.284s] Level 1:colcon.colcon_core.package_identification:_identify(src/sec_bot) by extensions ['colcon_pkg']
[0.284s] Level 1:colcon.colcon_core.package_identification:_identify(src/sec_bot) by extension 'colcon_pkg'
[0.284s] Level 1:colcon.colcon_core.package_identification:_identify(src/sec_bot) by extensions ['colcon_meta']
[0.284s] Level 1:colcon.colcon_core.package_identification:_identify(src/sec_bot) by extension 'colcon_meta'
[0.284s] Level 1:colcon.colcon_core.package_identification:_identify(src/sec_bot) by extensions ['ros']
[0.284s] Level 1:colcon.colcon_core.package_identification:_identify(src/sec_bot) by extension 'ros'
[0.284s] DEBUG:colcon.colcon_core.package_identification:Package 'src/sec_bot' with type 'ros.ament_cmake' and name 'sec_bot'
[0.284s] Level 1:colcon.colcon_core.package_discovery:discover_packages(recursive) using defaults
[0.284s] Level 1:colcon.colcon_core.package_discovery:discover_packages(ignore) discover
[0.284s] Level 1:colcon.colcon_core.package_discovery:discover_packages(ignore) using defaults
[0.284s] Level 1:colcon.colcon_core.package_discovery:discover_packages(path) discover
[0.284s] Level 1:colcon.colcon_core.package_discovery:discover_packages(path) using defaults
[0.298s] Level 1:colcon.colcon_core.package_discovery:discover_packages(prefix_path) check parameters
[0.298s] Level 1:colcon.colcon_core.package_discovery:discover_packages(prefix_path) discover
[0.299s] DEBUG:colcon.colcon_installed_package_information.package_discovery:Found 1 installed packages in /home/peyton/dev_ws/install
[0.300s] DEBUG:colcon.colcon_installed_package_information.package_discovery:Found 327 installed packages in /opt/ros/humble
[0.309s] Level 1:colcon.colcon_core.package_discovery:discover_packages(prefix_path) using defaults
[0.340s] Level 5:colcon.colcon_core.verb:set package 'ball_tracker' build argument 'cmake_args' from command line to 'None'
[0.340s] Level 5:colcon.colcon_core.verb:set package 'ball_tracker' build argument 'cmake_target' from command line to 'None'
[0.340s] Level 5:colcon.colcon_core.verb:set package 'ball_tracker' build argument 'cmake_target_skip_unavailable' from command line to 'False'
[0.340s] Level 5:colcon.colcon_core.verb:set package 'ball_tracker' build argument 'cmake_clean_cache' from command line to 'False'
[0.340s] Level 5:colcon.colcon_core.verb:set package 'ball_tracker' build argument 'cmake_clean_first' from command line to 'False'
[0.340s] Level 5:colcon.colcon_core.verb:set package 'ball_tracker' build argument 'cmake_force_configure' from command line to 'False'
[0.340s] Level 5:colcon.colcon_core.verb:set package 'ball_tracker' build argument 'ament_cmake_args' from command line to 'None'
[0.340s] Level 5:colcon.colcon_core.verb:set package 'ball_tracker' build argument 'catkin_cmake_args' from command line to 'None'
[0.340s] Level 5:colcon.colcon_core.verb:set package 'ball_tracker' build argument 'catkin_skip_building_tests' from command line to 'False'
[0.340s] DEBUG:colcon.colcon_core.verb:Building package 'ball_tracker' with the following arguments: {'ament_cmake_args': None, 'build_base': '/home/peyton/dev_ws/build/ball_tracker', 'catkin_cmake_args': None, 'catkin_skip_building_tests': False, 'cmake_args': None, 'cmake_clean_cache': False, 'cmake_clean_first': False, 'cmake_force_configure': False, 'cmake_target': None, 'cmake_target_skip_unavailable': False, 'install_base': '/home/peyton/dev_ws/install/ball_tracker', 'merge_install': False, 'path': '/home/peyton/dev_ws/src/ball_tracker', 'symlink_install': True, 'test_result_base': None}
[0.340s] Level 5:colcon.colcon_core.verb:set package 'sec_bot' build argument 'cmake_args' from command line to 'None'
[0.340s] Level 5:colcon.colcon_core.verb:set package 'sec_bot' build argument 'cmake_target' from command line to 'None'
[0.341s] Level 5:colcon.colcon_core.verb:set package 'sec_bot' build argument 'cmake_target_skip_unavailable' from command line to 'False'
[0.341s] Level 5:colcon.colcon_core.verb:set package 'sec_bot' build argument 'cmake_clean_cache' from command line to 'False'
[0.341s] Level 5:colcon.colcon_core.verb:set package 'sec_bot' build argument 'cmake_clean_first' from command line to 'False'
[0.341s] Level 5:colcon.colcon_core.verb:set package 'sec_bot' build argument 'cmake_force_configure' from command line to 'False'
[0.341s] Level 5:colcon.colcon_core.verb:set package 'sec_bot' build argument 'ament_cmake_args' from command line to 'None'
[0.341s] Level 5:colcon.colcon_core.verb:set package 'sec_bot' build argument 'catkin_cmake_args' from command line to 'None'
[0.341s] Level 5:colcon.colcon_core.verb:set package 'sec_bot' build argument 'catkin_skip_building_tests' from command line to 'False'
[0.341s] DEBUG:colcon.colcon_core.verb:Building package 'sec_bot' with the following arguments: {'ament_cmake_args': None, 'build_base': '/home/peyton/dev_ws/build/sec_bot', 'catkin_cmake_args': None, 'catkin_skip_building_tests': False, 'cmake_args': None, 'cmake_clean_cache': False, 'cmake_clean_first': False, 'cmake_force_configure': False, 'cmake_target': None, 'cmake_target_skip_unavailable': False, 'install_base': '/home/peyton/dev_ws/install/sec_bot', 'merge_install': False, 'path': '/home/peyton/dev_ws/src/sec_bot', 'symlink_install': True, 'test_result_base': None}
[0.341s] INFO:colcon.colcon_core.executor:Executing jobs using 'parallel' executor
[0.342s] DEBUG:colcon.colcon_parallel_executor.executor.parallel:run_until_complete
[0.343s] INFO:colcon.colcon_ros.task.ament_python.build:Building ROS package in '/home/peyton/dev_ws/src/ball_tracker' with build type 'ament_python'
[0.343s] Level 1:colcon.colcon_core.shell:create_environment_hook('ball_tracker', 'ament_prefix_path')
[0.345s] INFO:colcon.colcon_core.plugin_system:Skipping extension 'colcon_core.shell.bat': Not used on non-Windows systems
[0.345s] INFO:colcon.colcon_core.shell:Creating environment hook '/home/peyton/dev_ws/install/ball_tracker/share/ball_tracker/hook/ament_prefix_path.ps1'
[0.346s] INFO:colcon.colcon_core.shell:Creating environment descriptor '/home/peyton/dev_ws/install/ball_tracker/share/ball_tracker/hook/ament_prefix_path.dsv'
[0.346s] INFO:colcon.colcon_core.shell:Creating environment hook '/home/peyton/dev_ws/install/ball_tracker/share/ball_tracker/hook/ament_prefix_path.sh'
[0.347s] INFO:colcon.colcon_core.shell:Skip shell extension 'powershell' for command environment: Not usable outside of PowerShell
[0.347s] DEBUG:colcon.colcon_core.shell:Skip shell extension 'dsv' for command environment
[0.349s] INFO:colcon.colcon_ros.task.ament_cmake.build:Building ROS package in '/home/peyton/dev_ws/src/sec_bot' with build type 'ament_cmake'
[0.349s] INFO:colcon.colcon_cmake.task.cmake.build:Building CMake package in '/home/peyton/dev_ws/src/sec_bot'
[0.350s] INFO:colcon.colcon_core.shell:Skip shell extension 'powershell' for command environment: Not usable outside of PowerShell
[0.350s] DEBUG:colcon.colcon_core.shell:Skip shell extension 'dsv' for command environment
[0.532s] INFO:colcon.colcon_core.task.python.build:Building Python package in '/home/peyton/dev_ws/src/ball_tracker'
[0.533s] INFO:colcon.colcon_core.shell:Skip shell extension 'powershell' for command environment: Not usable outside of PowerShell
[0.533s] DEBUG:colcon.colcon_core.shell:Skip shell extension 'dsv' for command environment
[0.542s] DEBUG:colcon.colcon_core.event_handler.log_command:Invoking command in '/home/peyton/dev_ws/build/sec_bot': CMAKE_PREFIX_PATH=${CMAKE_PREFIX_PATH}:/opt/ros/humble:/home/peyton/dev_ws/install/ball_tracker /usr/bin/cmake --build /home/peyton/dev_ws/build/sec_bot -- -j12 -l12
[0.723s] DEBUG:colcon.colcon_core.event_handler.log_command:Invoked command in '/home/peyton/dev_ws/build/sec_bot' returned '0': CMAKE_PREFIX_PATH=${CMAKE_PREFIX_PATH}:/opt/ros/humble:/home/peyton/dev_ws/install/ball_tracker /usr/bin/cmake --build /home/peyton/dev_ws/build/sec_bot -- -j12 -l12
[0.730s] DEBUG:colcon.colcon_core.event_handler.log_command:Invoking command in '/home/peyton/dev_ws/build/sec_bot': CMAKE_PREFIX_PATH=${CMAKE_PREFIX_PATH}:/opt/ros/humble:/home/peyton/dev_ws/install/ball_tracker /usr/bin/cmake --install /home/peyton/dev_ws/build/sec_bot
[0.747s] Level 1:colcon.colcon_core.environment:create_environment_scripts_only(sec_bot)
[0.748s] DEBUG:colcon.colcon_core.event_handler.log_command:Invoked command in '/home/peyton/dev_ws/build/sec_bot' returned '0': CMAKE_PREFIX_PATH=${CMAKE_PREFIX_PATH}:/opt/ros/humble:/home/peyton/dev_ws/install/ball_tracker /usr/bin/cmake --install /home/peyton/dev_ws/build/sec_bot
[0.749s] Level 1:colcon.colcon_core.environment:checking '/home/peyton/dev_ws/install/sec_bot' for CMake module files
[0.750s] Level 1:colcon.colcon_core.environment:checking '/home/peyton/dev_ws/install/sec_bot' for CMake config files
[0.750s] Level 1:colcon.colcon_core.shell:create_environment_hook('sec_bot', 'cmake_prefix_path')
[0.750s] INFO:colcon.colcon_core.shell:Creating environment hook '/home/peyton/dev_ws/install/sec_bot/share/sec_bot/hook/cmake_prefix_path.ps1'
[0.751s] INFO:colcon.colcon_core.shell:Creating environment descriptor '/home/peyton/dev_ws/install/sec_bot/share/sec_bot/hook/cmake_prefix_path.dsv'
[0.751s] INFO:colcon.colcon_core.shell:Creating environment hook '/home/peyton/dev_ws/install/sec_bot/share/sec_bot/hook/cmake_prefix_path.sh'
[0.752s] Level 1:colcon.colcon_core.environment:checking '/home/peyton/dev_ws/install/sec_bot/bin'
[0.752s] Level 1:colcon.colcon_core.environment:checking '/home/peyton/dev_ws/install/sec_bot/lib/pkgconfig/sec_bot.pc'
[0.752s] Level 1:colcon.colcon_core.environment:checking '/home/peyton/dev_ws/install/sec_bot/lib/python3.10/site-packages'
[0.753s] Level 1:colcon.colcon_core.environment:checking '/home/peyton/dev_ws/install/sec_bot/bin'
[0.753s] INFO:colcon.colcon_core.shell:Creating package script '/home/peyton/dev_ws/install/sec_bot/share/sec_bot/package.ps1'
[0.753s] INFO:colcon.colcon_core.shell:Creating package descriptor '/home/peyton/dev_ws/install/sec_bot/share/sec_bot/package.dsv'
[0.754s] INFO:colcon.colcon_core.shell:Creating package script '/home/peyton/dev_ws/install/sec_bot/share/sec_bot/package.sh'
[0.754s] INFO:colcon.colcon_core.shell:Creating package script '/home/peyton/dev_ws/install/sec_bot/share/sec_bot/package.bash'
[0.755s] INFO:colcon.colcon_core.shell:Creating package script '/home/peyton/dev_ws/install/sec_bot/share/sec_bot/package.zsh'
[0.755s] Level 1:colcon.colcon_core.environment:create_file_with_runtime_dependencies(/home/peyton/dev_ws/install/sec_bot/share/colcon-core/packages/sec_bot)
[0.756s] Level 1:colcon.colcon_core.environment:create_environment_scripts_only(sec_bot)
[0.756s] Level 1:colcon.colcon_core.environment:checking '/home/peyton/dev_ws/install/sec_bot' for CMake module files
[0.756s] Level 1:colcon.colcon_core.environment:checking '/home/peyton/dev_ws/install/sec_bot' for CMake config files
[0.757s] Level 1:colcon.colcon_core.shell:create_environment_hook('sec_bot', 'cmake_prefix_path')
[0.757s] INFO:colcon.colcon_core.shell:Creating environment hook '/home/peyton/dev_ws/install/sec_bot/share/sec_bot/hook/cmake_prefix_path.ps1'
[0.757s] INFO:colcon.colcon_core.shell:Creating environment descriptor '/home/peyton/dev_ws/install/sec_bot/share/sec_bot/hook/cmake_prefix_path.dsv'
[0.758s] INFO:colcon.colcon_core.shell:Creating environment hook '/home/peyton/dev_ws/install/sec_bot/share/sec_bot/hook/cmake_prefix_path.sh'
[0.758s] Level 1:colcon.colcon_core.environment:checking '/home/peyton/dev_ws/install/sec_bot/bin'
[0.758s] Level 1:colcon.colcon_core.environment:checking '/home/peyton/dev_ws/install/sec_bot/lib/pkgconfig/sec_bot.pc'
[0.759s] Level 1:colcon.colcon_core.environment:checking '/home/peyton/dev_ws/install/sec_bot/lib/python3.10/site-packages'
[0.759s] Level 1:colcon.colcon_core.environment:checking '/home/peyton/dev_ws/install/sec_bot/bin'
[0.759s] INFO:colcon.colcon_core.shell:Creating package script '/home/peyton/dev_ws/install/sec_bot/share/sec_bot/package.ps1'
[0.760s] INFO:colcon.colcon_core.shell:Creating package descriptor '/home/peyton/dev_ws/install/sec_bot/share/sec_bot/package.dsv'
[0.761s] INFO:colcon.colcon_core.shell:Creating package script '/home/peyton/dev_ws/install/sec_bot/share/sec_bot/package.sh'
[0.761s] INFO:colcon.colcon_core.shell:Creating package script '/home/peyton/dev_ws/install/sec_bot/share/sec_bot/package.bash'
[0.761s] INFO:colcon.colcon_core.shell:Creating package script '/home/peyton/dev_ws/install/sec_bot/share/sec_bot/package.zsh'
[0.762s] Level 1:colcon.colcon_core.environment:create_file_with_runtime_dependencies(/home/peyton/dev_ws/install/sec_bot/share/colcon-core/packages/sec_bot)
[0.816s] DEBUG:colcon.colcon_core.event_handler.log_command:Invoking command in '/home/peyton/dev_ws/build/ball_tracker': PYTHONPATH=/home/peyton/dev_ws/build/ball_tracker/prefix_override:/home/peyton/.local/lib/python3.10/site-packages/colcon_core/task/python/colcon_distutils_commands:/home/peyton/dev_ws/install/ball_tracker/lib/python3.10/site-packages:${PYTHONPATH} /usr/bin/python3 -W ignore:setup.py install is deprecated -W ignore:easy_install command is deprecated setup.py develop --editable --build-directory /home/peyton/dev_ws/build/ball_tracker/build --no-deps symlink_data
[1.137s] Level 1:colcon.colcon_core.shell:create_environment_hook('ball_tracker', 'pythonpath_develop')
[1.137s] INFO:colcon.colcon_core.shell:Creating environment hook '/home/peyton/dev_ws/build/ball_tracker/share/ball_tracker/hook/pythonpath_develop.ps1'
[1.137s] DEBUG:colcon.colcon_core.event_handler.log_command:Invoked command in '/home/peyton/dev_ws/build/ball_tracker' returned '0': PYTHONPATH=/home/peyton/dev_ws/build/ball_tracker/prefix_override:/home/peyton/.local/lib/python3.10/site-packages/colcon_core/task/python/colcon_distutils_commands:/home/peyton/dev_ws/install/ball_tracker/lib/python3.10/site-packages:${PYTHONPATH} /usr/bin/python3 -W ignore:setup.py install is deprecated -W ignore:easy_install command is deprecated setup.py develop --editable --build-directory /home/peyton/dev_ws/build/ball_tracker/build --no-deps symlink_data
[1.138s] INFO:colcon.colcon_core.shell:Creating environment descriptor '/home/peyton/dev_ws/build/ball_tracker/share/ball_tracker/hook/pythonpath_develop.dsv'
[1.138s] INFO:colcon.colcon_core.shell:Creating environment hook '/home/peyton/dev_ws/build/ball_tracker/share/ball_tracker/hook/pythonpath_develop.sh'
[1.139s] Level 1:colcon.colcon_core.environment:checking '/home/peyton/dev_ws/install/ball_tracker' for CMake module files
[1.139s] Level 1:colcon.colcon_core.environment:checking '/home/peyton/dev_ws/install/ball_tracker' for CMake config files
[1.139s] Level 1:colcon.colcon_core.environment:checking '/home/peyton/dev_ws/install/ball_tracker/lib'
[1.139s] Level 1:colcon.colcon_core.environment:checking '/home/peyton/dev_ws/install/ball_tracker/bin'
[1.139s] Level 1:colcon.colcon_core.environment:checking '/home/peyton/dev_ws/install/ball_tracker/lib/pkgconfig/ball_tracker.pc'
[1.140s] Level 1:colcon.colcon_core.environment:checking '/home/peyton/dev_ws/install/ball_tracker/lib/python3.10/site-packages'
[1.140s] Level 1:colcon.colcon_core.shell:create_environment_hook('ball_tracker', 'pythonpath')
[1.140s] INFO:colcon.colcon_core.shell:Creating environment hook '/home/peyton/dev_ws/install/ball_tracker/share/ball_tracker/hook/pythonpath.ps1'
[1.140s] INFO:colcon.colcon_core.shell:Creating environment descriptor '/home/peyton/dev_ws/install/ball_tracker/share/ball_tracker/hook/pythonpath.dsv'
[1.140s] INFO:colcon.colcon_core.shell:Creating environment hook '/home/peyton/dev_ws/install/ball_tracker/share/ball_tracker/hook/pythonpath.sh'
[1.141s] Level 1:colcon.colcon_core.environment:checking '/home/peyton/dev_ws/install/ball_tracker/bin'
[1.141s] Level 1:colcon.colcon_core.environment:create_environment_scripts_only(ball_tracker)
[1.141s] INFO:colcon.colcon_core.shell:Creating package script '/home/peyton/dev_ws/install/ball_tracker/share/ball_tracker/package.ps1'
[1.141s] INFO:colcon.colcon_core.shell:Creating package descriptor '/home/peyton/dev_ws/install/ball_tracker/share/ball_tracker/package.dsv'
[1.142s] INFO:colcon.colcon_core.shell:Creating package script '/home/peyton/dev_ws/install/ball_tracker/share/ball_tracker/package.sh'
[1.142s] INFO:colcon.colcon_core.shell:Creating package script '/home/peyton/dev_ws/install/ball_tracker/share/ball_tracker/package.bash'
[1.142s] INFO:colcon.colcon_core.shell:Creating package script '/home/peyton/dev_ws/install/ball_tracker/share/ball_tracker/package.zsh'
[1.143s] Level 1:colcon.colcon_core.environment:create_file_with_runtime_dependencies(/home/peyton/dev_ws/install/ball_tracker/share/colcon-core/packages/ball_tracker)
[1.143s] DEBUG:colcon.colcon_parallel_executor.executor.parallel:closing loop
[1.143s] DEBUG:colcon.colcon_parallel_executor.executor.parallel:loop closed
[1.144s] DEBUG:colcon.colcon_parallel_executor.executor.parallel:run_until_complete finished with '0'
[1.144s] DEBUG:colcon.colcon_core.event_reactor:joining thread
[1.164s] INFO:colcon.colcon_core.plugin_system:Skipping extension 'colcon_notification.desktop_notification.notify_send': Could not find 'notify-send'
[1.164s] INFO:colcon.colcon_core.plugin_system:Skipping extension 'colcon_notification.desktop_notification.terminal_notifier': Not used on non-Darwin systems
[1.165s] INFO:colcon.colcon_core.plugin_system:Skipping extension 'colcon_notification.desktop_notification.win32': Not used on non-Windows systems
[1.165s] INFO:colcon.colcon_notification.desktop_notification:Sending desktop notification using 'notify2'
[1.165s] DEBUG:colcon.colcon_notification.desktop_notification.notify2:Failed to initialize notify2: org.freedesktop.DBus.Error.FileNotFound: Failed to connect to socket /run/user/1000/bus: No such file or directory
[1.165s] DEBUG:colcon.colcon_core.event_reactor:joined thread
[1.165s] INFO:colcon.colcon_core.shell:Creating prefix script '/home/peyton/dev_ws/install/local_setup.ps1'
[1.166s] INFO:colcon.colcon_core.shell:Creating prefix util module '/home/peyton/dev_ws/install/_local_setup_util_ps1.py'
[1.167s] INFO:colcon.colcon_core.shell:Creating prefix chain script '/home/peyton/dev_ws/install/setup.ps1'
[1.168s] INFO:colcon.colcon_core.shell:Creating prefix script '/home/peyton/dev_ws/install/local_setup.sh'
[1.168s] INFO:colcon.colcon_core.shell:Creating prefix util module '/home/peyton/dev_ws/install/_local_setup_util_sh.py'
[1.168s] INFO:colcon.colcon_core.shell:Creating prefix chain script '/home/peyton/dev_ws/install/setup.sh'
[1.169s] INFO:colcon.colcon_core.shell:Creating prefix script '/home/peyton/dev_ws/install/local_setup.bash'
[1.170s] INFO:colcon.colcon_core.shell:Creating prefix chain script '/home/peyton/dev_ws/install/setup.bash'
[1.170s] INFO:colcon.colcon_core.shell:Creating prefix script '/home/peyton/dev_ws/install/local_setup.zsh'
[1.171s] INFO:colcon.colcon_core.shell:Creating prefix chain script '/home/peyton/dev_ws/install/setup.zsh'
