[0.835s] Invoking command in '/home/peyton/dev_ws/build/ball_tracker': PYTHONPATH=/home/peyton/dev_ws/build/ball_tracker/prefix_override:/home/peyton/.local/lib/python3.10/site-packages/colcon_core/task/python/colcon_distutils_commands:/home/peyton/dev_ws/install/ball_tracker/lib/python3.10/site-packages:${PYTHONPATH} /usr/bin/python3 -W ignore:setup.py install is deprecated -W ignore:easy_install command is deprecated setup.py develop --editable --build-directory /home/peyton/dev_ws/build/ball_tracker/build --no-deps symlink_data --force
[1.017s] running develop
[1.136s] running egg_info
[1.136s] writing ball_tracker.egg-info/PKG-INFO
[1.136s] writing dependency_links to ball_tracker.egg-info/dependency_links.txt
[1.136s] writing entry points to ball_tracker.egg-info/entry_points.txt
[1.136s] writing requirements to ball_tracker.egg-info/requires.txt
[1.136s] writing top-level names to ball_tracker.egg-info/top_level.txt
[1.138s] reading manifest file 'ball_tracker.egg-info/SOURCES.txt'
[1.139s] writing manifest file 'ball_tracker.egg-info/SOURCES.txt'
[1.140s] running build_ext
[1.140s] Creating /home/peyton/dev_ws/install/ball_tracker/lib/python3.10/site-packages/ball-tracker.egg-link (link to .)
[1.141s] Installing follow_ball script to /home/peyton/dev_ws/install/ball_tracker/lib/ball_tracker
[1.141s] Installing image_publisher script to /home/peyton/dev_ws/install/ball_tracker/lib/ball_tracker
[1.141s] Installing image_subscriber script to /home/peyton/dev_ws/install/ball_tracker/lib/ball_tracker
[1.141s] Installing multi_ball_tracker script to /home/peyton/dev_ws/install/ball_tracker/lib/ball_tracker
[1.141s] Installing sim_multi_ball_tracker script to /home/peyton/dev_ws/install/ball_tracker/lib/ball_tracker
[1.141s] 
[1.141s] Installed /home/peyton/dev_ws/build/ball_tracker
[1.141s] running symlink_data
[1.142s] symbolically linking /home/peyton/dev_ws/build/ball_tracker/resource/ball_tracker -> /home/peyton/dev_ws/install/ball_tracker/share/ament_index/resource_index/packages
[1.143s] symbolically linking /home/peyton/dev_ws/build/ball_tracker/package.xml -> /home/peyton/dev_ws/install/ball_tracker/share/ball_tracker
[1.143s] symbolically linking /home/peyton/dev_ws/build/ball_tracker/launch/camera.launch.py -> /home/peyton/dev_ws/install/ball_tracker/share/ball_tracker/launch
[1.143s] symbolically linking /home/peyton/dev_ws/build/ball_tracker/launch/sim_cam.launch.py -> /home/peyton/dev_ws/install/ball_tracker/share/ball_tracker/launch
[1.144s] symbolically linking /home/peyton/dev_ws/build/ball_tracker/launch/follow_ball.launch.py -> /home/peyton/dev_ws/install/ball_tracker/share/ball_tracker/launch
[1.168s] Invoked command in '/home/peyton/dev_ws/build/ball_tracker' returned '0': PYTHONPATH=/home/peyton/dev_ws/build/ball_tracker/prefix_override:/home/peyton/.local/lib/python3.10/site-packages/colcon_core/task/python/colcon_distutils_commands:/home/peyton/dev_ws/install/ball_tracker/lib/python3.10/site-packages:${PYTHONPATH} /usr/bin/python3 -W ignore:setup.py install is deprecated -W ignore:easy_install command is deprecated setup.py develop --editable --build-directory /home/peyton/dev_ws/build/ball_tracker/build --no-deps symlink_data --force
