[0.671s] Invoking command in '/home/peyton/dev_ws/src/ball_tracker': PYTHONPATH=/home/peyton/dev_ws/src/build/ball_tracker/prefix_override:/home/peyton/.local/lib/python3.10/site-packages/colcon_core/task/python/colcon_distutils_commands:/home/peyton/dev_ws/src/install/ball_tracker/lib/python3.10/site-packages:${PYTHONPATH} /usr/bin/python3 -W ignore:setup.py install is deprecated -W ignore:easy_install command is deprecated setup.py egg_info --egg-base ../build/ball_tracker build --build-base /home/peyton/dev_ws/src/build/ball_tracker/build install --record /home/peyton/dev_ws/src/build/ball_tracker/install.log --single-version-externally-managed install_data
[0.838s] running egg_info
[0.839s] writing ../build/ball_tracker/ball_tracker.egg-info/PKG-INFO
[0.839s] writing dependency_links to ../build/ball_tracker/ball_tracker.egg-info/dependency_links.txt
[0.840s] writing entry points to ../build/ball_tracker/ball_tracker.egg-info/entry_points.txt
[0.840s] writing requirements to ../build/ball_tracker/ball_tracker.egg-info/requires.txt
[0.840s] writing top-level names to ../build/ball_tracker/ball_tracker.egg-info/top_level.txt
[0.841s] reading manifest file '../build/ball_tracker/ball_tracker.egg-info/SOURCES.txt'
[0.842s] adding license file 'LICENSE'
[0.842s] writing manifest file '../build/ball_tracker/ball_tracker.egg-info/SOURCES.txt'
[0.842s] running build
[0.842s] running build_py
[0.843s] running install
[0.843s] running install_lib
[0.845s] running install_data
[0.845s] running install_egg_info
[0.846s] removing '/home/peyton/dev_ws/src/install/ball_tracker/lib/python3.10/site-packages/ball_tracker-0.0.0-py3.10.egg-info' (and everything under it)
[0.847s] Copying ../build/ball_tracker/ball_tracker.egg-info to /home/peyton/dev_ws/src/install/ball_tracker/lib/python3.10/site-packages/ball_tracker-0.0.0-py3.10.egg-info
[0.848s] running install_scripts
[0.862s] Installing my_node script to /home/peyton/dev_ws/src/install/ball_tracker/lib/ball_tracker
[0.863s] writing list of installed files to '/home/peyton/dev_ws/src/build/ball_tracker/install.log'
[0.883s] Invoked command in '/home/peyton/dev_ws/src/ball_tracker' returned '0': PYTHONPATH=/home/peyton/dev_ws/src/build/ball_tracker/prefix_override:/home/peyton/.local/lib/python3.10/site-packages/colcon_core/task/python/colcon_distutils_commands:/home/peyton/dev_ws/src/install/ball_tracker/lib/python3.10/site-packages:${PYTHONPATH} /usr/bin/python3 -W ignore:setup.py install is deprecated -W ignore:easy_install command is deprecated setup.py egg_info --egg-base ../build/ball_tracker build --build-base /home/peyton/dev_ws/src/build/ball_tracker/build install --record /home/peyton/dev_ws/src/build/ball_tracker/install.log --single-version-externally-managed install_data
