[0.137s] DEBUG:colcon:Command line arguments: ['/home/peyton/.local/bin/colcon', 'build', '--symlink-install']
[0.137s] DEBUG:colcon:Parsed command line arguments: Namespace(log_base=None, log_level=None, verb_name='build', build_base='build', install_base='install', merge_install=False, symlink_install=True, test_result_base=None, continue_on_error=False, executor='parallel', parallel_workers=12, event_handlers=None, ignore_user_meta=False, metas=['./colcon.meta'], base_paths=['.'], packages_ignore=None, packages_ignore_regex=None, paths=None, packages_up_to=None, packages_up_to_regex=None, packages_above=None, packages_above_and_dependencies=None, packages_above_depth=None, packages_select_by_dep=None, packages_skip_by_dep=None, packages_skip_up_to=None, packages_select_build_failed=False, packages_skip_build_finished=False, packages_select_test_failures=False, packages_skip_test_passed=False, packages_select=None, packages_skip=None, packages_select_regex=None, packages_skip_regex=None, packages_start=None, packages_end=None, allow_overriding=[], cmake_args=None, cmake_target=None, cmake_target_skip_unavailable=False, cmake_clean_cache=False, cmake_clean_first=False, cmake_force_configure=False, ament_cmake_args=None, catkin_cmake_args=None, catkin_skip_building_tests=False, mixin_files=None, mixin=None, verb_parser=<colcon_mixin.mixin.mixin_argument.MixinArgumentDecorator object at 0x7f7836880850>, verb_extension=<colcon_core.verb.build.BuildVerb object at 0x7f783684bd90>, main=<bound method BuildVerb.main of <colcon_core.verb.build.BuildVerb object at 0x7f783684bd90>>, mixin_verb=('build',))
[0.249s] Level 1:colcon.colcon_core.package_discovery:discover_packages(colcon_meta) check parameters
[0.249s] Level 1:colcon.colcon_core.package_discovery:discover_packages(recursive) check parameters
[0.249s] Level 1:colcon.colcon_core.package_discovery:discover_packages(ignore) check parameters
[0.249s] Level 1:colcon.colcon_core.package_discovery:discover_packages(path) check parameters
[0.249s] Level 1:colcon.colcon_core.package_discovery:discover_packages(colcon_meta) discover
[0.249s] Level 1:colcon.colcon_core.package_discovery:discover_packages(recursive) discover
[0.249s] INFO:colcon.colcon_core.package_discovery:Crawling recursively for packages in '/home/peyton/dev_ws'
[0.249s] Level 1:colcon.colcon_core.package_identification:_identify(.) by extensions ['ignore', 'ignore_ament_install']
[0.249s] Level 1:colcon.colcon_core.package_identification:_identify(.) by extension 'ignore'
[0.250s] Level 1:colcon.colcon_core.package_identification:_identify(.) by extension 'ignore_ament_install'
[0.250s] Level 1:colcon.colcon_core.package_identification:_identify(.) by extensions ['colcon_pkg']
[0.250s] Level 1:colcon.colcon_core.package_identification:_identify(.) by extension 'colcon_pkg'
[0.250s] Level 1:colcon.colcon_core.package_identification:_identify(.) by extensions ['colcon_meta']
[0.250s] Level 1:colcon.colcon_core.package_identification:_identify(.) by extension 'colcon_meta'
[0.250s] Level 1:colcon.colcon_core.package_identification:_identify(.) by extensions ['ros']
[0.250s] Level 1:colcon.colcon_core.package_identification:_identify(.) by extension 'ros'
[0.258s] Level 1:colcon.colcon_core.package_identification:_identify(.) by extensions ['cmake', 'python']
[0.258s] Level 1:colcon.colcon_core.package_identification:_identify(.) by extension 'cmake'
[0.258s] Level 1:colcon.colcon_core.package_identification:_identify(.) by extension 'python'
[0.258s] Level 1:colcon.colcon_core.package_identification:_identify(.) by extensions ['python_setup_py']
[0.258s] Level 1:colcon.colcon_core.package_identification:_identify(.) by extension 'python_setup_py'
[0.258s] Level 1:colcon.colcon_core.package_identification:_identify(build) by extensions ['ignore', 'ignore_ament_install']
[0.258s] Level 1:colcon.colcon_core.package_identification:_identify(build) by extension 'ignore'
[0.258s] Level 1:colcon.colcon_core.package_identification:_identify(build) ignored
[0.259s] Level 1:colcon.colcon_core.package_identification:_identify(install) by extensions ['ignore', 'ignore_ament_install']
[0.259s] Level 1:colcon.colcon_core.package_identification:_identify(install) by extension 'ignore'
[0.259s] Level 1:colcon.colcon_core.package_identification:_identify(install) ignored
[0.259s] Level 1:colcon.colcon_core.package_identification:_identify(log) by extensions ['ignore', 'ignore_ament_install']
[0.259s] Level 1:colcon.colcon_core.package_identification:_identify(log) by extension 'ignore'
[0.259s] Level 1:colcon.colcon_core.package_identification:_identify(log) ignored
[0.259s] Level 1:colcon.colcon_core.package_identification:_identify(src) by extensions ['ignore', 'ignore_ament_install']
[0.259s] Level 1:colcon.colcon_core.package_identification:_identify(src) by extension 'ignore'
[0.259s] Level 1:colcon.colcon_core.package_identification:_identify(src) by extension 'ignore_ament_install'
[0.259s] Level 1:colcon.colcon_core.package_identification:_identify(src) by extensions ['colcon_pkg']
[0.259s] Level 1:colcon.colcon_core.package_identification:_identify(src) by extension 'colcon_pkg'
[0.259s] Level 1:colcon.colcon_core.package_identification:_identify(src) by extensions ['colcon_meta']
[0.259s] Level 1:colcon.colcon_core.package_identification:_identify(src) by extension 'colcon_meta'
[0.259s] Level 1:colcon.colcon_core.package_identification:_identify(src) by extensions ['ros']
[0.259s] Level 1:colcon.colcon_core.package_identification:_identify(src) by extension 'ros'
[0.259s] Level 1:colcon.colcon_core.package_identification:_identify(src) by extensions ['cmake', 'python']
[0.259s] Level 1:colcon.colcon_core.package_identification:_identify(src) by extension 'cmake'
[0.259s] Level 1:colcon.colcon_core.package_identification:_identify(src) by extension 'python'
[0.259s] Level 1:colcon.colcon_core.package_identification:_identify(src) by extensions ['python_setup_py']
[0.259s] Level 1:colcon.colcon_core.package_identification:_identify(src) by extension 'python_setup_py'
[0.259s] Level 1:colcon.colcon_core.package_identification:_identify(src/ball_tracker) by extensions ['ignore', 'ignore_ament_install']
[0.259s] Level 1:colcon.colcon_core.package_identification:_identify(src/ball_tracker) by extension 'ignore'
[0.259s] Level 1:colcon.colcon_core.package_identification:_identify(src/ball_tracker) by extension 'ignore_ament_install'
[0.259s] Level 1:colcon.colcon_core.package_identification:_identify(src/ball_tracker) by extensions ['colcon_pkg']
[0.259s] Level 1:colcon.colcon_core.package_identification:_identify(src/ball_tracker) by extension 'colcon_pkg'
[0.260s] Level 1:colcon.colcon_core.package_identification:_identify(src/ball_tracker) by extensions ['colcon_meta']
[0.260s] Level 1:colcon.colcon_core.package_identification:_identify(src/ball_tracker) by extension 'colcon_meta'
[0.260s] Level 1:colcon.colcon_core.package_identification:_identify(src/ball_tracker) by extensions ['ros']
[0.260s] Level 1:colcon.colcon_core.package_identification:_identify(src/ball_tracker) by extension 'ros'
[0.261s] DEBUG:colcon.colcon_core.package_identification:Package 'src/ball_tracker' with type 'ros.ament_python' and name 'ball_tracker'
[0.261s] Level 1:colcon.colcon_core.package_identification:_identify(src/build) by extensions ['ignore', 'ignore_ament_install']
[0.261s] Level 1:colcon.colcon_core.package_identification:_identify(src/build) by extension 'ignore'
[0.262s] Level 1:colcon.colcon_core.package_identification:_identify(src/build) ignored
[0.262s] Level 1:colcon.colcon_core.package_identification:_identify(src/install) by extensions ['ignore', 'ignore_ament_install']
[0.262s] Level 1:colcon.colcon_core.package_identification:_identify(src/install) by extension 'ignore'
[0.262s] Level 1:colcon.colcon_core.package_identification:_identify(src/install) ignored
[0.263s] Level 1:colcon.colcon_core.package_identification:_identify(src/log) by extensions ['ignore', 'ignore_ament_install']
[0.264s] Level 1:colcon.colcon_core.package_identification:_identify(src/log) by extension 'ignore'
[0.264s] Level 1:colcon.colcon_core.package_identification:_identify(src/log) ignored
[0.264s] Level 1:colcon.colcon_core.package_identification:_identify(src/sec_bot) by extensions ['ignore', 'ignore_ament_install']
[0.264s] Level 1:colcon.colcon_core.package_identification:_identify(src/sec_bot) by extension 'ignore'
[0.264s] Level 1:colcon.colcon_core.package_identification:_identify(src/sec_bot) by extension 'ignore_ament_install'
[0.264s] Level 1:colcon.colcon_core.package_identification:_identify(src/sec_bot) by extensions ['colcon_pkg']
[0.264s] Level 1:colcon.colcon_core.package_identification:_identify(src/sec_bot) by extension 'colcon_pkg'
[0.264s] Level 1:colcon.colcon_core.package_identification:_identify(src/sec_bot) by extensions ['colcon_meta']
[0.264s] Level 1:colcon.colcon_core.package_identification:_identify(src/sec_bot) by extension 'colcon_meta'
[0.264s] Level 1:colcon.colcon_core.package_identification:_identify(src/sec_bot) by extensions ['ros']
[0.264s] Level 1:colcon.colcon_core.package_identification:_identify(src/sec_bot) by extension 'ros'
[0.264s] DEBUG:colcon.colcon_core.package_identification:Package 'src/sec_bot' with type 'ros.ament_cmake' and name 'sec_bot'
[0.265s] Level 1:colcon.colcon_core.package_discovery:discover_packages(recursive) using defaults
[0.265s] Level 1:colcon.colcon_core.package_discovery:discover_packages(ignore) discover
[0.265s] Level 1:colcon.colcon_core.package_discovery:discover_packages(ignore) using defaults
[0.265s] Level 1:colcon.colcon_core.package_discovery:discover_packages(path) discover
[0.265s] Level 1:colcon.colcon_core.package_discovery:discover_packages(path) using defaults
[0.281s] Level 1:colcon.colcon_core.package_discovery:discover_packages(prefix_path) check parameters
[0.281s] Level 1:colcon.colcon_core.package_discovery:discover_packages(prefix_path) discover
[0.281s] WARNING:colcon.colcon_core.prefix_path.colcon:The path '/home/peyton/ros_ws/install' in the environment variable COLCON_PREFIX_PATH doesn't exist
[0.281s] WARNING:colcon.colcon_ros.prefix_path.ament:The path '/home/peyton/ros_ws/install/sec_bot' in the environment variable AMENT_PREFIX_PATH doesn't exist
[0.281s] WARNING:colcon.colcon_ros.prefix_path.catkin:The path '/home/peyton/ros_ws/install/sec_bot' in the environment variable CMAKE_PREFIX_PATH doesn't exist
[0.283s] DEBUG:colcon.colcon_installed_package_information.package_discovery:Found 327 installed packages in /opt/ros/humble
[0.295s] Level 1:colcon.colcon_core.package_discovery:discover_packages(prefix_path) using defaults
[0.325s] Level 5:colcon.colcon_core.verb:set package 'ball_tracker' build argument 'cmake_args' from command line to 'None'
[0.325s] Level 5:colcon.colcon_core.verb:set package 'ball_tracker' build argument 'cmake_target' from command line to 'None'
[0.325s] Level 5:colcon.colcon_core.verb:set package 'ball_tracker' build argument 'cmake_target_skip_unavailable' from command line to 'False'
[0.325s] Level 5:colcon.colcon_core.verb:set package 'ball_tracker' build argument 'cmake_clean_cache' from command line to 'False'
[0.325s] Level 5:colcon.colcon_core.verb:set package 'ball_tracker' build argument 'cmake_clean_first' from command line to 'False'
[0.325s] Level 5:colcon.colcon_core.verb:set package 'ball_tracker' build argument 'cmake_force_configure' from command line to 'False'
[0.325s] Level 5:colcon.colcon_core.verb:set package 'ball_tracker' build argument 'ament_cmake_args' from command line to 'None'
[0.325s] Level 5:colcon.colcon_core.verb:set package 'ball_tracker' build argument 'catkin_cmake_args' from command line to 'None'
[0.325s] Level 5:colcon.colcon_core.verb:set package 'ball_tracker' build argument 'catkin_skip_building_tests' from command line to 'False'
[0.325s] DEBUG:colcon.colcon_core.verb:Building package 'ball_tracker' with the following arguments: {'ament_cmake_args': None, 'build_base': '/home/peyton/dev_ws/build/ball_tracker', 'catkin_cmake_args': None, 'catkin_skip_building_tests': False, 'cmake_args': None, 'cmake_clean_cache': False, 'cmake_clean_first': False, 'cmake_force_configure': False, 'cmake_target': None, 'cmake_target_skip_unavailable': False, 'install_base': '/home/peyton/dev_ws/install/ball_tracker', 'merge_install': False, 'path': '/home/peyton/dev_ws/src/ball_tracker', 'symlink_install': True, 'test_result_base': None}
[0.326s] Level 5:colcon.colcon_core.verb:set package 'sec_bot' build argument 'cmake_args' from command line to 'None'
[0.326s] Level 5:colcon.colcon_core.verb:set package 'sec_bot' build argument 'cmake_target' from command line to 'None'
[0.326s] Level 5:colcon.colcon_core.verb:set package 'sec_bot' build argument 'cmake_target_skip_unavailable' from command line to 'False'
[0.326s] Level 5:colcon.colcon_core.verb:set package 'sec_bot' build argument 'cmake_clean_cache' from command line to 'False'
[0.326s] Level 5:colcon.colcon_core.verb:set package 'sec_bot' build argument 'cmake_clean_first' from command line to 'False'
[0.326s] Level 5:colcon.colcon_core.verb:set package 'sec_bot' build argument 'cmake_force_configure' from command line to 'False'
[0.326s] Level 5:colcon.colcon_core.verb:set package 'sec_bot' build argument 'ament_cmake_args' from command line to 'None'
[0.326s] Level 5:colcon.colcon_core.verb:set package 'sec_bot' build argument 'catkin_cmake_args' from command line to 'None'
[0.326s] Level 5:colcon.colcon_core.verb:set package 'sec_bot' build argument 'catkin_skip_building_tests' from command line to 'False'
[0.326s] DEBUG:colcon.colcon_core.verb:Building package 'sec_bot' with the following arguments: {'ament_cmake_args': None, 'build_base': '/home/peyton/dev_ws/build/sec_bot', 'catkin_cmake_args': None, 'catkin_skip_building_tests': False, 'cmake_args': None, 'cmake_clean_cache': False, 'cmake_clean_first': False, 'cmake_force_configure': False, 'cmake_target': None, 'cmake_target_skip_unavailable': False, 'install_base': '/home/peyton/dev_ws/install/sec_bot', 'merge_install': False, 'path': '/home/peyton/dev_ws/src/sec_bot', 'symlink_install': True, 'test_result_base': None}
[0.326s] INFO:colcon.colcon_core.executor:Executing jobs using 'parallel' executor
[0.327s] DEBUG:colcon.colcon_parallel_executor.executor.parallel:run_until_complete
[0.328s] INFO:colcon.colcon_ros.task.ament_python.build:Building ROS package in '/home/peyton/dev_ws/src/ball_tracker' with build type 'ament_python'
[0.328s] Level 1:colcon.colcon_core.shell:create_environment_hook('ball_tracker', 'ament_prefix_path')
[0.330s] INFO:colcon.colcon_core.plugin_system:Skipping extension 'colcon_core.shell.bat': Not used on non-Windows systems
[0.330s] INFO:colcon.colcon_core.shell:Creating environment hook '/home/peyton/dev_ws/install/ball_tracker/share/ball_tracker/hook/ament_prefix_path.ps1'
[0.330s] INFO:colcon.colcon_core.shell:Creating environment descriptor '/home/peyton/dev_ws/install/ball_tracker/share/ball_tracker/hook/ament_prefix_path.dsv'
[0.331s] INFO:colcon.colcon_core.shell:Creating environment hook '/home/peyton/dev_ws/install/ball_tracker/share/ball_tracker/hook/ament_prefix_path.sh'
[0.331s] INFO:colcon.colcon_core.shell:Skip shell extension 'powershell' for command environment: Not usable outside of PowerShell
[0.332s] DEBUG:colcon.colcon_core.shell:Skip shell extension 'dsv' for command environment
[0.334s] INFO:colcon.colcon_ros.task.ament_cmake.build:Building ROS package in '/home/peyton/dev_ws/src/sec_bot' with build type 'ament_cmake'
[0.334s] INFO:colcon.colcon_cmake.task.cmake.build:Building CMake package in '/home/peyton/dev_ws/src/sec_bot'
[0.334s] INFO:colcon.colcon_core.shell:Skip shell extension 'powershell' for command environment: Not usable outside of PowerShell
[0.335s] DEBUG:colcon.colcon_core.shell:Skip shell extension 'dsv' for command environment
[0.531s] INFO:colcon.colcon_core.task.python.build:Building Python package in '/home/peyton/dev_ws/src/ball_tracker'
[0.531s] INFO:colcon.colcon_core.shell:Skip shell extension 'powershell' for command environment: Not usable outside of PowerShell
[0.531s] DEBUG:colcon.colcon_core.shell:Skip shell extension 'dsv' for command environment
[0.539s] DEBUG:colcon.colcon_core.event_handler.log_command:Invoking command in '/home/peyton/dev_ws/build/sec_bot': CMAKE_PREFIX_PATH=${CMAKE_PREFIX_PATH}:/opt/ros/humble /usr/bin/cmake --build /home/peyton/dev_ws/build/sec_bot -- -j12 -l12
[0.568s] DEBUG:colcon.colcon_core.event_handler.log_command:Invoked command in '/home/peyton/dev_ws/build/sec_bot' returned '0': CMAKE_PREFIX_PATH=${CMAKE_PREFIX_PATH}:/opt/ros/humble /usr/bin/cmake --build /home/peyton/dev_ws/build/sec_bot -- -j12 -l12
[0.576s] DEBUG:colcon.colcon_core.event_handler.log_command:Invoking command in '/home/peyton/dev_ws/build/sec_bot': CMAKE_PREFIX_PATH=${CMAKE_PREFIX_PATH}:/opt/ros/humble /usr/bin/cmake --install /home/peyton/dev_ws/build/sec_bot
[0.593s] Level 1:colcon.colcon_core.environment:create_environment_scripts_only(sec_bot)
[0.593s] DEBUG:colcon.colcon_core.event_handler.log_command:Invoked command in '/home/peyton/dev_ws/build/sec_bot' returned '0': CMAKE_PREFIX_PATH=${CMAKE_PREFIX_PATH}:/opt/ros/humble /usr/bin/cmake --install /home/peyton/dev_ws/build/sec_bot
[0.595s] Level 1:colcon.colcon_core.environment:checking '/home/peyton/dev_ws/install/sec_bot' for CMake module files
[0.595s] Level 1:colcon.colcon_core.environment:checking '/home/peyton/dev_ws/install/sec_bot' for CMake config files
[0.595s] Level 1:colcon.colcon_core.shell:create_environment_hook('sec_bot', 'cmake_prefix_path')
[0.595s] INFO:colcon.colcon_core.shell:Creating environment hook '/home/peyton/dev_ws/install/sec_bot/share/sec_bot/hook/cmake_prefix_path.ps1'
[0.596s] INFO:colcon.colcon_core.shell:Creating environment descriptor '/home/peyton/dev_ws/install/sec_bot/share/sec_bot/hook/cmake_prefix_path.dsv'
[0.596s] INFO:colcon.colcon_core.shell:Creating environment hook '/home/peyton/dev_ws/install/sec_bot/share/sec_bot/hook/cmake_prefix_path.sh'
[0.597s] Level 1:colcon.colcon_core.environment:checking '/home/peyton/dev_ws/install/sec_bot/bin'
[0.597s] Level 1:colcon.colcon_core.environment:checking '/home/peyton/dev_ws/install/sec_bot/lib/pkgconfig/sec_bot.pc'
[0.597s] Level 1:colcon.colcon_core.environment:checking '/home/peyton/dev_ws/install/sec_bot/lib/python3.10/site-packages'
[0.597s] Level 1:colcon.colcon_core.environment:checking '/home/peyton/dev_ws/install/sec_bot/bin'
[0.597s] INFO:colcon.colcon_core.shell:Creating package script '/home/peyton/dev_ws/install/sec_bot/share/sec_bot/package.ps1'
[0.598s] INFO:colcon.colcon_core.shell:Creating package descriptor '/home/peyton/dev_ws/install/sec_bot/share/sec_bot/package.dsv'
[0.598s] INFO:colcon.colcon_core.shell:Creating package script '/home/peyton/dev_ws/install/sec_bot/share/sec_bot/package.sh'
[0.599s] INFO:colcon.colcon_core.shell:Creating package script '/home/peyton/dev_ws/install/sec_bot/share/sec_bot/package.bash'
[0.599s] INFO:colcon.colcon_core.shell:Creating package script '/home/peyton/dev_ws/install/sec_bot/share/sec_bot/package.zsh'
[0.600s] Level 1:colcon.colcon_core.environment:create_file_with_runtime_dependencies(/home/peyton/dev_ws/install/sec_bot/share/colcon-core/packages/sec_bot)
[0.600s] Level 1:colcon.colcon_core.environment:create_environment_scripts_only(sec_bot)
[0.600s] Level 1:colcon.colcon_core.environment:checking '/home/peyton/dev_ws/install/sec_bot' for CMake module files
[0.601s] Level 1:colcon.colcon_core.environment:checking '/home/peyton/dev_ws/install/sec_bot' for CMake config files
[0.601s] Level 1:colcon.colcon_core.shell:create_environment_hook('sec_bot', 'cmake_prefix_path')
[0.601s] INFO:colcon.colcon_core.shell:Creating environment hook '/home/peyton/dev_ws/install/sec_bot/share/sec_bot/hook/cmake_prefix_path.ps1'
[0.602s] INFO:colcon.colcon_core.shell:Creating environment descriptor '/home/peyton/dev_ws/install/sec_bot/share/sec_bot/hook/cmake_prefix_path.dsv'
[0.602s] INFO:colcon.colcon_core.shell:Creating environment hook '/home/peyton/dev_ws/install/sec_bot/share/sec_bot/hook/cmake_prefix_path.sh'
[0.602s] Level 1:colcon.colcon_core.environment:checking '/home/peyton/dev_ws/install/sec_bot/bin'
[0.602s] Level 1:colcon.colcon_core.environment:checking '/home/peyton/dev_ws/install/sec_bot/lib/pkgconfig/sec_bot.pc'
[0.603s] Level 1:colcon.colcon_core.environment:checking '/home/peyton/dev_ws/install/sec_bot/lib/python3.10/site-packages'
[0.603s] Level 1:colcon.colcon_core.environment:checking '/home/peyton/dev_ws/install/sec_bot/bin'
[0.603s] INFO:colcon.colcon_core.shell:Creating package script '/home/peyton/dev_ws/install/sec_bot/share/sec_bot/package.ps1'
[0.603s] INFO:colcon.colcon_core.shell:Creating package descriptor '/home/peyton/dev_ws/install/sec_bot/share/sec_bot/package.dsv'
[0.604s] INFO:colcon.colcon_core.shell:Creating package script '/home/peyton/dev_ws/install/sec_bot/share/sec_bot/package.sh'
[0.604s] INFO:colcon.colcon_core.shell:Creating package script '/home/peyton/dev_ws/install/sec_bot/share/sec_bot/package.bash'
[0.605s] INFO:colcon.colcon_core.shell:Creating package script '/home/peyton/dev_ws/install/sec_bot/share/sec_bot/package.zsh'
[0.605s] Level 1:colcon.colcon_core.environment:create_file_with_runtime_dependencies(/home/peyton/dev_ws/install/sec_bot/share/colcon-core/packages/sec_bot)
[1.020s] DEBUG:colcon.colcon_core.event_handler.log_command:Invoking command in '/home/peyton/dev_ws/build/ball_tracker': PYTHONPATH=/home/peyton/dev_ws/build/ball_tracker/prefix_override:/home/peyton/.local/lib/python3.10/site-packages/colcon_core/task/python/colcon_distutils_commands:/home/peyton/dev_ws/install/ball_tracker/lib/python3.10/site-packages:${PYTHONPATH} /usr/bin/python3 -W ignore:setup.py install is deprecated -W ignore:easy_install command is deprecated setup.py develop --editable --build-directory /home/peyton/dev_ws/build/ball_tracker/build --no-deps symlink_data
[1.352s] Level 1:colcon.colcon_core.shell:create_environment_hook('ball_tracker', 'pythonpath_develop')
[1.352s] DEBUG:colcon.colcon_core.event_handler.log_command:Invoked command in '/home/peyton/dev_ws/build/ball_tracker' returned '0': PYTHONPATH=/home/peyton/dev_ws/build/ball_tracker/prefix_override:/home/peyton/.local/lib/python3.10/site-packages/colcon_core/task/python/colcon_distutils_commands:/home/peyton/dev_ws/install/ball_tracker/lib/python3.10/site-packages:${PYTHONPATH} /usr/bin/python3 -W ignore:setup.py install is deprecated -W ignore:easy_install command is deprecated setup.py develop --editable --build-directory /home/peyton/dev_ws/build/ball_tracker/build --no-deps symlink_data
[1.353s] INFO:colcon.colcon_core.shell:Creating environment hook '/home/peyton/dev_ws/build/ball_tracker/share/ball_tracker/hook/pythonpath_develop.ps1'
[1.353s] INFO:colcon.colcon_core.shell:Creating environment descriptor '/home/peyton/dev_ws/build/ball_tracker/share/ball_tracker/hook/pythonpath_develop.dsv'
[1.353s] INFO:colcon.colcon_core.shell:Creating environment hook '/home/peyton/dev_ws/build/ball_tracker/share/ball_tracker/hook/pythonpath_develop.sh'
[1.354s] Level 1:colcon.colcon_core.environment:checking '/home/peyton/dev_ws/install/ball_tracker' for CMake module files
[1.354s] Level 1:colcon.colcon_core.environment:checking '/home/peyton/dev_ws/install/ball_tracker' for CMake config files
[1.355s] Level 1:colcon.colcon_core.environment:checking '/home/peyton/dev_ws/install/ball_tracker/lib'
[1.356s] Level 1:colcon.colcon_core.environment:checking '/home/peyton/dev_ws/install/ball_tracker/bin'
[1.356s] Level 1:colcon.colcon_core.environment:checking '/home/peyton/dev_ws/install/ball_tracker/lib/pkgconfig/ball_tracker.pc'
[1.356s] Level 1:colcon.colcon_core.environment:checking '/home/peyton/dev_ws/install/ball_tracker/lib/python3.10/site-packages'
[1.356s] Level 1:colcon.colcon_core.shell:create_environment_hook('ball_tracker', 'pythonpath')
[1.356s] INFO:colcon.colcon_core.shell:Creating environment hook '/home/peyton/dev_ws/install/ball_tracker/share/ball_tracker/hook/pythonpath.ps1'
[1.356s] INFO:colcon.colcon_core.shell:Creating environment descriptor '/home/peyton/dev_ws/install/ball_tracker/share/ball_tracker/hook/pythonpath.dsv'
[1.357s] INFO:colcon.colcon_core.shell:Creating environment hook '/home/peyton/dev_ws/install/ball_tracker/share/ball_tracker/hook/pythonpath.sh'
[1.357s] Level 1:colcon.colcon_core.environment:checking '/home/peyton/dev_ws/install/ball_tracker/bin'
[1.357s] Level 1:colcon.colcon_core.environment:create_environment_scripts_only(ball_tracker)
[1.357s] INFO:colcon.colcon_core.shell:Creating package script '/home/peyton/dev_ws/install/ball_tracker/share/ball_tracker/package.ps1'
[1.358s] INFO:colcon.colcon_core.shell:Creating package descriptor '/home/peyton/dev_ws/install/ball_tracker/share/ball_tracker/package.dsv'
[1.358s] INFO:colcon.colcon_core.shell:Creating package script '/home/peyton/dev_ws/install/ball_tracker/share/ball_tracker/package.sh'
[1.358s] INFO:colcon.colcon_core.shell:Creating package script '/home/peyton/dev_ws/install/ball_tracker/share/ball_tracker/package.bash'
[1.358s] INFO:colcon.colcon_core.shell:Creating package script '/home/peyton/dev_ws/install/ball_tracker/share/ball_tracker/package.zsh'
[1.359s] Level 1:colcon.colcon_core.environment:create_file_with_runtime_dependencies(/home/peyton/dev_ws/install/ball_tracker/share/colcon-core/packages/ball_tracker)
[1.359s] DEBUG:colcon.colcon_parallel_executor.executor.parallel:closing loop
[1.359s] DEBUG:colcon.colcon_parallel_executor.executor.parallel:loop closed
[1.360s] DEBUG:colcon.colcon_parallel_executor.executor.parallel:run_until_complete finished with '0'
[1.360s] DEBUG:colcon.colcon_core.event_reactor:joining thread
[1.380s] INFO:colcon.colcon_core.plugin_system:Skipping extension 'colcon_notification.desktop_notification.notify_send': Could not find 'notify-send'
[1.380s] INFO:colcon.colcon_core.plugin_system:Skipping extension 'colcon_notification.desktop_notification.terminal_notifier': Not used on non-Darwin systems
[1.380s] INFO:colcon.colcon_core.plugin_system:Skipping extension 'colcon_notification.desktop_notification.win32': Not used on non-Windows systems
[1.380s] INFO:colcon.colcon_notification.desktop_notification:Sending desktop notification using 'notify2'
[1.380s] DEBUG:colcon.colcon_notification.desktop_notification.notify2:Failed to initialize notify2: org.freedesktop.DBus.Error.FileNotFound: Failed to connect to socket /run/user/1000/bus: No such file or directory
[1.380s] DEBUG:colcon.colcon_core.event_reactor:joined thread
[1.381s] INFO:colcon.colcon_core.shell:Creating prefix script '/home/peyton/dev_ws/install/local_setup.ps1'
[1.381s] INFO:colcon.colcon_core.shell:Creating prefix util module '/home/peyton/dev_ws/install/_local_setup_util_ps1.py'
[1.382s] INFO:colcon.colcon_core.shell:Creating prefix chain script '/home/peyton/dev_ws/install/setup.ps1'
[1.383s] INFO:colcon.colcon_core.shell:Creating prefix script '/home/peyton/dev_ws/install/local_setup.sh'
[1.383s] INFO:colcon.colcon_core.shell:Creating prefix util module '/home/peyton/dev_ws/install/_local_setup_util_sh.py'
[1.384s] INFO:colcon.colcon_core.shell:Creating prefix chain script '/home/peyton/dev_ws/install/setup.sh'
[1.384s] INFO:colcon.colcon_core.shell:Creating prefix script '/home/peyton/dev_ws/install/local_setup.bash'
[1.385s] INFO:colcon.colcon_core.shell:Creating prefix chain script '/home/peyton/dev_ws/install/setup.bash'
[1.385s] INFO:colcon.colcon_core.shell:Creating prefix script '/home/peyton/dev_ws/install/local_setup.zsh'
[1.386s] INFO:colcon.colcon_core.shell:Creating prefix chain script '/home/peyton/dev_ws/install/setup.zsh'
