[0.246s] DEBUG:colcon:Command line arguments: ['/home/peyton/.local/bin/colcon', 'build', '--symlink-install']
[0.246s] DEBUG:colcon:Parsed command line arguments: Namespace(log_base=None, log_level=None, verb_name='build', build_base='build', install_base='install', merge_install=False, symlink_install=True, test_result_base=None, continue_on_error=False, executor='parallel', parallel_workers=12, event_handlers=None, ignore_user_meta=False, metas=['./colcon.meta'], base_paths=['.'], packages_ignore=None, packages_ignore_regex=None, paths=None, packages_up_to=None, packages_up_to_regex=None, packages_above=None, packages_above_and_dependencies=None, packages_above_depth=None, packages_select_by_dep=None, packages_skip_by_dep=None, packages_skip_up_to=None, packages_select_build_failed=False, packages_skip_build_finished=False, packages_select_test_failures=False, packages_skip_test_passed=False, packages_select=None, packages_skip=None, packages_select_regex=None, packages_skip_regex=None, packages_start=None, packages_end=None, allow_overriding=[], cmake_args=None, cmake_target=None, cmake_target_skip_unavailable=False, cmake_clean_cache=False, cmake_clean_first=False, cmake_force_configure=False, ament_cmake_args=None, catkin_cmake_args=None, catkin_skip_building_tests=False, mixin_files=None, mixin=None, verb_parser=<colcon_mixin.mixin.mixin_argument.MixinArgumentDecorator object at 0x7f7973089810>, verb_extension=<colcon_core.verb.build.BuildVerb object at 0x7f7973089240>, main=<bound method BuildVerb.main of <colcon_core.verb.build.BuildVerb object at 0x7f7973089240>>, mixin_verb=('build',))
[0.605s] Level 1:colcon.colcon_core.package_discovery:discover_packages(colcon_meta) check parameters
[0.606s] Level 1:colcon.colcon_core.package_discovery:discover_packages(recursive) check parameters
[0.606s] Level 1:colcon.colcon_core.package_discovery:discover_packages(ignore) check parameters
[0.606s] Level 1:colcon.colcon_core.package_discovery:discover_packages(path) check parameters
[0.606s] Level 1:colcon.colcon_core.package_discovery:discover_packages(colcon_meta) discover
[0.606s] Level 1:colcon.colcon_core.package_discovery:discover_packages(recursive) discover
[0.606s] INFO:colcon.colcon_core.package_discovery:Crawling recursively for packages in '/home/peyton/dev_ws'
[0.606s] Level 1:colcon.colcon_core.package_identification:_identify(.) by extensions ['ignore', 'ignore_ament_install']
[0.606s] Level 1:colcon.colcon_core.package_identification:_identify(.) by extension 'ignore'
[0.606s] Level 1:colcon.colcon_core.package_identification:_identify(.) by extension 'ignore_ament_install'
[0.606s] Level 1:colcon.colcon_core.package_identification:_identify(.) by extensions ['colcon_pkg']
[0.606s] Level 1:colcon.colcon_core.package_identification:_identify(.) by extension 'colcon_pkg'
[0.606s] Level 1:colcon.colcon_core.package_identification:_identify(.) by extensions ['colcon_meta']
[0.606s] Level 1:colcon.colcon_core.package_identification:_identify(.) by extension 'colcon_meta'
[0.606s] Level 1:colcon.colcon_core.package_identification:_identify(.) by extensions ['ros']
[0.606s] Level 1:colcon.colcon_core.package_identification:_identify(.) by extension 'ros'
[0.624s] Level 1:colcon.colcon_core.package_identification:_identify(.) by extensions ['cmake', 'python']
[0.624s] Level 1:colcon.colcon_core.package_identification:_identify(.) by extension 'cmake'
[0.624s] Level 1:colcon.colcon_core.package_identification:_identify(.) by extension 'python'
[0.624s] Level 1:colcon.colcon_core.package_identification:_identify(.) by extensions ['python_setup_py']
[0.624s] Level 1:colcon.colcon_core.package_identification:_identify(.) by extension 'python_setup_py'
[0.624s] Level 1:colcon.colcon_core.package_identification:_identify(build) by extensions ['ignore', 'ignore_ament_install']
[0.624s] Level 1:colcon.colcon_core.package_identification:_identify(build) by extension 'ignore'
[0.624s] Level 1:colcon.colcon_core.package_identification:_identify(build) ignored
[0.624s] Level 1:colcon.colcon_core.package_identification:_identify(install) by extensions ['ignore', 'ignore_ament_install']
[0.624s] Level 1:colcon.colcon_core.package_identification:_identify(install) by extension 'ignore'
[0.624s] Level 1:colcon.colcon_core.package_identification:_identify(install) ignored
[0.624s] Level 1:colcon.colcon_core.package_identification:_identify(log) by extensions ['ignore', 'ignore_ament_install']
[0.625s] Level 1:colcon.colcon_core.package_identification:_identify(log) by extension 'ignore'
[0.625s] Level 1:colcon.colcon_core.package_identification:_identify(log) ignored
[0.625s] Level 1:colcon.colcon_core.package_identification:_identify(src) by extensions ['ignore', 'ignore_ament_install']
[0.625s] Level 1:colcon.colcon_core.package_identification:_identify(src) by extension 'ignore'
[0.625s] Level 1:colcon.colcon_core.package_identification:_identify(src) by extension 'ignore_ament_install'
[0.625s] Level 1:colcon.colcon_core.package_identification:_identify(src) by extensions ['colcon_pkg']
[0.625s] Level 1:colcon.colcon_core.package_identification:_identify(src) by extension 'colcon_pkg'
[0.625s] Level 1:colcon.colcon_core.package_identification:_identify(src) by extensions ['colcon_meta']
[0.625s] Level 1:colcon.colcon_core.package_identification:_identify(src) by extension 'colcon_meta'
[0.625s] Level 1:colcon.colcon_core.package_identification:_identify(src) by extensions ['ros']
[0.625s] Level 1:colcon.colcon_core.package_identification:_identify(src) by extension 'ros'
[0.625s] Level 1:colcon.colcon_core.package_identification:_identify(src) by extensions ['cmake', 'python']
[0.625s] Level 1:colcon.colcon_core.package_identification:_identify(src) by extension 'cmake'
[0.625s] Level 1:colcon.colcon_core.package_identification:_identify(src) by extension 'python'
[0.625s] Level 1:colcon.colcon_core.package_identification:_identify(src) by extensions ['python_setup_py']
[0.625s] Level 1:colcon.colcon_core.package_identification:_identify(src) by extension 'python_setup_py'
[0.625s] Level 1:colcon.colcon_core.package_identification:_identify(src/ball_tracker) by extensions ['ignore', 'ignore_ament_install']
[0.625s] Level 1:colcon.colcon_core.package_identification:_identify(src/ball_tracker) by extension 'ignore'
[0.625s] Level 1:colcon.colcon_core.package_identification:_identify(src/ball_tracker) by extension 'ignore_ament_install'
[0.625s] Level 1:colcon.colcon_core.package_identification:_identify(src/ball_tracker) by extensions ['colcon_pkg']
[0.625s] Level 1:colcon.colcon_core.package_identification:_identify(src/ball_tracker) by extension 'colcon_pkg'
[0.625s] Level 1:colcon.colcon_core.package_identification:_identify(src/ball_tracker) by extensions ['colcon_meta']
[0.625s] Level 1:colcon.colcon_core.package_identification:_identify(src/ball_tracker) by extension 'colcon_meta'
[0.625s] Level 1:colcon.colcon_core.package_identification:_identify(src/ball_tracker) by extensions ['ros']
[0.625s] Level 1:colcon.colcon_core.package_identification:_identify(src/ball_tracker) by extension 'ros'
[0.629s] DEBUG:colcon.colcon_core.package_identification:Package 'src/ball_tracker' with type 'ros.ament_python' and name 'ball_tracker'
[0.629s] Level 1:colcon.colcon_core.package_identification:_identify(src/build) by extensions ['ignore', 'ignore_ament_install']
[0.630s] Level 1:colcon.colcon_core.package_identification:_identify(src/build) by extension 'ignore'
[0.630s] Level 1:colcon.colcon_core.package_identification:_identify(src/build) ignored
[0.630s] Level 1:colcon.colcon_core.package_identification:_identify(src/install) by extensions ['ignore', 'ignore_ament_install']
[0.630s] Level 1:colcon.colcon_core.package_identification:_identify(src/install) by extension 'ignore'
[0.630s] Level 1:colcon.colcon_core.package_identification:_identify(src/install) ignored
[0.630s] Level 1:colcon.colcon_core.package_identification:_identify(src/log) by extensions ['ignore', 'ignore_ament_install']
[0.630s] Level 1:colcon.colcon_core.package_identification:_identify(src/log) by extension 'ignore'
[0.630s] Level 1:colcon.colcon_core.package_identification:_identify(src/log) ignored
[0.630s] Level 1:colcon.colcon_core.package_identification:_identify(src/sec_bot) by extensions ['ignore', 'ignore_ament_install']
[0.630s] Level 1:colcon.colcon_core.package_identification:_identify(src/sec_bot) by extension 'ignore'
[0.630s] Level 1:colcon.colcon_core.package_identification:_identify(src/sec_bot) by extension 'ignore_ament_install'
[0.630s] Level 1:colcon.colcon_core.package_identification:_identify(src/sec_bot) by extensions ['colcon_pkg']
[0.630s] Level 1:colcon.colcon_core.package_identification:_identify(src/sec_bot) by extension 'colcon_pkg'
[0.630s] Level 1:colcon.colcon_core.package_identification:_identify(src/sec_bot) by extensions ['colcon_meta']
[0.630s] Level 1:colcon.colcon_core.package_identification:_identify(src/sec_bot) by extension 'colcon_meta'
[0.630s] Level 1:colcon.colcon_core.package_identification:_identify(src/sec_bot) by extensions ['ros']
[0.630s] Level 1:colcon.colcon_core.package_identification:_identify(src/sec_bot) by extension 'ros'
[0.631s] DEBUG:colcon.colcon_core.package_identification:Package 'src/sec_bot' with type 'ros.ament_cmake' and name 'sec_bot'
[0.632s] Level 1:colcon.colcon_core.package_discovery:discover_packages(recursive) using defaults
[0.632s] Level 1:colcon.colcon_core.package_discovery:discover_packages(ignore) discover
[0.632s] Level 1:colcon.colcon_core.package_discovery:discover_packages(ignore) using defaults
[0.632s] Level 1:colcon.colcon_core.package_discovery:discover_packages(path) discover
[0.632s] Level 1:colcon.colcon_core.package_discovery:discover_packages(path) using defaults
[0.673s] Level 1:colcon.colcon_core.package_discovery:discover_packages(prefix_path) check parameters
[0.673s] Level 1:colcon.colcon_core.package_discovery:discover_packages(prefix_path) discover
[0.676s] WARNING:colcon.colcon_ros.prefix_path.ament:The path '/home/peyton/dev_ws/install/sec_bot' in the environment variable AMENT_PREFIX_PATH doesn't exist
[0.677s] WARNING:colcon.colcon_ros.prefix_path.ament:The path '/home/peyton/dev_ws/src/install/purple_tracker' in the environment variable AMENT_PREFIX_PATH doesn't exist
[0.678s] WARNING:colcon.colcon_ros.prefix_path.catkin:The path '/home/peyton/dev_ws/install/sec_bot' in the environment variable CMAKE_PREFIX_PATH doesn't exist
[0.679s] DEBUG:colcon.colcon_installed_package_information.package_discovery:Found 1 installed packages in /home/peyton/dev_ws/install
[0.680s] DEBUG:colcon.colcon_installed_package_information.package_discovery:Found 2 installed packages in /home/peyton/dev_ws/src/install
[0.680s] DEBUG:colcon.colcon_installed_package_information.package_discovery:Found 1 installed packages in /home/peyton/dev_ws/src/sec_bot/install
[0.683s] DEBUG:colcon.colcon_installed_package_information.package_discovery:Found 327 installed packages in /opt/ros/humble
[0.684s] Level 1:colcon.colcon_core.package_discovery:discover_packages(prefix_path) using defaults
[0.809s] Level 5:colcon.colcon_core.verb:set package 'ball_tracker' build argument 'cmake_args' from command line to 'None'
[0.809s] Level 5:colcon.colcon_core.verb:set package 'ball_tracker' build argument 'cmake_target' from command line to 'None'
[0.809s] Level 5:colcon.colcon_core.verb:set package 'ball_tracker' build argument 'cmake_target_skip_unavailable' from command line to 'False'
[0.809s] Level 5:colcon.colcon_core.verb:set package 'ball_tracker' build argument 'cmake_clean_cache' from command line to 'False'
[0.809s] Level 5:colcon.colcon_core.verb:set package 'ball_tracker' build argument 'cmake_clean_first' from command line to 'False'
[0.809s] Level 5:colcon.colcon_core.verb:set package 'ball_tracker' build argument 'cmake_force_configure' from command line to 'False'
[0.809s] Level 5:colcon.colcon_core.verb:set package 'ball_tracker' build argument 'ament_cmake_args' from command line to 'None'
[0.809s] Level 5:colcon.colcon_core.verb:set package 'ball_tracker' build argument 'catkin_cmake_args' from command line to 'None'
[0.809s] Level 5:colcon.colcon_core.verb:set package 'ball_tracker' build argument 'catkin_skip_building_tests' from command line to 'False'
[0.809s] DEBUG:colcon.colcon_core.verb:Building package 'ball_tracker' with the following arguments: {'ament_cmake_args': None, 'build_base': '/home/peyton/dev_ws/build/ball_tracker', 'catkin_cmake_args': None, 'catkin_skip_building_tests': False, 'cmake_args': None, 'cmake_clean_cache': False, 'cmake_clean_first': False, 'cmake_force_configure': False, 'cmake_target': None, 'cmake_target_skip_unavailable': False, 'install_base': '/home/peyton/dev_ws/install/ball_tracker', 'merge_install': False, 'path': '/home/peyton/dev_ws/src/ball_tracker', 'symlink_install': True, 'test_result_base': None}
[0.810s] Level 5:colcon.colcon_core.verb:set package 'sec_bot' build argument 'cmake_args' from command line to 'None'
[0.810s] Level 5:colcon.colcon_core.verb:set package 'sec_bot' build argument 'cmake_target' from command line to 'None'
[0.810s] Level 5:colcon.colcon_core.verb:set package 'sec_bot' build argument 'cmake_target_skip_unavailable' from command line to 'False'
[0.810s] Level 5:colcon.colcon_core.verb:set package 'sec_bot' build argument 'cmake_clean_cache' from command line to 'False'
[0.810s] Level 5:colcon.colcon_core.verb:set package 'sec_bot' build argument 'cmake_clean_first' from command line to 'False'
[0.810s] Level 5:colcon.colcon_core.verb:set package 'sec_bot' build argument 'cmake_force_configure' from command line to 'False'
[0.810s] Level 5:colcon.colcon_core.verb:set package 'sec_bot' build argument 'ament_cmake_args' from command line to 'None'
[0.810s] Level 5:colcon.colcon_core.verb:set package 'sec_bot' build argument 'catkin_cmake_args' from command line to 'None'
[0.810s] Level 5:colcon.colcon_core.verb:set package 'sec_bot' build argument 'catkin_skip_building_tests' from command line to 'False'
[0.810s] DEBUG:colcon.colcon_core.verb:Building package 'sec_bot' with the following arguments: {'ament_cmake_args': None, 'build_base': '/home/peyton/dev_ws/build/sec_bot', 'catkin_cmake_args': None, 'catkin_skip_building_tests': False, 'cmake_args': None, 'cmake_clean_cache': False, 'cmake_clean_first': False, 'cmake_force_configure': False, 'cmake_target': None, 'cmake_target_skip_unavailable': False, 'install_base': '/home/peyton/dev_ws/install/sec_bot', 'merge_install': False, 'path': '/home/peyton/dev_ws/src/sec_bot', 'symlink_install': True, 'test_result_base': None}
[0.810s] INFO:colcon.colcon_core.executor:Executing jobs using 'parallel' executor
[0.812s] DEBUG:colcon.colcon_parallel_executor.executor.parallel:run_until_complete
[0.812s] INFO:colcon.colcon_ros.task.ament_python.build:Building ROS package in '/home/peyton/dev_ws/src/ball_tracker' with build type 'ament_python'
[0.813s] Level 1:colcon.colcon_core.shell:create_environment_hook('ball_tracker', 'ament_prefix_path')
[0.821s] INFO:colcon.colcon_core.plugin_system:Skipping extension 'colcon_core.shell.bat': Not used on non-Windows systems
[0.822s] INFO:colcon.colcon_core.shell:Creating environment hook '/home/peyton/dev_ws/install/ball_tracker/share/ball_tracker/hook/ament_prefix_path.ps1'
[0.823s] INFO:colcon.colcon_core.shell:Creating environment descriptor '/home/peyton/dev_ws/install/ball_tracker/share/ball_tracker/hook/ament_prefix_path.dsv'
[0.824s] INFO:colcon.colcon_core.shell:Creating environment hook '/home/peyton/dev_ws/install/ball_tracker/share/ball_tracker/hook/ament_prefix_path.sh'
[0.825s] INFO:colcon.colcon_core.shell:Skip shell extension 'powershell' for command environment: Not usable outside of PowerShell
[0.825s] DEBUG:colcon.colcon_core.shell:Skip shell extension 'dsv' for command environment
[0.829s] INFO:colcon.colcon_ros.task.ament_cmake.build:Building ROS package in '/home/peyton/dev_ws/src/sec_bot' with build type 'ament_cmake'
[0.830s] INFO:colcon.colcon_cmake.task.cmake.build:Building CMake package in '/home/peyton/dev_ws/src/sec_bot'
[0.830s] INFO:colcon.colcon_core.shell:Skip shell extension 'powershell' for command environment: Not usable outside of PowerShell
[0.830s] DEBUG:colcon.colcon_core.shell:Skip shell extension 'dsv' for command environment
[1.020s] INFO:colcon.colcon_core.task.python.build:Building Python package in '/home/peyton/dev_ws/src/ball_tracker'
[1.021s] INFO:colcon.colcon_core.shell:Skip shell extension 'powershell' for command environment: Not usable outside of PowerShell
[1.021s] DEBUG:colcon.colcon_core.shell:Skip shell extension 'dsv' for command environment
[1.026s] DEBUG:colcon.colcon_core.event_handler.log_command:Invoking command in '/home/peyton/dev_ws/build/sec_bot': CMAKE_PREFIX_PATH=${CMAKE_PREFIX_PATH}:/home/peyton/dev_ws/install/ball_tracker:/home/peyton/dev_ws/src/install/purple_tracker:/home/peyton/dev_ws/src/install/ball_tracker:/opt/ros/humble /usr/bin/cmake /home/peyton/dev_ws/src/sec_bot -DAMENT_CMAKE_SYMLINK_INSTALL=1 -DCMAKE_INSTALL_PREFIX=/home/peyton/dev_ws/install/sec_bot
[1.485s] DEBUG:colcon.colcon_core.task.python.build:While undoing a previous installation files outside the Python library path are being ignored: /home/peyton/dev_ws/install/ball_tracker/share/ament_index/resource_index/packages/ball_tracker
[1.485s] DEBUG:colcon.colcon_core.task.python.build:While undoing a previous installation files outside the Python library path are being ignored: /home/peyton/dev_ws/install/ball_tracker/share/ball_tracker/package.xml
[1.485s] DEBUG:colcon.colcon_core.task.python.build:While undoing a previous installation files outside the Python library path are being ignored: /home/peyton/dev_ws/install/ball_tracker/lib/ball_tracker/image_publisher
[1.485s] DEBUG:colcon.colcon_core.task.python.build:While undoing a previous installation files outside the Python library path are being ignored: /home/peyton/dev_ws/install/ball_tracker/lib/ball_tracker/image_subscriber
[1.488s] DEBUG:colcon.colcon_core.event_handler.log_command:Invoking command in '/home/peyton/dev_ws/build/ball_tracker': PYTHONPATH=/home/peyton/dev_ws/build/ball_tracker/prefix_override:/home/peyton/.local/lib/python3.10/site-packages/colcon_core/task/python/colcon_distutils_commands:/home/peyton/dev_ws/install/ball_tracker/lib/python3.10/site-packages:${PYTHONPATH} /usr/bin/python3 -W ignore:setup.py install is deprecated -W ignore:easy_install command is deprecated setup.py develop --editable --build-directory /home/peyton/dev_ws/build/ball_tracker/build --no-deps symlink_data --force
[1.811s] Level 1:colcon.colcon_core.shell:create_environment_hook('ball_tracker', 'pythonpath_develop')
[1.811s] DEBUG:colcon.colcon_core.event_handler.log_command:Invoked command in '/home/peyton/dev_ws/build/ball_tracker' returned '0': PYTHONPATH=/home/peyton/dev_ws/build/ball_tracker/prefix_override:/home/peyton/.local/lib/python3.10/site-packages/colcon_core/task/python/colcon_distutils_commands:/home/peyton/dev_ws/install/ball_tracker/lib/python3.10/site-packages:${PYTHONPATH} /usr/bin/python3 -W ignore:setup.py install is deprecated -W ignore:easy_install command is deprecated setup.py develop --editable --build-directory /home/peyton/dev_ws/build/ball_tracker/build --no-deps symlink_data --force
[1.811s] INFO:colcon.colcon_core.shell:Creating environment hook '/home/peyton/dev_ws/build/ball_tracker/share/ball_tracker/hook/pythonpath_develop.ps1'
[1.812s] INFO:colcon.colcon_core.shell:Creating environment descriptor '/home/peyton/dev_ws/build/ball_tracker/share/ball_tracker/hook/pythonpath_develop.dsv'
[1.813s] INFO:colcon.colcon_core.shell:Creating environment hook '/home/peyton/dev_ws/build/ball_tracker/share/ball_tracker/hook/pythonpath_develop.sh'
[1.820s] Level 1:colcon.colcon_core.environment:checking '/home/peyton/dev_ws/install/ball_tracker' for CMake module files
[1.821s] Level 1:colcon.colcon_core.environment:checking '/home/peyton/dev_ws/install/ball_tracker' for CMake config files
[1.822s] Level 1:colcon.colcon_core.environment:checking '/home/peyton/dev_ws/install/ball_tracker/lib'
[1.822s] Level 1:colcon.colcon_core.environment:checking '/home/peyton/dev_ws/install/ball_tracker/bin'
[1.822s] Level 1:colcon.colcon_core.environment:checking '/home/peyton/dev_ws/install/ball_tracker/lib/pkgconfig/ball_tracker.pc'
[1.822s] Level 1:colcon.colcon_core.environment:checking '/home/peyton/dev_ws/install/ball_tracker/lib/python3.10/site-packages'
[1.822s] Level 1:colcon.colcon_core.shell:create_environment_hook('ball_tracker', 'pythonpath')
[1.822s] INFO:colcon.colcon_core.shell:Creating environment hook '/home/peyton/dev_ws/install/ball_tracker/share/ball_tracker/hook/pythonpath.ps1'
[1.823s] INFO:colcon.colcon_core.shell:Creating environment descriptor '/home/peyton/dev_ws/install/ball_tracker/share/ball_tracker/hook/pythonpath.dsv'
[1.823s] INFO:colcon.colcon_core.shell:Creating environment hook '/home/peyton/dev_ws/install/ball_tracker/share/ball_tracker/hook/pythonpath.sh'
[1.824s] Level 1:colcon.colcon_core.environment:checking '/home/peyton/dev_ws/install/ball_tracker/bin'
[1.824s] Level 1:colcon.colcon_core.environment:create_environment_scripts_only(ball_tracker)
[1.824s] INFO:colcon.colcon_core.shell:Creating package script '/home/peyton/dev_ws/install/ball_tracker/share/ball_tracker/package.ps1'
[1.825s] INFO:colcon.colcon_core.shell:Creating package descriptor '/home/peyton/dev_ws/install/ball_tracker/share/ball_tracker/package.dsv'
[1.826s] INFO:colcon.colcon_core.shell:Creating package script '/home/peyton/dev_ws/install/ball_tracker/share/ball_tracker/package.sh'
[1.828s] INFO:colcon.colcon_core.shell:Creating package script '/home/peyton/dev_ws/install/ball_tracker/share/ball_tracker/package.bash'
[1.829s] INFO:colcon.colcon_core.shell:Creating package script '/home/peyton/dev_ws/install/ball_tracker/share/ball_tracker/package.zsh'
[1.830s] Level 1:colcon.colcon_core.environment:create_file_with_runtime_dependencies(/home/peyton/dev_ws/install/ball_tracker/share/colcon-core/packages/ball_tracker)
[2.328s] DEBUG:colcon.colcon_core.event_handler.log_command:Invoked command in '/home/peyton/dev_ws/build/sec_bot' returned '0': CMAKE_PREFIX_PATH=${CMAKE_PREFIX_PATH}:/home/peyton/dev_ws/install/ball_tracker:/home/peyton/dev_ws/src/install/purple_tracker:/home/peyton/dev_ws/src/install/ball_tracker:/opt/ros/humble /usr/bin/cmake /home/peyton/dev_ws/src/sec_bot -DAMENT_CMAKE_SYMLINK_INSTALL=1 -DCMAKE_INSTALL_PREFIX=/home/peyton/dev_ws/install/sec_bot
[2.330s] DEBUG:colcon.colcon_core.event_handler.log_command:Invoking command in '/home/peyton/dev_ws/build/sec_bot': CMAKE_PREFIX_PATH=${CMAKE_PREFIX_PATH}:/home/peyton/dev_ws/install/ball_tracker:/home/peyton/dev_ws/src/install/purple_tracker:/home/peyton/dev_ws/src/install/ball_tracker:/opt/ros/humble /usr/bin/cmake --build /home/peyton/dev_ws/build/sec_bot -- -j12 -l12
[2.354s] DEBUG:colcon.colcon_core.event_handler.log_command:Invoked command in '/home/peyton/dev_ws/build/sec_bot' returned '0': CMAKE_PREFIX_PATH=${CMAKE_PREFIX_PATH}:/home/peyton/dev_ws/install/ball_tracker:/home/peyton/dev_ws/src/install/purple_tracker:/home/peyton/dev_ws/src/install/ball_tracker:/opt/ros/humble /usr/bin/cmake --build /home/peyton/dev_ws/build/sec_bot -- -j12 -l12
[2.362s] DEBUG:colcon.colcon_core.event_handler.log_command:Invoking command in '/home/peyton/dev_ws/build/sec_bot': CMAKE_PREFIX_PATH=${CMAKE_PREFIX_PATH}:/home/peyton/dev_ws/install/ball_tracker:/home/peyton/dev_ws/src/install/purple_tracker:/home/peyton/dev_ws/src/install/ball_tracker:/opt/ros/humble /usr/bin/cmake --install /home/peyton/dev_ws/build/sec_bot
[2.523s] Level 1:colcon.colcon_core.environment:create_environment_scripts_only(sec_bot)
[2.523s] Level 1:colcon.colcon_core.environment:checking '/home/peyton/dev_ws/install/sec_bot' for CMake module files
[2.524s] DEBUG:colcon.colcon_core.event_handler.log_command:Invoked command in '/home/peyton/dev_ws/build/sec_bot' returned '0': CMAKE_PREFIX_PATH=${CMAKE_PREFIX_PATH}:/home/peyton/dev_ws/install/ball_tracker:/home/peyton/dev_ws/src/install/purple_tracker:/home/peyton/dev_ws/src/install/ball_tracker:/opt/ros/humble /usr/bin/cmake --install /home/peyton/dev_ws/build/sec_bot
[2.524s] Level 1:colcon.colcon_core.environment:checking '/home/peyton/dev_ws/install/sec_bot' for CMake config files
[2.524s] Level 1:colcon.colcon_core.shell:create_environment_hook('sec_bot', 'cmake_prefix_path')
[2.525s] INFO:colcon.colcon_core.shell:Creating environment hook '/home/peyton/dev_ws/install/sec_bot/share/sec_bot/hook/cmake_prefix_path.ps1'
[2.525s] INFO:colcon.colcon_core.shell:Creating environment descriptor '/home/peyton/dev_ws/install/sec_bot/share/sec_bot/hook/cmake_prefix_path.dsv'
[2.525s] INFO:colcon.colcon_core.shell:Creating environment hook '/home/peyton/dev_ws/install/sec_bot/share/sec_bot/hook/cmake_prefix_path.sh'
[2.526s] Level 1:colcon.colcon_core.environment:checking '/home/peyton/dev_ws/install/sec_bot/bin'
[2.526s] Level 1:colcon.colcon_core.environment:checking '/home/peyton/dev_ws/install/sec_bot/lib/pkgconfig/sec_bot.pc'
[2.526s] Level 1:colcon.colcon_core.environment:checking '/home/peyton/dev_ws/install/sec_bot/lib/python3.10/site-packages'
[2.526s] Level 1:colcon.colcon_core.environment:checking '/home/peyton/dev_ws/install/sec_bot/bin'
[2.526s] INFO:colcon.colcon_core.shell:Creating package script '/home/peyton/dev_ws/install/sec_bot/share/sec_bot/package.ps1'
[2.527s] INFO:colcon.colcon_core.shell:Creating package descriptor '/home/peyton/dev_ws/install/sec_bot/share/sec_bot/package.dsv'
[2.528s] INFO:colcon.colcon_core.shell:Creating package script '/home/peyton/dev_ws/install/sec_bot/share/sec_bot/package.sh'
[2.528s] INFO:colcon.colcon_core.shell:Creating package script '/home/peyton/dev_ws/install/sec_bot/share/sec_bot/package.bash'
[2.529s] INFO:colcon.colcon_core.shell:Creating package script '/home/peyton/dev_ws/install/sec_bot/share/sec_bot/package.zsh'
[2.529s] Level 1:colcon.colcon_core.environment:create_file_with_runtime_dependencies(/home/peyton/dev_ws/install/sec_bot/share/colcon-core/packages/sec_bot)
[2.529s] Level 1:colcon.colcon_core.environment:create_environment_scripts_only(sec_bot)
[2.530s] Level 1:colcon.colcon_core.environment:checking '/home/peyton/dev_ws/install/sec_bot' for CMake module files
[2.530s] Level 1:colcon.colcon_core.environment:checking '/home/peyton/dev_ws/install/sec_bot' for CMake config files
[2.530s] Level 1:colcon.colcon_core.shell:create_environment_hook('sec_bot', 'cmake_prefix_path')
[2.530s] INFO:colcon.colcon_core.shell:Creating environment hook '/home/peyton/dev_ws/install/sec_bot/share/sec_bot/hook/cmake_prefix_path.ps1'
[2.531s] INFO:colcon.colcon_core.shell:Creating environment descriptor '/home/peyton/dev_ws/install/sec_bot/share/sec_bot/hook/cmake_prefix_path.dsv'
[2.531s] INFO:colcon.colcon_core.shell:Creating environment hook '/home/peyton/dev_ws/install/sec_bot/share/sec_bot/hook/cmake_prefix_path.sh'
[2.531s] Level 1:colcon.colcon_core.environment:checking '/home/peyton/dev_ws/install/sec_bot/bin'
[2.532s] Level 1:colcon.colcon_core.environment:checking '/home/peyton/dev_ws/install/sec_bot/lib/pkgconfig/sec_bot.pc'
[2.532s] Level 1:colcon.colcon_core.environment:checking '/home/peyton/dev_ws/install/sec_bot/lib/python3.10/site-packages'
[2.532s] Level 1:colcon.colcon_core.environment:checking '/home/peyton/dev_ws/install/sec_bot/bin'
[2.532s] INFO:colcon.colcon_core.shell:Creating package script '/home/peyton/dev_ws/install/sec_bot/share/sec_bot/package.ps1'
[2.533s] INFO:colcon.colcon_core.shell:Creating package descriptor '/home/peyton/dev_ws/install/sec_bot/share/sec_bot/package.dsv'
[2.533s] INFO:colcon.colcon_core.shell:Creating package script '/home/peyton/dev_ws/install/sec_bot/share/sec_bot/package.sh'
[2.534s] INFO:colcon.colcon_core.shell:Creating package script '/home/peyton/dev_ws/install/sec_bot/share/sec_bot/package.bash'
[2.534s] INFO:colcon.colcon_core.shell:Creating package script '/home/peyton/dev_ws/install/sec_bot/share/sec_bot/package.zsh'
[2.534s] Level 1:colcon.colcon_core.environment:create_file_with_runtime_dependencies(/home/peyton/dev_ws/install/sec_bot/share/colcon-core/packages/sec_bot)
[2.534s] DEBUG:colcon.colcon_parallel_executor.executor.parallel:closing loop
[2.535s] DEBUG:colcon.colcon_parallel_executor.executor.parallel:loop closed
[2.535s] DEBUG:colcon.colcon_parallel_executor.executor.parallel:run_until_complete finished with '0'
[2.535s] DEBUG:colcon.colcon_core.event_reactor:joining thread
[2.567s] INFO:colcon.colcon_core.plugin_system:Skipping extension 'colcon_notification.desktop_notification.notify_send': Could not find 'notify-send'
[2.567s] INFO:colcon.colcon_core.plugin_system:Skipping extension 'colcon_notification.desktop_notification.terminal_notifier': Not used on non-Darwin systems
[2.567s] INFO:colcon.colcon_core.plugin_system:Skipping extension 'colcon_notification.desktop_notification.win32': Not used on non-Windows systems
[2.567s] INFO:colcon.colcon_notification.desktop_notification:Sending desktop notification using 'notify2'
[2.567s] DEBUG:colcon.colcon_notification.desktop_notification.notify2:Failed to initialize notify2: org.freedesktop.DBus.Error.FileNotFound: Failed to connect to socket /run/user/1000/bus: No such file or directory
[2.567s] DEBUG:colcon.colcon_core.event_reactor:joined thread
[2.567s] INFO:colcon.colcon_core.shell:Creating prefix script '/home/peyton/dev_ws/install/local_setup.ps1'
[2.569s] INFO:colcon.colcon_core.shell:Creating prefix util module '/home/peyton/dev_ws/install/_local_setup_util_ps1.py'
[2.571s] INFO:colcon.colcon_core.shell:Creating prefix chain script '/home/peyton/dev_ws/install/setup.ps1'
[2.572s] INFO:colcon.colcon_core.shell:Creating prefix script '/home/peyton/dev_ws/install/local_setup.sh'
[2.574s] INFO:colcon.colcon_core.shell:Creating prefix util module '/home/peyton/dev_ws/install/_local_setup_util_sh.py'
[2.574s] INFO:colcon.colcon_core.shell:Creating prefix chain script '/home/peyton/dev_ws/install/setup.sh'
[2.576s] INFO:colcon.colcon_core.shell:Creating prefix script '/home/peyton/dev_ws/install/local_setup.bash'
[2.577s] INFO:colcon.colcon_core.shell:Creating prefix chain script '/home/peyton/dev_ws/install/setup.bash'
[2.579s] INFO:colcon.colcon_core.shell:Creating prefix script '/home/peyton/dev_ws/install/local_setup.zsh'
[2.580s] INFO:colcon.colcon_core.shell:Creating prefix chain script '/home/peyton/dev_ws/install/setup.zsh'
