[0.597s] Invoking command in '/home/peyton/dev_ws/build/ball_tracker': PYTHONPATH=/home/peyton/dev_ws/build/ball_tracker/prefix_override:/home/peyton/.local/lib/python3.10/site-packages/colcon_core/task/python/colcon_distutils_commands:/home/peyton/dev_ws/install/ball_tracker/lib/python3.10/site-packages:${PYTHONPATH} /usr/bin/python3 -W ignore:setup.py install is deprecated -W ignore:easy_install command is deprecated setup.py develop --uninstall --editable --build-directory /home/peyton/dev_ws/build/ball_tracker/build
[0.827s] running develop
[0.977s] Removing /home/peyton/dev_ws/install/ball_tracker/lib/python3.10/site-packages/ball-tracker.egg-link (link to .)
[1.009s] Invoked command in '/home/peyton/dev_ws/build/ball_tracker' returned '0': PYTHONPATH=/home/peyton/dev_ws/build/ball_tracker/prefix_override:/home/peyton/.local/lib/python3.10/site-packages/colcon_core/task/python/colcon_distutils_commands:/home/peyton/dev_ws/install/ball_tracker/lib/python3.10/site-packages:${PYTHONPATH} /usr/bin/python3 -W ignore:setup.py install is deprecated -W ignore:easy_install command is deprecated setup.py develop --uninstall --editable --build-directory /home/peyton/dev_ws/build/ball_tracker/build
[1.012s] Invoking command in '/home/peyton/dev_ws/src/ball_tracker': PYTHONPATH=/home/peyton/dev_ws/build/ball_tracker/prefix_override:/home/peyton/.local/lib/python3.10/site-packages/colcon_core/task/python/colcon_distutils_commands:/home/peyton/dev_ws/install/ball_tracker/lib/python3.10/site-packages:${PYTHONPATH} /usr/bin/python3 -W ignore:setup.py install is deprecated -W ignore:easy_install command is deprecated setup.py egg_info --egg-base ../../build/ball_tracker build --build-base /home/peyton/dev_ws/build/ball_tracker/build install --record /home/peyton/dev_ws/build/ball_tracker/install.log --single-version-externally-managed install_data --force
[1.228s] running egg_info
[1.228s] writing ../../build/ball_tracker/ball_tracker.egg-info/PKG-INFO
[1.228s] writing dependency_links to ../../build/ball_tracker/ball_tracker.egg-info/dependency_links.txt
[1.229s] writing entry points to ../../build/ball_tracker/ball_tracker.egg-info/entry_points.txt
[1.229s] writing requirements to ../../build/ball_tracker/ball_tracker.egg-info/requires.txt
[1.229s] writing top-level names to ../../build/ball_tracker/ball_tracker.egg-info/top_level.txt
[1.231s] reading manifest file '../../build/ball_tracker/ball_tracker.egg-info/SOURCES.txt'
[1.231s] adding license file 'LICENSE'
[1.232s] writing manifest file '../../build/ball_tracker/ball_tracker.egg-info/SOURCES.txt'
[1.232s] running build
[1.232s] running build_py
[1.232s] creating /home/peyton/dev_ws/build/ball_tracker/build
[1.233s] creating /home/peyton/dev_ws/build/ball_tracker/build/lib
[1.233s] creating /home/peyton/dev_ws/build/ball_tracker/build/lib/ball_tracker
[1.233s] copying ball_tracker/sim_multi_ball_tracker.py -> /home/peyton/dev_ws/build/ball_tracker/build/lib/ball_tracker
[1.233s] copying ball_tracker/follow_ball.py -> /home/peyton/dev_ws/build/ball_tracker/build/lib/ball_tracker
[1.234s] copying ball_tracker/__init__.py -> /home/peyton/dev_ws/build/ball_tracker/build/lib/ball_tracker
[1.234s] copying ball_tracker/image_publisher.py -> /home/peyton/dev_ws/build/ball_tracker/build/lib/ball_tracker
[1.234s] copying ball_tracker/multi_ball_tracker.py -> /home/peyton/dev_ws/build/ball_tracker/build/lib/ball_tracker
[1.234s] copying ball_tracker/image_subscriber.py -> /home/peyton/dev_ws/build/ball_tracker/build/lib/ball_tracker
[1.235s] running install
[1.235s] running install_lib
[1.237s] creating /home/peyton/dev_ws/install/ball_tracker/lib/python3.10/site-packages/ball_tracker
[1.238s] copying /home/peyton/dev_ws/build/ball_tracker/build/lib/ball_tracker/sim_multi_ball_tracker.py -> /home/peyton/dev_ws/install/ball_tracker/lib/python3.10/site-packages/ball_tracker
[1.238s] copying /home/peyton/dev_ws/build/ball_tracker/build/lib/ball_tracker/follow_ball.py -> /home/peyton/dev_ws/install/ball_tracker/lib/python3.10/site-packages/ball_tracker
[1.238s] copying /home/peyton/dev_ws/build/ball_tracker/build/lib/ball_tracker/__init__.py -> /home/peyton/dev_ws/install/ball_tracker/lib/python3.10/site-packages/ball_tracker
[1.238s] copying /home/peyton/dev_ws/build/ball_tracker/build/lib/ball_tracker/image_publisher.py -> /home/peyton/dev_ws/install/ball_tracker/lib/python3.10/site-packages/ball_tracker
[1.238s] copying /home/peyton/dev_ws/build/ball_tracker/build/lib/ball_tracker/multi_ball_tracker.py -> /home/peyton/dev_ws/install/ball_tracker/lib/python3.10/site-packages/ball_tracker
[1.238s] copying /home/peyton/dev_ws/build/ball_tracker/build/lib/ball_tracker/image_subscriber.py -> /home/peyton/dev_ws/install/ball_tracker/lib/python3.10/site-packages/ball_tracker
[1.239s] byte-compiling /home/peyton/dev_ws/install/ball_tracker/lib/python3.10/site-packages/ball_tracker/sim_multi_ball_tracker.py to sim_multi_ball_tracker.cpython-310.pyc
[1.240s] byte-compiling /home/peyton/dev_ws/install/ball_tracker/lib/python3.10/site-packages/ball_tracker/follow_ball.py to follow_ball.cpython-310.pyc
[1.240s] byte-compiling /home/peyton/dev_ws/install/ball_tracker/lib/python3.10/site-packages/ball_tracker/__init__.py to __init__.cpython-310.pyc
[1.241s] byte-compiling /home/peyton/dev_ws/install/ball_tracker/lib/python3.10/site-packages/ball_tracker/image_publisher.py to image_publisher.cpython-310.pyc
[1.242s] byte-compiling /home/peyton/dev_ws/install/ball_tracker/lib/python3.10/site-packages/ball_tracker/multi_ball_tracker.py to multi_ball_tracker.cpython-310.pyc
[1.242s] byte-compiling /home/peyton/dev_ws/install/ball_tracker/lib/python3.10/site-packages/ball_tracker/image_subscriber.py to image_subscriber.cpython-310.pyc
[1.243s] running install_data
[1.243s] copying resource/ball_tracker -> /home/peyton/dev_ws/install/ball_tracker/share/ament_index/resource_index/packages
[1.243s] copying package.xml -> /home/peyton/dev_ws/install/ball_tracker/share/ball_tracker
[1.243s] copying launch/camera.launch.py -> /home/peyton/dev_ws/install/ball_tracker/share/ball_tracker/launch
[1.244s] copying launch/sim_cam.launch.py -> /home/peyton/dev_ws/install/ball_tracker/share/ball_tracker/launch
[1.244s] copying launch/follow_ball.launch.py -> /home/peyton/dev_ws/install/ball_tracker/share/ball_tracker/launch
[1.244s] running install_egg_info
[1.246s] Copying ../../build/ball_tracker/ball_tracker.egg-info to /home/peyton/dev_ws/install/ball_tracker/lib/python3.10/site-packages/ball_tracker-0.0.0-py3.10.egg-info
[1.247s] running install_scripts
[1.267s] Installing follow_ball script to /home/peyton/dev_ws/install/ball_tracker/lib/ball_tracker
[1.267s] Installing image_publisher script to /home/peyton/dev_ws/install/ball_tracker/lib/ball_tracker
[1.267s] Installing image_subscriber script to /home/peyton/dev_ws/install/ball_tracker/lib/ball_tracker
[1.268s] Installing multi_ball_tracker script to /home/peyton/dev_ws/install/ball_tracker/lib/ball_tracker
[1.268s] Installing sim_multi_ball_tracker script to /home/peyton/dev_ws/install/ball_tracker/lib/ball_tracker
[1.268s] writing list of installed files to '/home/peyton/dev_ws/build/ball_tracker/install.log'
[1.305s] Invoked command in '/home/peyton/dev_ws/src/ball_tracker' returned '0': PYTHONPATH=/home/peyton/dev_ws/build/ball_tracker/prefix_override:/home/peyton/.local/lib/python3.10/site-packages/colcon_core/task/python/colcon_distutils_commands:/home/peyton/dev_ws/install/ball_tracker/lib/python3.10/site-packages:${PYTHONPATH} /usr/bin/python3 -W ignore:setup.py install is deprecated -W ignore:easy_install command is deprecated setup.py egg_info --egg-base ../../build/ball_tracker build --build-base /home/peyton/dev_ws/build/ball_tracker/build install --record /home/peyton/dev_ws/build/ball_tracker/install.log --single-version-externally-managed install_data --force
