-- Found ament_cmake: 1.3.11 (/opt/ros/humble/share/ament_cmake/cmake)
-- Override CMake install command with custom implementation using symlinks instead of copying resources
-- Found ament_lint_auto: 0.12.11 (/opt/ros/humble/share/ament_lint_auto/cmake)
-- Added test 'copyright' to check source files copyright and LICENSE
-- Added test 'flake8' to check Python code syntax and style conventions
-- Added test 'lint_cmake' to check CMake code style
-- Added test 'pep257' to check Python code against some of the docstring style conventions in PEP 257
-- Added test 'xmllint' to check XML markup files
-- Configuring done
-- Generating done
-- Build files have been written to: /home/ubuntu-vm/Desktop/sec_bot/build/sec_bot
-- Install configuration: ""
-- Execute custom install script
-- Symlinking: /home/ubuntu-vm/Desktop/sec_bot/install/sec_bot/share/sec_bot/config/empty.yaml
-- Symlinking: /home/ubuntu-vm/Desktop/sec_bot/install/sec_bot/share/sec_bot/description/gazebo_control.xacro
-- Symlinking: /home/ubuntu-vm/Desktop/sec_bot/install/sec_bot/share/sec_bot/description/inertial_macros.xacro
-- Symlinking: /home/ubuntu-vm/Desktop/sec_bot/install/sec_bot/share/sec_bot/description/robot.urdf.xacro
-- Symlinking: /home/ubuntu-vm/Desktop/sec_bot/install/sec_bot/share/sec_bot/description/robot_core.xacro
-- Symlinking: /home/ubuntu-vm/Desktop/sec_bot/install/sec_bot/share/sec_bot/description/urdf_help.txt
-- Symlinking: /home/ubuntu-vm/Desktop/sec_bot/install/sec_bot/share/sec_bot/launch/launch_sim.launch.py
-- Symlinking: /home/ubuntu-vm/Desktop/sec_bot/install/sec_bot/share/sec_bot/launch/rsp.launch.py
-- Symlinking: /home/ubuntu-vm/Desktop/sec_bot/install/sec_bot/share/sec_bot/worlds/empty.world
-- Symlinking: /home/ubuntu-vm/Desktop/sec_bot/install/sec_bot/share/ament_index/resource_index/package_run_dependencies/sec_bot
-- Symlinking: /home/ubuntu-vm/Desktop/sec_bot/install/sec_bot/share/ament_index/resource_index/parent_prefix_path/sec_bot
-- Up-to-date symlink: /home/ubuntu-vm/Desktop/sec_bot/install/sec_bot/share/sec_bot/environment/ament_prefix_path.sh
-- Symlinking: /home/ubuntu-vm/Desktop/sec_bot/install/sec_bot/share/sec_bot/environment/ament_prefix_path.dsv
-- Up-to-date symlink: /home/ubuntu-vm/Desktop/sec_bot/install/sec_bot/share/sec_bot/environment/path.sh
-- Symlinking: /home/ubuntu-vm/Desktop/sec_bot/install/sec_bot/share/sec_bot/environment/path.dsv
-- Symlinking: /home/ubuntu-vm/Desktop/sec_bot/install/sec_bot/share/sec_bot/local_setup.bash
-- Symlinking: /home/ubuntu-vm/Desktop/sec_bot/install/sec_bot/share/sec_bot/local_setup.sh
-- Symlinking: /home/ubuntu-vm/Desktop/sec_bot/install/sec_bot/share/sec_bot/local_setup.zsh
-- Symlinking: /home/ubuntu-vm/Desktop/sec_bot/install/sec_bot/share/sec_bot/local_setup.dsv
-- Symlinking: /home/ubuntu-vm/Desktop/sec_bot/install/sec_bot/share/sec_bot/package.dsv
-- Symlinking: /home/ubuntu-vm/Desktop/sec_bot/install/sec_bot/share/ament_index/resource_index/packages/sec_bot
-- Symlinking: /home/ubuntu-vm/Desktop/sec_bot/install/sec_bot/share/sec_bot/cmake/sec_botConfig.cmake
-- Symlinking: /home/ubuntu-vm/Desktop/sec_bot/install/sec_bot/share/sec_bot/cmake/sec_botConfig-version.cmake
-- Symlinking: /home/ubuntu-vm/Desktop/sec_bot/install/sec_bot/share/sec_bot/package.xml
