[0.009s] Invoking command in '/home/ubuntu-vm/Desktop/sec_bot/build/sec_bot': CMAKE_PREFIX_PATH=${CMAKE_PREFIX_PATH}:/opt/ros/humble /usr/bin/cmake /home/ubuntu-vm/Desktop/sec_bot/src/sec_bot -DAMENT_CMAKE_SYMLINK_INSTALL=1 -DCMAKE_INSTALL_PREFIX=/home/ubuntu-vm/Desktop/sec_bot/install/sec_bot
[0.022s] -- Found ament_cmake: 1.3.11 (/opt/ros/humble/share/ament_cmake/cmake)
[0.111s] -- Override CMake install command with custom implementation using symlinks instead of copying resources
[0.119s] -- Found ament_lint_auto: 0.12.11 (/opt/ros/humble/share/ament_lint_auto/cmake)
[0.182s] -- Added test 'copyright' to check source files copyright and LICENSE
[0.184s] -- Added test 'flake8' to check Python code syntax and style conventions
[0.184s] -- Added test 'lint_cmake' to check CMake code style
[0.184s] -- Added test 'pep257' to check Python code against some of the docstring style conventions in PEP 257
[0.184s] -- Added test 'xmllint' to check XML markup files
[0.185s] -- Configuring done
[0.187s] -- Generating done
[0.189s] -- Build files have been written to: /home/ubuntu-vm/Desktop/sec_bot/build/sec_bot
[0.192s] Invoked command in '/home/ubuntu-vm/Desktop/sec_bot/build/sec_bot' returned '0': CMAKE_PREFIX_PATH=${CMAKE_PREFIX_PATH}:/opt/ros/humble /usr/bin/cmake /home/ubuntu-vm/Desktop/sec_bot/src/sec_bot -DAMENT_CMAKE_SYMLINK_INSTALL=1 -DCMAKE_INSTALL_PREFIX=/home/ubuntu-vm/Desktop/sec_bot/install/sec_bot
[0.193s] Invoking command in '/home/ubuntu-vm/Desktop/sec_bot/build/sec_bot': CMAKE_PREFIX_PATH=${CMAKE_PREFIX_PATH}:/opt/ros/humble /usr/bin/cmake --build /home/ubuntu-vm/Desktop/sec_bot/build/sec_bot -- -j8 -l8
[0.229s] Invoked command in '/home/ubuntu-vm/Desktop/sec_bot/build/sec_bot' returned '0': CMAKE_PREFIX_PATH=${CMAKE_PREFIX_PATH}:/opt/ros/humble /usr/bin/cmake --build /home/ubuntu-vm/Desktop/sec_bot/build/sec_bot -- -j8 -l8
[0.241s] Invoking command in '/home/ubuntu-vm/Desktop/sec_bot/build/sec_bot': CMAKE_PREFIX_PATH=${CMAKE_PREFIX_PATH}:/opt/ros/humble /usr/bin/cmake --install /home/ubuntu-vm/Desktop/sec_bot/build/sec_bot
[0.248s] -- Install configuration: ""
[0.248s] -- Execute custom install script
[0.248s] -- Symlinking: /home/ubuntu-vm/Desktop/sec_bot/install/sec_bot/share/sec_bot/config/empty.yaml
[0.256s] -- Symlinking: /home/ubuntu-vm/Desktop/sec_bot/install/sec_bot/share/sec_bot/description/gazebo_control.xacro
[0.264s] -- Symlinking: /home/ubuntu-vm/Desktop/sec_bot/install/sec_bot/share/sec_bot/description/inertial_macros.xacro
[0.274s] -- Symlinking: /home/ubuntu-vm/Desktop/sec_bot/install/sec_bot/share/sec_bot/description/robot.urdf.xacro
[0.282s] -- Symlinking: /home/ubuntu-vm/Desktop/sec_bot/install/sec_bot/share/sec_bot/description/robot_core.xacro
[0.290s] -- Symlinking: /home/ubuntu-vm/Desktop/sec_bot/install/sec_bot/share/sec_bot/description/urdf_help.txt
[0.298s] -- Symlinking: /home/ubuntu-vm/Desktop/sec_bot/install/sec_bot/share/sec_bot/launch/launch_sim.launch.py
[0.306s] -- Symlinking: /home/ubuntu-vm/Desktop/sec_bot/install/sec_bot/share/sec_bot/launch/rsp.launch.py
[0.314s] -- Symlinking: /home/ubuntu-vm/Desktop/sec_bot/install/sec_bot/share/sec_bot/worlds/empty.world
[0.323s] -- Symlinking: /home/ubuntu-vm/Desktop/sec_bot/install/sec_bot/share/ament_index/resource_index/package_run_dependencies/sec_bot
[0.335s] -- Symlinking: /home/ubuntu-vm/Desktop/sec_bot/install/sec_bot/share/ament_index/resource_index/parent_prefix_path/sec_bot
[0.344s] -- Up-to-date symlink: /home/ubuntu-vm/Desktop/sec_bot/install/sec_bot/share/sec_bot/environment/ament_prefix_path.sh
[0.344s] -- Symlinking: /home/ubuntu-vm/Desktop/sec_bot/install/sec_bot/share/sec_bot/environment/ament_prefix_path.dsv
[0.352s] -- Up-to-date symlink: /home/ubuntu-vm/Desktop/sec_bot/install/sec_bot/share/sec_bot/environment/path.sh
[0.352s] -- Symlinking: /home/ubuntu-vm/Desktop/sec_bot/install/sec_bot/share/sec_bot/environment/path.dsv
[0.361s] -- Symlinking: /home/ubuntu-vm/Desktop/sec_bot/install/sec_bot/share/sec_bot/local_setup.bash
[0.369s] -- Symlinking: /home/ubuntu-vm/Desktop/sec_bot/install/sec_bot/share/sec_bot/local_setup.sh
[0.377s] -- Symlinking: /home/ubuntu-vm/Desktop/sec_bot/install/sec_bot/share/sec_bot/local_setup.zsh
[0.385s] -- Symlinking: /home/ubuntu-vm/Desktop/sec_bot/install/sec_bot/share/sec_bot/local_setup.dsv
[0.394s] -- Symlinking: /home/ubuntu-vm/Desktop/sec_bot/install/sec_bot/share/sec_bot/package.dsv
[0.401s] -- Symlinking: /home/ubuntu-vm/Desktop/sec_bot/install/sec_bot/share/ament_index/resource_index/packages/sec_bot
[0.409s] -- Symlinking: /home/ubuntu-vm/Desktop/sec_bot/install/sec_bot/share/sec_bot/cmake/sec_botConfig.cmake
[0.418s] -- Symlinking: /home/ubuntu-vm/Desktop/sec_bot/install/sec_bot/share/sec_bot/cmake/sec_botConfig-version.cmake
[0.426s] -- Symlinking: /home/ubuntu-vm/Desktop/sec_bot/install/sec_bot/share/sec_bot/package.xml
[0.437s] Invoked command in '/home/ubuntu-vm/Desktop/sec_bot/build/sec_bot' returned '0': CMAKE_PREFIX_PATH=${CMAKE_PREFIX_PATH}:/opt/ros/humble /usr/bin/cmake --install /home/ubuntu-vm/Desktop/sec_bot/build/sec_bot
