[0.317s] DEBUG:colcon:Command line arguments: ['/home/peyton/.local/bin/colcon', 'build', '--symlink-install']
[0.317s] DEBUG:colcon:Parsed command line arguments: Namespace(log_base=None, log_level=None, verb_name='build', build_base='build', install_base='install', merge_install=False, symlink_install=True, test_result_base=None, continue_on_error=False, executor='parallel', parallel_workers=12, event_handlers=None, ignore_user_meta=False, metas=['./colcon.meta'], base_paths=['.'], packages_ignore=None, packages_ignore_regex=None, paths=None, packages_up_to=None, packages_up_to_regex=None, packages_above=None, packages_above_and_dependencies=None, packages_above_depth=None, packages_select_by_dep=None, packages_skip_by_dep=None, packages_skip_up_to=None, packages_select_build_failed=False, packages_skip_build_finished=False, packages_select_test_failures=False, packages_skip_test_passed=False, packages_select=None, packages_skip=None, packages_select_regex=None, packages_skip_regex=None, packages_start=None, packages_end=None, allow_overriding=[], cmake_args=None, cmake_target=None, cmake_target_skip_unavailable=False, cmake_clean_cache=False, cmake_clean_first=False, cmake_force_configure=False, ament_cmake_args=None, catkin_cmake_args=None, catkin_skip_building_tests=False, mixin_files=None, mixin=None, verb_parser=<colcon_mixin.mixin.mixin_argument.MixinArgumentDecorator object at 0x7f10f7810e80>, verb_extension=<colcon_core.verb.build.BuildVerb object at 0x7f10f78108b0>, main=<bound method BuildVerb.main of <colcon_core.verb.build.BuildVerb object at 0x7f10f78108b0>>, mixin_verb=('build',))
[0.572s] Level 1:colcon.colcon_core.package_discovery:discover_packages(colcon_meta) check parameters
[0.572s] Level 1:colcon.colcon_core.package_discovery:discover_packages(recursive) check parameters
[0.572s] Level 1:colcon.colcon_core.package_discovery:discover_packages(ignore) check parameters
[0.572s] Level 1:colcon.colcon_core.package_discovery:discover_packages(path) check parameters
[0.572s] Level 1:colcon.colcon_core.package_discovery:discover_packages(colcon_meta) discover
[0.572s] Level 1:colcon.colcon_core.package_discovery:discover_packages(recursive) discover
[0.573s] INFO:colcon.colcon_core.package_discovery:Crawling recursively for packages in '/home/peyton/ros_ws'
[0.573s] Level 1:colcon.colcon_core.package_identification:_identify(.) by extensions ['ignore', 'ignore_ament_install']
[0.573s] Level 1:colcon.colcon_core.package_identification:_identify(.) by extension 'ignore'
[0.573s] Level 1:colcon.colcon_core.package_identification:_identify(.) by extension 'ignore_ament_install'
[0.573s] Level 1:colcon.colcon_core.package_identification:_identify(.) by extensions ['colcon_pkg']
[0.573s] Level 1:colcon.colcon_core.package_identification:_identify(.) by extension 'colcon_pkg'
[0.573s] Level 1:colcon.colcon_core.package_identification:_identify(.) by extensions ['colcon_meta']
[0.573s] Level 1:colcon.colcon_core.package_identification:_identify(.) by extension 'colcon_meta'
[0.574s] Level 1:colcon.colcon_core.package_identification:_identify(.) by extensions ['ros']
[0.574s] Level 1:colcon.colcon_core.package_identification:_identify(.) by extension 'ros'
[0.594s] Level 1:colcon.colcon_core.package_identification:_identify(.) by extensions ['cmake', 'python']
[0.594s] Level 1:colcon.colcon_core.package_identification:_identify(.) by extension 'cmake'
[0.594s] Level 1:colcon.colcon_core.package_identification:_identify(.) by extension 'python'
[0.594s] Level 1:colcon.colcon_core.package_identification:_identify(.) by extensions ['python_setup_py']
[0.594s] Level 1:colcon.colcon_core.package_identification:_identify(.) by extension 'python_setup_py'
[0.595s] Level 1:colcon.colcon_core.package_identification:_identify(build) by extensions ['ignore', 'ignore_ament_install']
[0.595s] Level 1:colcon.colcon_core.package_identification:_identify(build) by extension 'ignore'
[0.596s] Level 1:colcon.colcon_core.package_identification:_identify(build) ignored
[0.596s] Level 1:colcon.colcon_core.package_identification:_identify(install) by extensions ['ignore', 'ignore_ament_install']
[0.596s] Level 1:colcon.colcon_core.package_identification:_identify(install) by extension 'ignore'
[0.597s] Level 1:colcon.colcon_core.package_identification:_identify(install) ignored
[0.597s] Level 1:colcon.colcon_core.package_identification:_identify(log) by extensions ['ignore', 'ignore_ament_install']
[0.597s] Level 1:colcon.colcon_core.package_identification:_identify(log) by extension 'ignore'
[0.597s] Level 1:colcon.colcon_core.package_identification:_identify(log) ignored
[0.598s] Level 1:colcon.colcon_core.package_identification:_identify(sec_bot) by extensions ['ignore', 'ignore_ament_install']
[0.598s] Level 1:colcon.colcon_core.package_identification:_identify(sec_bot) by extension 'ignore'
[0.598s] Level 1:colcon.colcon_core.package_identification:_identify(sec_bot) by extension 'ignore_ament_install'
[0.598s] Level 1:colcon.colcon_core.package_identification:_identify(sec_bot) by extensions ['colcon_pkg']
[0.598s] Level 1:colcon.colcon_core.package_identification:_identify(sec_bot) by extension 'colcon_pkg'
[0.598s] Level 1:colcon.colcon_core.package_identification:_identify(sec_bot) by extensions ['colcon_meta']
[0.598s] Level 1:colcon.colcon_core.package_identification:_identify(sec_bot) by extension 'colcon_meta'
[0.598s] Level 1:colcon.colcon_core.package_identification:_identify(sec_bot) by extensions ['ros']
[0.598s] Level 1:colcon.colcon_core.package_identification:_identify(sec_bot) by extension 'ros'
[0.598s] Level 1:colcon.colcon_core.package_identification:_identify(sec_bot) by extensions ['cmake', 'python']
[0.598s] Level 1:colcon.colcon_core.package_identification:_identify(sec_bot) by extension 'cmake'
[0.599s] Level 1:colcon.colcon_core.package_identification:_identify(sec_bot) by extension 'python'
[0.599s] Level 1:colcon.colcon_core.package_identification:_identify(sec_bot) by extensions ['python_setup_py']
[0.599s] Level 1:colcon.colcon_core.package_identification:_identify(sec_bot) by extension 'python_setup_py'
[0.599s] Level 1:colcon.colcon_core.package_identification:_identify(sec_bot/src) by extensions ['ignore', 'ignore_ament_install']
[0.599s] Level 1:colcon.colcon_core.package_identification:_identify(sec_bot/src) by extension 'ignore'
[0.599s] Level 1:colcon.colcon_core.package_identification:_identify(sec_bot/src) by extension 'ignore_ament_install'
[0.599s] Level 1:colcon.colcon_core.package_identification:_identify(sec_bot/src) by extensions ['colcon_pkg']
[0.599s] Level 1:colcon.colcon_core.package_identification:_identify(sec_bot/src) by extension 'colcon_pkg'
[0.600s] Level 1:colcon.colcon_core.package_identification:_identify(sec_bot/src) by extensions ['colcon_meta']
[0.600s] Level 1:colcon.colcon_core.package_identification:_identify(sec_bot/src) by extension 'colcon_meta'
[0.600s] Level 1:colcon.colcon_core.package_identification:_identify(sec_bot/src) by extensions ['ros']
[0.600s] Level 1:colcon.colcon_core.package_identification:_identify(sec_bot/src) by extension 'ros'
[0.600s] Level 1:colcon.colcon_core.package_identification:_identify(sec_bot/src) by extensions ['cmake', 'python']
[0.600s] Level 1:colcon.colcon_core.package_identification:_identify(sec_bot/src) by extension 'cmake'
[0.601s] Level 1:colcon.colcon_core.package_identification:_identify(sec_bot/src) by extension 'python'
[0.601s] Level 1:colcon.colcon_core.package_identification:_identify(sec_bot/src) by extensions ['python_setup_py']
[0.601s] Level 1:colcon.colcon_core.package_identification:_identify(sec_bot/src) by extension 'python_setup_py'
[0.601s] Level 1:colcon.colcon_core.package_identification:_identify(sec_bot/src/ball_tracker) by extensions ['ignore', 'ignore_ament_install']
[0.601s] Level 1:colcon.colcon_core.package_identification:_identify(sec_bot/src/ball_tracker) by extension 'ignore'
[0.601s] Level 1:colcon.colcon_core.package_identification:_identify(sec_bot/src/ball_tracker) by extension 'ignore_ament_install'
[0.601s] Level 1:colcon.colcon_core.package_identification:_identify(sec_bot/src/ball_tracker) by extensions ['colcon_pkg']
[0.601s] Level 1:colcon.colcon_core.package_identification:_identify(sec_bot/src/ball_tracker) by extension 'colcon_pkg'
[0.601s] Level 1:colcon.colcon_core.package_identification:_identify(sec_bot/src/ball_tracker) by extensions ['colcon_meta']
[0.601s] Level 1:colcon.colcon_core.package_identification:_identify(sec_bot/src/ball_tracker) by extension 'colcon_meta'
[0.601s] Level 1:colcon.colcon_core.package_identification:_identify(sec_bot/src/ball_tracker) by extensions ['ros']
[0.601s] Level 1:colcon.colcon_core.package_identification:_identify(sec_bot/src/ball_tracker) by extension 'ros'
[0.605s] DEBUG:colcon.colcon_core.package_identification:Package 'sec_bot/src/ball_tracker' with type 'ros.ament_python' and name 'ball_tracker'
[0.605s] Level 1:colcon.colcon_core.package_identification:_identify(sec_bot/src/orbslam2) by extensions ['ignore', 'ignore_ament_install']
[0.605s] Level 1:colcon.colcon_core.package_identification:_identify(sec_bot/src/orbslam2) by extension 'ignore'
[0.605s] Level 1:colcon.colcon_core.package_identification:_identify(sec_bot/src/orbslam2) by extension 'ignore_ament_install'
[0.605s] Level 1:colcon.colcon_core.package_identification:_identify(sec_bot/src/orbslam2) by extensions ['colcon_pkg']
[0.605s] Level 1:colcon.colcon_core.package_identification:_identify(sec_bot/src/orbslam2) by extension 'colcon_pkg'
[0.605s] Level 1:colcon.colcon_core.package_identification:_identify(sec_bot/src/orbslam2) by extensions ['colcon_meta']
[0.605s] Level 1:colcon.colcon_core.package_identification:_identify(sec_bot/src/orbslam2) by extension 'colcon_meta'
[0.606s] Level 1:colcon.colcon_core.package_identification:_identify(sec_bot/src/orbslam2) by extensions ['ros']
[0.606s] Level 1:colcon.colcon_core.package_identification:_identify(sec_bot/src/orbslam2) by extension 'ros'
[0.606s] Level 1:colcon.colcon_core.package_identification:_identify(sec_bot/src/orbslam2) by extensions ['cmake', 'python']
[0.606s] Level 1:colcon.colcon_core.package_identification:_identify(sec_bot/src/orbslam2) by extension 'cmake'
[0.613s] Level 1:colcon.colcon_core.package_identification:_identify(sec_bot/src/orbslam2) by extension 'python'
[0.614s] DEBUG:colcon.colcon_core.package_identification:Package 'sec_bot/src/orbslam2' with type 'cmake' and name 'ORB_SLAM2'
[0.614s] Level 1:colcon.colcon_core.package_identification:_identify(sec_bot/src/sec_bot) by extensions ['ignore', 'ignore_ament_install']
[0.615s] Level 1:colcon.colcon_core.package_identification:_identify(sec_bot/src/sec_bot) by extension 'ignore'
[0.615s] Level 1:colcon.colcon_core.package_identification:_identify(sec_bot/src/sec_bot) by extension 'ignore_ament_install'
[0.615s] Level 1:colcon.colcon_core.package_identification:_identify(sec_bot/src/sec_bot) by extensions ['colcon_pkg']
[0.615s] Level 1:colcon.colcon_core.package_identification:_identify(sec_bot/src/sec_bot) by extension 'colcon_pkg'
[0.615s] Level 1:colcon.colcon_core.package_identification:_identify(sec_bot/src/sec_bot) by extensions ['colcon_meta']
[0.615s] Level 1:colcon.colcon_core.package_identification:_identify(sec_bot/src/sec_bot) by extension 'colcon_meta'
[0.615s] Level 1:colcon.colcon_core.package_identification:_identify(sec_bot/src/sec_bot) by extensions ['ros']
[0.616s] Level 1:colcon.colcon_core.package_identification:_identify(sec_bot/src/sec_bot) by extension 'ros'
[0.617s] DEBUG:colcon.colcon_core.package_identification:Package 'sec_bot/src/sec_bot' with type 'ros.ament_cmake' and name 'sec_bot'
[0.617s] Level 1:colcon.colcon_core.package_discovery:discover_packages(recursive) using defaults
[0.617s] Level 1:colcon.colcon_core.package_discovery:discover_packages(ignore) discover
[0.617s] Level 1:colcon.colcon_core.package_discovery:discover_packages(ignore) using defaults
[0.617s] Level 1:colcon.colcon_core.package_discovery:discover_packages(path) discover
[0.617s] Level 1:colcon.colcon_core.package_discovery:discover_packages(path) using defaults
[0.656s] Level 1:colcon.colcon_core.package_discovery:discover_packages(prefix_path) check parameters
[0.656s] Level 1:colcon.colcon_core.package_discovery:discover_packages(prefix_path) discover
[0.659s] DEBUG:colcon.colcon_installed_package_information.package_discovery:Found 2 installed packages in /home/peyton/ros_ws/install
[0.661s] DEBUG:colcon.colcon_installed_package_information.package_discovery:Found 327 installed packages in /opt/ros/humble
[0.681s] Level 1:colcon.colcon_core.package_discovery:discover_packages(prefix_path) using defaults
[0.740s] Level 5:colcon.colcon_core.verb:set package 'ORB_SLAM2' build argument 'cmake_args' from command line to 'None'
[0.740s] Level 5:colcon.colcon_core.verb:set package 'ORB_SLAM2' build argument 'cmake_target' from command line to 'None'
[0.741s] Level 5:colcon.colcon_core.verb:set package 'ORB_SLAM2' build argument 'cmake_target_skip_unavailable' from command line to 'False'
[0.741s] Level 5:colcon.colcon_core.verb:set package 'ORB_SLAM2' build argument 'cmake_clean_cache' from command line to 'False'
[0.741s] Level 5:colcon.colcon_core.verb:set package 'ORB_SLAM2' build argument 'cmake_clean_first' from command line to 'False'
[0.741s] Level 5:colcon.colcon_core.verb:set package 'ORB_SLAM2' build argument 'cmake_force_configure' from command line to 'False'
[0.741s] Level 5:colcon.colcon_core.verb:set package 'ORB_SLAM2' build argument 'ament_cmake_args' from command line to 'None'
[0.741s] Level 5:colcon.colcon_core.verb:set package 'ORB_SLAM2' build argument 'catkin_cmake_args' from command line to 'None'
[0.741s] Level 5:colcon.colcon_core.verb:set package 'ORB_SLAM2' build argument 'catkin_skip_building_tests' from command line to 'False'
[0.741s] DEBUG:colcon.colcon_core.verb:Building package 'ORB_SLAM2' with the following arguments: {'ament_cmake_args': None, 'build_base': '/home/peyton/ros_ws/build/ORB_SLAM2', 'catkin_cmake_args': None, 'catkin_skip_building_tests': False, 'cmake_args': None, 'cmake_clean_cache': False, 'cmake_clean_first': False, 'cmake_force_configure': False, 'cmake_target': None, 'cmake_target_skip_unavailable': False, 'install_base': '/home/peyton/ros_ws/install/ORB_SLAM2', 'merge_install': False, 'path': '/home/peyton/ros_ws/sec_bot/src/orbslam2', 'symlink_install': True, 'test_result_base': None}
[0.742s] Level 5:colcon.colcon_core.verb:set package 'ball_tracker' build argument 'cmake_args' from command line to 'None'
[0.742s] Level 5:colcon.colcon_core.verb:set package 'ball_tracker' build argument 'cmake_target' from command line to 'None'
[0.742s] Level 5:colcon.colcon_core.verb:set package 'ball_tracker' build argument 'cmake_target_skip_unavailable' from command line to 'False'
[0.742s] Level 5:colcon.colcon_core.verb:set package 'ball_tracker' build argument 'cmake_clean_cache' from command line to 'False'
[0.742s] Level 5:colcon.colcon_core.verb:set package 'ball_tracker' build argument 'cmake_clean_first' from command line to 'False'
[0.742s] Level 5:colcon.colcon_core.verb:set package 'ball_tracker' build argument 'cmake_force_configure' from command line to 'False'
[0.742s] Level 5:colcon.colcon_core.verb:set package 'ball_tracker' build argument 'ament_cmake_args' from command line to 'None'
[0.742s] Level 5:colcon.colcon_core.verb:set package 'ball_tracker' build argument 'catkin_cmake_args' from command line to 'None'
[0.742s] Level 5:colcon.colcon_core.verb:set package 'ball_tracker' build argument 'catkin_skip_building_tests' from command line to 'False'
[0.742s] DEBUG:colcon.colcon_core.verb:Building package 'ball_tracker' with the following arguments: {'ament_cmake_args': None, 'build_base': '/home/peyton/ros_ws/build/ball_tracker', 'catkin_cmake_args': None, 'catkin_skip_building_tests': False, 'cmake_args': None, 'cmake_clean_cache': False, 'cmake_clean_first': False, 'cmake_force_configure': False, 'cmake_target': None, 'cmake_target_skip_unavailable': False, 'install_base': '/home/peyton/ros_ws/install/ball_tracker', 'merge_install': False, 'path': '/home/peyton/ros_ws/sec_bot/src/ball_tracker', 'symlink_install': True, 'test_result_base': None}
[0.743s] Level 5:colcon.colcon_core.verb:set package 'sec_bot' build argument 'cmake_args' from command line to 'None'
[0.743s] Level 5:colcon.colcon_core.verb:set package 'sec_bot' build argument 'cmake_target' from command line to 'None'
[0.743s] Level 5:colcon.colcon_core.verb:set package 'sec_bot' build argument 'cmake_target_skip_unavailable' from command line to 'False'
[0.743s] Level 5:colcon.colcon_core.verb:set package 'sec_bot' build argument 'cmake_clean_cache' from command line to 'False'
[0.743s] Level 5:colcon.colcon_core.verb:set package 'sec_bot' build argument 'cmake_clean_first' from command line to 'False'
[0.743s] Level 5:colcon.colcon_core.verb:set package 'sec_bot' build argument 'cmake_force_configure' from command line to 'False'
[0.743s] Level 5:colcon.colcon_core.verb:set package 'sec_bot' build argument 'ament_cmake_args' from command line to 'None'
[0.743s] Level 5:colcon.colcon_core.verb:set package 'sec_bot' build argument 'catkin_cmake_args' from command line to 'None'
[0.743s] Level 5:colcon.colcon_core.verb:set package 'sec_bot' build argument 'catkin_skip_building_tests' from command line to 'False'
[0.743s] DEBUG:colcon.colcon_core.verb:Building package 'sec_bot' with the following arguments: {'ament_cmake_args': None, 'build_base': '/home/peyton/ros_ws/build/sec_bot', 'catkin_cmake_args': None, 'catkin_skip_building_tests': False, 'cmake_args': None, 'cmake_clean_cache': False, 'cmake_clean_first': False, 'cmake_force_configure': False, 'cmake_target': None, 'cmake_target_skip_unavailable': False, 'install_base': '/home/peyton/ros_ws/install/sec_bot', 'merge_install': False, 'path': '/home/peyton/ros_ws/sec_bot/src/sec_bot', 'symlink_install': True, 'test_result_base': None}
[0.744s] INFO:colcon.colcon_core.executor:Executing jobs using 'parallel' executor
[0.747s] DEBUG:colcon.colcon_parallel_executor.executor.parallel:run_until_complete
[0.750s] INFO:colcon.colcon_cmake.task.cmake.build:Building CMake package in '/home/peyton/ros_ws/sec_bot/src/orbslam2'
[0.754s] INFO:colcon.colcon_core.plugin_system:Skipping extension 'colcon_core.shell.bat': Not used on non-Windows systems
[0.755s] INFO:colcon.colcon_core.shell:Skip shell extension 'powershell' for command environment: Not usable outside of PowerShell
[0.755s] DEBUG:colcon.colcon_core.shell:Skip shell extension 'dsv' for command environment
[0.760s] INFO:colcon.colcon_ros.task.ament_python.build:Building ROS package in '/home/peyton/ros_ws/sec_bot/src/ball_tracker' with build type 'ament_python'
[0.760s] Level 1:colcon.colcon_core.shell:create_environment_hook('ball_tracker', 'ament_prefix_path')
[0.761s] INFO:colcon.colcon_core.shell:Creating environment hook '/home/peyton/ros_ws/install/ball_tracker/share/ball_tracker/hook/ament_prefix_path.ps1'
[0.763s] INFO:colcon.colcon_core.shell:Creating environment descriptor '/home/peyton/ros_ws/install/ball_tracker/share/ball_tracker/hook/ament_prefix_path.dsv'
[0.765s] INFO:colcon.colcon_core.shell:Creating environment hook '/home/peyton/ros_ws/install/ball_tracker/share/ball_tracker/hook/ament_prefix_path.sh'
[0.767s] INFO:colcon.colcon_core.shell:Skip shell extension 'powershell' for command environment: Not usable outside of PowerShell
[0.767s] DEBUG:colcon.colcon_core.shell:Skip shell extension 'dsv' for command environment
[0.774s] INFO:colcon.colcon_ros.task.ament_cmake.build:Building ROS package in '/home/peyton/ros_ws/sec_bot/src/sec_bot' with build type 'ament_cmake'
[0.775s] INFO:colcon.colcon_cmake.task.cmake.build:Building CMake package in '/home/peyton/ros_ws/sec_bot/src/sec_bot'
[0.776s] INFO:colcon.colcon_core.shell:Skip shell extension 'powershell' for command environment: Not usable outside of PowerShell
[0.777s] DEBUG:colcon.colcon_core.shell:Skip shell extension 'dsv' for command environment
[0.793s] DEBUG:colcon.colcon_core.event_handler.log_command:Invoking command in '/home/peyton/ros_ws/build/ORB_SLAM2': /usr/bin/cmake /home/peyton/ros_ws/sec_bot/src/orbslam2 -DCMAKE_INSTALL_PREFIX=/home/peyton/ros_ws/install/ORB_SLAM2
[1.411s] INFO:colcon.colcon_core.task.python.build:Building Python package in '/home/peyton/ros_ws/sec_bot/src/ball_tracker'
[1.412s] INFO:colcon.colcon_core.shell:Skip shell extension 'powershell' for command environment: Not usable outside of PowerShell
[1.412s] DEBUG:colcon.colcon_core.shell:Skip shell extension 'dsv' for command environment
[1.437s] DEBUG:colcon.colcon_core.event_handler.log_command:Invoking command in '/home/peyton/ros_ws/build/sec_bot': CMAKE_PREFIX_PATH=${CMAKE_PREFIX_PATH}:/home/peyton/ros_ws/install/ball_tracker:/opt/ros/humble /usr/bin/cmake --build /home/peyton/ros_ws/build/sec_bot -- -j12 -l12
[1.498s] DEBUG:colcon.colcon_core.event_handler.log_command:Invoked command in '/home/peyton/ros_ws/build/sec_bot' returned '0': CMAKE_PREFIX_PATH=${CMAKE_PREFIX_PATH}:/home/peyton/ros_ws/install/ball_tracker:/opt/ros/humble /usr/bin/cmake --build /home/peyton/ros_ws/build/sec_bot -- -j12 -l12
[1.523s] DEBUG:colcon.colcon_core.event_handler.log_command:Invoking command in '/home/peyton/ros_ws/build/sec_bot': CMAKE_PREFIX_PATH=${CMAKE_PREFIX_PATH}:/home/peyton/ros_ws/install/ball_tracker:/opt/ros/humble /usr/bin/cmake --install /home/peyton/ros_ws/build/sec_bot
[1.571s] Level 1:colcon.colcon_core.environment:create_environment_scripts_only(sec_bot)
[1.579s] DEBUG:colcon.colcon_core.event_handler.log_command:Invoked command in '/home/peyton/ros_ws/build/sec_bot' returned '0': CMAKE_PREFIX_PATH=${CMAKE_PREFIX_PATH}:/home/peyton/ros_ws/install/ball_tracker:/opt/ros/humble /usr/bin/cmake --install /home/peyton/ros_ws/build/sec_bot
[1.587s] Level 1:colcon.colcon_core.environment:checking '/home/peyton/ros_ws/install/sec_bot' for CMake module files
[1.588s] Level 1:colcon.colcon_core.environment:checking '/home/peyton/ros_ws/install/sec_bot' for CMake config files
[1.589s] Level 1:colcon.colcon_core.shell:create_environment_hook('sec_bot', 'cmake_prefix_path')
[1.590s] INFO:colcon.colcon_core.shell:Creating environment hook '/home/peyton/ros_ws/install/sec_bot/share/sec_bot/hook/cmake_prefix_path.ps1'
[1.591s] INFO:colcon.colcon_core.shell:Creating environment descriptor '/home/peyton/ros_ws/install/sec_bot/share/sec_bot/hook/cmake_prefix_path.dsv'
[1.592s] INFO:colcon.colcon_core.shell:Creating environment hook '/home/peyton/ros_ws/install/sec_bot/share/sec_bot/hook/cmake_prefix_path.sh'
[1.593s] Level 1:colcon.colcon_core.environment:checking '/home/peyton/ros_ws/install/sec_bot/bin'
[1.594s] Level 1:colcon.colcon_core.environment:checking '/home/peyton/ros_ws/install/sec_bot/lib/pkgconfig/sec_bot.pc'
[1.594s] Level 1:colcon.colcon_core.environment:checking '/home/peyton/ros_ws/install/sec_bot/lib/python3.10/site-packages'
[1.595s] Level 1:colcon.colcon_core.environment:checking '/home/peyton/ros_ws/install/sec_bot/bin'
[1.597s] INFO:colcon.colcon_core.shell:Creating package script '/home/peyton/ros_ws/install/sec_bot/share/sec_bot/package.ps1'
[1.602s] INFO:colcon.colcon_core.shell:Creating package descriptor '/home/peyton/ros_ws/install/sec_bot/share/sec_bot/package.dsv'
[1.604s] INFO:colcon.colcon_core.shell:Creating package script '/home/peyton/ros_ws/install/sec_bot/share/sec_bot/package.sh'
[1.606s] INFO:colcon.colcon_core.shell:Creating package script '/home/peyton/ros_ws/install/sec_bot/share/sec_bot/package.bash'
[1.609s] INFO:colcon.colcon_core.shell:Creating package script '/home/peyton/ros_ws/install/sec_bot/share/sec_bot/package.zsh'
[1.610s] Level 1:colcon.colcon_core.environment:create_file_with_runtime_dependencies(/home/peyton/ros_ws/install/sec_bot/share/colcon-core/packages/sec_bot)
[1.612s] Level 1:colcon.colcon_core.environment:create_environment_scripts_only(sec_bot)
[1.612s] Level 1:colcon.colcon_core.environment:checking '/home/peyton/ros_ws/install/sec_bot' for CMake module files
[1.613s] Level 1:colcon.colcon_core.environment:checking '/home/peyton/ros_ws/install/sec_bot' for CMake config files
[1.614s] Level 1:colcon.colcon_core.shell:create_environment_hook('sec_bot', 'cmake_prefix_path')
[1.616s] INFO:colcon.colcon_core.shell:Creating environment hook '/home/peyton/ros_ws/install/sec_bot/share/sec_bot/hook/cmake_prefix_path.ps1'
[1.620s] INFO:colcon.colcon_core.shell:Creating environment descriptor '/home/peyton/ros_ws/install/sec_bot/share/sec_bot/hook/cmake_prefix_path.dsv'
[1.623s] INFO:colcon.colcon_core.shell:Creating environment hook '/home/peyton/ros_ws/install/sec_bot/share/sec_bot/hook/cmake_prefix_path.sh'
[1.626s] Level 1:colcon.colcon_core.environment:checking '/home/peyton/ros_ws/install/sec_bot/bin'
[1.626s] Level 1:colcon.colcon_core.environment:checking '/home/peyton/ros_ws/install/sec_bot/lib/pkgconfig/sec_bot.pc'
[1.627s] Level 1:colcon.colcon_core.environment:checking '/home/peyton/ros_ws/install/sec_bot/lib/python3.10/site-packages'
[1.627s] Level 1:colcon.colcon_core.environment:checking '/home/peyton/ros_ws/install/sec_bot/bin'
[1.628s] INFO:colcon.colcon_core.shell:Creating package script '/home/peyton/ros_ws/install/sec_bot/share/sec_bot/package.ps1'
[1.629s] INFO:colcon.colcon_core.shell:Creating package descriptor '/home/peyton/ros_ws/install/sec_bot/share/sec_bot/package.dsv'
[1.630s] INFO:colcon.colcon_core.shell:Creating package script '/home/peyton/ros_ws/install/sec_bot/share/sec_bot/package.sh'
[1.631s] INFO:colcon.colcon_core.shell:Creating package script '/home/peyton/ros_ws/install/sec_bot/share/sec_bot/package.bash'
[1.633s] INFO:colcon.colcon_core.shell:Creating package script '/home/peyton/ros_ws/install/sec_bot/share/sec_bot/package.zsh'
[1.634s] Level 1:colcon.colcon_core.environment:create_file_with_runtime_dependencies(/home/peyton/ros_ws/install/sec_bot/share/colcon-core/packages/sec_bot)
[2.401s] DEBUG:colcon.colcon_core.event_handler.log_command:Invoking command in '/home/peyton/ros_ws/build/ball_tracker': PYTHONPATH=/home/peyton/ros_ws/build/ball_tracker/prefix_override:/home/peyton/.local/lib/python3.10/site-packages/colcon_core/task/python/colcon_distutils_commands:/home/peyton/ros_ws/install/ball_tracker/lib/python3.10/site-packages:${PYTHONPATH} /usr/bin/python3 -W ignore:setup.py install is deprecated -W ignore:easy_install command is deprecated setup.py develop --editable --build-directory /home/peyton/ros_ws/build/ball_tracker/build --no-deps symlink_data
[3.560s] Level 1:colcon.colcon_core.shell:create_environment_hook('ball_tracker', 'pythonpath_develop')
[3.560s] INFO:colcon.colcon_core.shell:Creating environment hook '/home/peyton/ros_ws/build/ball_tracker/share/ball_tracker/hook/pythonpath_develop.ps1'
[3.561s] DEBUG:colcon.colcon_core.event_handler.log_command:Invoked command in '/home/peyton/ros_ws/build/ball_tracker' returned '0': PYTHONPATH=/home/peyton/ros_ws/build/ball_tracker/prefix_override:/home/peyton/.local/lib/python3.10/site-packages/colcon_core/task/python/colcon_distutils_commands:/home/peyton/ros_ws/install/ball_tracker/lib/python3.10/site-packages:${PYTHONPATH} /usr/bin/python3 -W ignore:setup.py install is deprecated -W ignore:easy_install command is deprecated setup.py develop --editable --build-directory /home/peyton/ros_ws/build/ball_tracker/build --no-deps symlink_data
[3.562s] INFO:colcon.colcon_core.shell:Creating environment descriptor '/home/peyton/ros_ws/build/ball_tracker/share/ball_tracker/hook/pythonpath_develop.dsv'
[3.563s] INFO:colcon.colcon_core.shell:Creating environment hook '/home/peyton/ros_ws/build/ball_tracker/share/ball_tracker/hook/pythonpath_develop.sh'
[3.564s] Level 1:colcon.colcon_core.environment:checking '/home/peyton/ros_ws/install/ball_tracker' for CMake module files
[3.567s] Level 1:colcon.colcon_core.environment:checking '/home/peyton/ros_ws/install/ball_tracker' for CMake config files
[3.570s] Level 1:colcon.colcon_core.environment:checking '/home/peyton/ros_ws/install/ball_tracker/lib'
[3.572s] Level 1:colcon.colcon_core.environment:checking '/home/peyton/ros_ws/install/ball_tracker/bin'
[3.572s] Level 1:colcon.colcon_core.environment:checking '/home/peyton/ros_ws/install/ball_tracker/lib/pkgconfig/ball_tracker.pc'
[3.573s] Level 1:colcon.colcon_core.environment:checking '/home/peyton/ros_ws/install/ball_tracker/lib/python3.10/site-packages'
[3.573s] Level 1:colcon.colcon_core.shell:create_environment_hook('ball_tracker', 'pythonpath')
[3.573s] INFO:colcon.colcon_core.shell:Creating environment hook '/home/peyton/ros_ws/install/ball_tracker/share/ball_tracker/hook/pythonpath.ps1'
[3.574s] INFO:colcon.colcon_core.shell:Creating environment descriptor '/home/peyton/ros_ws/install/ball_tracker/share/ball_tracker/hook/pythonpath.dsv'
[3.575s] INFO:colcon.colcon_core.shell:Creating environment hook '/home/peyton/ros_ws/install/ball_tracker/share/ball_tracker/hook/pythonpath.sh'
[3.577s] Level 1:colcon.colcon_core.environment:checking '/home/peyton/ros_ws/install/ball_tracker/bin'
[3.577s] Level 1:colcon.colcon_core.environment:create_environment_scripts_only(ball_tracker)
[3.578s] INFO:colcon.colcon_core.shell:Creating package script '/home/peyton/ros_ws/install/ball_tracker/share/ball_tracker/package.ps1'
[3.579s] INFO:colcon.colcon_core.shell:Creating package descriptor '/home/peyton/ros_ws/install/ball_tracker/share/ball_tracker/package.dsv'
[3.580s] INFO:colcon.colcon_core.shell:Creating package script '/home/peyton/ros_ws/install/ball_tracker/share/ball_tracker/package.sh'
[3.583s] INFO:colcon.colcon_core.shell:Creating package script '/home/peyton/ros_ws/install/ball_tracker/share/ball_tracker/package.bash'
[3.585s] INFO:colcon.colcon_core.shell:Creating package script '/home/peyton/ros_ws/install/ball_tracker/share/ball_tracker/package.zsh'
[3.586s] Level 1:colcon.colcon_core.environment:create_file_with_runtime_dependencies(/home/peyton/ros_ws/install/ball_tracker/share/colcon-core/packages/ball_tracker)
[5.558s] DEBUG:colcon.colcon_core.event_handler.log_command:Invoked command in '/home/peyton/ros_ws/build/ORB_SLAM2' returned '1': /usr/bin/cmake /home/peyton/ros_ws/sec_bot/src/orbslam2 -DCMAKE_INSTALL_PREFIX=/home/peyton/ros_ws/install/ORB_SLAM2
[5.569s] DEBUG:colcon.colcon_parallel_executor.executor.parallel:closing loop
[5.569s] DEBUG:colcon.colcon_parallel_executor.executor.parallel:loop closed
[5.570s] DEBUG:colcon.colcon_parallel_executor.executor.parallel:run_until_complete finished with '1'
[5.570s] DEBUG:colcon.colcon_core.event_reactor:joining thread
[5.619s] INFO:colcon.colcon_core.plugin_system:Skipping extension 'colcon_notification.desktop_notification.notify_send': Could not find 'notify-send'
[5.619s] INFO:colcon.colcon_core.plugin_system:Skipping extension 'colcon_notification.desktop_notification.terminal_notifier': Not used on non-Darwin systems
[5.620s] INFO:colcon.colcon_core.plugin_system:Skipping extension 'colcon_notification.desktop_notification.win32': Not used on non-Windows systems
[5.620s] INFO:colcon.colcon_notification.desktop_notification:Sending desktop notification using 'notify2'
[5.620s] DEBUG:colcon.colcon_notification.desktop_notification.notify2:Failed to initialize notify2: org.freedesktop.DBus.Error.FileNotFound: Failed to connect to socket /run/user/1000/bus: No such file or directory
[5.620s] DEBUG:colcon.colcon_core.event_reactor:joined thread
[5.620s] INFO:colcon.colcon_core.shell:Creating prefix script '/home/peyton/ros_ws/install/local_setup.ps1'
[5.622s] INFO:colcon.colcon_core.shell:Creating prefix util module '/home/peyton/ros_ws/install/_local_setup_util_ps1.py'
[5.624s] INFO:colcon.colcon_core.shell:Creating prefix chain script '/home/peyton/ros_ws/install/setup.ps1'
[5.627s] INFO:colcon.colcon_core.shell:Creating prefix script '/home/peyton/ros_ws/install/local_setup.sh'
[5.628s] INFO:colcon.colcon_core.shell:Creating prefix util module '/home/peyton/ros_ws/install/_local_setup_util_sh.py'
[5.629s] INFO:colcon.colcon_core.shell:Creating prefix chain script '/home/peyton/ros_ws/install/setup.sh'
[5.632s] INFO:colcon.colcon_core.shell:Creating prefix script '/home/peyton/ros_ws/install/local_setup.bash'
[5.632s] INFO:colcon.colcon_core.shell:Creating prefix chain script '/home/peyton/ros_ws/install/setup.bash'
[5.634s] INFO:colcon.colcon_core.shell:Creating prefix script '/home/peyton/ros_ws/install/local_setup.zsh'
[5.635s] INFO:colcon.colcon_core.shell:Creating prefix chain script '/home/peyton/ros_ws/install/setup.zsh'
