[0.010s] Invoking command in '/home/peyton/dev_ws/build/sec_bot': /usr/bin/cmake /home/peyton/dev_ws/src/sec_bot -DCMAKE_INSTALL_PREFIX=/home/peyton/dev_ws/install/sec_bot
[0.539s] [31mCMake Error at CMakeLists.txt:19 (find_package):
[0.539s]   By not providing "Findament_cmake.cmake" in CMAKE_MODULE_PATH this project
[0.539s]   has asked CMake to find a package configuration file provided by
[0.539s]   "ament_cmake", but CMake did not find one.
[0.539s] 
[0.539s]   Could not find a package configuration file provided by "ament_cmake" with
[0.539s]   any of the following names:
[0.539s] 
[0.539s]     ament_cmakeConfig.cmake
[0.539s]     ament_cmake-config.cmake
[0.539s] 
[0.539s]   Add the installation prefix of "ament_cmake" to CMAKE_PREFIX_PATH or set
[0.539s]   "ament_cmake_DIR" to a directory containing one of the above files.  If
[0.539s]   "ament_cmake" provides a separate development package or SDK, be sure it
[0.539s]   has been installed.
[0.539s] 
[0.539s] [0m
[0.539s] -- Configuring incomplete, errors occurred!
[0.540s] See also "/home/peyton/dev_ws/build/sec_bot/CMakeFiles/CMakeOutput.log".
[0.541s] Invoked command in '/home/peyton/dev_ws/build/sec_bot' returned '1': /usr/bin/cmake /home/peyton/dev_ws/src/sec_bot -DCMAKE_INSTALL_PREFIX=/home/peyton/dev_ws/install/sec_bot
