-- Found ament_cmake: 1.3.11 (/opt/ros/humble/share/ament_cmake/cmake)
-- Override CMake install command with custom implementation using symlinks instead of copying resources
-- Found ament_lint_auto: 0.12.11 (/opt/ros/humble/share/ament_lint_auto/cmake)
-- Added test 'copyright' to check source files copyright and LICENSE
-- Added test 'flake8' to check Python code syntax and style conventions
-- Added test 'lint_cmake' to check CMake code style
-- Added test 'pep257' to check Python code against some of the docstring style conventions in PEP 257
-- Added test 'xmllint' to check XML markup files
-- Configuring done
-- Generating done
-- Build files have been written to: /home/peyton/dev_ws/build/sec_bot
-- Install configuration: ""
-- Execute custom install script
-- Up-to-date symlink: /home/peyton/dev_ws/install/sec_bot/share/sec_bot/config/empty.yaml
-- Up-to-date symlink: /home/peyton/dev_ws/install/sec_bot/share/sec_bot/config/view_bot.rviz
-- Up-to-date symlink: /home/peyton/dev_ws/install/sec_bot/share/sec_bot/description/build/.built_by
[33mCMake Warning (dev) at ament_cmake_symlink_install/ament_cmake_symlink_install.cmake:62 (file):
  Policy CMP0009 is not set: FILE GLOB_RECURSE calls should not follow
  symlinks by default.  Run "cmake --help-policy CMP0009" for policy details.
  Use the cmake_policy command to set the policy and suppress this warning.
Call Stack (most recent call first):
  ament_cmake_symlink_install/ament_cmake_symlink_install.cmake:314 (ament_cmake_symlink_install_directory)
  cmake_install.cmake:46 (include)
This warning is for project developers.  Use -Wno-dev to suppress it.
[0m
-- Up-to-date symlink: /home/peyton/dev_ws/install/sec_bot/share/sec_bot/description/build/COLCON_IGNORE
-- Up-to-date symlink: /home/peyton/dev_ws/install/sec_bot/share/sec_bot/description/camera.xacro
-- Up-to-date symlink: /home/peyton/dev_ws/install/sec_bot/share/sec_bot/description/config/robot_controllers.yaml
-- Up-to-date symlink: /home/peyton/dev_ws/install/sec_bot/share/sec_bot/description/gazebo_control.xacro
-- Up-to-date symlink: /home/peyton/dev_ws/install/sec_bot/share/sec_bot/description/inertial_macros.xacro
-- Up-to-date symlink: /home/peyton/dev_ws/install/sec_bot/share/sec_bot/description/install/.colcon_install_layout
-- Up-to-date symlink: /home/peyton/dev_ws/install/sec_bot/share/sec_bot/description/install/COLCON_IGNORE
-- Up-to-date symlink: /home/peyton/dev_ws/install/sec_bot/share/sec_bot/description/install/_local_setup_util_ps1.py
-- Up-to-date symlink: /home/peyton/dev_ws/install/sec_bot/share/sec_bot/description/install/_local_setup_util_sh.py
-- Up-to-date symlink: /home/peyton/dev_ws/install/sec_bot/share/sec_bot/description/install/local_setup.bash
-- Up-to-date symlink: /home/peyton/dev_ws/install/sec_bot/share/sec_bot/description/install/local_setup.ps1
-- Up-to-date symlink: /home/peyton/dev_ws/install/sec_bot/share/sec_bot/description/install/local_setup.sh
-- Up-to-date symlink: /home/peyton/dev_ws/install/sec_bot/share/sec_bot/description/install/local_setup.zsh
-- Up-to-date symlink: /home/peyton/dev_ws/install/sec_bot/share/sec_bot/description/install/setup.bash
-- Up-to-date symlink: /home/peyton/dev_ws/install/sec_bot/share/sec_bot/description/install/setup.ps1
-- Up-to-date symlink: /home/peyton/dev_ws/install/sec_bot/share/sec_bot/description/install/setup.sh
-- Up-to-date symlink: /home/peyton/dev_ws/install/sec_bot/share/sec_bot/description/install/setup.zsh
-- Up-to-date symlink: /home/peyton/dev_ws/install/sec_bot/share/sec_bot/description/log/COLCON_IGNORE
-- Up-to-date symlink: /home/peyton/dev_ws/install/sec_bot/share/sec_bot/description/log/build_2025-03-17_13-54-10/events.log
-- Up-to-date symlink: /home/peyton/dev_ws/install/sec_bot/share/sec_bot/description/log/build_2025-03-17_13-54-10/logger_all.log
-- Up-to-date symlink: /home/peyton/dev_ws/install/sec_bot/share/sec_bot/description/log/build_2025-03-17_14-15-08/events.log
-- Up-to-date symlink: /home/peyton/dev_ws/install/sec_bot/share/sec_bot/description/log/build_2025-03-17_14-15-08/logger_all.log
-- Up-to-date symlink: /home/peyton/dev_ws/install/sec_bot/share/sec_bot/description/log/build_2025-03-17_14-31-01/events.log
-- Up-to-date symlink: /home/peyton/dev_ws/install/sec_bot/share/sec_bot/description/log/build_2025-03-17_14-31-01/logger_all.log
-- Up-to-date symlink: /home/peyton/dev_ws/install/sec_bot/share/sec_bot/description/log/latest/events.log
-- Up-to-date symlink: /home/peyton/dev_ws/install/sec_bot/share/sec_bot/description/log/latest/logger_all.log
-- Up-to-date symlink: /home/peyton/dev_ws/install/sec_bot/share/sec_bot/description/log/latest_build/events.log
-- Up-to-date symlink: /home/peyton/dev_ws/install/sec_bot/share/sec_bot/description/log/latest_build/logger_all.log
-- Up-to-date symlink: /home/peyton/dev_ws/install/sec_bot/share/sec_bot/description/robot.urdf.xacro
-- Up-to-date symlink: /home/peyton/dev_ws/install/sec_bot/share/sec_bot/description/robot_core.xacro
-- Up-to-date symlink: /home/peyton/dev_ws/install/sec_bot/share/sec_bot/description/ros2_control.xacro
-- Up-to-date symlink: /home/peyton/dev_ws/install/sec_bot/share/sec_bot/description/urdf_help.txt
-- Up-to-date symlink: /home/peyton/dev_ws/install/sec_bot/share/sec_bot/launch/camera.launch.py
-- Up-to-date symlink: /home/peyton/dev_ws/install/sec_bot/share/sec_bot/launch/launch_sim.launch.py
-- Up-to-date symlink: /home/peyton/dev_ws/install/sec_bot/share/sec_bot/launch/rsp.launch.py
-- Up-to-date symlink: /home/peyton/dev_ws/install/sec_bot/share/sec_bot/launch/sec_bot.launch
-- Up-to-date symlink: /home/peyton/dev_ws/install/sec_bot/share/sec_bot/worlds/empty.world
-- Up-to-date symlink: /home/peyton/dev_ws/install/sec_bot/share/sec_bot/worlds/purple_ball.world
-- Up-to-date symlink: /home/peyton/dev_ws/install/sec_bot/share/ament_index/resource_index/package_run_dependencies/sec_bot
-- Up-to-date symlink: /home/peyton/dev_ws/install/sec_bot/share/ament_index/resource_index/parent_prefix_path/sec_bot
-- Up-to-date symlink: /home/peyton/dev_ws/install/sec_bot/share/sec_bot/environment/ament_prefix_path.sh
-- Up-to-date symlink: /home/peyton/dev_ws/install/sec_bot/share/sec_bot/environment/ament_prefix_path.dsv
-- Up-to-date symlink: /home/peyton/dev_ws/install/sec_bot/share/sec_bot/environment/path.sh
-- Up-to-date symlink: /home/peyton/dev_ws/install/sec_bot/share/sec_bot/environment/path.dsv
-- Up-to-date symlink: /home/peyton/dev_ws/install/sec_bot/share/sec_bot/local_setup.bash
-- Up-to-date symlink: /home/peyton/dev_ws/install/sec_bot/share/sec_bot/local_setup.sh
-- Up-to-date symlink: /home/peyton/dev_ws/install/sec_bot/share/sec_bot/local_setup.zsh
-- Up-to-date symlink: /home/peyton/dev_ws/install/sec_bot/share/sec_bot/local_setup.dsv
-- Symlinking: /home/peyton/dev_ws/install/sec_bot/share/sec_bot/package.dsv
-- Up-to-date symlink: /home/peyton/dev_ws/install/sec_bot/share/ament_index/resource_index/packages/sec_bot
-- Up-to-date symlink: /home/peyton/dev_ws/install/sec_bot/share/sec_bot/cmake/sec_botConfig.cmake
-- Up-to-date symlink: /home/peyton/dev_ws/install/sec_bot/share/sec_bot/cmake/sec_botConfig-version.cmake
-- Up-to-date symlink: /home/peyton/dev_ws/install/sec_bot/share/sec_bot/package.xml
