[0.166s] DEBUG:colcon:Command line arguments: ['/home/peyton/.local/bin/colcon', 'build']
[0.166s] DEBUG:colcon:Parsed command line arguments: Namespace(log_base=None, log_level=None, verb_name='build', build_base='build', install_base='install', merge_install=False, symlink_install=False, test_result_base=None, continue_on_error=False, executor='parallel', parallel_workers=12, event_handlers=None, ignore_user_meta=False, metas=['./colcon.meta'], base_paths=['.'], packages_ignore=None, packages_ignore_regex=None, paths=None, packages_up_to=None, packages_up_to_regex=None, packages_above=None, packages_above_and_dependencies=None, packages_above_depth=None, packages_select_by_dep=None, packages_skip_by_dep=None, packages_skip_up_to=None, packages_select_build_failed=False, packages_skip_build_finished=False, packages_select_test_failures=False, packages_skip_test_passed=False, packages_select=None, packages_skip=None, packages_select_regex=None, packages_skip_regex=None, packages_start=None, packages_end=None, allow_overriding=[], cmake_args=None, cmake_target=None, cmake_target_skip_unavailable=False, cmake_clean_cache=False, cmake_clean_first=False, cmake_force_configure=False, ament_cmake_args=None, catkin_cmake_args=None, catkin_skip_building_tests=False, mixin_files=None, mixin=None, verb_parser=<colcon_mixin.mixin.mixin_argument.MixinArgumentDecorator object at 0x7ff9d17acdc0>, verb_extension=<colcon_core.verb.build.BuildVerb object at 0x7ff9d17ac7f0>, main=<bound method BuildVerb.main of <colcon_core.verb.build.BuildVerb object at 0x7ff9d17ac7f0>>, mixin_verb=('build',))
[0.270s] Level 1:colcon.colcon_core.package_discovery:discover_packages(colcon_meta) check parameters
[0.270s] Level 1:colcon.colcon_core.package_discovery:discover_packages(recursive) check parameters
[0.270s] Level 1:colcon.colcon_core.package_discovery:discover_packages(ignore) check parameters
[0.270s] Level 1:colcon.colcon_core.package_discovery:discover_packages(path) check parameters
[0.270s] Level 1:colcon.colcon_core.package_discovery:discover_packages(colcon_meta) discover
[0.270s] Level 1:colcon.colcon_core.package_discovery:discover_packages(recursive) discover
[0.270s] INFO:colcon.colcon_core.package_discovery:Crawling recursively for packages in '/home/peyton/dev_ws/src'
[0.270s] Level 1:colcon.colcon_core.package_identification:_identify(.) by extensions ['ignore', 'ignore_ament_install']
[0.271s] Level 1:colcon.colcon_core.package_identification:_identify(.) by extension 'ignore'
[0.271s] Level 1:colcon.colcon_core.package_identification:_identify(.) by extension 'ignore_ament_install'
[0.271s] Level 1:colcon.colcon_core.package_identification:_identify(.) by extensions ['colcon_pkg']
[0.271s] Level 1:colcon.colcon_core.package_identification:_identify(.) by extension 'colcon_pkg'
[0.271s] Level 1:colcon.colcon_core.package_identification:_identify(.) by extensions ['colcon_meta']
[0.271s] Level 1:colcon.colcon_core.package_identification:_identify(.) by extension 'colcon_meta'
[0.271s] Level 1:colcon.colcon_core.package_identification:_identify(.) by extensions ['ros']
[0.271s] Level 1:colcon.colcon_core.package_identification:_identify(.) by extension 'ros'
[0.278s] Level 1:colcon.colcon_core.package_identification:_identify(.) by extensions ['cmake', 'python']
[0.278s] Level 1:colcon.colcon_core.package_identification:_identify(.) by extension 'cmake'
[0.278s] Level 1:colcon.colcon_core.package_identification:_identify(.) by extension 'python'
[0.278s] Level 1:colcon.colcon_core.package_identification:_identify(.) by extensions ['python_setup_py']
[0.278s] Level 1:colcon.colcon_core.package_identification:_identify(.) by extension 'python_setup_py'
[0.279s] Level 1:colcon.colcon_core.package_identification:_identify(ball_tracker) by extensions ['ignore', 'ignore_ament_install']
[0.279s] Level 1:colcon.colcon_core.package_identification:_identify(ball_tracker) by extension 'ignore'
[0.279s] Level 1:colcon.colcon_core.package_identification:_identify(ball_tracker) by extension 'ignore_ament_install'
[0.279s] Level 1:colcon.colcon_core.package_identification:_identify(ball_tracker) by extensions ['colcon_pkg']
[0.279s] Level 1:colcon.colcon_core.package_identification:_identify(ball_tracker) by extension 'colcon_pkg'
[0.279s] Level 1:colcon.colcon_core.package_identification:_identify(ball_tracker) by extensions ['colcon_meta']
[0.279s] Level 1:colcon.colcon_core.package_identification:_identify(ball_tracker) by extension 'colcon_meta'
[0.279s] Level 1:colcon.colcon_core.package_identification:_identify(ball_tracker) by extensions ['ros']
[0.279s] Level 1:colcon.colcon_core.package_identification:_identify(ball_tracker) by extension 'ros'
[0.281s] DEBUG:colcon.colcon_core.package_identification:Package 'ball_tracker' with type 'ros.ament_python' and name 'ball_tracker'
[0.281s] Level 1:colcon.colcon_core.package_identification:_identify(build) by extensions ['ignore', 'ignore_ament_install']
[0.281s] Level 1:colcon.colcon_core.package_identification:_identify(build) by extension 'ignore'
[0.281s] Level 1:colcon.colcon_core.package_identification:_identify(build) ignored
[0.281s] Level 1:colcon.colcon_core.package_identification:_identify(install) by extensions ['ignore', 'ignore_ament_install']
[0.281s] Level 1:colcon.colcon_core.package_identification:_identify(install) by extension 'ignore'
[0.281s] Level 1:colcon.colcon_core.package_identification:_identify(install) ignored
[0.281s] Level 1:colcon.colcon_core.package_identification:_identify(log) by extensions ['ignore', 'ignore_ament_install']
[0.281s] Level 1:colcon.colcon_core.package_identification:_identify(log) by extension 'ignore'
[0.281s] Level 1:colcon.colcon_core.package_identification:_identify(log) ignored
[0.281s] Level 1:colcon.colcon_core.package_identification:_identify(sec_bot) by extensions ['ignore', 'ignore_ament_install']
[0.281s] Level 1:colcon.colcon_core.package_identification:_identify(sec_bot) by extension 'ignore'
[0.281s] Level 1:colcon.colcon_core.package_identification:_identify(sec_bot) by extension 'ignore_ament_install'
[0.281s] Level 1:colcon.colcon_core.package_identification:_identify(sec_bot) by extensions ['colcon_pkg']
[0.281s] Level 1:colcon.colcon_core.package_identification:_identify(sec_bot) by extension 'colcon_pkg'
[0.282s] Level 1:colcon.colcon_core.package_identification:_identify(sec_bot) by extensions ['colcon_meta']
[0.282s] Level 1:colcon.colcon_core.package_identification:_identify(sec_bot) by extension 'colcon_meta'
[0.282s] Level 1:colcon.colcon_core.package_identification:_identify(sec_bot) by extensions ['ros']
[0.282s] Level 1:colcon.colcon_core.package_identification:_identify(sec_bot) by extension 'ros'
[0.282s] DEBUG:colcon.colcon_core.package_identification:Package 'sec_bot' with type 'ros.ament_cmake' and name 'sec_bot'
[0.282s] Level 1:colcon.colcon_core.package_discovery:discover_packages(recursive) using defaults
[0.282s] Level 1:colcon.colcon_core.package_discovery:discover_packages(ignore) discover
[0.282s] Level 1:colcon.colcon_core.package_discovery:discover_packages(ignore) using defaults
[0.282s] Level 1:colcon.colcon_core.package_discovery:discover_packages(path) discover
[0.282s] Level 1:colcon.colcon_core.package_discovery:discover_packages(path) using defaults
[0.300s] Level 1:colcon.colcon_core.package_discovery:discover_packages(prefix_path) check parameters
[0.300s] Level 1:colcon.colcon_core.package_discovery:discover_packages(prefix_path) discover
[0.301s] DEBUG:colcon.colcon_installed_package_information.package_discovery:Found 3 installed packages in /home/peyton/dev_ws/src/install
[0.303s] DEBUG:colcon.colcon_installed_package_information.package_discovery:Found 327 installed packages in /opt/ros/humble
[0.306s] Level 1:colcon.colcon_core.package_discovery:discover_packages(prefix_path) using defaults
[0.344s] Level 5:colcon.colcon_core.verb:set package 'ball_tracker' build argument 'cmake_args' from command line to 'None'
[0.344s] Level 5:colcon.colcon_core.verb:set package 'ball_tracker' build argument 'cmake_target' from command line to 'None'
[0.344s] Level 5:colcon.colcon_core.verb:set package 'ball_tracker' build argument 'cmake_target_skip_unavailable' from command line to 'False'
[0.344s] Level 5:colcon.colcon_core.verb:set package 'ball_tracker' build argument 'cmake_clean_cache' from command line to 'False'
[0.344s] Level 5:colcon.colcon_core.verb:set package 'ball_tracker' build argument 'cmake_clean_first' from command line to 'False'
[0.344s] Level 5:colcon.colcon_core.verb:set package 'ball_tracker' build argument 'cmake_force_configure' from command line to 'False'
[0.344s] Level 5:colcon.colcon_core.verb:set package 'ball_tracker' build argument 'ament_cmake_args' from command line to 'None'
[0.344s] Level 5:colcon.colcon_core.verb:set package 'ball_tracker' build argument 'catkin_cmake_args' from command line to 'None'
[0.344s] Level 5:colcon.colcon_core.verb:set package 'ball_tracker' build argument 'catkin_skip_building_tests' from command line to 'False'
[0.344s] DEBUG:colcon.colcon_core.verb:Building package 'ball_tracker' with the following arguments: {'ament_cmake_args': None, 'build_base': '/home/peyton/dev_ws/src/build/ball_tracker', 'catkin_cmake_args': None, 'catkin_skip_building_tests': False, 'cmake_args': None, 'cmake_clean_cache': False, 'cmake_clean_first': False, 'cmake_force_configure': False, 'cmake_target': None, 'cmake_target_skip_unavailable': False, 'install_base': '/home/peyton/dev_ws/src/install/ball_tracker', 'merge_install': False, 'path': '/home/peyton/dev_ws/src/ball_tracker', 'symlink_install': False, 'test_result_base': None}
[0.344s] Level 5:colcon.colcon_core.verb:set package 'sec_bot' build argument 'cmake_args' from command line to 'None'
[0.344s] Level 5:colcon.colcon_core.verb:set package 'sec_bot' build argument 'cmake_target' from command line to 'None'
[0.345s] Level 5:colcon.colcon_core.verb:set package 'sec_bot' build argument 'cmake_target_skip_unavailable' from command line to 'False'
[0.345s] Level 5:colcon.colcon_core.verb:set package 'sec_bot' build argument 'cmake_clean_cache' from command line to 'False'
[0.345s] Level 5:colcon.colcon_core.verb:set package 'sec_bot' build argument 'cmake_clean_first' from command line to 'False'
[0.345s] Level 5:colcon.colcon_core.verb:set package 'sec_bot' build argument 'cmake_force_configure' from command line to 'False'
[0.345s] Level 5:colcon.colcon_core.verb:set package 'sec_bot' build argument 'ament_cmake_args' from command line to 'None'
[0.345s] Level 5:colcon.colcon_core.verb:set package 'sec_bot' build argument 'catkin_cmake_args' from command line to 'None'
[0.345s] Level 5:colcon.colcon_core.verb:set package 'sec_bot' build argument 'catkin_skip_building_tests' from command line to 'False'
[0.345s] DEBUG:colcon.colcon_core.verb:Building package 'sec_bot' with the following arguments: {'ament_cmake_args': None, 'build_base': '/home/peyton/dev_ws/src/build/sec_bot', 'catkin_cmake_args': None, 'catkin_skip_building_tests': False, 'cmake_args': None, 'cmake_clean_cache': False, 'cmake_clean_first': False, 'cmake_force_configure': False, 'cmake_target': None, 'cmake_target_skip_unavailable': False, 'install_base': '/home/peyton/dev_ws/src/install/sec_bot', 'merge_install': False, 'path': '/home/peyton/dev_ws/src/sec_bot', 'symlink_install': False, 'test_result_base': None}
[0.345s] INFO:colcon.colcon_core.executor:Executing jobs using 'parallel' executor
[0.346s] DEBUG:colcon.colcon_parallel_executor.executor.parallel:run_until_complete
[0.346s] INFO:colcon.colcon_ros.task.ament_python.build:Building ROS package in '/home/peyton/dev_ws/src/ball_tracker' with build type 'ament_python'
[0.347s] Level 1:colcon.colcon_core.shell:create_environment_hook('ball_tracker', 'ament_prefix_path')
[0.348s] INFO:colcon.colcon_core.plugin_system:Skipping extension 'colcon_core.shell.bat': Not used on non-Windows systems
[0.348s] INFO:colcon.colcon_core.shell:Creating environment hook '/home/peyton/dev_ws/src/install/ball_tracker/share/ball_tracker/hook/ament_prefix_path.ps1'
[0.349s] INFO:colcon.colcon_core.shell:Creating environment descriptor '/home/peyton/dev_ws/src/install/ball_tracker/share/ball_tracker/hook/ament_prefix_path.dsv'
[0.350s] INFO:colcon.colcon_core.shell:Creating environment hook '/home/peyton/dev_ws/src/install/ball_tracker/share/ball_tracker/hook/ament_prefix_path.sh'
[0.350s] INFO:colcon.colcon_core.shell:Skip shell extension 'powershell' for command environment: Not usable outside of PowerShell
[0.350s] DEBUG:colcon.colcon_core.shell:Skip shell extension 'dsv' for command environment
[0.353s] INFO:colcon.colcon_ros.task.ament_cmake.build:Building ROS package in '/home/peyton/dev_ws/src/sec_bot' with build type 'ament_cmake'
[0.354s] INFO:colcon.colcon_cmake.task.cmake.build:Building CMake package in '/home/peyton/dev_ws/src/sec_bot'
[0.354s] INFO:colcon.colcon_core.shell:Skip shell extension 'powershell' for command environment: Not usable outside of PowerShell
[0.354s] DEBUG:colcon.colcon_core.shell:Skip shell extension 'dsv' for command environment
[0.541s] INFO:colcon.colcon_core.task.python.build:Building Python package in '/home/peyton/dev_ws/src/ball_tracker'
[0.541s] INFO:colcon.colcon_core.shell:Skip shell extension 'powershell' for command environment: Not usable outside of PowerShell
[0.541s] DEBUG:colcon.colcon_core.shell:Skip shell extension 'dsv' for command environment
[0.551s] DEBUG:colcon.colcon_core.event_handler.log_command:Invoking command in '/home/peyton/dev_ws/src/build/sec_bot': CMAKE_PREFIX_PATH=${CMAKE_PREFIX_PATH}:/home/peyton/dev_ws/src/install/purple_tracker:/home/peyton/dev_ws/src/install/ball_tracker:/opt/ros/humble /usr/bin/cmake --build /home/peyton/dev_ws/src/build/sec_bot -- -j12 -l12
[0.574s] DEBUG:colcon.colcon_core.event_handler.log_command:Invoked command in '/home/peyton/dev_ws/src/build/sec_bot' returned '0': CMAKE_PREFIX_PATH=${CMAKE_PREFIX_PATH}:/home/peyton/dev_ws/src/install/purple_tracker:/home/peyton/dev_ws/src/install/ball_tracker:/opt/ros/humble /usr/bin/cmake --build /home/peyton/dev_ws/src/build/sec_bot -- -j12 -l12
[0.581s] DEBUG:colcon.colcon_core.event_handler.log_command:Invoking command in '/home/peyton/dev_ws/src/build/sec_bot': CMAKE_PREFIX_PATH=${CMAKE_PREFIX_PATH}:/home/peyton/dev_ws/src/install/purple_tracker:/home/peyton/dev_ws/src/install/ball_tracker:/opt/ros/humble /usr/bin/cmake --install /home/peyton/dev_ws/src/build/sec_bot
[0.597s] Level 1:colcon.colcon_core.environment:create_environment_scripts_only(sec_bot)
[0.598s] DEBUG:colcon.colcon_core.event_handler.log_command:Invoked command in '/home/peyton/dev_ws/src/build/sec_bot' returned '0': CMAKE_PREFIX_PATH=${CMAKE_PREFIX_PATH}:/home/peyton/dev_ws/src/install/purple_tracker:/home/peyton/dev_ws/src/install/ball_tracker:/opt/ros/humble /usr/bin/cmake --install /home/peyton/dev_ws/src/build/sec_bot
[0.599s] Level 1:colcon.colcon_core.environment:checking '/home/peyton/dev_ws/src/install/sec_bot' for CMake module files
[0.599s] Level 1:colcon.colcon_core.environment:checking '/home/peyton/dev_ws/src/install/sec_bot' for CMake config files
[0.600s] Level 1:colcon.colcon_core.shell:create_environment_hook('sec_bot', 'cmake_prefix_path')
[0.600s] INFO:colcon.colcon_core.shell:Creating environment hook '/home/peyton/dev_ws/src/install/sec_bot/share/sec_bot/hook/cmake_prefix_path.ps1'
[0.601s] INFO:colcon.colcon_core.shell:Creating environment descriptor '/home/peyton/dev_ws/src/install/sec_bot/share/sec_bot/hook/cmake_prefix_path.dsv'
[0.601s] INFO:colcon.colcon_core.shell:Creating environment hook '/home/peyton/dev_ws/src/install/sec_bot/share/sec_bot/hook/cmake_prefix_path.sh'
[0.601s] Level 1:colcon.colcon_core.environment:checking '/home/peyton/dev_ws/src/install/sec_bot/bin'
[0.601s] Level 1:colcon.colcon_core.environment:checking '/home/peyton/dev_ws/src/install/sec_bot/lib/pkgconfig/sec_bot.pc'
[0.602s] Level 1:colcon.colcon_core.environment:checking '/home/peyton/dev_ws/src/install/sec_bot/lib/python3.10/site-packages'
[0.602s] Level 1:colcon.colcon_core.environment:checking '/home/peyton/dev_ws/src/install/sec_bot/bin'
[0.602s] INFO:colcon.colcon_core.shell:Creating package script '/home/peyton/dev_ws/src/install/sec_bot/share/sec_bot/package.ps1'
[0.603s] INFO:colcon.colcon_core.shell:Creating package descriptor '/home/peyton/dev_ws/src/install/sec_bot/share/sec_bot/package.dsv'
[0.603s] INFO:colcon.colcon_core.shell:Creating package script '/home/peyton/dev_ws/src/install/sec_bot/share/sec_bot/package.sh'
[0.604s] INFO:colcon.colcon_core.shell:Creating package script '/home/peyton/dev_ws/src/install/sec_bot/share/sec_bot/package.bash'
[0.604s] INFO:colcon.colcon_core.shell:Creating package script '/home/peyton/dev_ws/src/install/sec_bot/share/sec_bot/package.zsh'
[0.605s] Level 1:colcon.colcon_core.environment:create_file_with_runtime_dependencies(/home/peyton/dev_ws/src/install/sec_bot/share/colcon-core/packages/sec_bot)
[0.605s] Level 1:colcon.colcon_core.environment:create_environment_scripts_only(sec_bot)
[0.605s] Level 1:colcon.colcon_core.environment:checking '/home/peyton/dev_ws/src/install/sec_bot' for CMake module files
[0.606s] Level 1:colcon.colcon_core.environment:checking '/home/peyton/dev_ws/src/install/sec_bot' for CMake config files
[0.606s] Level 1:colcon.colcon_core.shell:create_environment_hook('sec_bot', 'cmake_prefix_path')
[0.606s] INFO:colcon.colcon_core.shell:Creating environment hook '/home/peyton/dev_ws/src/install/sec_bot/share/sec_bot/hook/cmake_prefix_path.ps1'
[0.606s] INFO:colcon.colcon_core.shell:Creating environment descriptor '/home/peyton/dev_ws/src/install/sec_bot/share/sec_bot/hook/cmake_prefix_path.dsv'
[0.607s] INFO:colcon.colcon_core.shell:Creating environment hook '/home/peyton/dev_ws/src/install/sec_bot/share/sec_bot/hook/cmake_prefix_path.sh'
[0.607s] Level 1:colcon.colcon_core.environment:checking '/home/peyton/dev_ws/src/install/sec_bot/bin'
[0.607s] Level 1:colcon.colcon_core.environment:checking '/home/peyton/dev_ws/src/install/sec_bot/lib/pkgconfig/sec_bot.pc'
[0.607s] Level 1:colcon.colcon_core.environment:checking '/home/peyton/dev_ws/src/install/sec_bot/lib/python3.10/site-packages'
[0.607s] Level 1:colcon.colcon_core.environment:checking '/home/peyton/dev_ws/src/install/sec_bot/bin'
[0.608s] INFO:colcon.colcon_core.shell:Creating package script '/home/peyton/dev_ws/src/install/sec_bot/share/sec_bot/package.ps1'
[0.608s] INFO:colcon.colcon_core.shell:Creating package descriptor '/home/peyton/dev_ws/src/install/sec_bot/share/sec_bot/package.dsv'
[0.608s] INFO:colcon.colcon_core.shell:Creating package script '/home/peyton/dev_ws/src/install/sec_bot/share/sec_bot/package.sh'
[0.609s] INFO:colcon.colcon_core.shell:Creating package script '/home/peyton/dev_ws/src/install/sec_bot/share/sec_bot/package.bash'
[0.609s] INFO:colcon.colcon_core.shell:Creating package script '/home/peyton/dev_ws/src/install/sec_bot/share/sec_bot/package.zsh'
[0.609s] Level 1:colcon.colcon_core.environment:create_file_with_runtime_dependencies(/home/peyton/dev_ws/src/install/sec_bot/share/colcon-core/packages/sec_bot)
[0.823s] DEBUG:colcon.colcon_core.event_handler.log_command:Invoking command in '/home/peyton/dev_ws/src/ball_tracker': PYTHONPATH=/home/peyton/dev_ws/src/build/ball_tracker/prefix_override:/home/peyton/.local/lib/python3.10/site-packages/colcon_core/task/python/colcon_distutils_commands:/home/peyton/dev_ws/src/install/ball_tracker/lib/python3.10/site-packages:${PYTHONPATH} /usr/bin/python3 -W ignore:setup.py install is deprecated -W ignore:easy_install command is deprecated setup.py egg_info --egg-base ../build/ball_tracker build --build-base /home/peyton/dev_ws/src/build/ball_tracker/build install --record /home/peyton/dev_ws/src/build/ball_tracker/install.log --single-version-externally-managed install_data
[1.030s] Level 1:colcon.colcon_core.environment:checking '/home/peyton/dev_ws/src/install/ball_tracker' for CMake module files
[1.031s] DEBUG:colcon.colcon_core.event_handler.log_command:Invoked command in '/home/peyton/dev_ws/src/ball_tracker' returned '0': PYTHONPATH=/home/peyton/dev_ws/src/build/ball_tracker/prefix_override:/home/peyton/.local/lib/python3.10/site-packages/colcon_core/task/python/colcon_distutils_commands:/home/peyton/dev_ws/src/install/ball_tracker/lib/python3.10/site-packages:${PYTHONPATH} /usr/bin/python3 -W ignore:setup.py install is deprecated -W ignore:easy_install command is deprecated setup.py egg_info --egg-base ../build/ball_tracker build --build-base /home/peyton/dev_ws/src/build/ball_tracker/build install --record /home/peyton/dev_ws/src/build/ball_tracker/install.log --single-version-externally-managed install_data
[1.031s] Level 1:colcon.colcon_core.environment:checking '/home/peyton/dev_ws/src/install/ball_tracker' for CMake config files
[1.031s] Level 1:colcon.colcon_core.environment:checking '/home/peyton/dev_ws/src/install/ball_tracker/lib'
[1.031s] Level 1:colcon.colcon_core.environment:checking '/home/peyton/dev_ws/src/install/ball_tracker/bin'
[1.031s] Level 1:colcon.colcon_core.environment:checking '/home/peyton/dev_ws/src/install/ball_tracker/lib/pkgconfig/ball_tracker.pc'
[1.032s] Level 1:colcon.colcon_core.environment:checking '/home/peyton/dev_ws/src/install/ball_tracker/lib/python3.10/site-packages'
[1.032s] Level 1:colcon.colcon_core.shell:create_environment_hook('ball_tracker', 'pythonpath')
[1.032s] INFO:colcon.colcon_core.shell:Creating environment hook '/home/peyton/dev_ws/src/install/ball_tracker/share/ball_tracker/hook/pythonpath.ps1'
[1.032s] INFO:colcon.colcon_core.shell:Creating environment descriptor '/home/peyton/dev_ws/src/install/ball_tracker/share/ball_tracker/hook/pythonpath.dsv'
[1.032s] INFO:colcon.colcon_core.shell:Creating environment hook '/home/peyton/dev_ws/src/install/ball_tracker/share/ball_tracker/hook/pythonpath.sh'
[1.033s] Level 1:colcon.colcon_core.environment:checking '/home/peyton/dev_ws/src/install/ball_tracker/bin'
[1.033s] Level 1:colcon.colcon_core.environment:create_environment_scripts_only(ball_tracker)
[1.033s] INFO:colcon.colcon_core.shell:Creating package script '/home/peyton/dev_ws/src/install/ball_tracker/share/ball_tracker/package.ps1'
[1.034s] INFO:colcon.colcon_core.shell:Creating package descriptor '/home/peyton/dev_ws/src/install/ball_tracker/share/ball_tracker/package.dsv'
[1.034s] INFO:colcon.colcon_core.shell:Creating package script '/home/peyton/dev_ws/src/install/ball_tracker/share/ball_tracker/package.sh'
[1.034s] INFO:colcon.colcon_core.shell:Creating package script '/home/peyton/dev_ws/src/install/ball_tracker/share/ball_tracker/package.bash'
[1.035s] INFO:colcon.colcon_core.shell:Creating package script '/home/peyton/dev_ws/src/install/ball_tracker/share/ball_tracker/package.zsh'
[1.035s] Level 1:colcon.colcon_core.environment:create_file_with_runtime_dependencies(/home/peyton/dev_ws/src/install/ball_tracker/share/colcon-core/packages/ball_tracker)
[1.035s] DEBUG:colcon.colcon_parallel_executor.executor.parallel:closing loop
[1.036s] DEBUG:colcon.colcon_parallel_executor.executor.parallel:loop closed
[1.036s] DEBUG:colcon.colcon_parallel_executor.executor.parallel:run_until_complete finished with '0'
[1.036s] DEBUG:colcon.colcon_core.event_reactor:joining thread
[1.058s] INFO:colcon.colcon_core.plugin_system:Skipping extension 'colcon_notification.desktop_notification.notify_send': Could not find 'notify-send'
[1.058s] INFO:colcon.colcon_core.plugin_system:Skipping extension 'colcon_notification.desktop_notification.terminal_notifier': Not used on non-Darwin systems
[1.058s] INFO:colcon.colcon_core.plugin_system:Skipping extension 'colcon_notification.desktop_notification.win32': Not used on non-Windows systems
[1.058s] INFO:colcon.colcon_notification.desktop_notification:Sending desktop notification using 'notify2'
[1.058s] DEBUG:colcon.colcon_notification.desktop_notification.notify2:Failed to initialize notify2: org.freedesktop.DBus.Error.FileNotFound: Failed to connect to socket /run/user/1000/bus: No such file or directory
[1.058s] DEBUG:colcon.colcon_core.event_reactor:joined thread
[1.058s] INFO:colcon.colcon_core.shell:Creating prefix script '/home/peyton/dev_ws/src/install/local_setup.ps1'
[1.059s] INFO:colcon.colcon_core.shell:Creating prefix util module '/home/peyton/dev_ws/src/install/_local_setup_util_ps1.py'
[1.060s] INFO:colcon.colcon_core.shell:Creating prefix chain script '/home/peyton/dev_ws/src/install/setup.ps1'
[1.061s] INFO:colcon.colcon_core.shell:Creating prefix script '/home/peyton/dev_ws/src/install/local_setup.sh'
[1.061s] INFO:colcon.colcon_core.shell:Creating prefix util module '/home/peyton/dev_ws/src/install/_local_setup_util_sh.py'
[1.062s] INFO:colcon.colcon_core.shell:Creating prefix chain script '/home/peyton/dev_ws/src/install/setup.sh'
[1.062s] INFO:colcon.colcon_core.shell:Creating prefix script '/home/peyton/dev_ws/src/install/local_setup.bash'
[1.063s] INFO:colcon.colcon_core.shell:Creating prefix chain script '/home/peyton/dev_ws/src/install/setup.bash'
[1.063s] INFO:colcon.colcon_core.shell:Creating prefix script '/home/peyton/dev_ws/src/install/local_setup.zsh'
[1.064s] INFO:colcon.colcon_core.shell:Creating prefix chain script '/home/peyton/dev_ws/src/install/setup.zsh'
