[1.640s] Invoking command in '/home/peyton/ros_ws/build/ball_tracker': PYTHONPATH=/home/peyton/ros_ws/build/ball_tracker/prefix_override:/home/peyton/.local/lib/python3.10/site-packages/colcon_core/task/python/colcon_distutils_commands:/home/peyton/ros_ws/install/ball_tracker/lib/python3.10/site-packages:${PYTHONPATH} /usr/bin/python3 -W ignore:setup.py install is deprecated -W ignore:easy_install command is deprecated setup.py develop --editable --build-directory /home/peyton/ros_ws/build/ball_tracker/build --no-deps symlink_data
[2.296s] running develop
[2.688s] running egg_info
[2.689s] writing ball_tracker.egg-info/PKG-INFO
[2.690s] writing dependency_links to ball_tracker.egg-info/dependency_links.txt
[2.691s] writing entry points to ball_tracker.egg-info/entry_points.txt
[2.692s] writing requirements to ball_tracker.egg-info/requires.txt
[2.692s] writing top-level names to ball_tracker.egg-info/top_level.txt
[2.696s] reading manifest file 'ball_tracker.egg-info/SOURCES.txt'
[2.698s] writing manifest file 'ball_tracker.egg-info/SOURCES.txt'
[2.700s] running build_ext
[2.700s] Creating /home/peyton/ros_ws/install/ball_tracker/lib/python3.10/site-packages/ball-tracker.egg-link (link to .)
[2.702s] Installing follow_ball script to /home/peyton/ros_ws/install/ball_tracker/lib/ball_tracker
[2.703s] Installing image_publisher script to /home/peyton/ros_ws/install/ball_tracker/lib/ball_tracker
[2.703s] Installing image_subscriber script to /home/peyton/ros_ws/install/ball_tracker/lib/ball_tracker
[2.703s] Installing multi_ball_tracker script to /home/peyton/ros_ws/install/ball_tracker/lib/ball_tracker
[2.704s] Installing sim_multi_ball_tracker script to /home/peyton/ros_ws/install/ball_tracker/lib/ball_tracker
[2.704s] 
[2.704s] Installed /home/peyton/ros_ws/build/ball_tracker
[2.704s] running symlink_data
[2.801s] Invoked command in '/home/peyton/ros_ws/build/ball_tracker' returned '0': PYTHONPATH=/home/peyton/ros_ws/build/ball_tracker/prefix_override:/home/peyton/.local/lib/python3.10/site-packages/colcon_core/task/python/colcon_distutils_commands:/home/peyton/ros_ws/install/ball_tracker/lib/python3.10/site-packages:${PYTHONPATH} /usr/bin/python3 -W ignore:setup.py install is deprecated -W ignore:easy_install command is deprecated setup.py develop --editable --build-directory /home/peyton/ros_ws/build/ball_tracker/build --no-deps symlink_data
