[0.693s] Invoking command in '/home/user/Downloads/sec_bot/src/ball_tracker': PYTHONPATH=/home/user/Downloads/sec_bot/build/ball_tracker/prefix_override:/usr/lib/python3/dist-packages/colcon_core/task/python/colcon_distutils_commands:/home/user/Downloads/sec_bot/install/ball_tracker/lib/python3.10/site-packages:${PYTHONPATH} /usr/bin/python3 -W ignore:setup.py install is deprecated -W ignore:easy_install command is deprecated setup.py egg_info --egg-base ../../build/ball_tracker build --build-base /home/user/Downloads/sec_bot/build/ball_tracker/build install --record /home/user/Downloads/sec_bot/build/ball_tracker/install.log --single-version-externally-managed install_data
[0.930s] running egg_info
[0.930s] creating ../../build/ball_tracker/ball_tracker.egg-info
[0.930s] writing ../../build/ball_tracker/ball_tracker.egg-info/PKG-INFO
[0.930s] writing dependency_links to ../../build/ball_tracker/ball_tracker.egg-info/dependency_links.txt
[0.930s] writing entry points to ../../build/ball_tracker/ball_tracker.egg-info/entry_points.txt
[0.931s] writing requirements to ../../build/ball_tracker/ball_tracker.egg-info/requires.txt
[0.931s] writing top-level names to ../../build/ball_tracker/ball_tracker.egg-info/top_level.txt
[0.931s] writing manifest file '../../build/ball_tracker/ball_tracker.egg-info/SOURCES.txt'
[0.935s] reading manifest file '../../build/ball_tracker/ball_tracker.egg-info/SOURCES.txt'
[0.935s] adding license file 'LICENSE'
[0.935s] writing manifest file '../../build/ball_tracker/ball_tracker.egg-info/SOURCES.txt'
[0.936s] running build
[0.936s] running build_py
[0.936s] creating /home/user/Downloads/sec_bot/build/ball_tracker/build
[0.936s] creating /home/user/Downloads/sec_bot/build/ball_tracker/build/lib
[0.936s] creating /home/user/Downloads/sec_bot/build/ball_tracker/build/lib/ball_tracker
[0.936s] copying ball_tracker/follow_ball.py -> /home/user/Downloads/sec_bot/build/ball_tracker/build/lib/ball_tracker
[0.936s] copying ball_tracker/multi_ball_tracker.py -> /home/user/Downloads/sec_bot/build/ball_tracker/build/lib/ball_tracker
[0.936s] copying ball_tracker/__init__.py -> /home/user/Downloads/sec_bot/build/ball_tracker/build/lib/ball_tracker
[0.936s] copying ball_tracker/sim_multi_ball_tracker.py -> /home/user/Downloads/sec_bot/build/ball_tracker/build/lib/ball_tracker
[0.936s] copying ball_tracker/image_subscriber.py -> /home/user/Downloads/sec_bot/build/ball_tracker/build/lib/ball_tracker
[0.936s] copying ball_tracker/image_publisher.py -> /home/user/Downloads/sec_bot/build/ball_tracker/build/lib/ball_tracker
[0.936s] running install
[0.936s] running install_lib
[0.937s] creating /home/user/Downloads/sec_bot/install/ball_tracker/lib/python3.10/site-packages/ball_tracker
[0.937s] copying /home/user/Downloads/sec_bot/build/ball_tracker/build/lib/ball_tracker/follow_ball.py -> /home/user/Downloads/sec_bot/install/ball_tracker/lib/python3.10/site-packages/ball_tracker
[0.937s] copying /home/user/Downloads/sec_bot/build/ball_tracker/build/lib/ball_tracker/multi_ball_tracker.py -> /home/user/Downloads/sec_bot/install/ball_tracker/lib/python3.10/site-packages/ball_tracker
[0.938s] copying /home/user/Downloads/sec_bot/build/ball_tracker/build/lib/ball_tracker/__init__.py -> /home/user/Downloads/sec_bot/install/ball_tracker/lib/python3.10/site-packages/ball_tracker
[0.938s] copying /home/user/Downloads/sec_bot/build/ball_tracker/build/lib/ball_tracker/sim_multi_ball_tracker.py -> /home/user/Downloads/sec_bot/install/ball_tracker/lib/python3.10/site-packages/ball_tracker
[0.938s] copying /home/user/Downloads/sec_bot/build/ball_tracker/build/lib/ball_tracker/image_subscriber.py -> /home/user/Downloads/sec_bot/install/ball_tracker/lib/python3.10/site-packages/ball_tracker
[0.938s] copying /home/user/Downloads/sec_bot/build/ball_tracker/build/lib/ball_tracker/image_publisher.py -> /home/user/Downloads/sec_bot/install/ball_tracker/lib/python3.10/site-packages/ball_tracker
[0.941s] byte-compiling /home/user/Downloads/sec_bot/install/ball_tracker/lib/python3.10/site-packages/ball_tracker/follow_ball.py to follow_ball.cpython-310.pyc
[0.942s] byte-compiling /home/user/Downloads/sec_bot/install/ball_tracker/lib/python3.10/site-packages/ball_tracker/multi_ball_tracker.py to multi_ball_tracker.cpython-310.pyc
[0.943s] byte-compiling /home/user/Downloads/sec_bot/install/ball_tracker/lib/python3.10/site-packages/ball_tracker/__init__.py to __init__.cpython-310.pyc
[0.943s] byte-compiling /home/user/Downloads/sec_bot/install/ball_tracker/lib/python3.10/site-packages/ball_tracker/sim_multi_ball_tracker.py to sim_multi_ball_tracker.cpython-310.pyc
[0.944s] byte-compiling /home/user/Downloads/sec_bot/install/ball_tracker/lib/python3.10/site-packages/ball_tracker/image_subscriber.py to image_subscriber.cpython-310.pyc
[0.944s] byte-compiling /home/user/Downloads/sec_bot/install/ball_tracker/lib/python3.10/site-packages/ball_tracker/image_publisher.py to image_publisher.cpython-310.pyc
[0.945s] running install_data
[0.945s] creating /home/user/Downloads/sec_bot/install/ball_tracker/share/ament_index
[0.945s] creating /home/user/Downloads/sec_bot/install/ball_tracker/share/ament_index/resource_index
[0.945s] creating /home/user/Downloads/sec_bot/install/ball_tracker/share/ament_index/resource_index/packages
[0.946s] copying resource/ball_tracker -> /home/user/Downloads/sec_bot/install/ball_tracker/share/ament_index/resource_index/packages
[0.946s] copying package.xml -> /home/user/Downloads/sec_bot/install/ball_tracker/share/ball_tracker
[0.946s] creating /home/user/Downloads/sec_bot/install/ball_tracker/share/ball_tracker/launch
[0.946s] copying launch/camera.launch.py -> /home/user/Downloads/sec_bot/install/ball_tracker/share/ball_tracker/launch
[0.946s] copying launch/sim_cam.launch.py -> /home/user/Downloads/sec_bot/install/ball_tracker/share/ball_tracker/launch
[0.946s] copying launch/follow_ball.launch.py -> /home/user/Downloads/sec_bot/install/ball_tracker/share/ball_tracker/launch
[0.946s] running install_egg_info
[0.949s] Copying ../../build/ball_tracker/ball_tracker.egg-info to /home/user/Downloads/sec_bot/install/ball_tracker/lib/python3.10/site-packages/ball_tracker-0.0.0-py3.10.egg-info
[0.950s] running install_scripts
[0.969s] Installing follow_ball script to /home/user/Downloads/sec_bot/install/ball_tracker/lib/ball_tracker
[0.969s] Installing image_publisher script to /home/user/Downloads/sec_bot/install/ball_tracker/lib/ball_tracker
[0.969s] Installing image_subscriber script to /home/user/Downloads/sec_bot/install/ball_tracker/lib/ball_tracker
[0.969s] Installing multi_ball_tracker script to /home/user/Downloads/sec_bot/install/ball_tracker/lib/ball_tracker
[0.969s] Installing sim_multi_ball_tracker script to /home/user/Downloads/sec_bot/install/ball_tracker/lib/ball_tracker
[0.970s] writing list of installed files to '/home/user/Downloads/sec_bot/build/ball_tracker/install.log'
[1.010s] Invoked command in '/home/user/Downloads/sec_bot/src/ball_tracker' returned '0': PYTHONPATH=/home/user/Downloads/sec_bot/build/ball_tracker/prefix_override:/usr/lib/python3/dist-packages/colcon_core/task/python/colcon_distutils_commands:/home/user/Downloads/sec_bot/install/ball_tracker/lib/python3.10/site-packages:${PYTHONPATH} /usr/bin/python3 -W ignore:setup.py install is deprecated -W ignore:easy_install command is deprecated setup.py egg_info --egg-base ../../build/ball_tracker build --build-base /home/user/Downloads/sec_bot/build/ball_tracker/build install --record /home/user/Downloads/sec_bot/build/ball_tracker/install.log --single-version-externally-managed install_data
