-- Install configuration: ""
-- Execute custom install script
-- Up-to-date symlink: /home/peyton/dev_ws/src/sec_bot/install/sec_bot/share/sec_bot/config/empty.yaml
-- Up-to-date symlink: /home/peyton/dev_ws/src/sec_bot/install/sec_bot/share/sec_bot/config/view_bot.rviz
-- Up-to-date symlink: /home/peyton/dev_ws/src/sec_bot/install/sec_bot/share/sec_bot/description/camera.xacro
-- Up-to-date symlink: /home/peyton/dev_ws/src/sec_bot/install/sec_bot/share/sec_bot/description/gazebo_control.xacro
-- Up-to-date symlink: /home/peyton/dev_ws/src/sec_bot/install/sec_bot/share/sec_bot/description/inertial_macros.xacro
-- Up-to-date symlink: /home/peyton/dev_ws/src/sec_bot/install/sec_bot/share/sec_bot/description/robot.urdf.xacro
-- Up-to-date symlink: /home/peyton/dev_ws/src/sec_bot/install/sec_bot/share/sec_bot/description/robot_core.xacro
-- Symlinking: /home/peyton/dev_ws/src/sec_bot/install/sec_bot/share/sec_bot/description/ros2_control.xacro
-- Up-to-date symlink: /home/peyton/dev_ws/src/sec_bot/install/sec_bot/share/sec_bot/description/urdf_help.txt
-- Symlinking: /home/peyton/dev_ws/src/sec_bot/install/sec_bot/share/sec_bot/launch/ball_tracker_launch.py
-- Up-to-date symlink: /home/peyton/dev_ws/src/sec_bot/install/sec_bot/share/sec_bot/launch/launch_sim.launch.py
-- Up-to-date symlink: /home/peyton/dev_ws/src/sec_bot/install/sec_bot/share/sec_bot/launch/rsp.launch.py
-- Up-to-date symlink: /home/peyton/dev_ws/src/sec_bot/install/sec_bot/share/sec_bot/worlds/empty.world
-- Up-to-date symlink: /home/peyton/dev_ws/src/sec_bot/install/sec_bot/share/ament_index/resource_index/package_run_dependencies/sec_bot
-- Up-to-date symlink: /home/peyton/dev_ws/src/sec_bot/install/sec_bot/share/ament_index/resource_index/parent_prefix_path/sec_bot
-- Up-to-date symlink: /home/peyton/dev_ws/src/sec_bot/install/sec_bot/share/sec_bot/environment/ament_prefix_path.sh
-- Up-to-date symlink: /home/peyton/dev_ws/src/sec_bot/install/sec_bot/share/sec_bot/environment/ament_prefix_path.dsv
-- Up-to-date symlink: /home/peyton/dev_ws/src/sec_bot/install/sec_bot/share/sec_bot/environment/path.sh
-- Up-to-date symlink: /home/peyton/dev_ws/src/sec_bot/install/sec_bot/share/sec_bot/environment/path.dsv
-- Up-to-date symlink: /home/peyton/dev_ws/src/sec_bot/install/sec_bot/share/sec_bot/local_setup.bash
-- Up-to-date symlink: /home/peyton/dev_ws/src/sec_bot/install/sec_bot/share/sec_bot/local_setup.sh
-- Up-to-date symlink: /home/peyton/dev_ws/src/sec_bot/install/sec_bot/share/sec_bot/local_setup.zsh
-- Up-to-date symlink: /home/peyton/dev_ws/src/sec_bot/install/sec_bot/share/sec_bot/local_setup.dsv
-- Symlinking: /home/peyton/dev_ws/src/sec_bot/install/sec_bot/share/sec_bot/package.dsv
-- Up-to-date symlink: /home/peyton/dev_ws/src/sec_bot/install/sec_bot/share/ament_index/resource_index/packages/sec_bot
-- Up-to-date symlink: /home/peyton/dev_ws/src/sec_bot/install/sec_bot/share/sec_bot/cmake/sec_botConfig.cmake
-- Up-to-date symlink: /home/peyton/dev_ws/src/sec_bot/install/sec_bot/share/sec_bot/cmake/sec_botConfig-version.cmake
-- Up-to-date symlink: /home/peyton/dev_ws/src/sec_bot/install/sec_bot/share/sec_bot/package.xml
