[0.019s] Invoking command in '/home/peyton/dev_ws/src/sec_bot/build/sec_bot': CMAKE_PREFIX_PATH=${CMAKE_PREFIX_PATH}:/opt/ros/humble /usr/bin/cmake --build /home/peyton/dev_ws/src/sec_bot/build/sec_bot -- -j12 -l12
[0.069s] Invoked command in '/home/peyton/dev_ws/src/sec_bot/build/sec_bot' returned '0': CMAKE_PREFIX_PATH=${CMAKE_PREFIX_PATH}:/opt/ros/humble /usr/bin/cmake --build /home/peyton/dev_ws/src/sec_bot/build/sec_bot -- -j12 -l12
[0.076s] Invoking command in '/home/peyton/dev_ws/src/sec_bot/build/sec_bot': CMAKE_PREFIX_PATH=${CMAKE_PREFIX_PATH}:/opt/ros/humble /usr/bin/cmake --install /home/peyton/dev_ws/src/sec_bot/build/sec_bot
[0.081s] -- Install configuration: ""
[0.082s] -- Execute custom install script
[0.083s] -- Up-to-date symlink: /home/peyton/dev_ws/src/sec_bot/install/sec_bot/share/sec_bot/config/empty.yaml
[0.084s] -- Up-to-date symlink: /home/peyton/dev_ws/src/sec_bot/install/sec_bot/share/sec_bot/config/view_bot.rviz
[0.084s] -- Up-to-date symlink: /home/peyton/dev_ws/src/sec_bot/install/sec_bot/share/sec_bot/description/camera.xacro
[0.084s] -- Up-to-date symlink: /home/peyton/dev_ws/src/sec_bot/install/sec_bot/share/sec_bot/description/gazebo_control.xacro
[0.084s] -- Up-to-date symlink: /home/peyton/dev_ws/src/sec_bot/install/sec_bot/share/sec_bot/description/inertial_macros.xacro
[0.084s] -- Up-to-date symlink: /home/peyton/dev_ws/src/sec_bot/install/sec_bot/share/sec_bot/description/robot.urdf.xacro
[0.084s] -- Up-to-date symlink: /home/peyton/dev_ws/src/sec_bot/install/sec_bot/share/sec_bot/description/robot_core.xacro
[0.084s] -- Symlinking: /home/peyton/dev_ws/src/sec_bot/install/sec_bot/share/sec_bot/description/ros2_control.xacro
[0.089s] -- Up-to-date symlink: /home/peyton/dev_ws/src/sec_bot/install/sec_bot/share/sec_bot/description/urdf_help.txt
[0.090s] -- Symlinking: /home/peyton/dev_ws/src/sec_bot/install/sec_bot/share/sec_bot/launch/ball_tracker_launch.py
[0.095s] -- Up-to-date symlink: /home/peyton/dev_ws/src/sec_bot/install/sec_bot/share/sec_bot/launch/launch_sim.launch.py
[0.095s] -- Up-to-date symlink: /home/peyton/dev_ws/src/sec_bot/install/sec_bot/share/sec_bot/launch/rsp.launch.py
[0.095s] -- Up-to-date symlink: /home/peyton/dev_ws/src/sec_bot/install/sec_bot/share/sec_bot/worlds/empty.world
[0.095s] -- Up-to-date symlink: /home/peyton/dev_ws/src/sec_bot/install/sec_bot/share/ament_index/resource_index/package_run_dependencies/sec_bot
[0.096s] -- Up-to-date symlink: /home/peyton/dev_ws/src/sec_bot/install/sec_bot/share/ament_index/resource_index/parent_prefix_path/sec_bot
[0.096s] -- Up-to-date symlink: /home/peyton/dev_ws/src/sec_bot/install/sec_bot/share/sec_bot/environment/ament_prefix_path.sh
[0.096s] -- Up-to-date symlink: /home/peyton/dev_ws/src/sec_bot/install/sec_bot/share/sec_bot/environment/ament_prefix_path.dsv
[0.096s] -- Up-to-date symlink: /home/peyton/dev_ws/src/sec_bot/install/sec_bot/share/sec_bot/environment/path.sh
[0.096s] -- Up-to-date symlink: /home/peyton/dev_ws/src/sec_bot/install/sec_bot/share/sec_bot/environment/path.dsv
[0.096s] -- Up-to-date symlink: /home/peyton/dev_ws/src/sec_bot/install/sec_bot/share/sec_bot/local_setup.bash
[0.097s] -- Up-to-date symlink: /home/peyton/dev_ws/src/sec_bot/install/sec_bot/share/sec_bot/local_setup.sh
[0.097s] -- Up-to-date symlink: /home/peyton/dev_ws/src/sec_bot/install/sec_bot/share/sec_bot/local_setup.zsh
[0.097s] -- Up-to-date symlink: /home/peyton/dev_ws/src/sec_bot/install/sec_bot/share/sec_bot/local_setup.dsv
[0.097s] -- Symlinking: /home/peyton/dev_ws/src/sec_bot/install/sec_bot/share/sec_bot/package.dsv
[0.103s] -- Up-to-date symlink: /home/peyton/dev_ws/src/sec_bot/install/sec_bot/share/ament_index/resource_index/packages/sec_bot
[0.103s] -- Up-to-date symlink: /home/peyton/dev_ws/src/sec_bot/install/sec_bot/share/sec_bot/cmake/sec_botConfig.cmake
[0.103s] -- Up-to-date symlink: /home/peyton/dev_ws/src/sec_bot/install/sec_bot/share/sec_bot/cmake/sec_botConfig-version.cmake
[0.103s] -- Up-to-date symlink: /home/peyton/dev_ws/src/sec_bot/install/sec_bot/share/sec_bot/package.xml
[0.105s] Invoked command in '/home/peyton/dev_ws/src/sec_bot/build/sec_bot' returned '0': CMAKE_PREFIX_PATH=${CMAKE_PREFIX_PATH}:/opt/ros/humble /usr/bin/cmake --install /home/peyton/dev_ws/src/sec_bot/build/sec_bot
