[0.159s] DEBUG:colcon:Command line arguments: ['/home/peyton/.local/bin/colcon', 'build']
[0.159s] DEBUG:colcon:Parsed command line arguments: Namespace(log_base=None, log_level=None, verb_name='build', build_base='build', install_base='install', merge_install=False, symlink_install=False, test_result_base=None, continue_on_error=False, executor='parallel', parallel_workers=12, event_handlers=None, ignore_user_meta=False, metas=['./colcon.meta'], base_paths=['.'], packages_ignore=None, packages_ignore_regex=None, paths=None, packages_up_to=None, packages_up_to_regex=None, packages_above=None, packages_above_and_dependencies=None, packages_above_depth=None, packages_select_by_dep=None, packages_skip_by_dep=None, packages_skip_up_to=None, packages_select_build_failed=False, packages_skip_build_finished=False, packages_select_test_failures=False, packages_skip_test_passed=False, packages_select=None, packages_skip=None, packages_select_regex=None, packages_skip_regex=None, packages_start=None, packages_end=None, allow_overriding=[], cmake_args=None, cmake_target=None, cmake_target_skip_unavailable=False, cmake_clean_cache=False, cmake_clean_first=False, cmake_force_configure=False, ament_cmake_args=None, catkin_cmake_args=None, catkin_skip_building_tests=False, mixin_files=None, mixin=None, verb_parser=<colcon_mixin.mixin.mixin_argument.MixinArgumentDecorator object at 0x7f7e6ea84850>, verb_extension=<colcon_core.verb.build.BuildVerb object at 0x7f7e6ea4fd90>, main=<bound method BuildVerb.main of <colcon_core.verb.build.BuildVerb object at 0x7f7e6ea4fd90>>, mixin_verb=('build',))
[0.269s] Level 1:colcon.colcon_core.package_discovery:discover_packages(colcon_meta) check parameters
[0.270s] Level 1:colcon.colcon_core.package_discovery:discover_packages(recursive) check parameters
[0.270s] Level 1:colcon.colcon_core.package_discovery:discover_packages(ignore) check parameters
[0.270s] Level 1:colcon.colcon_core.package_discovery:discover_packages(path) check parameters
[0.270s] Level 1:colcon.colcon_core.package_discovery:discover_packages(colcon_meta) discover
[0.270s] Level 1:colcon.colcon_core.package_discovery:discover_packages(recursive) discover
[0.270s] INFO:colcon.colcon_core.package_discovery:Crawling recursively for packages in '/home/peyton/dev_ws/src'
[0.270s] Level 1:colcon.colcon_core.package_identification:_identify(.) by extensions ['ignore', 'ignore_ament_install']
[0.270s] Level 1:colcon.colcon_core.package_identification:_identify(.) by extension 'ignore'
[0.270s] Level 1:colcon.colcon_core.package_identification:_identify(.) by extension 'ignore_ament_install'
[0.270s] Level 1:colcon.colcon_core.package_identification:_identify(.) by extensions ['colcon_pkg']
[0.270s] Level 1:colcon.colcon_core.package_identification:_identify(.) by extension 'colcon_pkg'
[0.270s] Level 1:colcon.colcon_core.package_identification:_identify(.) by extensions ['colcon_meta']
[0.270s] Level 1:colcon.colcon_core.package_identification:_identify(.) by extension 'colcon_meta'
[0.270s] Level 1:colcon.colcon_core.package_identification:_identify(.) by extensions ['ros']
[0.270s] Level 1:colcon.colcon_core.package_identification:_identify(.) by extension 'ros'
[0.278s] Level 1:colcon.colcon_core.package_identification:_identify(.) by extensions ['cmake', 'python']
[0.278s] Level 1:colcon.colcon_core.package_identification:_identify(.) by extension 'cmake'
[0.278s] Level 1:colcon.colcon_core.package_identification:_identify(.) by extension 'python'
[0.278s] Level 1:colcon.colcon_core.package_identification:_identify(.) by extensions ['python_setup_py']
[0.278s] Level 1:colcon.colcon_core.package_identification:_identify(.) by extension 'python_setup_py'
[0.278s] Level 1:colcon.colcon_core.package_identification:_identify(build) by extensions ['ignore', 'ignore_ament_install']
[0.278s] Level 1:colcon.colcon_core.package_identification:_identify(build) by extension 'ignore'
[0.278s] Level 1:colcon.colcon_core.package_identification:_identify(build) ignored
[0.278s] Level 1:colcon.colcon_core.package_identification:_identify(install) by extensions ['ignore', 'ignore_ament_install']
[0.279s] Level 1:colcon.colcon_core.package_identification:_identify(install) by extension 'ignore'
[0.279s] Level 1:colcon.colcon_core.package_identification:_identify(install) ignored
[0.279s] Level 1:colcon.colcon_core.package_identification:_identify(log) by extensions ['ignore', 'ignore_ament_install']
[0.279s] Level 1:colcon.colcon_core.package_identification:_identify(log) by extension 'ignore'
[0.279s] Level 1:colcon.colcon_core.package_identification:_identify(log) ignored
[0.279s] Level 1:colcon.colcon_core.package_identification:_identify(purple_tracker) by extensions ['ignore', 'ignore_ament_install']
[0.279s] Level 1:colcon.colcon_core.package_identification:_identify(purple_tracker) by extension 'ignore'
[0.279s] Level 1:colcon.colcon_core.package_identification:_identify(purple_tracker) by extension 'ignore_ament_install'
[0.279s] Level 1:colcon.colcon_core.package_identification:_identify(purple_tracker) by extensions ['colcon_pkg']
[0.279s] Level 1:colcon.colcon_core.package_identification:_identify(purple_tracker) by extension 'colcon_pkg'
[0.279s] Level 1:colcon.colcon_core.package_identification:_identify(purple_tracker) by extensions ['colcon_meta']
[0.279s] Level 1:colcon.colcon_core.package_identification:_identify(purple_tracker) by extension 'colcon_meta'
[0.279s] Level 1:colcon.colcon_core.package_identification:_identify(purple_tracker) by extensions ['ros']
[0.279s] Level 1:colcon.colcon_core.package_identification:_identify(purple_tracker) by extension 'ros'
[0.282s] DEBUG:colcon.colcon_core.package_identification:Package 'purple_tracker' with type 'ros.ament_python' and name 'purple_tracker'
[0.282s] Level 1:colcon.colcon_core.package_identification:_identify(sec_bot) by extensions ['ignore', 'ignore_ament_install']
[0.283s] Level 1:colcon.colcon_core.package_identification:_identify(sec_bot) by extension 'ignore'
[0.283s] Level 1:colcon.colcon_core.package_identification:_identify(sec_bot) by extension 'ignore_ament_install'
[0.283s] Level 1:colcon.colcon_core.package_identification:_identify(sec_bot) by extensions ['colcon_pkg']
[0.283s] Level 1:colcon.colcon_core.package_identification:_identify(sec_bot) by extension 'colcon_pkg'
[0.283s] Level 1:colcon.colcon_core.package_identification:_identify(sec_bot) by extensions ['colcon_meta']
[0.283s] Level 1:colcon.colcon_core.package_identification:_identify(sec_bot) by extension 'colcon_meta'
[0.283s] Level 1:colcon.colcon_core.package_identification:_identify(sec_bot) by extensions ['ros']
[0.283s] Level 1:colcon.colcon_core.package_identification:_identify(sec_bot) by extension 'ros'
[0.283s] DEBUG:colcon.colcon_core.package_identification:Package 'sec_bot' with type 'ros.ament_cmake' and name 'sec_bot'
[0.283s] Level 1:colcon.colcon_core.package_discovery:discover_packages(recursive) using defaults
[0.284s] Level 1:colcon.colcon_core.package_discovery:discover_packages(ignore) discover
[0.284s] Level 1:colcon.colcon_core.package_discovery:discover_packages(ignore) using defaults
[0.284s] Level 1:colcon.colcon_core.package_discovery:discover_packages(path) discover
[0.284s] Level 1:colcon.colcon_core.package_discovery:discover_packages(path) using defaults
[0.299s] Level 1:colcon.colcon_core.package_discovery:discover_packages(prefix_path) check parameters
[0.299s] Level 1:colcon.colcon_core.package_discovery:discover_packages(prefix_path) discover
[0.300s] DEBUG:colcon.colcon_installed_package_information.package_discovery:Found 1 installed packages in /home/peyton/dev_ws/src/sec_bot/install
[0.300s] DEBUG:colcon.colcon_installed_package_information.package_discovery:Found 1 installed packages in /home/peyton/dev_ws/install
[0.301s] DEBUG:colcon.colcon_installed_package_information.package_discovery:Found 323 installed packages in /opt/ros/humble
[0.311s] Level 1:colcon.colcon_core.package_discovery:discover_packages(prefix_path) using defaults
[0.339s] Level 5:colcon.colcon_core.verb:set package 'purple_tracker' build argument 'cmake_args' from command line to 'None'
[0.339s] Level 5:colcon.colcon_core.verb:set package 'purple_tracker' build argument 'cmake_target' from command line to 'None'
[0.339s] Level 5:colcon.colcon_core.verb:set package 'purple_tracker' build argument 'cmake_target_skip_unavailable' from command line to 'False'
[0.339s] Level 5:colcon.colcon_core.verb:set package 'purple_tracker' build argument 'cmake_clean_cache' from command line to 'False'
[0.339s] Level 5:colcon.colcon_core.verb:set package 'purple_tracker' build argument 'cmake_clean_first' from command line to 'False'
[0.339s] Level 5:colcon.colcon_core.verb:set package 'purple_tracker' build argument 'cmake_force_configure' from command line to 'False'
[0.339s] Level 5:colcon.colcon_core.verb:set package 'purple_tracker' build argument 'ament_cmake_args' from command line to 'None'
[0.339s] Level 5:colcon.colcon_core.verb:set package 'purple_tracker' build argument 'catkin_cmake_args' from command line to 'None'
[0.339s] Level 5:colcon.colcon_core.verb:set package 'purple_tracker' build argument 'catkin_skip_building_tests' from command line to 'False'
[0.339s] DEBUG:colcon.colcon_core.verb:Building package 'purple_tracker' with the following arguments: {'ament_cmake_args': None, 'build_base': '/home/peyton/dev_ws/src/build/purple_tracker', 'catkin_cmake_args': None, 'catkin_skip_building_tests': False, 'cmake_args': None, 'cmake_clean_cache': False, 'cmake_clean_first': False, 'cmake_force_configure': False, 'cmake_target': None, 'cmake_target_skip_unavailable': False, 'install_base': '/home/peyton/dev_ws/src/install/purple_tracker', 'merge_install': False, 'path': '/home/peyton/dev_ws/src/purple_tracker', 'symlink_install': False, 'test_result_base': None}
[0.339s] Level 5:colcon.colcon_core.verb:set package 'sec_bot' build argument 'cmake_args' from command line to 'None'
[0.339s] Level 5:colcon.colcon_core.verb:set package 'sec_bot' build argument 'cmake_target' from command line to 'None'
[0.339s] Level 5:colcon.colcon_core.verb:set package 'sec_bot' build argument 'cmake_target_skip_unavailable' from command line to 'False'
[0.339s] Level 5:colcon.colcon_core.verb:set package 'sec_bot' build argument 'cmake_clean_cache' from command line to 'False'
[0.339s] Level 5:colcon.colcon_core.verb:set package 'sec_bot' build argument 'cmake_clean_first' from command line to 'False'
[0.339s] Level 5:colcon.colcon_core.verb:set package 'sec_bot' build argument 'cmake_force_configure' from command line to 'False'
[0.339s] Level 5:colcon.colcon_core.verb:set package 'sec_bot' build argument 'ament_cmake_args' from command line to 'None'
[0.339s] Level 5:colcon.colcon_core.verb:set package 'sec_bot' build argument 'catkin_cmake_args' from command line to 'None'
[0.339s] Level 5:colcon.colcon_core.verb:set package 'sec_bot' build argument 'catkin_skip_building_tests' from command line to 'False'
[0.339s] DEBUG:colcon.colcon_core.verb:Building package 'sec_bot' with the following arguments: {'ament_cmake_args': None, 'build_base': '/home/peyton/dev_ws/src/build/sec_bot', 'catkin_cmake_args': None, 'catkin_skip_building_tests': False, 'cmake_args': None, 'cmake_clean_cache': False, 'cmake_clean_first': False, 'cmake_force_configure': False, 'cmake_target': None, 'cmake_target_skip_unavailable': False, 'install_base': '/home/peyton/dev_ws/src/install/sec_bot', 'merge_install': False, 'path': '/home/peyton/dev_ws/src/sec_bot', 'symlink_install': False, 'test_result_base': None}
[0.339s] INFO:colcon.colcon_core.executor:Executing jobs using 'parallel' executor
[0.341s] DEBUG:colcon.colcon_parallel_executor.executor.parallel:run_until_complete
[0.341s] INFO:colcon.colcon_ros.task.ament_python.build:Building ROS package in '/home/peyton/dev_ws/src/purple_tracker' with build type 'ament_python'
[0.342s] Level 1:colcon.colcon_core.shell:create_environment_hook('purple_tracker', 'ament_prefix_path')
[0.344s] INFO:colcon.colcon_core.plugin_system:Skipping extension 'colcon_core.shell.bat': Not used on non-Windows systems
[0.344s] INFO:colcon.colcon_core.shell:Creating environment hook '/home/peyton/dev_ws/src/install/purple_tracker/share/purple_tracker/hook/ament_prefix_path.ps1'
[0.346s] INFO:colcon.colcon_core.shell:Creating environment descriptor '/home/peyton/dev_ws/src/install/purple_tracker/share/purple_tracker/hook/ament_prefix_path.dsv'
[0.347s] INFO:colcon.colcon_core.shell:Creating environment hook '/home/peyton/dev_ws/src/install/purple_tracker/share/purple_tracker/hook/ament_prefix_path.sh'
[0.347s] INFO:colcon.colcon_core.shell:Skip shell extension 'powershell' for command environment: Not usable outside of PowerShell
[0.347s] DEBUG:colcon.colcon_core.shell:Skip shell extension 'dsv' for command environment
[0.351s] INFO:colcon.colcon_ros.task.ament_cmake.build:Building ROS package in '/home/peyton/dev_ws/src/sec_bot' with build type 'ament_cmake'
[0.351s] INFO:colcon.colcon_cmake.task.cmake.build:Building CMake package in '/home/peyton/dev_ws/src/sec_bot'
[0.352s] INFO:colcon.colcon_core.shell:Skip shell extension 'powershell' for command environment: Not usable outside of PowerShell
[0.352s] DEBUG:colcon.colcon_core.shell:Skip shell extension 'dsv' for command environment
[0.551s] INFO:colcon.colcon_core.task.python.build:Building Python package in '/home/peyton/dev_ws/src/purple_tracker'
[0.551s] INFO:colcon.colcon_core.shell:Skip shell extension 'powershell' for command environment: Not usable outside of PowerShell
[0.551s] DEBUG:colcon.colcon_core.shell:Skip shell extension 'dsv' for command environment
[0.563s] DEBUG:colcon.colcon_core.event_handler.log_command:Invoking command in '/home/peyton/dev_ws/src/build/sec_bot': CMAKE_PREFIX_PATH=${CMAKE_PREFIX_PATH}:/opt/ros/humble /usr/bin/cmake /home/peyton/dev_ws/src/sec_bot -DCMAKE_INSTALL_PREFIX=/home/peyton/dev_ws/src/install/sec_bot
[1.112s] DEBUG:colcon.colcon_core.event_handler.log_command:Invoking command in '/home/peyton/dev_ws/src/purple_tracker': PYTHONPATH=/home/peyton/dev_ws/src/build/purple_tracker/prefix_override:/home/peyton/.local/lib/python3.10/site-packages/colcon_core/task/python/colcon_distutils_commands:/home/peyton/dev_ws/src/install/purple_tracker/lib/python3.10/site-packages:${PYTHONPATH} /usr/bin/python3 -W ignore:setup.py install is deprecated -W ignore:easy_install command is deprecated setup.py egg_info --egg-base ../build/purple_tracker build --build-base /home/peyton/dev_ws/src/build/purple_tracker/build install --record /home/peyton/dev_ws/src/build/purple_tracker/install.log --single-version-externally-managed install_data
[2.072s] DEBUG:colcon.colcon_core.event_handler.log_command:Invoked command in '/home/peyton/dev_ws/src/purple_tracker' returned '0': PYTHONPATH=/home/peyton/dev_ws/src/build/purple_tracker/prefix_override:/home/peyton/.local/lib/python3.10/site-packages/colcon_core/task/python/colcon_distutils_commands:/home/peyton/dev_ws/src/install/purple_tracker/lib/python3.10/site-packages:${PYTHONPATH} /usr/bin/python3 -W ignore:setup.py install is deprecated -W ignore:easy_install command is deprecated setup.py egg_info --egg-base ../build/purple_tracker build --build-base /home/peyton/dev_ws/src/build/purple_tracker/build install --record /home/peyton/dev_ws/src/build/purple_tracker/install.log --single-version-externally-managed install_data
[2.073s] Level 1:colcon.colcon_core.environment:checking '/home/peyton/dev_ws/src/install/purple_tracker' for CMake module files
[2.073s] Level 1:colcon.colcon_core.environment:checking '/home/peyton/dev_ws/src/install/purple_tracker' for CMake config files
[2.074s] Level 1:colcon.colcon_core.environment:checking '/home/peyton/dev_ws/src/install/purple_tracker/lib'
[2.074s] Level 1:colcon.colcon_core.environment:checking '/home/peyton/dev_ws/src/install/purple_tracker/bin'
[2.074s] Level 1:colcon.colcon_core.environment:checking '/home/peyton/dev_ws/src/install/purple_tracker/lib/pkgconfig/purple_tracker.pc'
[2.074s] Level 1:colcon.colcon_core.environment:checking '/home/peyton/dev_ws/src/install/purple_tracker/lib/python3.10/site-packages'
[2.074s] Level 1:colcon.colcon_core.shell:create_environment_hook('purple_tracker', 'pythonpath')
[2.074s] INFO:colcon.colcon_core.shell:Creating environment hook '/home/peyton/dev_ws/src/install/purple_tracker/share/purple_tracker/hook/pythonpath.ps1'
[2.075s] INFO:colcon.colcon_core.shell:Creating environment descriptor '/home/peyton/dev_ws/src/install/purple_tracker/share/purple_tracker/hook/pythonpath.dsv'
[2.075s] INFO:colcon.colcon_core.shell:Creating environment hook '/home/peyton/dev_ws/src/install/purple_tracker/share/purple_tracker/hook/pythonpath.sh'
[2.075s] Level 1:colcon.colcon_core.environment:checking '/home/peyton/dev_ws/src/install/purple_tracker/bin'
[2.075s] Level 1:colcon.colcon_core.environment:create_environment_scripts_only(purple_tracker)
[2.076s] INFO:colcon.colcon_core.shell:Creating package script '/home/peyton/dev_ws/src/install/purple_tracker/share/purple_tracker/package.ps1'
[2.076s] INFO:colcon.colcon_core.shell:Creating package descriptor '/home/peyton/dev_ws/src/install/purple_tracker/share/purple_tracker/package.dsv'
[2.076s] INFO:colcon.colcon_core.shell:Creating package script '/home/peyton/dev_ws/src/install/purple_tracker/share/purple_tracker/package.sh'
[2.077s] INFO:colcon.colcon_core.shell:Creating package script '/home/peyton/dev_ws/src/install/purple_tracker/share/purple_tracker/package.bash'
[2.078s] INFO:colcon.colcon_core.shell:Creating package script '/home/peyton/dev_ws/src/install/purple_tracker/share/purple_tracker/package.zsh'
[2.079s] Level 1:colcon.colcon_core.environment:create_file_with_runtime_dependencies(/home/peyton/dev_ws/src/install/purple_tracker/share/colcon-core/packages/purple_tracker)
[2.482s] DEBUG:colcon.colcon_core.event_handler.log_command:Invoked command in '/home/peyton/dev_ws/src/build/sec_bot' returned '0': CMAKE_PREFIX_PATH=${CMAKE_PREFIX_PATH}:/opt/ros/humble /usr/bin/cmake /home/peyton/dev_ws/src/sec_bot -DCMAKE_INSTALL_PREFIX=/home/peyton/dev_ws/src/install/sec_bot
[2.483s] DEBUG:colcon.colcon_core.event_handler.log_command:Invoking command in '/home/peyton/dev_ws/src/build/sec_bot': CMAKE_PREFIX_PATH=${CMAKE_PREFIX_PATH}:/opt/ros/humble /usr/bin/cmake --build /home/peyton/dev_ws/src/build/sec_bot -- -j12 -l12
[2.507s] DEBUG:colcon.colcon_core.event_handler.log_command:Invoked command in '/home/peyton/dev_ws/src/build/sec_bot' returned '0': CMAKE_PREFIX_PATH=${CMAKE_PREFIX_PATH}:/opt/ros/humble /usr/bin/cmake --build /home/peyton/dev_ws/src/build/sec_bot -- -j12 -l12
[2.513s] DEBUG:colcon.colcon_core.event_handler.log_command:Invoking command in '/home/peyton/dev_ws/src/build/sec_bot': CMAKE_PREFIX_PATH=${CMAKE_PREFIX_PATH}:/opt/ros/humble /usr/bin/cmake --install /home/peyton/dev_ws/src/build/sec_bot
[2.530s] Level 1:colcon.colcon_core.environment:create_environment_scripts_only(sec_bot)
[2.530s] Level 1:colcon.colcon_core.environment:checking '/home/peyton/dev_ws/src/install/sec_bot' for CMake module files
[2.531s] DEBUG:colcon.colcon_core.event_handler.log_command:Invoked command in '/home/peyton/dev_ws/src/build/sec_bot' returned '0': CMAKE_PREFIX_PATH=${CMAKE_PREFIX_PATH}:/opt/ros/humble /usr/bin/cmake --install /home/peyton/dev_ws/src/build/sec_bot
[2.531s] Level 1:colcon.colcon_core.environment:checking '/home/peyton/dev_ws/src/install/sec_bot' for CMake config files
[2.531s] Level 1:colcon.colcon_core.shell:create_environment_hook('sec_bot', 'cmake_prefix_path')
[2.532s] INFO:colcon.colcon_core.shell:Creating environment hook '/home/peyton/dev_ws/src/install/sec_bot/share/sec_bot/hook/cmake_prefix_path.ps1'
[2.532s] INFO:colcon.colcon_core.shell:Creating environment descriptor '/home/peyton/dev_ws/src/install/sec_bot/share/sec_bot/hook/cmake_prefix_path.dsv'
[2.532s] INFO:colcon.colcon_core.shell:Creating environment hook '/home/peyton/dev_ws/src/install/sec_bot/share/sec_bot/hook/cmake_prefix_path.sh'
[2.533s] Level 1:colcon.colcon_core.environment:checking '/home/peyton/dev_ws/src/install/sec_bot/bin'
[2.533s] Level 1:colcon.colcon_core.environment:checking '/home/peyton/dev_ws/src/install/sec_bot/lib/pkgconfig/sec_bot.pc'
[2.533s] Level 1:colcon.colcon_core.environment:checking '/home/peyton/dev_ws/src/install/sec_bot/lib/python3.10/site-packages'
[2.533s] Level 1:colcon.colcon_core.environment:checking '/home/peyton/dev_ws/src/install/sec_bot/bin'
[2.533s] INFO:colcon.colcon_core.shell:Creating package script '/home/peyton/dev_ws/src/install/sec_bot/share/sec_bot/package.ps1'
[2.534s] INFO:colcon.colcon_core.shell:Creating package descriptor '/home/peyton/dev_ws/src/install/sec_bot/share/sec_bot/package.dsv'
[2.534s] INFO:colcon.colcon_core.shell:Creating package script '/home/peyton/dev_ws/src/install/sec_bot/share/sec_bot/package.sh'
[2.534s] INFO:colcon.colcon_core.shell:Creating package script '/home/peyton/dev_ws/src/install/sec_bot/share/sec_bot/package.bash'
[2.535s] INFO:colcon.colcon_core.shell:Creating package script '/home/peyton/dev_ws/src/install/sec_bot/share/sec_bot/package.zsh'
[2.535s] Level 1:colcon.colcon_core.environment:create_file_with_runtime_dependencies(/home/peyton/dev_ws/src/install/sec_bot/share/colcon-core/packages/sec_bot)
[2.535s] Level 1:colcon.colcon_core.environment:create_environment_scripts_only(sec_bot)
[2.536s] Level 1:colcon.colcon_core.environment:checking '/home/peyton/dev_ws/src/install/sec_bot' for CMake module files
[2.536s] Level 1:colcon.colcon_core.environment:checking '/home/peyton/dev_ws/src/install/sec_bot' for CMake config files
[2.536s] Level 1:colcon.colcon_core.shell:create_environment_hook('sec_bot', 'cmake_prefix_path')
[2.536s] INFO:colcon.colcon_core.shell:Creating environment hook '/home/peyton/dev_ws/src/install/sec_bot/share/sec_bot/hook/cmake_prefix_path.ps1'
[2.537s] INFO:colcon.colcon_core.shell:Creating environment descriptor '/home/peyton/dev_ws/src/install/sec_bot/share/sec_bot/hook/cmake_prefix_path.dsv'
[2.537s] INFO:colcon.colcon_core.shell:Creating environment hook '/home/peyton/dev_ws/src/install/sec_bot/share/sec_bot/hook/cmake_prefix_path.sh'
[2.537s] Level 1:colcon.colcon_core.environment:checking '/home/peyton/dev_ws/src/install/sec_bot/bin'
[2.537s] Level 1:colcon.colcon_core.environment:checking '/home/peyton/dev_ws/src/install/sec_bot/lib/pkgconfig/sec_bot.pc'
[2.537s] Level 1:colcon.colcon_core.environment:checking '/home/peyton/dev_ws/src/install/sec_bot/lib/python3.10/site-packages'
[2.538s] Level 1:colcon.colcon_core.environment:checking '/home/peyton/dev_ws/src/install/sec_bot/bin'
[2.538s] INFO:colcon.colcon_core.shell:Creating package script '/home/peyton/dev_ws/src/install/sec_bot/share/sec_bot/package.ps1'
[2.538s] INFO:colcon.colcon_core.shell:Creating package descriptor '/home/peyton/dev_ws/src/install/sec_bot/share/sec_bot/package.dsv'
[2.539s] INFO:colcon.colcon_core.shell:Creating package script '/home/peyton/dev_ws/src/install/sec_bot/share/sec_bot/package.sh'
[2.539s] INFO:colcon.colcon_core.shell:Creating package script '/home/peyton/dev_ws/src/install/sec_bot/share/sec_bot/package.bash'
[2.539s] INFO:colcon.colcon_core.shell:Creating package script '/home/peyton/dev_ws/src/install/sec_bot/share/sec_bot/package.zsh'
[2.540s] Level 1:colcon.colcon_core.environment:create_file_with_runtime_dependencies(/home/peyton/dev_ws/src/install/sec_bot/share/colcon-core/packages/sec_bot)
[2.540s] DEBUG:colcon.colcon_parallel_executor.executor.parallel:closing loop
[2.540s] DEBUG:colcon.colcon_parallel_executor.executor.parallel:loop closed
[2.540s] DEBUG:colcon.colcon_parallel_executor.executor.parallel:run_until_complete finished with '0'
[2.541s] DEBUG:colcon.colcon_core.event_reactor:joining thread
[2.562s] INFO:colcon.colcon_core.plugin_system:Skipping extension 'colcon_notification.desktop_notification.notify_send': Could not find 'notify-send'
[2.562s] INFO:colcon.colcon_core.plugin_system:Skipping extension 'colcon_notification.desktop_notification.terminal_notifier': Not used on non-Darwin systems
[2.562s] INFO:colcon.colcon_core.plugin_system:Skipping extension 'colcon_notification.desktop_notification.win32': Not used on non-Windows systems
[2.562s] INFO:colcon.colcon_notification.desktop_notification:Sending desktop notification using 'notify2'
[2.562s] DEBUG:colcon.colcon_notification.desktop_notification.notify2:Failed to initialize notify2: org.freedesktop.DBus.Error.FileNotFound: Failed to connect to socket /run/user/1000/bus: No such file or directory
[2.562s] DEBUG:colcon.colcon_core.event_reactor:joined thread
[2.563s] INFO:colcon.colcon_core.shell:Creating prefix script '/home/peyton/dev_ws/src/install/local_setup.ps1'
[2.563s] INFO:colcon.colcon_core.shell:Creating prefix util module '/home/peyton/dev_ws/src/install/_local_setup_util_ps1.py'
[2.564s] INFO:colcon.colcon_core.shell:Creating prefix chain script '/home/peyton/dev_ws/src/install/setup.ps1'
[2.565s] INFO:colcon.colcon_core.shell:Creating prefix script '/home/peyton/dev_ws/src/install/local_setup.sh'
[2.565s] INFO:colcon.colcon_core.shell:Creating prefix util module '/home/peyton/dev_ws/src/install/_local_setup_util_sh.py'
[2.566s] INFO:colcon.colcon_core.shell:Creating prefix chain script '/home/peyton/dev_ws/src/install/setup.sh'
[2.566s] INFO:colcon.colcon_core.shell:Creating prefix script '/home/peyton/dev_ws/src/install/local_setup.bash'
[2.567s] INFO:colcon.colcon_core.shell:Creating prefix chain script '/home/peyton/dev_ws/src/install/setup.bash'
[2.567s] INFO:colcon.colcon_core.shell:Creating prefix script '/home/peyton/dev_ws/src/install/local_setup.zsh'
[2.568s] INFO:colcon.colcon_core.shell:Creating prefix chain script '/home/peyton/dev_ws/src/install/setup.zsh'
