[0.440s] Invoking command in '/home/peyton/dev_ws/src/ball_tracker': PYTHONPATH=/home/peyton/dev_ws/build/ball_tracker/prefix_override:/home/peyton/.local/lib/python3.10/site-packages/colcon_core/task/python/colcon_distutils_commands:/home/peyton/dev_ws/install/ball_tracker/lib/python3.10/site-packages:${PYTHONPATH} /usr/bin/python3 -W ignore:setup.py install is deprecated -W ignore:easy_install command is deprecated setup.py egg_info --egg-base ../../build/ball_tracker build --build-base /home/peyton/dev_ws/build/ball_tracker/build install --record /home/peyton/dev_ws/build/ball_tracker/install.log --single-version-externally-managed install_data
[0.601s] running egg_info
[0.601s] creating ../../build/ball_tracker/ball_tracker.egg-info
[0.602s] writing ../../build/ball_tracker/ball_tracker.egg-info/PKG-INFO
[0.602s] writing dependency_links to ../../build/ball_tracker/ball_tracker.egg-info/dependency_links.txt
[0.602s] writing entry points to ../../build/ball_tracker/ball_tracker.egg-info/entry_points.txt
[0.602s] writing requirements to ../../build/ball_tracker/ball_tracker.egg-info/requires.txt
[0.602s] writing top-level names to ../../build/ball_tracker/ball_tracker.egg-info/top_level.txt
[0.602s] writing manifest file '../../build/ball_tracker/ball_tracker.egg-info/SOURCES.txt'
[0.603s] reading manifest file '../../build/ball_tracker/ball_tracker.egg-info/SOURCES.txt'
[0.603s] adding license file 'LICENSE'
[0.604s] writing manifest file '../../build/ball_tracker/ball_tracker.egg-info/SOURCES.txt'
[0.604s] running build
[0.604s] running build_py
[0.604s] creating /home/peyton/dev_ws/build/ball_tracker/build
[0.604s] creating /home/peyton/dev_ws/build/ball_tracker/build/lib
[0.604s] creating /home/peyton/dev_ws/build/ball_tracker/build/lib/ball_tracker
[0.605s] copying ball_tracker/__init__.py -> /home/peyton/dev_ws/build/ball_tracker/build/lib/ball_tracker
[0.605s] copying ball_tracker/image_publisher.py -> /home/peyton/dev_ws/build/ball_tracker/build/lib/ball_tracker
[0.605s] copying ball_tracker/multi_ball_tracker.py -> /home/peyton/dev_ws/build/ball_tracker/build/lib/ball_tracker
[0.605s] copying ball_tracker/image_subscriber.py -> /home/peyton/dev_ws/build/ball_tracker/build/lib/ball_tracker
[0.605s] running install
[0.606s] running install_lib
[0.606s] creating /home/peyton/dev_ws/install/ball_tracker/lib/python3.10/site-packages/ball_tracker
[0.606s] copying /home/peyton/dev_ws/build/ball_tracker/build/lib/ball_tracker/__init__.py -> /home/peyton/dev_ws/install/ball_tracker/lib/python3.10/site-packages/ball_tracker
[0.607s] copying /home/peyton/dev_ws/build/ball_tracker/build/lib/ball_tracker/image_publisher.py -> /home/peyton/dev_ws/install/ball_tracker/lib/python3.10/site-packages/ball_tracker
[0.607s] copying /home/peyton/dev_ws/build/ball_tracker/build/lib/ball_tracker/multi_ball_tracker.py -> /home/peyton/dev_ws/install/ball_tracker/lib/python3.10/site-packages/ball_tracker
[0.607s] copying /home/peyton/dev_ws/build/ball_tracker/build/lib/ball_tracker/image_subscriber.py -> /home/peyton/dev_ws/install/ball_tracker/lib/python3.10/site-packages/ball_tracker
[0.607s] byte-compiling /home/peyton/dev_ws/install/ball_tracker/lib/python3.10/site-packages/ball_tracker/__init__.py to __init__.cpython-310.pyc
[0.608s] byte-compiling /home/peyton/dev_ws/install/ball_tracker/lib/python3.10/site-packages/ball_tracker/image_publisher.py to image_publisher.cpython-310.pyc
[0.609s] byte-compiling /home/peyton/dev_ws/install/ball_tracker/lib/python3.10/site-packages/ball_tracker/multi_ball_tracker.py to multi_ball_tracker.cpython-310.pyc
[0.609s] byte-compiling /home/peyton/dev_ws/install/ball_tracker/lib/python3.10/site-packages/ball_tracker/image_subscriber.py to image_subscriber.cpython-310.pyc
[0.610s]   File "/home/peyton/dev_ws/install/ball_tracker/lib/python3.10/site-packages/ball_tracker/image_subscriber.py", line 54
[0.610s]     <?xml version="1.0"?>
[0.610s]     ^
[0.610s] SyntaxError: invalid syntax
[0.610s] 
[0.610s] running install_data
[0.611s] creating /home/peyton/dev_ws/install/ball_tracker/share/ament_index
[0.611s] creating /home/peyton/dev_ws/install/ball_tracker/share/ament_index/resource_index
[0.611s] creating /home/peyton/dev_ws/install/ball_tracker/share/ament_index/resource_index/packages
[0.611s] copying resource/ball_tracker -> /home/peyton/dev_ws/install/ball_tracker/share/ament_index/resource_index/packages
[0.611s] copying package.xml -> /home/peyton/dev_ws/install/ball_tracker/share/ball_tracker
[0.611s] running install_egg_info
[0.612s] Copying ../../build/ball_tracker/ball_tracker.egg-info to /home/peyton/dev_ws/install/ball_tracker/lib/python3.10/site-packages/ball_tracker-0.0.0-py3.10.egg-info
[0.612s] running install_scripts
[0.625s] Installing image_publisher script to /home/peyton/dev_ws/install/ball_tracker/lib/ball_tracker
[0.625s] Installing image_subscriber script to /home/peyton/dev_ws/install/ball_tracker/lib/ball_tracker
[0.625s] writing list of installed files to '/home/peyton/dev_ws/build/ball_tracker/install.log'
[0.640s] Invoked command in '/home/peyton/dev_ws/src/ball_tracker' returned '0': PYTHONPATH=/home/peyton/dev_ws/build/ball_tracker/prefix_override:/home/peyton/.local/lib/python3.10/site-packages/colcon_core/task/python/colcon_distutils_commands:/home/peyton/dev_ws/install/ball_tracker/lib/python3.10/site-packages:${PYTHONPATH} /usr/bin/python3 -W ignore:setup.py install is deprecated -W ignore:easy_install command is deprecated setup.py egg_info --egg-base ../../build/ball_tracker build --build-base /home/peyton/dev_ws/build/ball_tracker/build install --record /home/peyton/dev_ws/build/ball_tracker/install.log --single-version-externally-managed install_data
