[0.041s] Invoking command in '/home/peyton/ros_ws/build/ORB_SLAM2': /usr/bin/cmake /home/peyton/ros_ws/sec_bot/src/orbslam2 -DCMAKE_INSTALL_PREFIX=/home/peyton/ros_ws/install/ORB_SLAM2
[0.671s] -- The C compiler identification is GNU 11.4.0
[0.671s] [0mCMake Deprecation Warning at CMakeLists.txt:1 (cmake_minimum_required):
[0.672s]   Compatibility with CMake < 2.8.12 will be removed from a future version of
[0.672s]   CMake.
[0.673s] 
[0.673s]   Update the VERSION argument <min> value or use a ...<max> suffix to tell
[0.673s]   CMake that the project does not need compatibility with older versions.
[0.674s] 
[0.674s] [0m
[0.829s] -- The CXX compiler identification is GNU 11.4.0
[1.233s] -- Detecting C compiler ABI info
[1.439s] -- Detecting C compiler ABI info - done
[1.452s] -- Check for working C compiler: /usr/bin/cc - skipped
[1.452s] -- Detecting C compile features
[1.454s] -- Detecting C compile features - done
[1.461s] -- Detecting CXX compiler ABI info
[1.723s] -- Detecting CXX compiler ABI info - done
[1.740s] -- Check for working CXX compiler: /usr/bin/c++ - skipped
[1.741s] -- Detecting CXX compile features
[1.742s] -- Detecting CXX compile features - done
[1.743s] [0mBuild type: Release[0m
[1.748s] -- Performing Test COMPILER_SUPPORTS_CXX11
[1.991s] -- Performing Test COMPILER_SUPPORTS_CXX11 - Success
[1.995s] -- Performing Test COMPILER_SUPPORTS_CXX0X
[2.211s] -- Performing Test COMPILER_SUPPORTS_CXX0X - Success
[2.212s] -- Using flag -std=c++11.
[4.799s] [31mCMake Error at CMakeLists.txt:35 (message):
[4.799s]   OpenCV > 2.4.3 not found.
[4.799s] 
[4.799s] [0m
[4.799s] -- Configuring incomplete, errors occurred!
[4.799s] See also "/home/peyton/ros_ws/build/ORB_SLAM2/CMakeFiles/CMakeOutput.log".
[4.806s] Invoked command in '/home/peyton/ros_ws/build/ORB_SLAM2' returned '1': /usr/bin/cmake /home/peyton/ros_ws/sec_bot/src/orbslam2 -DCMAKE_INSTALL_PREFIX=/home/peyton/ros_ws/install/ORB_SLAM2
