[0.240s] Invoking command in '/home/peyton/dev_ws/build/sec_bot': CMAKE_PREFIX_PATH=${CMAKE_PREFIX_PATH}:/home/peyton/ros_ws/install/ball_tracker:/opt/ros/humble:/home/peyton/dev_ws/install/ball_tracker /usr/bin/cmake /home/peyton/dev_ws/src/sec_bot -DAMENT_CMAKE_SYMLINK_INSTALL=1 -DCMAKE_INSTALL_PREFIX=/home/peyton/dev_ws/install/sec_bot
[0.448s] -- The C compiler identification is GNU 11.4.0
[0.782s] -- The CXX compiler identification is GNU 11.4.0
[0.905s] -- Detecting C compiler ABI info
[1.001s] -- Detecting C compiler ABI info - done
[1.006s] -- Check for working C compiler: /usr/bin/cc - skipped
[1.006s] -- Detecting C compile features
[1.007s] -- Detecting C compile features - done
[1.010s] -- Detecting CXX compiler ABI info
[1.095s] -- Detecting CXX compiler ABI info - done
[1.101s] -- Check for working CXX compiler: /usr/bin/c++ - skipped
[1.101s] -- Detecting CXX compile features
[1.101s] -- Detecting CXX compile features - done
[1.109s] -- Found ament_cmake: 1.3.11 (/opt/ros/humble/share/ament_cmake/cmake)
[1.227s] -- Found Python3: /usr/bin/python3 (found version "3.10.12") found components: Interpreter 
[1.291s] -- Override CMake install command with custom implementation using symlinks instead of copying resources
[1.336s] -- Found ament_lint_auto: 0.12.11 (/opt/ros/humble/share/ament_lint_auto/cmake)
[1.538s] -- Added test 'copyright' to check source files copyright and LICENSE
[1.560s] -- Added test 'cppcheck' to perform static code analysis on C / C++ code
[1.560s] -- Configured cppcheck include dirs: 
[1.560s] -- Configured cppcheck exclude dirs and/or files: 
[1.566s] -- Added test 'cpplint' to check C / C++ code against the Google style
[1.567s] -- Configured cpplint exclude dirs and/or files: 
[1.568s] -- Added test 'flake8' to check Python code syntax and style conventions
[1.570s] -- Added test 'lint_cmake' to check CMake code style
[1.572s] -- Added test 'pep257' to check Python code against some of the docstring style conventions in PEP 257
[1.579s] -- Added test 'uncrustify' to check C / C++ code style
[1.579s] -- Configured uncrustify additional arguments: 
[1.581s] -- Added test 'xmllint' to check XML markup files
[1.583s] -- Configuring done
[1.585s] -- Generating done
[1.588s] -- Build files have been written to: /home/peyton/dev_ws/build/sec_bot
[1.593s] Invoked command in '/home/peyton/dev_ws/build/sec_bot' returned '0': CMAKE_PREFIX_PATH=${CMAKE_PREFIX_PATH}:/home/peyton/ros_ws/install/ball_tracker:/opt/ros/humble:/home/peyton/dev_ws/install/ball_tracker /usr/bin/cmake /home/peyton/dev_ws/src/sec_bot -DAMENT_CMAKE_SYMLINK_INSTALL=1 -DCMAKE_INSTALL_PREFIX=/home/peyton/dev_ws/install/sec_bot
[1.594s] Invoking command in '/home/peyton/dev_ws/build/sec_bot': CMAKE_PREFIX_PATH=${CMAKE_PREFIX_PATH}:/home/peyton/ros_ws/install/ball_tracker:/opt/ros/humble:/home/peyton/dev_ws/install/ball_tracker /usr/bin/cmake --build /home/peyton/dev_ws/build/sec_bot -- -j12 -l12
[1.616s] Invoked command in '/home/peyton/dev_ws/build/sec_bot' returned '0': CMAKE_PREFIX_PATH=${CMAKE_PREFIX_PATH}:/home/peyton/ros_ws/install/ball_tracker:/opt/ros/humble:/home/peyton/dev_ws/install/ball_tracker /usr/bin/cmake --build /home/peyton/dev_ws/build/sec_bot -- -j12 -l12
[1.623s] Invoking command in '/home/peyton/dev_ws/build/sec_bot': CMAKE_PREFIX_PATH=${CMAKE_PREFIX_PATH}:/home/peyton/ros_ws/install/ball_tracker:/opt/ros/humble:/home/peyton/dev_ws/install/ball_tracker /usr/bin/cmake --install /home/peyton/dev_ws/build/sec_bot
[1.627s] -- Install configuration: ""
[1.627s] -- Execute custom install script
[1.628s] -- Symlinking: /home/peyton/dev_ws/install/sec_bot/share/sec_bot/config/empty.yaml
[1.633s] -- Symlinking: /home/peyton/dev_ws/install/sec_bot/share/sec_bot/config/view_bot.rviz
[1.638s] -- Symlinking: /home/peyton/dev_ws/install/sec_bot/share/sec_bot/description/camera.xacro
[1.643s] -- Symlinking: /home/peyton/dev_ws/install/sec_bot/share/sec_bot/description/gazebo_control.xacro
[1.649s] -- Symlinking: /home/peyton/dev_ws/install/sec_bot/share/sec_bot/description/inertial_macros.xacro
[1.654s] -- Symlinking: /home/peyton/dev_ws/install/sec_bot/share/sec_bot/description/robot.urdf.xacro
[1.660s] -- Symlinking: /home/peyton/dev_ws/install/sec_bot/share/sec_bot/description/robot_core.xacro
[1.664s] -- Symlinking: /home/peyton/dev_ws/install/sec_bot/share/sec_bot/description/ros2_control.xacro
[1.669s] -- Symlinking: /home/peyton/dev_ws/install/sec_bot/share/sec_bot/description/urdf_help.txt
[1.675s] -- Symlinking: /home/peyton/dev_ws/install/sec_bot/share/sec_bot/launch/ball_tracker_launch.py
[1.680s] -- Symlinking: /home/peyton/dev_ws/install/sec_bot/share/sec_bot/launch/launch_sim.launch.py
[1.684s] -- Symlinking: /home/peyton/dev_ws/install/sec_bot/share/sec_bot/launch/rsp.launch.py
[1.690s] -- Symlinking: /home/peyton/dev_ws/install/sec_bot/share/sec_bot/worlds/empty.world
[1.695s] -- Symlinking: /home/peyton/dev_ws/install/sec_bot/share/sec_bot/worlds/purple_ball.world
[1.703s] -- Symlinking: /home/peyton/dev_ws/install/sec_bot/share/ament_index/resource_index/package_run_dependencies/sec_bot
[1.708s] -- Symlinking: /home/peyton/dev_ws/install/sec_bot/share/ament_index/resource_index/parent_prefix_path/sec_bot
[1.714s] -- Symlinking: /home/peyton/dev_ws/install/sec_bot/share/sec_bot/environment/ament_prefix_path.sh
[1.720s] -- Symlinking: /home/peyton/dev_ws/install/sec_bot/share/sec_bot/environment/ament_prefix_path.dsv
[1.726s] -- Symlinking: /home/peyton/dev_ws/install/sec_bot/share/sec_bot/environment/path.sh
[1.731s] -- Symlinking: /home/peyton/dev_ws/install/sec_bot/share/sec_bot/environment/path.dsv
[1.737s] -- Symlinking: /home/peyton/dev_ws/install/sec_bot/share/sec_bot/local_setup.bash
[1.742s] -- Symlinking: /home/peyton/dev_ws/install/sec_bot/share/sec_bot/local_setup.sh
[1.748s] -- Symlinking: /home/peyton/dev_ws/install/sec_bot/share/sec_bot/local_setup.zsh
[1.753s] -- Symlinking: /home/peyton/dev_ws/install/sec_bot/share/sec_bot/local_setup.dsv
[1.758s] -- Symlinking: /home/peyton/dev_ws/install/sec_bot/share/sec_bot/package.dsv
[1.763s] -- Symlinking: /home/peyton/dev_ws/install/sec_bot/share/ament_index/resource_index/packages/sec_bot
[1.770s] -- Symlinking: /home/peyton/dev_ws/install/sec_bot/share/sec_bot/cmake/sec_botConfig.cmake
[1.776s] -- Symlinking: /home/peyton/dev_ws/install/sec_bot/share/sec_bot/cmake/sec_botConfig-version.cmake
[1.782s] -- Symlinking: /home/peyton/dev_ws/install/sec_bot/share/sec_bot/package.xml
[1.788s] Invoked command in '/home/peyton/dev_ws/build/sec_bot' returned '0': CMAKE_PREFIX_PATH=${CMAKE_PREFIX_PATH}:/home/peyton/ros_ws/install/ball_tracker:/opt/ros/humble:/home/peyton/dev_ws/install/ball_tracker /usr/bin/cmake --install /home/peyton/dev_ws/build/sec_bot
