[0.572s] Invoking command in '/home/peyton/dev_ws/src/ball_tracker': PYTHONPATH=/home/peyton/dev_ws/build/ball_tracker/prefix_override:/home/peyton/.local/lib/python3.10/site-packages/colcon_core/task/python/colcon_distutils_commands:/home/peyton/dev_ws/install/ball_tracker/lib/python3.10/site-packages:${PYTHONPATH} /usr/bin/python3 -W ignore:setup.py install is deprecated -W ignore:easy_install command is deprecated setup.py egg_info --egg-base ../../build/ball_tracker build --build-base /home/peyton/dev_ws/build/ball_tracker/build install --record /home/peyton/dev_ws/build/ball_tracker/install.log --single-version-externally-managed install_data
[0.769s] running egg_info
[0.770s] writing ../../build/ball_tracker/ball_tracker.egg-info/PKG-INFO
[0.770s] writing dependency_links to ../../build/ball_tracker/ball_tracker.egg-info/dependency_links.txt
[0.771s] writing entry points to ../../build/ball_tracker/ball_tracker.egg-info/entry_points.txt
[0.771s] writing requirements to ../../build/ball_tracker/ball_tracker.egg-info/requires.txt
[0.771s] writing top-level names to ../../build/ball_tracker/ball_tracker.egg-info/top_level.txt
[0.772s] reading manifest file '../../build/ball_tracker/ball_tracker.egg-info/SOURCES.txt'
[0.773s] adding license file 'LICENSE'
[0.773s] writing manifest file '../../build/ball_tracker/ball_tracker.egg-info/SOURCES.txt'
[0.773s] running build
[0.773s] running build_py
[0.774s] running install
[0.774s] running install_lib
[0.776s] byte-compiling /home/peyton/dev_ws/install/ball_tracker/lib/python3.10/site-packages/ball_tracker/image_subscriber.py to image_subscriber.cpython-310.pyc
[0.777s]   File "/home/peyton/dev_ws/install/ball_tracker/lib/python3.10/site-packages/ball_tracker/image_subscriber.py", line 54
[0.777s]     <?xml version="1.0"?>
[0.777s]     ^
[0.777s] SyntaxError: invalid syntax
[0.777s] 
[0.777s] running install_data
[0.777s] copying launch/sim_cam.launch.py -> /home/peyton/dev_ws/install/ball_tracker/share/ball_tracker/launch
[0.777s] running install_egg_info
[0.779s] removing '/home/peyton/dev_ws/install/ball_tracker/lib/python3.10/site-packages/ball_tracker-0.0.0-py3.10.egg-info' (and everything under it)
[0.779s] Copying ../../build/ball_tracker/ball_tracker.egg-info to /home/peyton/dev_ws/install/ball_tracker/lib/python3.10/site-packages/ball_tracker-0.0.0-py3.10.egg-info
[0.780s] running install_scripts
[0.798s] Installing image_publisher script to /home/peyton/dev_ws/install/ball_tracker/lib/ball_tracker
[0.798s] Installing image_subscriber script to /home/peyton/dev_ws/install/ball_tracker/lib/ball_tracker
[0.798s] writing list of installed files to '/home/peyton/dev_ws/build/ball_tracker/install.log'
[0.824s] Invoked command in '/home/peyton/dev_ws/src/ball_tracker' returned '0': PYTHONPATH=/home/peyton/dev_ws/build/ball_tracker/prefix_override:/home/peyton/.local/lib/python3.10/site-packages/colcon_core/task/python/colcon_distutils_commands:/home/peyton/dev_ws/install/ball_tracker/lib/python3.10/site-packages:${PYTHONPATH} /usr/bin/python3 -W ignore:setup.py install is deprecated -W ignore:easy_install command is deprecated setup.py egg_info --egg-base ../../build/ball_tracker build --build-base /home/peyton/dev_ws/build/ball_tracker/build install --record /home/peyton/dev_ws/build/ball_tracker/install.log --single-version-externally-managed install_data
