[0.434s] Invoking command in '/home/peyton/dev_ws/src/ball_tracker/build/ball_tracker': PYTHONPATH=/home/peyton/dev_ws/src/ball_tracker/build/ball_tracker/prefix_override:/home/peyton/.local/lib/python3.10/site-packages/colcon_core/task/python/colcon_distutils_commands:/home/peyton/dev_ws/src/ball_tracker/install/ball_tracker/lib/python3.10/site-packages:${PYTHONPATH} /usr/bin/python3 -W ignore:setup.py install is deprecated -W ignore:easy_install command is deprecated setup.py develop --editable --build-directory /home/peyton/dev_ws/src/ball_tracker/build/ball_tracker/build --no-deps symlink_data --force
[0.609s] running develop
[0.734s] running egg_info
[0.734s] writing ball_tracker.egg-info/PKG-INFO
[0.734s] writing dependency_links to ball_tracker.egg-info/dependency_links.txt
[0.734s] writing entry points to ball_tracker.egg-info/entry_points.txt
[0.734s] writing requirements to ball_tracker.egg-info/requires.txt
[0.734s] writing top-level names to ball_tracker.egg-info/top_level.txt
[0.735s] reading manifest file 'ball_tracker.egg-info/SOURCES.txt'
[0.735s] writing manifest file 'ball_tracker.egg-info/SOURCES.txt'
[0.736s] running build_ext
[0.736s] Creating /home/peyton/dev_ws/src/ball_tracker/install/ball_tracker/lib/python3.10/site-packages/ball-tracker.egg-link (link to .)
[0.737s] Installing detect_ball script to /home/peyton/dev_ws/src/ball_tracker/install/ball_tracker/lib/ball_tracker
[0.738s] Installing detect_ball_3d script to /home/peyton/dev_ws/src/ball_tracker/install/ball_tracker/lib/ball_tracker
[0.738s] Installing follow_ball script to /home/peyton/dev_ws/src/ball_tracker/install/ball_tracker/lib/ball_tracker
[0.738s] 
[0.738s] Installed /home/peyton/dev_ws/src/ball_tracker/build/ball_tracker
[0.738s] running symlink_data
[0.738s] symbolically linking /home/peyton/dev_ws/src/ball_tracker/build/ball_tracker/resource/ball_tracker -> /home/peyton/dev_ws/src/ball_tracker/install/ball_tracker/share/ament_index/resource_index/packages
[0.740s] symbolically linking /home/peyton/dev_ws/src/ball_tracker/build/ball_tracker/package.xml -> /home/peyton/dev_ws/src/ball_tracker/install/ball_tracker/share/ball_tracker
[0.759s] Invoked command in '/home/peyton/dev_ws/src/ball_tracker/build/ball_tracker' returned '0': PYTHONPATH=/home/peyton/dev_ws/src/ball_tracker/build/ball_tracker/prefix_override:/home/peyton/.local/lib/python3.10/site-packages/colcon_core/task/python/colcon_distutils_commands:/home/peyton/dev_ws/src/ball_tracker/install/ball_tracker/lib/python3.10/site-packages:${PYTHONPATH} /usr/bin/python3 -W ignore:setup.py install is deprecated -W ignore:easy_install command is deprecated setup.py develop --editable --build-directory /home/peyton/dev_ws/src/ball_tracker/build/ball_tracker/build --no-deps symlink_data --force
