[0.009s] Invoking command in '/home/ubuntu-vm/Desktop/sec_bot/build/sec_bot': CMAKE_PREFIX_PATH=${CMAKE_PREFIX_PATH}:/opt/ros/humble /usr/bin/cmake --build /home/ubuntu-vm/Desktop/sec_bot/build/sec_bot -- -j8 -l8
[0.048s] Invoked command in '/home/ubuntu-vm/Desktop/sec_bot/build/sec_bot' returned '0': CMAKE_PREFIX_PATH=${CMAKE_PREFIX_PATH}:/opt/ros/humble /usr/bin/cmake --build /home/ubuntu-vm/Desktop/sec_bot/build/sec_bot -- -j8 -l8
[0.079s] Invoking command in '/home/ubuntu-vm/Desktop/sec_bot/build/sec_bot': CMAKE_PREFIX_PATH=${CMAKE_PREFIX_PATH}:/opt/ros/humble /usr/bin/cmake --install /home/ubuntu-vm/Desktop/sec_bot/build/sec_bot
[0.088s] -- Install configuration: ""
[0.088s] -- Up-to-date: /home/ubuntu-vm/Desktop/sec_bot/install/sec_bot/share/sec_bot/config
[0.088s] -- Up-to-date: /home/ubuntu-vm/Desktop/sec_bot/install/sec_bot/share/sec_bot/config/empty.yaml
[0.088s] -- Up-to-date: /home/ubuntu-vm/Desktop/sec_bot/install/sec_bot/share/sec_bot/description
[0.088s] -- Up-to-date: /home/ubuntu-vm/Desktop/sec_bot/install/sec_bot/share/sec_bot/description/robot_core.xacro
[0.088s] -- Up-to-date: /home/ubuntu-vm/Desktop/sec_bot/install/sec_bot/share/sec_bot/description/urdf_help.txt
[0.088s] -- Installing: /home/ubuntu-vm/Desktop/sec_bot/install/sec_bot/share/sec_bot/description/robot.urdf.xacro
[0.088s] -- Up-to-date: /home/ubuntu-vm/Desktop/sec_bot/install/sec_bot/share/sec_bot/description/inertial_macros.xacro
[0.088s] -- Installing: /home/ubuntu-vm/Desktop/sec_bot/install/sec_bot/share/sec_bot/description/gazebo_control.xacro
[0.088s] -- Up-to-date: /home/ubuntu-vm/Desktop/sec_bot/install/sec_bot/share/sec_bot/launch
[0.088s] -- Up-to-date: /home/ubuntu-vm/Desktop/sec_bot/install/sec_bot/share/sec_bot/launch/rsp.launch.py
[0.088s] -- Up-to-date: /home/ubuntu-vm/Desktop/sec_bot/install/sec_bot/share/sec_bot/launch/launch_sim.launch.py
[0.088s] -- Up-to-date: /home/ubuntu-vm/Desktop/sec_bot/install/sec_bot/share/sec_bot/worlds
[0.088s] -- Up-to-date: /home/ubuntu-vm/Desktop/sec_bot/install/sec_bot/share/sec_bot/worlds/empty.world
[0.089s] -- Up-to-date: /home/ubuntu-vm/Desktop/sec_bot/install/sec_bot/share/ament_index/resource_index/package_run_dependencies/sec_bot
[0.089s] -- Up-to-date: /home/ubuntu-vm/Desktop/sec_bot/install/sec_bot/share/ament_index/resource_index/parent_prefix_path/sec_bot
[0.089s] -- Up-to-date: /home/ubuntu-vm/Desktop/sec_bot/install/sec_bot/share/sec_bot/environment/ament_prefix_path.dsv
[0.089s] -- Up-to-date: /home/ubuntu-vm/Desktop/sec_bot/install/sec_bot/share/sec_bot/environment/path.dsv
[0.089s] -- Up-to-date: /home/ubuntu-vm/Desktop/sec_bot/install/sec_bot/share/sec_bot/local_setup.bash
[0.089s] -- Up-to-date: /home/ubuntu-vm/Desktop/sec_bot/install/sec_bot/share/sec_bot/local_setup.sh
[0.089s] -- Up-to-date: /home/ubuntu-vm/Desktop/sec_bot/install/sec_bot/share/sec_bot/local_setup.zsh
[0.089s] -- Up-to-date: /home/ubuntu-vm/Desktop/sec_bot/install/sec_bot/share/sec_bot/local_setup.dsv
[0.089s] -- Installing: /home/ubuntu-vm/Desktop/sec_bot/install/sec_bot/share/sec_bot/package.dsv
[0.089s] -- Up-to-date: /home/ubuntu-vm/Desktop/sec_bot/install/sec_bot/share/ament_index/resource_index/packages/sec_bot
[0.089s] -- Up-to-date: /home/ubuntu-vm/Desktop/sec_bot/install/sec_bot/share/sec_bot/cmake/sec_botConfig.cmake
[0.089s] -- Up-to-date: /home/ubuntu-vm/Desktop/sec_bot/install/sec_bot/share/sec_bot/cmake/sec_botConfig-version.cmake
[0.089s] -- Up-to-date: /home/ubuntu-vm/Desktop/sec_bot/install/sec_bot/share/sec_bot/package.xml
[0.090s] Invoked command in '/home/ubuntu-vm/Desktop/sec_bot/build/sec_bot' returned '0': CMAKE_PREFIX_PATH=${CMAKE_PREFIX_PATH}:/opt/ros/humble /usr/bin/cmake --install /home/ubuntu-vm/Desktop/sec_bot/build/sec_bot
