[0.104s] DEBUG:colcon:Command line arguments: ['/usr/bin/colcon', 'build']
[0.104s] DEBUG:colcon:Parsed command line arguments: Namespace(log_base=None, log_level=None, verb_name='build', build_base='build', install_base='install', merge_install=False, symlink_install=False, test_result_base=None, continue_on_error=False, executor='parallel', parallel_workers=8, event_handlers=None, ignore_user_meta=False, metas=['./colcon.meta'], base_paths=['.'], packages_ignore=None, packages_ignore_regex=None, paths=None, packages_up_to=None, packages_up_to_regex=None, packages_above=None, packages_above_and_dependencies=None, packages_above_depth=None, packages_select_by_dep=None, packages_skip_by_dep=None, packages_skip_up_to=None, packages_select_build_failed=False, packages_skip_build_finished=False, packages_select_test_failures=False, packages_skip_test_passed=False, packages_select=None, packages_skip=None, packages_select_regex=None, packages_skip_regex=None, packages_start=None, packages_end=None, allow_overriding=[], cmake_args=None, cmake_target=None, cmake_target_skip_unavailable=False, cmake_clean_cache=False, cmake_clean_first=False, cmake_force_configure=False, ament_cmake_args=None, catkin_cmake_args=None, catkin_skip_building_tests=False, mixin_files=None, mixin=None, verb_parser=<colcon_mixin.mixin.mixin_argument.MixinArgumentDecorator object at 0x7d4ead94e3e0>, verb_extension=<colcon_core.verb.build.BuildVerb object at 0x7d4eadacb070>, main=<bound method BuildVerb.main of <colcon_core.verb.build.BuildVerb object at 0x7d4eadacb070>>, mixin_verb=('build',))
[0.252s] Level 1:colcon.colcon_core.package_discovery:discover_packages(colcon_meta) check parameters
[0.252s] Level 1:colcon.colcon_core.package_discovery:discover_packages(recursive) check parameters
[0.252s] Level 1:colcon.colcon_core.package_discovery:discover_packages(ignore) check parameters
[0.252s] Level 1:colcon.colcon_core.package_discovery:discover_packages(path) check parameters
[0.252s] Level 1:colcon.colcon_core.package_discovery:discover_packages(colcon_meta) discover
[0.252s] Level 1:colcon.colcon_core.package_discovery:discover_packages(recursive) discover
[0.252s] INFO:colcon.colcon_core.package_discovery:Crawling recursively for packages in '/home/user/Downloads/sec_bot'
[0.252s] Level 1:colcon.colcon_core.package_identification:_identify(.) by extensions ['ignore', 'ignore_ament_install']
[0.252s] Level 1:colcon.colcon_core.package_identification:_identify(.) by extension 'ignore'
[0.252s] Level 1:colcon.colcon_core.package_identification:_identify(.) by extension 'ignore_ament_install'
[0.252s] Level 1:colcon.colcon_core.package_identification:_identify(.) by extensions ['colcon_pkg']
[0.252s] Level 1:colcon.colcon_core.package_identification:_identify(.) by extension 'colcon_pkg'
[0.252s] Level 1:colcon.colcon_core.package_identification:_identify(.) by extensions ['colcon_meta']
[0.252s] Level 1:colcon.colcon_core.package_identification:_identify(.) by extension 'colcon_meta'
[0.252s] Level 1:colcon.colcon_core.package_identification:_identify(.) by extensions ['ros']
[0.252s] Level 1:colcon.colcon_core.package_identification:_identify(.) by extension 'ros'
[0.261s] Level 1:colcon.colcon_core.package_identification:_identify(.) by extensions ['cmake', 'python']
[0.262s] Level 1:colcon.colcon_core.package_identification:_identify(.) by extension 'cmake'
[0.262s] Level 1:colcon.colcon_core.package_identification:_identify(.) by extension 'python'
[0.262s] Level 1:colcon.colcon_core.package_identification:_identify(.) by extensions ['python_setup_py']
[0.262s] Level 1:colcon.colcon_core.package_identification:_identify(.) by extension 'python_setup_py'
[0.262s] Level 1:colcon.colcon_core.package_identification:_identify(build) by extensions ['ignore', 'ignore_ament_install']
[0.262s] Level 1:colcon.colcon_core.package_identification:_identify(build) by extension 'ignore'
[0.262s] Level 1:colcon.colcon_core.package_identification:_identify(build) ignored
[0.262s] Level 1:colcon.colcon_core.package_identification:_identify(install) by extensions ['ignore', 'ignore_ament_install']
[0.262s] Level 1:colcon.colcon_core.package_identification:_identify(install) by extension 'ignore'
[0.262s] Level 1:colcon.colcon_core.package_identification:_identify(install) ignored
[0.262s] Level 1:colcon.colcon_core.package_identification:_identify(log) by extensions ['ignore', 'ignore_ament_install']
[0.262s] Level 1:colcon.colcon_core.package_identification:_identify(log) by extension 'ignore'
[0.262s] Level 1:colcon.colcon_core.package_identification:_identify(log) ignored
[0.262s] Level 1:colcon.colcon_core.package_identification:_identify(src) by extensions ['ignore', 'ignore_ament_install']
[0.263s] Level 1:colcon.colcon_core.package_identification:_identify(src) by extension 'ignore'
[0.263s] Level 1:colcon.colcon_core.package_identification:_identify(src) by extension 'ignore_ament_install'
[0.263s] Level 1:colcon.colcon_core.package_identification:_identify(src) by extensions ['colcon_pkg']
[0.263s] Level 1:colcon.colcon_core.package_identification:_identify(src) by extension 'colcon_pkg'
[0.263s] Level 1:colcon.colcon_core.package_identification:_identify(src) by extensions ['colcon_meta']
[0.263s] Level 1:colcon.colcon_core.package_identification:_identify(src) by extension 'colcon_meta'
[0.263s] Level 1:colcon.colcon_core.package_identification:_identify(src) by extensions ['ros']
[0.263s] Level 1:colcon.colcon_core.package_identification:_identify(src) by extension 'ros'
[0.263s] Level 1:colcon.colcon_core.package_identification:_identify(src) by extensions ['cmake', 'python']
[0.263s] Level 1:colcon.colcon_core.package_identification:_identify(src) by extension 'cmake'
[0.263s] Level 1:colcon.colcon_core.package_identification:_identify(src) by extension 'python'
[0.263s] Level 1:colcon.colcon_core.package_identification:_identify(src) by extensions ['python_setup_py']
[0.263s] Level 1:colcon.colcon_core.package_identification:_identify(src) by extension 'python_setup_py'
[0.263s] Level 1:colcon.colcon_core.package_identification:_identify(src/sec_bot) by extensions ['ignore', 'ignore_ament_install']
[0.263s] Level 1:colcon.colcon_core.package_identification:_identify(src/sec_bot) by extension 'ignore'
[0.263s] Level 1:colcon.colcon_core.package_identification:_identify(src/sec_bot) by extension 'ignore_ament_install'
[0.263s] Level 1:colcon.colcon_core.package_identification:_identify(src/sec_bot) by extensions ['colcon_pkg']
[0.263s] Level 1:colcon.colcon_core.package_identification:_identify(src/sec_bot) by extension 'colcon_pkg'
[0.263s] Level 1:colcon.colcon_core.package_identification:_identify(src/sec_bot) by extensions ['colcon_meta']
[0.263s] Level 1:colcon.colcon_core.package_identification:_identify(src/sec_bot) by extension 'colcon_meta'
[0.263s] Level 1:colcon.colcon_core.package_identification:_identify(src/sec_bot) by extensions ['ros']
[0.263s] Level 1:colcon.colcon_core.package_identification:_identify(src/sec_bot) by extension 'ros'
[0.266s] DEBUG:colcon.colcon_core.package_identification:Package 'src/sec_bot' with type 'ros.ament_cmake' and name 'sec_bot'
[0.266s] Level 1:colcon.colcon_core.package_discovery:discover_packages(recursive) using defaults
[0.266s] Level 1:colcon.colcon_core.package_discovery:discover_packages(ignore) discover
[0.266s] Level 1:colcon.colcon_core.package_discovery:discover_packages(ignore) using defaults
[0.266s] Level 1:colcon.colcon_core.package_discovery:discover_packages(path) discover
[0.266s] Level 1:colcon.colcon_core.package_discovery:discover_packages(path) using defaults
[0.301s] Level 1:colcon.colcon_core.package_discovery:discover_packages(prefix_path) check parameters
[0.301s] Level 1:colcon.colcon_core.package_discovery:discover_packages(prefix_path) discover
[0.301s] WARNING:colcon.colcon_ros.prefix_path.ament:The path '/home/user/Downloads/sec_bot/install/sec_bot' in the environment variable AMENT_PREFIX_PATH doesn't exist
[0.302s] WARNING:colcon.colcon_ros.prefix_path.catkin:The path '/home/user/Downloads/sec_bot/install/sec_bot' in the environment variable CMAKE_PREFIX_PATH doesn't exist
[0.302s] DEBUG:colcon.colcon_installed_package_information.package_discovery:Found 0 installed packages in /home/user/Downloads/sec_bot/install
[0.303s] DEBUG:colcon.colcon_installed_package_information.package_discovery:Found 2 installed packages in /home/user/sec_bot/install
[0.303s] DEBUG:colcon.colcon_installed_package_information.package_discovery:Found 2 installed packages in /home/user/Desktop/sec_bot/install
[0.304s] DEBUG:colcon.colcon_installed_package_information.package_discovery:Found 279 installed packages in /opt/ros/humble
[0.305s] Level 1:colcon.colcon_core.package_discovery:discover_packages(prefix_path) using defaults
[0.346s] Level 5:colcon.colcon_core.verb:set package 'sec_bot' build argument 'cmake_args' from command line to 'None'
[0.346s] Level 5:colcon.colcon_core.verb:set package 'sec_bot' build argument 'cmake_target' from command line to 'None'
[0.346s] Level 5:colcon.colcon_core.verb:set package 'sec_bot' build argument 'cmake_target_skip_unavailable' from command line to 'False'
[0.346s] Level 5:colcon.colcon_core.verb:set package 'sec_bot' build argument 'cmake_clean_cache' from command line to 'False'
[0.346s] Level 5:colcon.colcon_core.verb:set package 'sec_bot' build argument 'cmake_clean_first' from command line to 'False'
[0.346s] Level 5:colcon.colcon_core.verb:set package 'sec_bot' build argument 'cmake_force_configure' from command line to 'False'
[0.346s] Level 5:colcon.colcon_core.verb:set package 'sec_bot' build argument 'ament_cmake_args' from command line to 'None'
[0.346s] Level 5:colcon.colcon_core.verb:set package 'sec_bot' build argument 'catkin_cmake_args' from command line to 'None'
[0.347s] Level 5:colcon.colcon_core.verb:set package 'sec_bot' build argument 'catkin_skip_building_tests' from command line to 'False'
[0.347s] DEBUG:colcon.colcon_core.verb:Building package 'sec_bot' with the following arguments: {'ament_cmake_args': None, 'build_base': '/home/user/Downloads/sec_bot/build/sec_bot', 'catkin_cmake_args': None, 'catkin_skip_building_tests': False, 'cmake_args': None, 'cmake_clean_cache': False, 'cmake_clean_first': False, 'cmake_force_configure': False, 'cmake_target': None, 'cmake_target_skip_unavailable': False, 'install_base': '/home/user/Downloads/sec_bot/install/sec_bot', 'merge_install': False, 'path': '/home/user/Downloads/sec_bot/src/sec_bot', 'symlink_install': False, 'test_result_base': None}
[0.347s] INFO:colcon.colcon_core.executor:Executing jobs using 'parallel' executor
[0.348s] DEBUG:colcon.colcon_parallel_executor.executor.parallel:run_until_complete
[0.348s] INFO:colcon.colcon_ros.task.ament_cmake.build:Building ROS package in '/home/user/Downloads/sec_bot/src/sec_bot' with build type 'ament_cmake'
[0.348s] INFO:colcon.colcon_cmake.task.cmake.build:Building CMake package in '/home/user/Downloads/sec_bot/src/sec_bot'
[0.350s] INFO:colcon.colcon_core.plugin_system:Skipping extension 'colcon_core.shell.bat': Not used on non-Windows systems
[0.350s] INFO:colcon.colcon_core.shell:Skip shell extension 'powershell' for command environment: Not usable outside of PowerShell
[0.350s] DEBUG:colcon.colcon_core.shell:Skip shell extension 'dsv' for command environment
[0.360s] DEBUG:colcon.colcon_core.event_handler.log_command:Invoking command in '/home/user/Downloads/sec_bot/build/sec_bot': CMAKE_PREFIX_PATH=${CMAKE_PREFIX_PATH}:/home/user/sec_bot/install/ball_tracker:/home/user/Desktop/sec_bot/install/ball_tracker:/opt/ros/humble /usr/bin/cmake /home/user/Downloads/sec_bot/src/sec_bot -DCMAKE_INSTALL_PREFIX=/home/user/Downloads/sec_bot/install/sec_bot
[1.059s] DEBUG:colcon.colcon_core.event_handler.log_command:Invoked command in '/home/user/Downloads/sec_bot/build/sec_bot' returned '0': CMAKE_PREFIX_PATH=${CMAKE_PREFIX_PATH}:/home/user/sec_bot/install/ball_tracker:/home/user/Desktop/sec_bot/install/ball_tracker:/opt/ros/humble /usr/bin/cmake /home/user/Downloads/sec_bot/src/sec_bot -DCMAKE_INSTALL_PREFIX=/home/user/Downloads/sec_bot/install/sec_bot
[1.061s] DEBUG:colcon.colcon_core.event_handler.log_command:Invoking command in '/home/user/Downloads/sec_bot/build/sec_bot': CMAKE_PREFIX_PATH=${CMAKE_PREFIX_PATH}:/home/user/sec_bot/install/ball_tracker:/home/user/Desktop/sec_bot/install/ball_tracker:/opt/ros/humble /usr/bin/cmake --build /home/user/Downloads/sec_bot/build/sec_bot -- -j8 -l8
[1.107s] DEBUG:colcon.colcon_core.event_handler.log_command:Invoked command in '/home/user/Downloads/sec_bot/build/sec_bot' returned '0': CMAKE_PREFIX_PATH=${CMAKE_PREFIX_PATH}:/home/user/sec_bot/install/ball_tracker:/home/user/Desktop/sec_bot/install/ball_tracker:/opt/ros/humble /usr/bin/cmake --build /home/user/Downloads/sec_bot/build/sec_bot -- -j8 -l8
[1.119s] DEBUG:colcon.colcon_core.event_handler.log_command:Invoking command in '/home/user/Downloads/sec_bot/build/sec_bot': CMAKE_PREFIX_PATH=${CMAKE_PREFIX_PATH}:/home/user/sec_bot/install/ball_tracker:/home/user/Desktop/sec_bot/install/ball_tracker:/opt/ros/humble /usr/bin/cmake --install /home/user/Downloads/sec_bot/build/sec_bot
[1.135s] Level 1:colcon.colcon_core.environment:create_environment_scripts_only(sec_bot)
[1.136s] DEBUG:colcon.colcon_core.event_handler.log_command:Invoked command in '/home/user/Downloads/sec_bot/build/sec_bot' returned '0': CMAKE_PREFIX_PATH=${CMAKE_PREFIX_PATH}:/home/user/sec_bot/install/ball_tracker:/home/user/Desktop/sec_bot/install/ball_tracker:/opt/ros/humble /usr/bin/cmake --install /home/user/Downloads/sec_bot/build/sec_bot
[1.139s] Level 1:colcon.colcon_core.environment:checking '/home/user/Downloads/sec_bot/install/sec_bot' for CMake module files
[1.139s] Level 1:colcon.colcon_core.environment:checking '/home/user/Downloads/sec_bot/install/sec_bot' for CMake config files
[1.140s] Level 1:colcon.colcon_core.shell:create_environment_hook('sec_bot', 'cmake_prefix_path')
[1.141s] INFO:colcon.colcon_core.shell:Creating environment hook '/home/user/Downloads/sec_bot/install/sec_bot/share/sec_bot/hook/cmake_prefix_path.ps1'
[1.142s] INFO:colcon.colcon_core.shell:Creating environment descriptor '/home/user/Downloads/sec_bot/install/sec_bot/share/sec_bot/hook/cmake_prefix_path.dsv'
[1.142s] INFO:colcon.colcon_core.shell:Creating environment hook '/home/user/Downloads/sec_bot/install/sec_bot/share/sec_bot/hook/cmake_prefix_path.sh'
[1.143s] Level 1:colcon.colcon_core.environment:checking '/home/user/Downloads/sec_bot/install/sec_bot/bin'
[1.143s] Level 1:colcon.colcon_core.environment:checking '/home/user/Downloads/sec_bot/install/sec_bot/lib/pkgconfig/sec_bot.pc'
[1.144s] Level 1:colcon.colcon_core.environment:checking '/home/user/Downloads/sec_bot/install/sec_bot/lib/python3.10/site-packages'
[1.144s] Level 1:colcon.colcon_core.environment:checking '/home/user/Downloads/sec_bot/install/sec_bot/bin'
[1.144s] INFO:colcon.colcon_core.shell:Creating package script '/home/user/Downloads/sec_bot/install/sec_bot/share/sec_bot/package.ps1'
[1.145s] INFO:colcon.colcon_core.shell:Creating package descriptor '/home/user/Downloads/sec_bot/install/sec_bot/share/sec_bot/package.dsv'
[1.146s] INFO:colcon.colcon_core.shell:Creating package script '/home/user/Downloads/sec_bot/install/sec_bot/share/sec_bot/package.sh'
[1.146s] INFO:colcon.colcon_core.shell:Creating package script '/home/user/Downloads/sec_bot/install/sec_bot/share/sec_bot/package.bash'
[1.147s] INFO:colcon.colcon_core.shell:Creating package script '/home/user/Downloads/sec_bot/install/sec_bot/share/sec_bot/package.zsh'
[1.147s] Level 1:colcon.colcon_core.environment:create_file_with_runtime_dependencies(/home/user/Downloads/sec_bot/install/sec_bot/share/colcon-core/packages/sec_bot)
[1.148s] Level 1:colcon.colcon_core.environment:create_environment_scripts_only(sec_bot)
[1.148s] Level 1:colcon.colcon_core.environment:checking '/home/user/Downloads/sec_bot/install/sec_bot' for CMake module files
[1.149s] Level 1:colcon.colcon_core.environment:checking '/home/user/Downloads/sec_bot/install/sec_bot' for CMake config files
[1.149s] Level 1:colcon.colcon_core.shell:create_environment_hook('sec_bot', 'cmake_prefix_path')
[1.150s] INFO:colcon.colcon_core.shell:Creating environment hook '/home/user/Downloads/sec_bot/install/sec_bot/share/sec_bot/hook/cmake_prefix_path.ps1'
[1.150s] INFO:colcon.colcon_core.shell:Creating environment descriptor '/home/user/Downloads/sec_bot/install/sec_bot/share/sec_bot/hook/cmake_prefix_path.dsv'
[1.150s] INFO:colcon.colcon_core.shell:Creating environment hook '/home/user/Downloads/sec_bot/install/sec_bot/share/sec_bot/hook/cmake_prefix_path.sh'
[1.151s] Level 1:colcon.colcon_core.environment:checking '/home/user/Downloads/sec_bot/install/sec_bot/bin'
[1.151s] Level 1:colcon.colcon_core.environment:checking '/home/user/Downloads/sec_bot/install/sec_bot/lib/pkgconfig/sec_bot.pc'
[1.151s] Level 1:colcon.colcon_core.environment:checking '/home/user/Downloads/sec_bot/install/sec_bot/lib/python3.10/site-packages'
[1.151s] Level 1:colcon.colcon_core.environment:checking '/home/user/Downloads/sec_bot/install/sec_bot/bin'
[1.152s] INFO:colcon.colcon_core.shell:Creating package script '/home/user/Downloads/sec_bot/install/sec_bot/share/sec_bot/package.ps1'
[1.153s] INFO:colcon.colcon_core.shell:Creating package descriptor '/home/user/Downloads/sec_bot/install/sec_bot/share/sec_bot/package.dsv'
[1.153s] INFO:colcon.colcon_core.shell:Creating package script '/home/user/Downloads/sec_bot/install/sec_bot/share/sec_bot/package.sh'
[1.153s] INFO:colcon.colcon_core.shell:Creating package script '/home/user/Downloads/sec_bot/install/sec_bot/share/sec_bot/package.bash'
[1.154s] INFO:colcon.colcon_core.shell:Creating package script '/home/user/Downloads/sec_bot/install/sec_bot/share/sec_bot/package.zsh'
[1.154s] Level 1:colcon.colcon_core.environment:create_file_with_runtime_dependencies(/home/user/Downloads/sec_bot/install/sec_bot/share/colcon-core/packages/sec_bot)
[1.154s] DEBUG:colcon.colcon_parallel_executor.executor.parallel:closing loop
[1.155s] DEBUG:colcon.colcon_parallel_executor.executor.parallel:loop closed
[1.155s] DEBUG:colcon.colcon_parallel_executor.executor.parallel:run_until_complete finished with '0'
[1.155s] DEBUG:colcon.colcon_core.event_reactor:joining thread
[1.160s] INFO:colcon.colcon_core.plugin_system:Skipping extension 'colcon_notification.desktop_notification.terminal_notifier': Not used on non-Darwin systems
[1.160s] INFO:colcon.colcon_core.plugin_system:Skipping extension 'colcon_notification.desktop_notification.win32': Not used on non-Windows systems
[1.160s] INFO:colcon.colcon_notification.desktop_notification:Sending desktop notification using 'notify2'
[1.179s] DEBUG:colcon.colcon_core.event_reactor:joined thread
[1.180s] INFO:colcon.colcon_core.shell:Creating prefix script '/home/user/Downloads/sec_bot/install/local_setup.ps1'
[1.182s] INFO:colcon.colcon_core.shell:Creating prefix util module '/home/user/Downloads/sec_bot/install/_local_setup_util_ps1.py'
[1.184s] INFO:colcon.colcon_core.shell:Creating prefix chain script '/home/user/Downloads/sec_bot/install/setup.ps1'
[1.185s] INFO:colcon.colcon_core.shell:Creating prefix script '/home/user/Downloads/sec_bot/install/local_setup.sh'
[1.186s] INFO:colcon.colcon_core.shell:Creating prefix util module '/home/user/Downloads/sec_bot/install/_local_setup_util_sh.py'
[1.186s] INFO:colcon.colcon_core.shell:Creating prefix chain script '/home/user/Downloads/sec_bot/install/setup.sh'
[1.188s] INFO:colcon.colcon_core.shell:Creating prefix script '/home/user/Downloads/sec_bot/install/local_setup.bash'
[1.188s] INFO:colcon.colcon_core.shell:Creating prefix chain script '/home/user/Downloads/sec_bot/install/setup.bash'
[1.189s] INFO:colcon.colcon_core.shell:Creating prefix script '/home/user/Downloads/sec_bot/install/local_setup.zsh'
[1.190s] INFO:colcon.colcon_core.shell:Creating prefix chain script '/home/user/Downloads/sec_bot/install/setup.zsh'
