running egg_info
creating ../build/ball_tracker/ball_tracker.egg-info
writing ../build/ball_tracker/ball_tracker.egg-info/PKG-INFO
writing dependency_links to ../build/ball_tracker/ball_tracker.egg-info/dependency_links.txt
writing entry points to ../build/ball_tracker/ball_tracker.egg-info/entry_points.txt
writing requirements to ../build/ball_tracker/ball_tracker.egg-info/requires.txt
writing top-level names to ../build/ball_tracker/ball_tracker.egg-info/top_level.txt
writing manifest file '../build/ball_tracker/ball_tracker.egg-info/SOURCES.txt'
reading manifest file '../build/ball_tracker/ball_tracker.egg-info/SOURCES.txt'
adding license file 'LICENSE'
writing manifest file '../build/ball_tracker/ball_tracker.egg-info/SOURCES.txt'
running build
running build_py
creating /home/peyton/dev_ws/src/build/ball_tracker/build
creating /home/peyton/dev_ws/src/build/ball_tracker/build/lib
creating /home/peyton/dev_ws/src/build/ball_tracker/build/lib/ball_tracker
copying ball_tracker/__init__.py -> /home/peyton/dev_ws/src/build/ball_tracker/build/lib/ball_tracker
copying ball_tracker/my_node.py -> /home/peyton/dev_ws/src/build/ball_tracker/build/lib/ball_tracker
running install
running install_lib
creating /home/peyton/dev_ws/src/install/ball_tracker/lib/python3.10/site-packages/ball_tracker
copying /home/peyton/dev_ws/src/build/ball_tracker/build/lib/ball_tracker/__init__.py -> /home/peyton/dev_ws/src/install/ball_tracker/lib/python3.10/site-packages/ball_tracker
copying /home/peyton/dev_ws/src/build/ball_tracker/build/lib/ball_tracker/my_node.py -> /home/peyton/dev_ws/src/install/ball_tracker/lib/python3.10/site-packages/ball_tracker
byte-compiling /home/peyton/dev_ws/src/install/ball_tracker/lib/python3.10/site-packages/ball_tracker/__init__.py to __init__.cpython-310.pyc
byte-compiling /home/peyton/dev_ws/src/install/ball_tracker/lib/python3.10/site-packages/ball_tracker/my_node.py to my_node.cpython-310.pyc
running install_data
creating /home/peyton/dev_ws/src/install/ball_tracker/share/ament_index
creating /home/peyton/dev_ws/src/install/ball_tracker/share/ament_index/resource_index
creating /home/peyton/dev_ws/src/install/ball_tracker/share/ament_index/resource_index/packages
copying resource/ball_tracker -> /home/peyton/dev_ws/src/install/ball_tracker/share/ament_index/resource_index/packages
copying package.xml -> /home/peyton/dev_ws/src/install/ball_tracker/share/ball_tracker
running install_egg_info
Copying ../build/ball_tracker/ball_tracker.egg-info to /home/peyton/dev_ws/src/install/ball_tracker/lib/python3.10/site-packages/ball_tracker-0.0.0-py3.10.egg-info
running install_scripts
Installing my_node script to /home/peyton/dev_ws/src/install/ball_tracker/lib/ball_tracker
writing list of installed files to '/home/peyton/dev_ws/src/build/ball_tracker/install.log'
