[0.698s] Invoking command in '/home/peyton/dev_ws/src/ball_tracker': PYTHONPATH=/home/peyton/dev_ws/src/build/ball_tracker/prefix_override:/home/peyton/.local/lib/python3.10/site-packages/colcon_core/task/python/colcon_distutils_commands:/home/peyton/dev_ws/src/install/ball_tracker/lib/python3.10/site-packages:${PYTHONPATH} /usr/bin/python3 -W ignore:setup.py install is deprecated -W ignore:easy_install command is deprecated setup.py egg_info --egg-base ../build/ball_tracker build --build-base /home/peyton/dev_ws/src/build/ball_tracker/build install --record /home/peyton/dev_ws/src/build/ball_tracker/install.log --single-version-externally-managed install_data
[0.861s] running egg_info
[0.861s] creating ../build/ball_tracker/ball_tracker.egg-info
[0.862s] writing ../build/ball_tracker/ball_tracker.egg-info/PKG-INFO
[0.862s] writing dependency_links to ../build/ball_tracker/ball_tracker.egg-info/dependency_links.txt
[0.862s] writing entry points to ../build/ball_tracker/ball_tracker.egg-info/entry_points.txt
[0.862s] writing requirements to ../build/ball_tracker/ball_tracker.egg-info/requires.txt
[0.862s] writing top-level names to ../build/ball_tracker/ball_tracker.egg-info/top_level.txt
[0.862s] writing manifest file '../build/ball_tracker/ball_tracker.egg-info/SOURCES.txt'
[0.865s] reading manifest file '../build/ball_tracker/ball_tracker.egg-info/SOURCES.txt'
[0.865s] adding license file 'LICENSE'
[0.865s] writing manifest file '../build/ball_tracker/ball_tracker.egg-info/SOURCES.txt'
[0.865s] running build
[0.865s] running build_py
[0.866s] creating /home/peyton/dev_ws/src/build/ball_tracker/build
[0.866s] creating /home/peyton/dev_ws/src/build/ball_tracker/build/lib
[0.866s] creating /home/peyton/dev_ws/src/build/ball_tracker/build/lib/ball_tracker
[0.866s] copying ball_tracker/__init__.py -> /home/peyton/dev_ws/src/build/ball_tracker/build/lib/ball_tracker
[0.866s] copying ball_tracker/my_node.py -> /home/peyton/dev_ws/src/build/ball_tracker/build/lib/ball_tracker
[0.866s] running install
[0.867s] running install_lib
[0.867s] creating /home/peyton/dev_ws/src/install/ball_tracker/lib/python3.10/site-packages/ball_tracker
[0.867s] copying /home/peyton/dev_ws/src/build/ball_tracker/build/lib/ball_tracker/__init__.py -> /home/peyton/dev_ws/src/install/ball_tracker/lib/python3.10/site-packages/ball_tracker
[0.867s] copying /home/peyton/dev_ws/src/build/ball_tracker/build/lib/ball_tracker/my_node.py -> /home/peyton/dev_ws/src/install/ball_tracker/lib/python3.10/site-packages/ball_tracker
[0.868s] byte-compiling /home/peyton/dev_ws/src/install/ball_tracker/lib/python3.10/site-packages/ball_tracker/__init__.py to __init__.cpython-310.pyc
[0.868s] byte-compiling /home/peyton/dev_ws/src/install/ball_tracker/lib/python3.10/site-packages/ball_tracker/my_node.py to my_node.cpython-310.pyc
[0.869s] running install_data
[0.869s] creating /home/peyton/dev_ws/src/install/ball_tracker/share/ament_index
[0.869s] creating /home/peyton/dev_ws/src/install/ball_tracker/share/ament_index/resource_index
[0.869s] creating /home/peyton/dev_ws/src/install/ball_tracker/share/ament_index/resource_index/packages
[0.869s] copying resource/ball_tracker -> /home/peyton/dev_ws/src/install/ball_tracker/share/ament_index/resource_index/packages
[0.869s] copying package.xml -> /home/peyton/dev_ws/src/install/ball_tracker/share/ball_tracker
[0.869s] running install_egg_info
[0.870s] Copying ../build/ball_tracker/ball_tracker.egg-info to /home/peyton/dev_ws/src/install/ball_tracker/lib/python3.10/site-packages/ball_tracker-0.0.0-py3.10.egg-info
[0.871s] running install_scripts
[0.884s] Installing my_node script to /home/peyton/dev_ws/src/install/ball_tracker/lib/ball_tracker
[0.885s] writing list of installed files to '/home/peyton/dev_ws/src/build/ball_tracker/install.log'
[0.901s] Invoked command in '/home/peyton/dev_ws/src/ball_tracker' returned '0': PYTHONPATH=/home/peyton/dev_ws/src/build/ball_tracker/prefix_override:/home/peyton/.local/lib/python3.10/site-packages/colcon_core/task/python/colcon_distutils_commands:/home/peyton/dev_ws/src/install/ball_tracker/lib/python3.10/site-packages:${PYTHONPATH} /usr/bin/python3 -W ignore:setup.py install is deprecated -W ignore:easy_install command is deprecated setup.py egg_info --egg-base ../build/ball_tracker build --build-base /home/peyton/dev_ws/src/build/ball_tracker/build install --record /home/peyton/dev_ws/src/build/ball_tracker/install.log --single-version-externally-managed install_data
