[1.136s] Invoking command in '/home/peyton/ros_ws/build/ball_tracker': PYTHONPATH=/home/peyton/ros_ws/build/ball_tracker/prefix_override:/home/peyton/.local/lib/python3.10/site-packages/colcon_core/task/python/colcon_distutils_commands:/home/peyton/ros_ws/install/ball_tracker/lib/python3.10/site-packages:${PYTHONPATH} /usr/bin/python3 -W ignore:setup.py install is deprecated -W ignore:easy_install command is deprecated setup.py develop --editable --build-directory /home/peyton/ros_ws/build/ball_tracker/build --no-deps symlink_data
[1.532s] running develop
[1.737s] running egg_info
[1.737s] writing ball_tracker.egg-info/PKG-INFO
[1.738s] writing dependency_links to ball_tracker.egg-info/dependency_links.txt
[1.738s] writing entry points to ball_tracker.egg-info/entry_points.txt
[1.739s] writing requirements to ball_tracker.egg-info/requires.txt
[1.740s] writing top-level names to ball_tracker.egg-info/top_level.txt
[1.742s] reading manifest file 'ball_tracker.egg-info/SOURCES.txt'
[1.743s] writing manifest file 'ball_tracker.egg-info/SOURCES.txt'
[1.745s] running build_ext
[1.745s] Creating /home/peyton/ros_ws/install/ball_tracker/lib/python3.10/site-packages/ball-tracker.egg-link (link to .)
[1.747s] Installing follow_ball script to /home/peyton/ros_ws/install/ball_tracker/lib/ball_tracker
[1.747s] Installing image_publisher script to /home/peyton/ros_ws/install/ball_tracker/lib/ball_tracker
[1.748s] Installing image_subscriber script to /home/peyton/ros_ws/install/ball_tracker/lib/ball_tracker
[1.748s] Installing multi_ball_tracker script to /home/peyton/ros_ws/install/ball_tracker/lib/ball_tracker
[1.748s] Installing sim_multi_ball_tracker script to /home/peyton/ros_ws/install/ball_tracker/lib/ball_tracker
[1.748s] 
[1.748s] Installed /home/peyton/ros_ws/build/ball_tracker
[1.749s] running symlink_data
