[1.391s] Invoking command in '/home/peyton/ros_ws/build/ball_tracker': PYTHONPATH=/home/peyton/ros_ws/build/ball_tracker/prefix_override:/home/peyton/.local/lib/python3.10/site-packages/colcon_core/task/python/colcon_distutils_commands:/home/peyton/ros_ws/install/ball_tracker/lib/python3.10/site-packages:${PYTHONPATH} /usr/bin/python3 -W ignore:setup.py install is deprecated -W ignore:easy_install command is deprecated setup.py develop --editable --build-directory /home/peyton/ros_ws/build/ball_tracker/build --no-deps symlink_data
[1.912s] running develop
[2.319s] running egg_info
[2.320s] writing ball_tracker.egg-info/PKG-INFO
[2.321s] writing dependency_links to ball_tracker.egg-info/dependency_links.txt
[2.321s] writing entry points to ball_tracker.egg-info/entry_points.txt
[2.321s] writing requirements to ball_tracker.egg-info/requires.txt
[2.323s] writing top-level names to ball_tracker.egg-info/top_level.txt
[2.327s] reading manifest file 'ball_tracker.egg-info/SOURCES.txt'
[2.328s] writing manifest file 'ball_tracker.egg-info/SOURCES.txt'
[2.333s] running build_ext
[2.334s] Creating /home/peyton/ros_ws/install/ball_tracker/lib/python3.10/site-packages/ball-tracker.egg-link (link to .)
[2.336s] Installing follow_ball script to /home/peyton/ros_ws/install/ball_tracker/lib/ball_tracker
[2.336s] Installing image_publisher script to /home/peyton/ros_ws/install/ball_tracker/lib/ball_tracker
[2.337s] Installing image_subscriber script to /home/peyton/ros_ws/install/ball_tracker/lib/ball_tracker
[2.337s] Installing multi_ball_tracker script to /home/peyton/ros_ws/install/ball_tracker/lib/ball_tracker
[2.338s] Installing sim_multi_ball_tracker script to /home/peyton/ros_ws/install/ball_tracker/lib/ball_tracker
[2.338s] 
[2.338s] Installed /home/peyton/ros_ws/build/ball_tracker
[2.338s] running symlink_data
[2.424s] Invoked command in '/home/peyton/ros_ws/build/ball_tracker' returned '0': PYTHONPATH=/home/peyton/ros_ws/build/ball_tracker/prefix_override:/home/peyton/.local/lib/python3.10/site-packages/colcon_core/task/python/colcon_distutils_commands:/home/peyton/ros_ws/install/ball_tracker/lib/python3.10/site-packages:${PYTHONPATH} /usr/bin/python3 -W ignore:setup.py install is deprecated -W ignore:easy_install command is deprecated setup.py develop --editable --build-directory /home/peyton/ros_ws/build/ball_tracker/build --no-deps symlink_data
