-- Install configuration: ""
-- Up-to-date: /home/peyton/dev_ws/src/install/sec_bot/share/sec_bot/config
-- Up-to-date: /home/peyton/dev_ws/src/install/sec_bot/share/sec_bot/config/empty.yaml
-- Up-to-date: /home/peyton/dev_ws/src/install/sec_bot/share/sec_bot/config/view_bot.rviz
-- Up-to-date: /home/peyton/dev_ws/src/install/sec_bot/share/sec_bot/description
-- Up-to-date: /home/peyton/dev_ws/src/install/sec_bot/share/sec_bot/description/robot.urdf.xacro
-- Up-to-date: /home/peyton/dev_ws/src/install/sec_bot/share/sec_bot/description/gazebo_control.xacro
-- Up-to-date: /home/peyton/dev_ws/src/install/sec_bot/share/sec_bot/description/inertial_macros.xacro
-- Up-to-date: /home/peyton/dev_ws/src/install/sec_bot/share/sec_bot/description/camera.xacro
-- Up-to-date: /home/peyton/dev_ws/src/install/sec_bot/share/sec_bot/description/urdf_help.txt
-- Up-to-date: /home/peyton/dev_ws/src/install/sec_bot/share/sec_bot/description/ros2_control.xacro
-- Up-to-date: /home/peyton/dev_ws/src/install/sec_bot/share/sec_bot/description/robot_core.xacro
-- Up-to-date: /home/peyton/dev_ws/src/install/sec_bot/share/sec_bot/launch
-- Up-to-date: /home/peyton/dev_ws/src/install/sec_bot/share/sec_bot/launch/rsp.launch.py
-- Up-to-date: /home/peyton/dev_ws/src/install/sec_bot/share/sec_bot/launch/ball_tracker_launch.py
-- Up-to-date: /home/peyton/dev_ws/src/install/sec_bot/share/sec_bot/launch/launch_sim.launch.py
-- Up-to-date: /home/peyton/dev_ws/src/install/sec_bot/share/sec_bot/worlds
-- Up-to-date: /home/peyton/dev_ws/src/install/sec_bot/share/sec_bot/worlds/empty.world
-- Up-to-date: /home/peyton/dev_ws/src/install/sec_bot/share/ament_index/resource_index/package_run_dependencies/sec_bot
-- Up-to-date: /home/peyton/dev_ws/src/install/sec_bot/share/ament_index/resource_index/parent_prefix_path/sec_bot
-- Up-to-date: /home/peyton/dev_ws/src/install/sec_bot/share/sec_bot/environment/ament_prefix_path.sh
-- Up-to-date: /home/peyton/dev_ws/src/install/sec_bot/share/sec_bot/environment/ament_prefix_path.dsv
-- Up-to-date: /home/peyton/dev_ws/src/install/sec_bot/share/sec_bot/environment/path.sh
-- Up-to-date: /home/peyton/dev_ws/src/install/sec_bot/share/sec_bot/environment/path.dsv
-- Up-to-date: /home/peyton/dev_ws/src/install/sec_bot/share/sec_bot/local_setup.bash
-- Up-to-date: /home/peyton/dev_ws/src/install/sec_bot/share/sec_bot/local_setup.sh
-- Up-to-date: /home/peyton/dev_ws/src/install/sec_bot/share/sec_bot/local_setup.zsh
-- Up-to-date: /home/peyton/dev_ws/src/install/sec_bot/share/sec_bot/local_setup.dsv
-- Installing: /home/peyton/dev_ws/src/install/sec_bot/share/sec_bot/package.dsv
-- Up-to-date: /home/peyton/dev_ws/src/install/sec_bot/share/ament_index/resource_index/packages/sec_bot
-- Up-to-date: /home/peyton/dev_ws/src/install/sec_bot/share/sec_bot/cmake/sec_botConfig.cmake
-- Up-to-date: /home/peyton/dev_ws/src/install/sec_bot/share/sec_bot/cmake/sec_botConfig-version.cmake
-- Up-to-date: /home/peyton/dev_ws/src/install/sec_bot/share/sec_bot/package.xml
