[0.223s] Invoking command in '/home/peyton/dev_ws/src/build/sec_bot': CMAKE_PREFIX_PATH=${CMAKE_PREFIX_PATH}:/home/peyton/dev_ws/src/install/purple_tracker:/home/peyton/dev_ws/src/install/ball_tracker:/opt/ros/humble /usr/bin/cmake --build /home/peyton/dev_ws/src/build/sec_bot -- -j12 -l12
[0.246s] Invoked command in '/home/peyton/dev_ws/src/build/sec_bot' returned '0': CMAKE_PREFIX_PATH=${CMAKE_PREFIX_PATH}:/home/peyton/dev_ws/src/install/purple_tracker:/home/peyton/dev_ws/src/install/ball_tracker:/opt/ros/humble /usr/bin/cmake --build /home/peyton/dev_ws/src/build/sec_bot -- -j12 -l12
[0.254s] Invoking command in '/home/peyton/dev_ws/src/build/sec_bot': CMAKE_PREFIX_PATH=${CMAKE_PREFIX_PATH}:/home/peyton/dev_ws/src/install/purple_tracker:/home/peyton/dev_ws/src/install/ball_tracker:/opt/ros/humble /usr/bin/cmake --install /home/peyton/dev_ws/src/build/sec_bot
[0.258s] -- Install configuration: ""
[0.258s] -- Up-to-date: /home/peyton/dev_ws/src/install/sec_bot/share/sec_bot/config
[0.259s] -- Up-to-date: /home/peyton/dev_ws/src/install/sec_bot/share/sec_bot/config/empty.yaml
[0.259s] -- Up-to-date: /home/peyton/dev_ws/src/install/sec_bot/share/sec_bot/config/view_bot.rviz
[0.259s] -- Up-to-date: /home/peyton/dev_ws/src/install/sec_bot/share/sec_bot/description
[0.259s] -- Up-to-date: /home/peyton/dev_ws/src/install/sec_bot/share/sec_bot/description/robot.urdf.xacro
[0.259s] -- Up-to-date: /home/peyton/dev_ws/src/install/sec_bot/share/sec_bot/description/gazebo_control.xacro
[0.259s] -- Up-to-date: /home/peyton/dev_ws/src/install/sec_bot/share/sec_bot/description/inertial_macros.xacro
[0.259s] -- Up-to-date: /home/peyton/dev_ws/src/install/sec_bot/share/sec_bot/description/camera.xacro
[0.260s] -- Up-to-date: /home/peyton/dev_ws/src/install/sec_bot/share/sec_bot/description/urdf_help.txt
[0.260s] -- Up-to-date: /home/peyton/dev_ws/src/install/sec_bot/share/sec_bot/description/ros2_control.xacro
[0.260s] -- Up-to-date: /home/peyton/dev_ws/src/install/sec_bot/share/sec_bot/description/robot_core.xacro
[0.260s] -- Up-to-date: /home/peyton/dev_ws/src/install/sec_bot/share/sec_bot/launch
[0.260s] -- Up-to-date: /home/peyton/dev_ws/src/install/sec_bot/share/sec_bot/launch/rsp.launch.py
[0.260s] -- Up-to-date: /home/peyton/dev_ws/src/install/sec_bot/share/sec_bot/launch/ball_tracker_launch.py
[0.260s] -- Up-to-date: /home/peyton/dev_ws/src/install/sec_bot/share/sec_bot/launch/launch_sim.launch.py
[0.260s] -- Up-to-date: /home/peyton/dev_ws/src/install/sec_bot/share/sec_bot/worlds
[0.260s] -- Up-to-date: /home/peyton/dev_ws/src/install/sec_bot/share/sec_bot/worlds/empty.world
[0.260s] -- Up-to-date: /home/peyton/dev_ws/src/install/sec_bot/share/ament_index/resource_index/package_run_dependencies/sec_bot
[0.260s] -- Up-to-date: /home/peyton/dev_ws/src/install/sec_bot/share/ament_index/resource_index/parent_prefix_path/sec_bot
[0.261s] -- Up-to-date: /home/peyton/dev_ws/src/install/sec_bot/share/sec_bot/environment/ament_prefix_path.sh
[0.262s] -- Up-to-date: /home/peyton/dev_ws/src/install/sec_bot/share/sec_bot/environment/ament_prefix_path.dsv
[0.262s] -- Up-to-date: /home/peyton/dev_ws/src/install/sec_bot/share/sec_bot/environment/path.sh
[0.262s] -- Up-to-date: /home/peyton/dev_ws/src/install/sec_bot/share/sec_bot/environment/path.dsv
[0.263s] -- Up-to-date: /home/peyton/dev_ws/src/install/sec_bot/share/sec_bot/local_setup.bash
[0.263s] -- Up-to-date: /home/peyton/dev_ws/src/install/sec_bot/share/sec_bot/local_setup.sh
[0.263s] -- Up-to-date: /home/peyton/dev_ws/src/install/sec_bot/share/sec_bot/local_setup.zsh
[0.264s] -- Up-to-date: /home/peyton/dev_ws/src/install/sec_bot/share/sec_bot/local_setup.dsv
[0.264s] -- Installing: /home/peyton/dev_ws/src/install/sec_bot/share/sec_bot/package.dsv
[0.264s] -- Up-to-date: /home/peyton/dev_ws/src/install/sec_bot/share/ament_index/resource_index/packages/sec_bot
[0.264s] -- Up-to-date: /home/peyton/dev_ws/src/install/sec_bot/share/sec_bot/cmake/sec_botConfig.cmake
[0.265s] -- Up-to-date: /home/peyton/dev_ws/src/install/sec_bot/share/sec_bot/cmake/sec_botConfig-version.cmake
[0.265s] -- Up-to-date: /home/peyton/dev_ws/src/install/sec_bot/share/sec_bot/package.xml
[0.265s] Invoked command in '/home/peyton/dev_ws/src/build/sec_bot' returned '0': CMAKE_PREFIX_PATH=${CMAKE_PREFIX_PATH}:/home/peyton/dev_ws/src/install/purple_tracker:/home/peyton/dev_ws/src/install/ball_tracker:/opt/ros/humble /usr/bin/cmake --install /home/peyton/dev_ws/src/build/sec_bot
