[0.029s] Invoking command in '/home/peyton/ros_ws/build/ORB_SLAM2': /usr/bin/cmake /home/peyton/ros_ws/sec_bot/src/orbslam2 -DCMAKE_INSTALL_PREFIX=/home/peyton/ros_ws/install/ORB_SLAM2
[0.452s] -- Using flag -std=c++11.
[0.453s] -- Found OpenCV: /usr (found version "4.5.4") 
[0.454s] -- Found OpenCV version: 4.5.4
[0.454s] -- Found Eigen3: /usr/include/eigen3 (Required is at least version "3.1.0") 
[0.454s] [0mCMake Deprecation Warning at CMakeLists.txt:1 (cmake_minimum_required):
[0.454s]   Compatibility with CMake < 2.8.12 will be removed from a future version of
[0.454s]   CMake.
[0.455s] 
[0.455s]   Update the VERSION argument <min> value or use a ...<max> suffix to tell
[0.455s]   CMake that the project does not need compatibility with older versions.
[0.455s] 
[0.455s] [0m
[0.456s] [0mBuild type: Release[0m
[1.361s] [31mCMake Error at CMakeLists.txt:40 (find_package):
[1.361s]   By not providing "FindPangolin.cmake" in CMAKE_MODULE_PATH this project has
[1.361s]   asked CMake to find a package configuration file provided by "Pangolin",
[1.361s]   but CMake did not find one.
[1.361s] 
[1.361s]   Could not find a package configuration file provided by "Pangolin" with any
[1.361s]   of the following names:
[1.362s] 
[1.362s]     PangolinConfig.cmake
[1.362s]     pangolin-config.cmake
[1.362s] 
[1.362s]   Add the installation prefix of "Pangolin" to CMAKE_PREFIX_PATH or set
[1.362s]   "Pangolin_DIR" to a directory containing one of the above files.  If
[1.362s]   "Pangolin" provides a separate development package or SDK, be sure it has
[1.362s]   been installed.
[1.362s] 
[1.362s] [0m
[1.363s] -- Configuring incomplete, errors occurred!
[1.363s] See also "/home/peyton/ros_ws/build/ORB_SLAM2/CMakeFiles/CMakeOutput.log".
[1.365s] Invoked command in '/home/peyton/ros_ws/build/ORB_SLAM2' returned '1': /usr/bin/cmake /home/peyton/ros_ws/sec_bot/src/orbslam2 -DCMAKE_INSTALL_PREFIX=/home/peyton/ros_ws/install/ORB_SLAM2
