[0.018s] Invoking command in '/home/peyton/dev_ws/src/sec_bot/build/sec_bot': CMAKE_PREFIX_PATH=/opt/ros/humble /usr/bin/cmake /home/peyton/dev_ws/src/sec_bot -DAMENT_CMAKE_SYMLINK_INSTALL=1 -DCMAKE_INSTALL_PREFIX=/home/peyton/dev_ws/src/sec_bot/install/sec_bot
[0.269s] -- The C compiler identification is GNU 11.4.0
[0.646s] -- The CXX compiler identification is GNU 11.4.0
[0.858s] -- Detecting C compiler ABI info
[0.958s] -- Detecting C compiler ABI info - done
[0.963s] -- Check for working C compiler: /usr/bin/cc - skipped
[0.964s] -- Detecting C compile features
[0.967s] -- Detecting C compile features - done
[0.971s] -- Detecting CXX compiler ABI info
[1.070s] -- Detecting CXX compiler ABI info - done
[1.076s] -- Check for working CXX compiler: /usr/bin/c++ - skipped
[1.076s] -- Detecting CXX compile features
[1.076s] -- Detecting CXX compile features - done
[1.081s] -- Found ament_cmake: 1.3.11 (/opt/ros/humble/share/ament_cmake/cmake)
[1.204s] -- Found Python3: /usr/bin/python3 (found version "3.10.12") found components: Interpreter 
[1.275s] -- Override CMake install command with custom implementation using symlinks instead of copying resources
[1.320s] -- Found ament_lint_auto: 0.12.11 (/opt/ros/humble/share/ament_lint_auto/cmake)
[1.399s] -- Added test 'copyright' to check source files copyright and LICENSE
[1.404s] -- Added test 'cppcheck' to perform static code analysis on C / C++ code
[1.404s] -- Configured cppcheck include dirs: 
[1.404s] -- Configured cppcheck exclude dirs and/or files: 
[1.407s] -- Added test 'cpplint' to check C / C++ code against the Google style
[1.408s] -- Configured cpplint exclude dirs and/or files: 
[1.409s] -- Added test 'flake8' to check Python code syntax and style conventions
[1.410s] -- Added test 'lint_cmake' to check CMake code style
[1.411s] -- Added test 'pep257' to check Python code against some of the docstring style conventions in PEP 257
[1.414s] -- Added test 'uncrustify' to check C / C++ code style
[1.414s] -- Configured uncrustify additional arguments: 
[1.415s] -- Added test 'xmllint' to check XML markup files
[1.418s] -- Configuring done
[1.420s] -- Generating done
[1.421s] -- Build files have been written to: /home/peyton/dev_ws/src/sec_bot/build/sec_bot
[1.426s] Invoked command in '/home/peyton/dev_ws/src/sec_bot/build/sec_bot' returned '0': CMAKE_PREFIX_PATH=/opt/ros/humble /usr/bin/cmake /home/peyton/dev_ws/src/sec_bot -DAMENT_CMAKE_SYMLINK_INSTALL=1 -DCMAKE_INSTALL_PREFIX=/home/peyton/dev_ws/src/sec_bot/install/sec_bot
[1.426s] Invoking command in '/home/peyton/dev_ws/src/sec_bot/build/sec_bot': CMAKE_PREFIX_PATH=/opt/ros/humble /usr/bin/cmake --build /home/peyton/dev_ws/src/sec_bot/build/sec_bot -- -j12 -l12
[1.448s] Invoked command in '/home/peyton/dev_ws/src/sec_bot/build/sec_bot' returned '0': CMAKE_PREFIX_PATH=/opt/ros/humble /usr/bin/cmake --build /home/peyton/dev_ws/src/sec_bot/build/sec_bot -- -j12 -l12
[1.454s] Invoking command in '/home/peyton/dev_ws/src/sec_bot/build/sec_bot': CMAKE_PREFIX_PATH=/opt/ros/humble /usr/bin/cmake --install /home/peyton/dev_ws/src/sec_bot/build/sec_bot
[1.457s] -- Install configuration: ""
[1.458s] -- Execute custom install script
[1.458s] -- Symlinking: /home/peyton/dev_ws/src/sec_bot/install/sec_bot/share/sec_bot/config/empty.yaml
[1.463s] -- Symlinking: /home/peyton/dev_ws/src/sec_bot/install/sec_bot/share/sec_bot/config/view_bot.rviz
[1.469s] -- Symlinking: /home/peyton/dev_ws/src/sec_bot/install/sec_bot/share/sec_bot/description/inertial_macros.xacro
[1.474s] -- Symlinking: /home/peyton/dev_ws/src/sec_bot/install/sec_bot/share/sec_bot/description/robot.urdf.xacro
[1.479s] -- Symlinking: /home/peyton/dev_ws/src/sec_bot/install/sec_bot/share/sec_bot/description/robot_core.xacro
[1.484s] -- Symlinking: /home/peyton/dev_ws/src/sec_bot/install/sec_bot/share/sec_bot/description/urdf_help.txt
[1.488s] -- Symlinking: /home/peyton/dev_ws/src/sec_bot/install/sec_bot/share/sec_bot/launch/launch_sim.launch.py
[1.494s] -- Symlinking: /home/peyton/dev_ws/src/sec_bot/install/sec_bot/share/sec_bot/launch/rsp.launch.py
[1.499s] -- Symlinking: /home/peyton/dev_ws/src/sec_bot/install/sec_bot/share/sec_bot/worlds/empty.world
[1.506s] -- Symlinking: /home/peyton/dev_ws/src/sec_bot/install/sec_bot/share/ament_index/resource_index/package_run_dependencies/sec_bot
[1.511s] -- Symlinking: /home/peyton/dev_ws/src/sec_bot/install/sec_bot/share/ament_index/resource_index/parent_prefix_path/sec_bot
[1.516s] -- Symlinking: /home/peyton/dev_ws/src/sec_bot/install/sec_bot/share/sec_bot/environment/ament_prefix_path.sh
[1.521s] -- Symlinking: /home/peyton/dev_ws/src/sec_bot/install/sec_bot/share/sec_bot/environment/ament_prefix_path.dsv
[1.526s] -- Symlinking: /home/peyton/dev_ws/src/sec_bot/install/sec_bot/share/sec_bot/environment/path.sh
[1.530s] -- Symlinking: /home/peyton/dev_ws/src/sec_bot/install/sec_bot/share/sec_bot/environment/path.dsv
[1.535s] -- Symlinking: /home/peyton/dev_ws/src/sec_bot/install/sec_bot/share/sec_bot/local_setup.bash
[1.540s] -- Symlinking: /home/peyton/dev_ws/src/sec_bot/install/sec_bot/share/sec_bot/local_setup.sh
[1.544s] -- Symlinking: /home/peyton/dev_ws/src/sec_bot/install/sec_bot/share/sec_bot/local_setup.zsh
[1.549s] -- Symlinking: /home/peyton/dev_ws/src/sec_bot/install/sec_bot/share/sec_bot/local_setup.dsv
[1.555s] -- Symlinking: /home/peyton/dev_ws/src/sec_bot/install/sec_bot/share/sec_bot/package.dsv
[1.560s] -- Symlinking: /home/peyton/dev_ws/src/sec_bot/install/sec_bot/share/ament_index/resource_index/packages/sec_bot
[1.564s] -- Symlinking: /home/peyton/dev_ws/src/sec_bot/install/sec_bot/share/sec_bot/cmake/sec_botConfig.cmake
[1.570s] -- Symlinking: /home/peyton/dev_ws/src/sec_bot/install/sec_bot/share/sec_bot/cmake/sec_botConfig-version.cmake
[1.575s] -- Symlinking: /home/peyton/dev_ws/src/sec_bot/install/sec_bot/share/sec_bot/package.xml
[1.582s] Invoked command in '/home/peyton/dev_ws/src/sec_bot/build/sec_bot' returned '0': CMAKE_PREFIX_PATH=/opt/ros/humble /usr/bin/cmake --install /home/peyton/dev_ws/src/sec_bot/build/sec_bot
