[0.762s] Invoking command in '/home/peyton/dev_ws/build/ball_tracker': PYTHONPATH=/home/peyton/dev_ws/build/ball_tracker/prefix_override:/home/peyton/.local/lib/python3.10/site-packages/colcon_core/task/python/colcon_distutils_commands:/home/peyton/dev_ws/install/ball_tracker/lib/python3.10/site-packages:${PYTHONPATH} /usr/bin/python3 -W ignore:setup.py install is deprecated -W ignore:easy_install command is deprecated setup.py develop --editable --build-directory /home/peyton/dev_ws/build/ball_tracker/build --no-deps symlink_data
[1.008s] running develop
[1.152s] running egg_info
[1.153s] writing ball_tracker.egg-info/PKG-INFO
[1.153s] writing dependency_links to ball_tracker.egg-info/dependency_links.txt
[1.153s] writing entry points to ball_tracker.egg-info/entry_points.txt
[1.153s] writing requirements to ball_tracker.egg-info/requires.txt
[1.153s] writing top-level names to ball_tracker.egg-info/top_level.txt
[1.155s] reading manifest file 'ball_tracker.egg-info/SOURCES.txt'
[1.156s] writing manifest file 'ball_tracker.egg-info/SOURCES.txt'
[1.157s] running build_ext
[1.157s] Creating /home/peyton/dev_ws/install/ball_tracker/lib/python3.10/site-packages/ball-tracker.egg-link (link to .)
[1.158s] Installing follow_ball script to /home/peyton/dev_ws/install/ball_tracker/lib/ball_tracker
[1.159s] Installing image_publisher script to /home/peyton/dev_ws/install/ball_tracker/lib/ball_tracker
[1.159s] Installing image_subscriber script to /home/peyton/dev_ws/install/ball_tracker/lib/ball_tracker
[1.159s] Installing multi_ball_tracker script to /home/peyton/dev_ws/install/ball_tracker/lib/ball_tracker
[1.159s] Installing sim_multi_ball_tracker script to /home/peyton/dev_ws/install/ball_tracker/lib/ball_tracker
[1.159s] 
[1.159s] Installed /home/peyton/dev_ws/build/ball_tracker
[1.159s] running symlink_data
[1.187s] Invoked command in '/home/peyton/dev_ws/build/ball_tracker' returned '0': PYTHONPATH=/home/peyton/dev_ws/build/ball_tracker/prefix_override:/home/peyton/.local/lib/python3.10/site-packages/colcon_core/task/python/colcon_distutils_commands:/home/peyton/dev_ws/install/ball_tracker/lib/python3.10/site-packages:${PYTHONPATH} /usr/bin/python3 -W ignore:setup.py install is deprecated -W ignore:easy_install command is deprecated setup.py develop --editable --build-directory /home/peyton/dev_ws/build/ball_tracker/build --no-deps symlink_data
