[0.592s] Invoking command in '/home/peyton/dev_ws/src/ball_tracker': PYTHONPATH=/home/peyton/dev_ws/build/ball_tracker/prefix_override:/home/peyton/.local/lib/python3.10/site-packages/colcon_core/task/python/colcon_distutils_commands:/home/peyton/dev_ws/install/ball_tracker/lib/python3.10/site-packages:${PYTHONPATH} /usr/bin/python3 -W ignore:setup.py install is deprecated -W ignore:easy_install command is deprecated setup.py egg_info --egg-base ../../build/ball_tracker build --build-base /home/peyton/dev_ws/build/ball_tracker/build install --record /home/peyton/dev_ws/build/ball_tracker/install.log --single-version-externally-managed install_data
[0.802s] running egg_info
[0.802s] writing ../../build/ball_tracker/ball_tracker.egg-info/PKG-INFO
[0.802s] writing dependency_links to ../../build/ball_tracker/ball_tracker.egg-info/dependency_links.txt
[0.802s] writing entry points to ../../build/ball_tracker/ball_tracker.egg-info/entry_points.txt
[0.803s] writing requirements to ../../build/ball_tracker/ball_tracker.egg-info/requires.txt
[0.803s] writing top-level names to ../../build/ball_tracker/ball_tracker.egg-info/top_level.txt
[0.804s] reading manifest file '../../build/ball_tracker/ball_tracker.egg-info/SOURCES.txt'
[0.804s] adding license file 'LICENSE'
[0.805s] writing manifest file '../../build/ball_tracker/ball_tracker.egg-info/SOURCES.txt'
[0.805s] running build
[0.805s] running build_py
[0.805s] copying ball_tracker/image_subscriber.py -> /home/peyton/dev_ws/build/ball_tracker/build/lib/ball_tracker
[0.807s] running install
[0.808s] running install_lib
[0.810s] copying /home/peyton/dev_ws/build/ball_tracker/build/lib/ball_tracker/image_subscriber.py -> /home/peyton/dev_ws/install/ball_tracker/lib/python3.10/site-packages/ball_tracker
[0.810s] byte-compiling /home/peyton/dev_ws/install/ball_tracker/lib/python3.10/site-packages/ball_tracker/image_subscriber.py to image_subscriber.cpython-310.pyc
[0.811s]   File "/home/peyton/dev_ws/install/ball_tracker/lib/python3.10/site-packages/ball_tracker/image_subscriber.py", line 54
[0.811s]     <package format="3">
[0.811s]     ^
[0.811s] SyntaxError: invalid syntax
[0.811s] 
[0.811s] running install_data
[0.811s] running install_egg_info
[0.812s] removing '/home/peyton/dev_ws/install/ball_tracker/lib/python3.10/site-packages/ball_tracker-0.0.0-py3.10.egg-info' (and everything under it)
[0.813s] Copying ../../build/ball_tracker/ball_tracker.egg-info to /home/peyton/dev_ws/install/ball_tracker/lib/python3.10/site-packages/ball_tracker-0.0.0-py3.10.egg-info
[0.814s] running install_scripts
[0.832s] Installing image_publisher script to /home/peyton/dev_ws/install/ball_tracker/lib/ball_tracker
[0.832s] Installing image_subscriber script to /home/peyton/dev_ws/install/ball_tracker/lib/ball_tracker
[0.833s] writing list of installed files to '/home/peyton/dev_ws/build/ball_tracker/install.log'
[0.860s] Invoked command in '/home/peyton/dev_ws/src/ball_tracker' returned '0': PYTHONPATH=/home/peyton/dev_ws/build/ball_tracker/prefix_override:/home/peyton/.local/lib/python3.10/site-packages/colcon_core/task/python/colcon_distutils_commands:/home/peyton/dev_ws/install/ball_tracker/lib/python3.10/site-packages:${PYTHONPATH} /usr/bin/python3 -W ignore:setup.py install is deprecated -W ignore:easy_install command is deprecated setup.py egg_info --egg-base ../../build/ball_tracker build --build-base /home/peyton/dev_ws/build/ball_tracker/build install --record /home/peyton/dev_ws/build/ball_tracker/install.log --single-version-externally-managed install_data
