[0.227s] Invoking command in '/home/peyton/dev_ws/src/build/sec_bot': CMAKE_PREFIX_PATH=${CMAKE_PREFIX_PATH}:/home/peyton/dev_ws/src/install/purple_tracker:/home/peyton/dev_ws/src/install/ball_tracker:/opt/ros/humble /usr/bin/cmake /home/peyton/dev_ws/src/sec_bot -DAMENT_CMAKE_SYMLINK_INSTALL=1 -DCMAKE_INSTALL_PREFIX=/home/peyton/dev_ws/src/install/sec_bot
[0.241s] -- Found ament_cmake: 1.3.11 (/opt/ros/humble/share/ament_cmake/cmake)
[0.359s] -- Override CMake install command with custom implementation using symlinks instead of copying resources
[0.387s] -- Found ament_lint_auto: 0.12.11 (/opt/ros/humble/share/ament_lint_auto/cmake)
[0.472s] -- Added test 'copyright' to check source files copyright and LICENSE
[0.481s] -- Added test 'cppcheck' to perform static code analysis on C / C++ code
[0.481s] -- Configured cppcheck include dirs: 
[0.481s] -- Configured cppcheck exclude dirs and/or files: 
[0.489s] -- Added test 'cpplint' to check C / C++ code against the Google style
[0.489s] -- Configured cpplint exclude dirs and/or files: 
[0.490s] -- Added test 'flake8' to check Python code syntax and style conventions
[0.493s] -- Added test 'lint_cmake' to check CMake code style
[0.494s] -- Added test 'pep257' to check Python code against some of the docstring style conventions in PEP 257
[0.502s] -- Added test 'uncrustify' to check C / C++ code style
[0.502s] -- Configured uncrustify additional arguments: 
[0.503s] -- Added test 'xmllint' to check XML markup files
[0.506s] -- Configuring done
[0.516s] -- Generating done
[0.517s] -- Build files have been written to: /home/peyton/dev_ws/src/build/sec_bot
[0.520s] Invoked command in '/home/peyton/dev_ws/src/build/sec_bot' returned '0': CMAKE_PREFIX_PATH=${CMAKE_PREFIX_PATH}:/home/peyton/dev_ws/src/install/purple_tracker:/home/peyton/dev_ws/src/install/ball_tracker:/opt/ros/humble /usr/bin/cmake /home/peyton/dev_ws/src/sec_bot -DAMENT_CMAKE_SYMLINK_INSTALL=1 -DCMAKE_INSTALL_PREFIX=/home/peyton/dev_ws/src/install/sec_bot
[0.523s] Invoking command in '/home/peyton/dev_ws/src/build/sec_bot': CMAKE_PREFIX_PATH=${CMAKE_PREFIX_PATH}:/home/peyton/dev_ws/src/install/purple_tracker:/home/peyton/dev_ws/src/install/ball_tracker:/opt/ros/humble /usr/bin/cmake --build /home/peyton/dev_ws/src/build/sec_bot -- -j12 -l12
[0.552s] Invoked command in '/home/peyton/dev_ws/src/build/sec_bot' returned '0': CMAKE_PREFIX_PATH=${CMAKE_PREFIX_PATH}:/home/peyton/dev_ws/src/install/purple_tracker:/home/peyton/dev_ws/src/install/ball_tracker:/opt/ros/humble /usr/bin/cmake --build /home/peyton/dev_ws/src/build/sec_bot -- -j12 -l12
[0.559s] Invoking command in '/home/peyton/dev_ws/src/build/sec_bot': CMAKE_PREFIX_PATH=${CMAKE_PREFIX_PATH}:/home/peyton/dev_ws/src/install/purple_tracker:/home/peyton/dev_ws/src/install/ball_tracker:/opt/ros/humble /usr/bin/cmake --install /home/peyton/dev_ws/src/build/sec_bot
[0.566s] -- Install configuration: ""
[0.566s] -- Execute custom install script
[0.566s] -- Symlinking: /home/peyton/dev_ws/src/install/sec_bot/share/sec_bot/config/empty.yaml
[0.572s] -- Symlinking: /home/peyton/dev_ws/src/install/sec_bot/share/sec_bot/config/view_bot.rviz
[0.578s] -- Symlinking: /home/peyton/dev_ws/src/install/sec_bot/share/sec_bot/description/camera.xacro
[0.585s] -- Symlinking: /home/peyton/dev_ws/src/install/sec_bot/share/sec_bot/description/gazebo_control.xacro
[0.590s] -- Symlinking: /home/peyton/dev_ws/src/install/sec_bot/share/sec_bot/description/inertial_macros.xacro
[0.596s] -- Symlinking: /home/peyton/dev_ws/src/install/sec_bot/share/sec_bot/description/robot.urdf.xacro
[0.602s] -- Symlinking: /home/peyton/dev_ws/src/install/sec_bot/share/sec_bot/description/robot_core.xacro
[0.608s] -- Symlinking: /home/peyton/dev_ws/src/install/sec_bot/share/sec_bot/description/ros2_control.xacro
[0.616s] -- Symlinking: /home/peyton/dev_ws/src/install/sec_bot/share/sec_bot/description/urdf_help.txt
[0.622s] -- Symlinking: /home/peyton/dev_ws/src/install/sec_bot/share/sec_bot/launch/ball_tracker_launch.py
[0.627s] -- Symlinking: /home/peyton/dev_ws/src/install/sec_bot/share/sec_bot/launch/launch_sim.launch.py
[0.633s] -- Symlinking: /home/peyton/dev_ws/src/install/sec_bot/share/sec_bot/launch/rsp.launch.py
[0.639s] -- Symlinking: /home/peyton/dev_ws/src/install/sec_bot/share/sec_bot/worlds/empty.world
[0.644s] -- Symlinking: /home/peyton/dev_ws/src/install/sec_bot/share/ament_index/resource_index/package_run_dependencies/sec_bot
[0.652s] -- Symlinking: /home/peyton/dev_ws/src/install/sec_bot/share/ament_index/resource_index/parent_prefix_path/sec_bot
[0.657s] -- Symlinking: /home/peyton/dev_ws/src/install/sec_bot/share/sec_bot/environment/ament_prefix_path.sh
[0.663s] -- Symlinking: /home/peyton/dev_ws/src/install/sec_bot/share/sec_bot/environment/ament_prefix_path.dsv
[0.668s] -- Symlinking: /home/peyton/dev_ws/src/install/sec_bot/share/sec_bot/environment/path.sh
[0.674s] -- Symlinking: /home/peyton/dev_ws/src/install/sec_bot/share/sec_bot/environment/path.dsv
[0.681s] -- Symlinking: /home/peyton/dev_ws/src/install/sec_bot/share/sec_bot/local_setup.bash
[0.687s] -- Symlinking: /home/peyton/dev_ws/src/install/sec_bot/share/sec_bot/local_setup.sh
[0.692s] -- Symlinking: /home/peyton/dev_ws/src/install/sec_bot/share/sec_bot/local_setup.zsh
[0.698s] -- Symlinking: /home/peyton/dev_ws/src/install/sec_bot/share/sec_bot/local_setup.dsv
[0.705s] -- Symlinking: /home/peyton/dev_ws/src/install/sec_bot/share/sec_bot/package.dsv
[0.711s] -- Symlinking: /home/peyton/dev_ws/src/install/sec_bot/share/ament_index/resource_index/packages/sec_bot
[0.717s] -- Symlinking: /home/peyton/dev_ws/src/install/sec_bot/share/sec_bot/cmake/sec_botConfig.cmake
[0.725s] -- Symlinking: /home/peyton/dev_ws/src/install/sec_bot/share/sec_bot/cmake/sec_botConfig-version.cmake
[0.730s] -- Symlinking: /home/peyton/dev_ws/src/install/sec_bot/share/sec_bot/package.xml
[0.738s] Invoked command in '/home/peyton/dev_ws/src/build/sec_bot' returned '0': CMAKE_PREFIX_PATH=${CMAKE_PREFIX_PATH}:/home/peyton/dev_ws/src/install/purple_tracker:/home/peyton/dev_ws/src/install/ball_tracker:/opt/ros/humble /usr/bin/cmake --install /home/peyton/dev_ws/src/build/sec_bot
