running egg_info
writing build/ball_tracker/ball_tracker.egg-info/PKG-INFO
writing dependency_links to build/ball_tracker/ball_tracker.egg-info/dependency_links.txt
writing entry points to build/ball_tracker/ball_tracker.egg-info/entry_points.txt
writing requirements to build/ball_tracker/ball_tracker.egg-info/requires.txt
writing top-level names to build/ball_tracker/ball_tracker.egg-info/top_level.txt
reading manifest file 'build/ball_tracker/ball_tracker.egg-info/SOURCES.txt'
adding license file 'LICENSE'
writing manifest file 'build/ball_tracker/ball_tracker.egg-info/SOURCES.txt'
running build
running build_py
copying ball_tracker/image_publisher.py -> /home/peyton/dev_ws/src/ball_tracker/build/ball_tracker/build/lib/ball_tracker
copying ball_tracker/multi_ball_tracker.py -> /home/peyton/dev_ws/src/ball_tracker/build/ball_tracker/build/lib/ball_tracker
copying ball_tracker/image_subscriber.py -> /home/peyton/dev_ws/src/ball_tracker/build/ball_tracker/build/lib/ball_tracker
running install
running install_lib
copying /home/peyton/dev_ws/src/ball_tracker/build/ball_tracker/build/lib/ball_tracker/image_publisher.py -> /home/peyton/dev_ws/src/ball_tracker/install/ball_tracker/lib/python3.10/site-packages/ball_tracker
copying /home/peyton/dev_ws/src/ball_tracker/build/ball_tracker/build/lib/ball_tracker/multi_ball_tracker.py -> /home/peyton/dev_ws/src/ball_tracker/install/ball_tracker/lib/python3.10/site-packages/ball_tracker
copying /home/peyton/dev_ws/src/ball_tracker/build/ball_tracker/build/lib/ball_tracker/image_subscriber.py -> /home/peyton/dev_ws/src/ball_tracker/install/ball_tracker/lib/python3.10/site-packages/ball_tracker
byte-compiling /home/peyton/dev_ws/src/ball_tracker/install/ball_tracker/lib/python3.10/site-packages/ball_tracker/image_publisher.py to image_publisher.cpython-310.pyc
byte-compiling /home/peyton/dev_ws/src/ball_tracker/install/ball_tracker/lib/python3.10/site-packages/ball_tracker/multi_ball_tracker.py to multi_ball_tracker.cpython-310.pyc
byte-compiling /home/peyton/dev_ws/src/ball_tracker/install/ball_tracker/lib/python3.10/site-packages/ball_tracker/image_subscriber.py to image_subscriber.cpython-310.pyc
running install_data
running install_egg_info
removing '/home/peyton/dev_ws/src/ball_tracker/install/ball_tracker/lib/python3.10/site-packages/ball_tracker-0.0.0-py3.10.egg-info' (and everything under it)
Copying build/ball_tracker/ball_tracker.egg-info to /home/peyton/dev_ws/src/ball_tracker/install/ball_tracker/lib/python3.10/site-packages/ball_tracker-0.0.0-py3.10.egg-info
running install_scripts
Installing detect_ball script to /home/peyton/dev_ws/src/ball_tracker/install/ball_tracker/lib/ball_tracker
Installing detect_ball_3d script to /home/peyton/dev_ws/src/ball_tracker/install/ball_tracker/lib/ball_tracker
Installing follow_ball script to /home/peyton/dev_ws/src/ball_tracker/install/ball_tracker/lib/ball_tracker
writing list of installed files to '/home/peyton/dev_ws/src/ball_tracker/build/ball_tracker/install.log'
