[0.452s] Invoking command in '/home/peyton/dev_ws/src/ball_tracker': PYTHONPATH=/home/peyton/dev_ws/src/ball_tracker/build/ball_tracker/prefix_override:/home/peyton/.local/lib/python3.10/site-packages/colcon_core/task/python/colcon_distutils_commands:/home/peyton/dev_ws/src/ball_tracker/install/ball_tracker/lib/python3.10/site-packages:${PYTHONPATH} /usr/bin/python3 -W ignore:setup.py install is deprecated -W ignore:easy_install command is deprecated setup.py egg_info --egg-base build/ball_tracker build --build-base /home/peyton/dev_ws/src/ball_tracker/build/ball_tracker/build install --record /home/peyton/dev_ws/src/ball_tracker/build/ball_tracker/install.log --single-version-externally-managed install_data
[0.645s] running egg_info
[0.647s] writing build/ball_tracker/ball_tracker.egg-info/PKG-INFO
[0.647s] writing dependency_links to build/ball_tracker/ball_tracker.egg-info/dependency_links.txt
[0.649s] writing entry points to build/ball_tracker/ball_tracker.egg-info/entry_points.txt
[0.649s] writing requirements to build/ball_tracker/ball_tracker.egg-info/requires.txt
[0.649s] writing top-level names to build/ball_tracker/ball_tracker.egg-info/top_level.txt
[0.650s] reading manifest file 'build/ball_tracker/ball_tracker.egg-info/SOURCES.txt'
[0.651s] adding license file 'LICENSE'
[0.651s] writing manifest file 'build/ball_tracker/ball_tracker.egg-info/SOURCES.txt'
[0.652s] running build
[0.652s] running build_py
[0.652s] copying ball_tracker/image_publisher.py -> /home/peyton/dev_ws/src/ball_tracker/build/ball_tracker/build/lib/ball_tracker
[0.653s] copying ball_tracker/multi_ball_tracker.py -> /home/peyton/dev_ws/src/ball_tracker/build/ball_tracker/build/lib/ball_tracker
[0.653s] copying ball_tracker/image_subscriber.py -> /home/peyton/dev_ws/src/ball_tracker/build/ball_tracker/build/lib/ball_tracker
[0.653s] running install
[0.654s] running install_lib
[0.654s] copying /home/peyton/dev_ws/src/ball_tracker/build/ball_tracker/build/lib/ball_tracker/image_publisher.py -> /home/peyton/dev_ws/src/ball_tracker/install/ball_tracker/lib/python3.10/site-packages/ball_tracker
[0.655s] copying /home/peyton/dev_ws/src/ball_tracker/build/ball_tracker/build/lib/ball_tracker/multi_ball_tracker.py -> /home/peyton/dev_ws/src/ball_tracker/install/ball_tracker/lib/python3.10/site-packages/ball_tracker
[0.655s] copying /home/peyton/dev_ws/src/ball_tracker/build/ball_tracker/build/lib/ball_tracker/image_subscriber.py -> /home/peyton/dev_ws/src/ball_tracker/install/ball_tracker/lib/python3.10/site-packages/ball_tracker
[0.656s] byte-compiling /home/peyton/dev_ws/src/ball_tracker/install/ball_tracker/lib/python3.10/site-packages/ball_tracker/image_publisher.py to image_publisher.cpython-310.pyc
[0.658s] byte-compiling /home/peyton/dev_ws/src/ball_tracker/install/ball_tracker/lib/python3.10/site-packages/ball_tracker/multi_ball_tracker.py to multi_ball_tracker.cpython-310.pyc
[0.659s] byte-compiling /home/peyton/dev_ws/src/ball_tracker/install/ball_tracker/lib/python3.10/site-packages/ball_tracker/image_subscriber.py to image_subscriber.cpython-310.pyc
[0.659s]   File "/home/peyton/dev_ws/src/ball_tracker/install/ball_tracker/lib/python3.10/site-packages/ball_tracker/image_subscriber.py", line 54
[0.659s]     <?xml version="1.0"?>
[0.659s]     ^
[0.659s] SyntaxError: invalid syntax
[0.659s] 
[0.659s] running install_data
[0.659s] running install_egg_info
[0.660s] removing '/home/peyton/dev_ws/src/ball_tracker/install/ball_tracker/lib/python3.10/site-packages/ball_tracker-0.0.0-py3.10.egg-info' (and everything under it)
[0.661s] Copying build/ball_tracker/ball_tracker.egg-info to /home/peyton/dev_ws/src/ball_tracker/install/ball_tracker/lib/python3.10/site-packages/ball_tracker-0.0.0-py3.10.egg-info
[0.663s] running install_scripts
[0.677s] Installing detect_ball script to /home/peyton/dev_ws/src/ball_tracker/install/ball_tracker/lib/ball_tracker
[0.678s] Installing detect_ball_3d script to /home/peyton/dev_ws/src/ball_tracker/install/ball_tracker/lib/ball_tracker
[0.678s] Installing follow_ball script to /home/peyton/dev_ws/src/ball_tracker/install/ball_tracker/lib/ball_tracker
[0.678s] writing list of installed files to '/home/peyton/dev_ws/src/ball_tracker/build/ball_tracker/install.log'
[0.694s] Invoked command in '/home/peyton/dev_ws/src/ball_tracker' returned '0': PYTHONPATH=/home/peyton/dev_ws/src/ball_tracker/build/ball_tracker/prefix_override:/home/peyton/.local/lib/python3.10/site-packages/colcon_core/task/python/colcon_distutils_commands:/home/peyton/dev_ws/src/ball_tracker/install/ball_tracker/lib/python3.10/site-packages:${PYTHONPATH} /usr/bin/python3 -W ignore:setup.py install is deprecated -W ignore:easy_install command is deprecated setup.py egg_info --egg-base build/ball_tracker build --build-base /home/peyton/dev_ws/src/ball_tracker/build/ball_tracker/build install --record /home/peyton/dev_ws/src/ball_tracker/build/ball_tracker/install.log --single-version-externally-managed install_data
