[0.562s] Invoking command in '/home/peyton/dev_ws/src/ball_tracker': PYTHONPATH=/home/peyton/dev_ws/build/ball_tracker/prefix_override:/home/peyton/.local/lib/python3.10/site-packages/colcon_core/task/python/colcon_distutils_commands:/home/peyton/dev_ws/install/ball_tracker/lib/python3.10/site-packages:${PYTHONPATH} /usr/bin/python3 -W ignore:setup.py install is deprecated -W ignore:easy_install command is deprecated setup.py egg_info --egg-base ../../build/ball_tracker build --build-base /home/peyton/dev_ws/build/ball_tracker/build install --record /home/peyton/dev_ws/build/ball_tracker/install.log --single-version-externally-managed install_data
[0.752s] running egg_info
[0.752s] writing ../../build/ball_tracker/ball_tracker.egg-info/PKG-INFO
[0.753s] writing dependency_links to ../../build/ball_tracker/ball_tracker.egg-info/dependency_links.txt
[0.753s] writing entry points to ../../build/ball_tracker/ball_tracker.egg-info/entry_points.txt
[0.753s] writing requirements to ../../build/ball_tracker/ball_tracker.egg-info/requires.txt
[0.753s] writing top-level names to ../../build/ball_tracker/ball_tracker.egg-info/top_level.txt
[0.754s] reading manifest file '../../build/ball_tracker/ball_tracker.egg-info/SOURCES.txt'
[0.754s] adding license file 'LICENSE'
[0.755s] writing manifest file '../../build/ball_tracker/ball_tracker.egg-info/SOURCES.txt'
[0.755s] running build
[0.755s] running build_py
[0.755s] copying ball_tracker/follow_ball.py -> /home/peyton/dev_ws/build/ball_tracker/build/lib/ball_tracker
[0.756s] running install
[0.756s] running install_lib
[0.756s] copying /home/peyton/dev_ws/build/ball_tracker/build/lib/ball_tracker/follow_ball.py -> /home/peyton/dev_ws/install/ball_tracker/lib/python3.10/site-packages/ball_tracker
[0.757s] byte-compiling /home/peyton/dev_ws/install/ball_tracker/lib/python3.10/site-packages/ball_tracker/follow_ball.py to follow_ball.cpython-310.pyc
[0.758s] running install_data
[0.758s] running install_egg_info
[0.760s] removing '/home/peyton/dev_ws/install/ball_tracker/lib/python3.10/site-packages/ball_tracker-0.0.0-py3.10.egg-info' (and everything under it)
[0.760s] Copying ../../build/ball_tracker/ball_tracker.egg-info to /home/peyton/dev_ws/install/ball_tracker/lib/python3.10/site-packages/ball_tracker-0.0.0-py3.10.egg-info
[0.761s] running install_scripts
[0.778s] Installing follow_ball script to /home/peyton/dev_ws/install/ball_tracker/lib/ball_tracker
[0.779s] Installing image_publisher script to /home/peyton/dev_ws/install/ball_tracker/lib/ball_tracker
[0.779s] Installing image_subscriber script to /home/peyton/dev_ws/install/ball_tracker/lib/ball_tracker
[0.779s] Installing multi_ball_tracker script to /home/peyton/dev_ws/install/ball_tracker/lib/ball_tracker
[0.779s] Installing sim_multi_ball_tracker script to /home/peyton/dev_ws/install/ball_tracker/lib/ball_tracker
[0.779s] writing list of installed files to '/home/peyton/dev_ws/build/ball_tracker/install.log'
[0.810s] Invoked command in '/home/peyton/dev_ws/src/ball_tracker' returned '0': PYTHONPATH=/home/peyton/dev_ws/build/ball_tracker/prefix_override:/home/peyton/.local/lib/python3.10/site-packages/colcon_core/task/python/colcon_distutils_commands:/home/peyton/dev_ws/install/ball_tracker/lib/python3.10/site-packages:${PYTHONPATH} /usr/bin/python3 -W ignore:setup.py install is deprecated -W ignore:easy_install command is deprecated setup.py egg_info --egg-base ../../build/ball_tracker build --build-base /home/peyton/dev_ws/build/ball_tracker/build install --record /home/peyton/dev_ws/build/ball_tracker/install.log --single-version-externally-managed install_data
