[0.171s] DEBUG:colcon:Command line arguments: ['/home/peyton/.local/bin/colcon', 'build', '--packages-select', 'ORB_SLAM2', '--symlink-install', '--cmake-args', '-DCMAKE_BUILD_TYPE=Release', '-DOpenCV_DIR=/usr/lib/x86_64-linux-gnu/cmake/opencv4', '-DCMAKE_PREFIX_PATH=/usr/local/lib/cmake']
[0.172s] DEBUG:colcon:Parsed command line arguments: Namespace(log_base=None, log_level=None, verb_name='build', build_base='build', install_base='install', merge_install=False, symlink_install=True, test_result_base=None, continue_on_error=False, executor='parallel', parallel_workers=12, event_handlers=None, ignore_user_meta=False, metas=['./colcon.meta'], base_paths=['.'], packages_ignore=None, packages_ignore_regex=None, paths=None, packages_up_to=None, packages_up_to_regex=None, packages_above=None, packages_above_and_dependencies=None, packages_above_depth=None, packages_select_by_dep=None, packages_skip_by_dep=None, packages_skip_up_to=None, packages_select_build_failed=False, packages_skip_build_finished=False, packages_select_test_failures=False, packages_skip_test_passed=False, packages_select=['ORB_SLAM2'], packages_skip=None, packages_select_regex=None, packages_skip_regex=None, packages_start=None, packages_end=None, allow_overriding=[], cmake_args=['-DCMAKE_BUILD_TYPE=Release', '-DOpenCV_DIR=/usr/lib/x86_64-linux-gnu/cmake/opencv4', '-DCMAKE_PREFIX_PATH=/usr/local/lib/cmake'], cmake_target=None, cmake_target_skip_unavailable=False, cmake_clean_cache=False, cmake_clean_first=False, cmake_force_configure=False, ament_cmake_args=None, catkin_cmake_args=None, catkin_skip_building_tests=False, mixin_files=None, mixin=None, verb_parser=<colcon_mixin.mixin.mixin_argument.MixinArgumentDecorator object at 0x7f8f9a42ccd0>, verb_extension=<colcon_core.verb.build.BuildVerb object at 0x7f8f9a42c700>, main=<bound method BuildVerb.main of <colcon_core.verb.build.BuildVerb object at 0x7f8f9a42c700>>, mixin_verb=('build',))
[0.314s] Level 1:colcon.colcon_core.package_discovery:discover_packages(colcon_meta) check parameters
[0.315s] Level 1:colcon.colcon_core.package_discovery:discover_packages(recursive) check parameters
[0.315s] Level 1:colcon.colcon_core.package_discovery:discover_packages(ignore) check parameters
[0.315s] Level 1:colcon.colcon_core.package_discovery:discover_packages(path) check parameters
[0.315s] Level 1:colcon.colcon_core.package_discovery:discover_packages(colcon_meta) discover
[0.315s] Level 1:colcon.colcon_core.package_discovery:discover_packages(recursive) discover
[0.315s] INFO:colcon.colcon_core.package_discovery:Crawling recursively for packages in '/home/peyton/ros_ws'
[0.315s] Level 1:colcon.colcon_core.package_identification:_identify(.) by extensions ['ignore', 'ignore_ament_install']
[0.315s] Level 1:colcon.colcon_core.package_identification:_identify(.) by extension 'ignore'
[0.315s] Level 1:colcon.colcon_core.package_identification:_identify(.) by extension 'ignore_ament_install'
[0.315s] Level 1:colcon.colcon_core.package_identification:_identify(.) by extensions ['colcon_pkg']
[0.315s] Level 1:colcon.colcon_core.package_identification:_identify(.) by extension 'colcon_pkg'
[0.315s] Level 1:colcon.colcon_core.package_identification:_identify(.) by extensions ['colcon_meta']
[0.315s] Level 1:colcon.colcon_core.package_identification:_identify(.) by extension 'colcon_meta'
[0.315s] Level 1:colcon.colcon_core.package_identification:_identify(.) by extensions ['ros']
[0.315s] Level 1:colcon.colcon_core.package_identification:_identify(.) by extension 'ros'
[0.326s] Level 1:colcon.colcon_core.package_identification:_identify(.) by extensions ['cmake', 'python']
[0.326s] Level 1:colcon.colcon_core.package_identification:_identify(.) by extension 'cmake'
[0.326s] Level 1:colcon.colcon_core.package_identification:_identify(.) by extension 'python'
[0.326s] Level 1:colcon.colcon_core.package_identification:_identify(.) by extensions ['python_setup_py']
[0.326s] Level 1:colcon.colcon_core.package_identification:_identify(.) by extension 'python_setup_py'
[0.326s] Level 1:colcon.colcon_core.package_identification:_identify(build) by extensions ['ignore', 'ignore_ament_install']
[0.326s] Level 1:colcon.colcon_core.package_identification:_identify(build) by extension 'ignore'
[0.326s] Level 1:colcon.colcon_core.package_identification:_identify(build) ignored
[0.326s] Level 1:colcon.colcon_core.package_identification:_identify(install) by extensions ['ignore', 'ignore_ament_install']
[0.326s] Level 1:colcon.colcon_core.package_identification:_identify(install) by extension 'ignore'
[0.326s] Level 1:colcon.colcon_core.package_identification:_identify(install) ignored
[0.326s] Level 1:colcon.colcon_core.package_identification:_identify(log) by extensions ['ignore', 'ignore_ament_install']
[0.327s] Level 1:colcon.colcon_core.package_identification:_identify(log) by extension 'ignore'
[0.327s] Level 1:colcon.colcon_core.package_identification:_identify(log) ignored
[0.327s] Level 1:colcon.colcon_core.package_identification:_identify(sec_bot) by extensions ['ignore', 'ignore_ament_install']
[0.327s] Level 1:colcon.colcon_core.package_identification:_identify(sec_bot) by extension 'ignore'
[0.327s] Level 1:colcon.colcon_core.package_identification:_identify(sec_bot) by extension 'ignore_ament_install'
[0.327s] Level 1:colcon.colcon_core.package_identification:_identify(sec_bot) by extensions ['colcon_pkg']
[0.327s] Level 1:colcon.colcon_core.package_identification:_identify(sec_bot) by extension 'colcon_pkg'
[0.327s] Level 1:colcon.colcon_core.package_identification:_identify(sec_bot) by extensions ['colcon_meta']
[0.327s] Level 1:colcon.colcon_core.package_identification:_identify(sec_bot) by extension 'colcon_meta'
[0.327s] Level 1:colcon.colcon_core.package_identification:_identify(sec_bot) by extensions ['ros']
[0.327s] Level 1:colcon.colcon_core.package_identification:_identify(sec_bot) by extension 'ros'
[0.327s] Level 1:colcon.colcon_core.package_identification:_identify(sec_bot) by extensions ['cmake', 'python']
[0.327s] Level 1:colcon.colcon_core.package_identification:_identify(sec_bot) by extension 'cmake'
[0.327s] Level 1:colcon.colcon_core.package_identification:_identify(sec_bot) by extension 'python'
[0.327s] Level 1:colcon.colcon_core.package_identification:_identify(sec_bot) by extensions ['python_setup_py']
[0.327s] Level 1:colcon.colcon_core.package_identification:_identify(sec_bot) by extension 'python_setup_py'
[0.327s] Level 1:colcon.colcon_core.package_identification:_identify(sec_bot/src) by extensions ['ignore', 'ignore_ament_install']
[0.327s] Level 1:colcon.colcon_core.package_identification:_identify(sec_bot/src) by extension 'ignore'
[0.328s] Level 1:colcon.colcon_core.package_identification:_identify(sec_bot/src) by extension 'ignore_ament_install'
[0.328s] Level 1:colcon.colcon_core.package_identification:_identify(sec_bot/src) by extensions ['colcon_pkg']
[0.328s] Level 1:colcon.colcon_core.package_identification:_identify(sec_bot/src) by extension 'colcon_pkg'
[0.328s] Level 1:colcon.colcon_core.package_identification:_identify(sec_bot/src) by extensions ['colcon_meta']
[0.328s] Level 1:colcon.colcon_core.package_identification:_identify(sec_bot/src) by extension 'colcon_meta'
[0.328s] Level 1:colcon.colcon_core.package_identification:_identify(sec_bot/src) by extensions ['ros']
[0.328s] Level 1:colcon.colcon_core.package_identification:_identify(sec_bot/src) by extension 'ros'
[0.328s] Level 1:colcon.colcon_core.package_identification:_identify(sec_bot/src) by extensions ['cmake', 'python']
[0.328s] Level 1:colcon.colcon_core.package_identification:_identify(sec_bot/src) by extension 'cmake'
[0.329s] Level 1:colcon.colcon_core.package_identification:_identify(sec_bot/src) by extension 'python'
[0.329s] Level 1:colcon.colcon_core.package_identification:_identify(sec_bot/src) by extensions ['python_setup_py']
[0.329s] Level 1:colcon.colcon_core.package_identification:_identify(sec_bot/src) by extension 'python_setup_py'
[0.329s] Level 1:colcon.colcon_core.package_identification:_identify(sec_bot/src/ORB_SLAM2) by extensions ['ignore', 'ignore_ament_install']
[0.329s] Level 1:colcon.colcon_core.package_identification:_identify(sec_bot/src/ORB_SLAM2) by extension 'ignore'
[0.330s] Level 1:colcon.colcon_core.package_identification:_identify(sec_bot/src/ORB_SLAM2) by extension 'ignore_ament_install'
[0.330s] Level 1:colcon.colcon_core.package_identification:_identify(sec_bot/src/ORB_SLAM2) by extensions ['colcon_pkg']
[0.330s] Level 1:colcon.colcon_core.package_identification:_identify(sec_bot/src/ORB_SLAM2) by extension 'colcon_pkg'
[0.330s] Level 1:colcon.colcon_core.package_identification:_identify(sec_bot/src/ORB_SLAM2) by extensions ['colcon_meta']
[0.330s] Level 1:colcon.colcon_core.package_identification:_identify(sec_bot/src/ORB_SLAM2) by extension 'colcon_meta'
[0.330s] Level 1:colcon.colcon_core.package_identification:_identify(sec_bot/src/ORB_SLAM2) by extensions ['ros']
[0.330s] Level 1:colcon.colcon_core.package_identification:_identify(sec_bot/src/ORB_SLAM2) by extension 'ros'
[0.330s] Level 1:colcon.colcon_core.package_identification:_identify(sec_bot/src/ORB_SLAM2) by extensions ['cmake', 'python']
[0.330s] Level 1:colcon.colcon_core.package_identification:_identify(sec_bot/src/ORB_SLAM2) by extension 'cmake'
[0.330s] Level 1:colcon.colcon_core.package_identification:_identify(sec_bot/src/ORB_SLAM2) by extension 'python'
[0.330s] Level 1:colcon.colcon_core.package_identification:_identify(sec_bot/src/ORB_SLAM2) by extensions ['python_setup_py']
[0.330s] Level 1:colcon.colcon_core.package_identification:_identify(sec_bot/src/ORB_SLAM2) by extension 'python_setup_py'
[0.330s] Level 1:colcon.colcon_core.package_identification:_identify(sec_bot/src/ORB_SLAM2/cmake_modules) by extensions ['ignore', 'ignore_ament_install']
[0.330s] Level 1:colcon.colcon_core.package_identification:_identify(sec_bot/src/ORB_SLAM2/cmake_modules) by extension 'ignore'
[0.330s] Level 1:colcon.colcon_core.package_identification:_identify(sec_bot/src/ORB_SLAM2/cmake_modules) by extension 'ignore_ament_install'
[0.331s] Level 1:colcon.colcon_core.package_identification:_identify(sec_bot/src/ORB_SLAM2/cmake_modules) by extensions ['colcon_pkg']
[0.331s] Level 1:colcon.colcon_core.package_identification:_identify(sec_bot/src/ORB_SLAM2/cmake_modules) by extension 'colcon_pkg'
[0.331s] Level 1:colcon.colcon_core.package_identification:_identify(sec_bot/src/ORB_SLAM2/cmake_modules) by extensions ['colcon_meta']
[0.331s] Level 1:colcon.colcon_core.package_identification:_identify(sec_bot/src/ORB_SLAM2/cmake_modules) by extension 'colcon_meta'
[0.331s] Level 1:colcon.colcon_core.package_identification:_identify(sec_bot/src/ORB_SLAM2/cmake_modules) by extensions ['ros']
[0.331s] Level 1:colcon.colcon_core.package_identification:_identify(sec_bot/src/ORB_SLAM2/cmake_modules) by extension 'ros'
[0.331s] Level 1:colcon.colcon_core.package_identification:_identify(sec_bot/src/ORB_SLAM2/cmake_modules) by extensions ['cmake', 'python']
[0.331s] Level 1:colcon.colcon_core.package_identification:_identify(sec_bot/src/ORB_SLAM2/cmake_modules) by extension 'cmake'
[0.331s] Level 1:colcon.colcon_core.package_identification:_identify(sec_bot/src/ORB_SLAM2/cmake_modules) by extension 'python'
[0.331s] Level 1:colcon.colcon_core.package_identification:_identify(sec_bot/src/ORB_SLAM2/cmake_modules) by extensions ['python_setup_py']
[0.331s] Level 1:colcon.colcon_core.package_identification:_identify(sec_bot/src/ORB_SLAM2/cmake_modules) by extension 'python_setup_py'
[0.331s] Level 1:colcon.colcon_core.package_identification:_identify(sec_bot/src/Pangolin) by extensions ['ignore', 'ignore_ament_install']
[0.331s] Level 1:colcon.colcon_core.package_identification:_identify(sec_bot/src/Pangolin) by extension 'ignore'
[0.331s] Level 1:colcon.colcon_core.package_identification:_identify(sec_bot/src/Pangolin) by extension 'ignore_ament_install'
[0.331s] Level 1:colcon.colcon_core.package_identification:_identify(sec_bot/src/Pangolin) by extensions ['colcon_pkg']
[0.331s] Level 1:colcon.colcon_core.package_identification:_identify(sec_bot/src/Pangolin) by extension 'colcon_pkg'
[0.331s] Level 1:colcon.colcon_core.package_identification:_identify(sec_bot/src/Pangolin) by extensions ['colcon_meta']
[0.331s] Level 1:colcon.colcon_core.package_identification:_identify(sec_bot/src/Pangolin) by extension 'colcon_meta'
[0.331s] Level 1:colcon.colcon_core.package_identification:_identify(sec_bot/src/Pangolin) by extensions ['ros']
[0.331s] Level 1:colcon.colcon_core.package_identification:_identify(sec_bot/src/Pangolin) by extension 'ros'
[0.334s] DEBUG:colcon.colcon_core.package_identification:Package 'sec_bot/src/Pangolin' with type 'ros.cmake' and name 'pangolin'
[0.334s] Level 1:colcon.colcon_core.package_identification:_identify(sec_bot/src/ball_tracker) by extensions ['ignore', 'ignore_ament_install']
[0.334s] Level 1:colcon.colcon_core.package_identification:_identify(sec_bot/src/ball_tracker) by extension 'ignore'
[0.334s] Level 1:colcon.colcon_core.package_identification:_identify(sec_bot/src/ball_tracker) by extension 'ignore_ament_install'
[0.334s] Level 1:colcon.colcon_core.package_identification:_identify(sec_bot/src/ball_tracker) by extensions ['colcon_pkg']
[0.334s] Level 1:colcon.colcon_core.package_identification:_identify(sec_bot/src/ball_tracker) by extension 'colcon_pkg'
[0.334s] Level 1:colcon.colcon_core.package_identification:_identify(sec_bot/src/ball_tracker) by extensions ['colcon_meta']
[0.334s] Level 1:colcon.colcon_core.package_identification:_identify(sec_bot/src/ball_tracker) by extension 'colcon_meta'
[0.334s] Level 1:colcon.colcon_core.package_identification:_identify(sec_bot/src/ball_tracker) by extensions ['ros']
[0.334s] Level 1:colcon.colcon_core.package_identification:_identify(sec_bot/src/ball_tracker) by extension 'ros'
[0.335s] DEBUG:colcon.colcon_core.package_identification:Package 'sec_bot/src/ball_tracker' with type 'ros.ament_python' and name 'ball_tracker'
[0.335s] Level 1:colcon.colcon_core.package_identification:_identify(sec_bot/src/orbslam2) by extensions ['ignore', 'ignore_ament_install']
[0.335s] Level 1:colcon.colcon_core.package_identification:_identify(sec_bot/src/orbslam2) by extension 'ignore'
[0.335s] Level 1:colcon.colcon_core.package_identification:_identify(sec_bot/src/orbslam2) by extension 'ignore_ament_install'
[0.335s] Level 1:colcon.colcon_core.package_identification:_identify(sec_bot/src/orbslam2) by extensions ['colcon_pkg']
[0.335s] Level 1:colcon.colcon_core.package_identification:_identify(sec_bot/src/orbslam2) by extension 'colcon_pkg'
[0.335s] Level 1:colcon.colcon_core.package_identification:_identify(sec_bot/src/orbslam2) by extensions ['colcon_meta']
[0.335s] Level 1:colcon.colcon_core.package_identification:_identify(sec_bot/src/orbslam2) by extension 'colcon_meta'
[0.335s] Level 1:colcon.colcon_core.package_identification:_identify(sec_bot/src/orbslam2) by extensions ['ros']
[0.335s] Level 1:colcon.colcon_core.package_identification:_identify(sec_bot/src/orbslam2) by extension 'ros'
[0.336s] Level 1:colcon.colcon_core.package_identification:_identify(sec_bot/src/orbslam2) by extensions ['cmake', 'python']
[0.336s] Level 1:colcon.colcon_core.package_identification:_identify(sec_bot/src/orbslam2) by extension 'cmake'
[0.343s] Level 1:colcon.colcon_core.package_identification:_identify(sec_bot/src/orbslam2) by extension 'python'
[0.343s] DEBUG:colcon.colcon_core.package_identification:Package 'sec_bot/src/orbslam2' with type 'cmake' and name 'ORB_SLAM2'
[0.344s] Level 1:colcon.colcon_core.package_identification:_identify(sec_bot/src/sec_bot) by extensions ['ignore', 'ignore_ament_install']
[0.344s] Level 1:colcon.colcon_core.package_identification:_identify(sec_bot/src/sec_bot) by extension 'ignore'
[0.344s] Level 1:colcon.colcon_core.package_identification:_identify(sec_bot/src/sec_bot) by extension 'ignore_ament_install'
[0.344s] Level 1:colcon.colcon_core.package_identification:_identify(sec_bot/src/sec_bot) by extensions ['colcon_pkg']
[0.344s] Level 1:colcon.colcon_core.package_identification:_identify(sec_bot/src/sec_bot) by extension 'colcon_pkg'
[0.344s] Level 1:colcon.colcon_core.package_identification:_identify(sec_bot/src/sec_bot) by extensions ['colcon_meta']
[0.344s] Level 1:colcon.colcon_core.package_identification:_identify(sec_bot/src/sec_bot) by extension 'colcon_meta'
[0.344s] Level 1:colcon.colcon_core.package_identification:_identify(sec_bot/src/sec_bot) by extensions ['ros']
[0.344s] Level 1:colcon.colcon_core.package_identification:_identify(sec_bot/src/sec_bot) by extension 'ros'
[0.345s] DEBUG:colcon.colcon_core.package_identification:Package 'sec_bot/src/sec_bot' with type 'ros.ament_cmake' and name 'sec_bot'
[0.345s] Level 1:colcon.colcon_core.package_discovery:discover_packages(recursive) using defaults
[0.345s] Level 1:colcon.colcon_core.package_discovery:discover_packages(ignore) discover
[0.345s] Level 1:colcon.colcon_core.package_discovery:discover_packages(ignore) using defaults
[0.345s] Level 1:colcon.colcon_core.package_discovery:discover_packages(path) discover
[0.345s] Level 1:colcon.colcon_core.package_discovery:discover_packages(path) using defaults
[0.360s] INFO:colcon.colcon_core.package_selection:Skipping not selected package 'ball_tracker' in 'sec_bot/src/ball_tracker'
[0.360s] INFO:colcon.colcon_core.package_selection:Skipping not selected package 'pangolin' in 'sec_bot/src/Pangolin'
[0.360s] INFO:colcon.colcon_core.package_selection:Skipping not selected package 'sec_bot' in 'sec_bot/src/sec_bot'
[0.360s] Level 1:colcon.colcon_core.package_discovery:discover_packages(prefix_path) check parameters
[0.361s] Level 1:colcon.colcon_core.package_discovery:discover_packages(prefix_path) discover
[0.363s] DEBUG:colcon.colcon_installed_package_information.package_discovery:Found 2 installed packages in /home/peyton/ros_ws/install
[0.364s] DEBUG:colcon.colcon_installed_package_information.package_discovery:Found 327 installed packages in /opt/ros/humble
[0.374s] Level 1:colcon.colcon_core.package_discovery:discover_packages(prefix_path) using defaults
[0.411s] Level 5:colcon.colcon_core.verb:set package 'ORB_SLAM2' build argument 'cmake_args' from command line to '['-DCMAKE_BUILD_TYPE=Release', '-DOpenCV_DIR=/usr/lib/x86_64-linux-gnu/cmake/opencv4', '-DCMAKE_PREFIX_PATH=/usr/local/lib/cmake']'
[0.411s] Level 5:colcon.colcon_core.verb:set package 'ORB_SLAM2' build argument 'cmake_target' from command line to 'None'
[0.411s] Level 5:colcon.colcon_core.verb:set package 'ORB_SLAM2' build argument 'cmake_target_skip_unavailable' from command line to 'False'
[0.411s] Level 5:colcon.colcon_core.verb:set package 'ORB_SLAM2' build argument 'cmake_clean_cache' from command line to 'False'
[0.411s] Level 5:colcon.colcon_core.verb:set package 'ORB_SLAM2' build argument 'cmake_clean_first' from command line to 'False'
[0.411s] Level 5:colcon.colcon_core.verb:set package 'ORB_SLAM2' build argument 'cmake_force_configure' from command line to 'False'
[0.411s] Level 5:colcon.colcon_core.verb:set package 'ORB_SLAM2' build argument 'ament_cmake_args' from command line to 'None'
[0.411s] Level 5:colcon.colcon_core.verb:set package 'ORB_SLAM2' build argument 'catkin_cmake_args' from command line to 'None'
[0.412s] Level 5:colcon.colcon_core.verb:set package 'ORB_SLAM2' build argument 'catkin_skip_building_tests' from command line to 'False'
[0.412s] DEBUG:colcon.colcon_core.verb:Building package 'ORB_SLAM2' with the following arguments: {'ament_cmake_args': None, 'build_base': '/home/peyton/ros_ws/build/ORB_SLAM2', 'catkin_cmake_args': None, 'catkin_skip_building_tests': False, 'cmake_args': ['-DCMAKE_BUILD_TYPE=Release', '-DOpenCV_DIR=/usr/lib/x86_64-linux-gnu/cmake/opencv4', '-DCMAKE_PREFIX_PATH=/usr/local/lib/cmake'], 'cmake_clean_cache': False, 'cmake_clean_first': False, 'cmake_force_configure': False, 'cmake_target': None, 'cmake_target_skip_unavailable': False, 'install_base': '/home/peyton/ros_ws/install/ORB_SLAM2', 'merge_install': False, 'path': '/home/peyton/ros_ws/sec_bot/src/orbslam2', 'symlink_install': True, 'test_result_base': None}
[0.412s] INFO:colcon.colcon_core.executor:Executing jobs using 'parallel' executor
[0.413s] DEBUG:colcon.colcon_parallel_executor.executor.parallel:run_until_complete
[0.414s] INFO:colcon.colcon_cmake.task.cmake.build:Building CMake package in '/home/peyton/ros_ws/sec_bot/src/orbslam2'
[0.416s] INFO:colcon.colcon_core.plugin_system:Skipping extension 'colcon_core.shell.bat': Not used on non-Windows systems
[0.416s] INFO:colcon.colcon_core.shell:Skip shell extension 'powershell' for command environment: Not usable outside of PowerShell
[0.416s] DEBUG:colcon.colcon_core.shell:Skip shell extension 'dsv' for command environment
[0.429s] DEBUG:colcon.colcon_core.event_handler.log_command:Invoking command in '/home/peyton/ros_ws/build/ORB_SLAM2': /usr/bin/cmake --build /home/peyton/ros_ws/build/ORB_SLAM2 -- -j12 -l12
[47.713s] DEBUG:colcon.colcon_core.event_handler.log_command:Invoked command in '/home/peyton/ros_ws/build/ORB_SLAM2' returned '2': /usr/bin/cmake --build /home/peyton/ros_ws/build/ORB_SLAM2 -- -j12 -l12
[47.722s] DEBUG:colcon.colcon_parallel_executor.executor.parallel:closing loop
[47.723s] DEBUG:colcon.colcon_parallel_executor.executor.parallel:loop closed
[47.723s] DEBUG:colcon.colcon_parallel_executor.executor.parallel:run_until_complete finished with '2'
[47.724s] DEBUG:colcon.colcon_core.event_reactor:joining thread
[47.840s] INFO:colcon.colcon_core.plugin_system:Skipping extension 'colcon_notification.desktop_notification.notify_send': Could not find 'notify-send'
[47.840s] INFO:colcon.colcon_core.plugin_system:Skipping extension 'colcon_notification.desktop_notification.terminal_notifier': Not used on non-Darwin systems
[47.840s] INFO:colcon.colcon_core.plugin_system:Skipping extension 'colcon_notification.desktop_notification.win32': Not used on non-Windows systems
[47.840s] INFO:colcon.colcon_notification.desktop_notification:Sending desktop notification using 'notify2'
[47.842s] DEBUG:colcon.colcon_notification.desktop_notification.notify2:Failed to initialize notify2: org.freedesktop.DBus.Error.FileNotFound: Failed to connect to socket /run/user/1000/bus: No such file or directory
[47.842s] DEBUG:colcon.colcon_core.event_reactor:joined thread
[47.844s] INFO:colcon.colcon_core.shell:Creating prefix script '/home/peyton/ros_ws/install/local_setup.ps1'
[47.847s] INFO:colcon.colcon_core.shell:Creating prefix util module '/home/peyton/ros_ws/install/_local_setup_util_ps1.py'
[47.849s] INFO:colcon.colcon_core.shell:Creating prefix chain script '/home/peyton/ros_ws/install/setup.ps1'
[47.851s] INFO:colcon.colcon_core.shell:Creating prefix script '/home/peyton/ros_ws/install/local_setup.sh'
[47.852s] INFO:colcon.colcon_core.shell:Creating prefix util module '/home/peyton/ros_ws/install/_local_setup_util_sh.py'
[47.853s] INFO:colcon.colcon_core.shell:Creating prefix chain script '/home/peyton/ros_ws/install/setup.sh'
[47.855s] INFO:colcon.colcon_core.shell:Creating prefix script '/home/peyton/ros_ws/install/local_setup.bash'
[47.856s] INFO:colcon.colcon_core.shell:Creating prefix chain script '/home/peyton/ros_ws/install/setup.bash'
[47.858s] INFO:colcon.colcon_core.shell:Creating prefix script '/home/peyton/ros_ws/install/local_setup.zsh'
[47.859s] INFO:colcon.colcon_core.shell:Creating prefix chain script '/home/peyton/ros_ws/install/setup.zsh'
