[0.522s] Invoking command in '/home/peyton/dev_ws/src/build/ball_tracker': PYTHONPATH=/home/peyton/dev_ws/src/build/ball_tracker/prefix_override:/home/peyton/.local/lib/python3.10/site-packages/colcon_core/task/python/colcon_distutils_commands:/home/peyton/dev_ws/src/install/ball_tracker/lib/python3.10/site-packages:${PYTHONPATH} /usr/bin/python3 -W ignore:setup.py install is deprecated -W ignore:easy_install command is deprecated setup.py develop --uninstall --editable --build-directory /home/peyton/dev_ws/src/build/ball_tracker/build
[0.713s] running develop
[0.836s] Removing /home/peyton/dev_ws/src/install/ball_tracker/lib/python3.10/site-packages/ball-tracker.egg-link (link to .)
[0.862s] Invoked command in '/home/peyton/dev_ws/src/build/ball_tracker' returned '0': PYTHONPATH=/home/peyton/dev_ws/src/build/ball_tracker/prefix_override:/home/peyton/.local/lib/python3.10/site-packages/colcon_core/task/python/colcon_distutils_commands:/home/peyton/dev_ws/src/install/ball_tracker/lib/python3.10/site-packages:${PYTHONPATH} /usr/bin/python3 -W ignore:setup.py install is deprecated -W ignore:easy_install command is deprecated setup.py develop --uninstall --editable --build-directory /home/peyton/dev_ws/src/build/ball_tracker/build
[0.862s] Invoking command in '/home/peyton/dev_ws/src/ball_tracker': PYTHONPATH=/home/peyton/dev_ws/src/build/ball_tracker/prefix_override:/home/peyton/.local/lib/python3.10/site-packages/colcon_core/task/python/colcon_distutils_commands:/home/peyton/dev_ws/src/install/ball_tracker/lib/python3.10/site-packages:${PYTHONPATH} /usr/bin/python3 -W ignore:setup.py install is deprecated -W ignore:easy_install command is deprecated setup.py egg_info --egg-base ../build/ball_tracker build --build-base /home/peyton/dev_ws/src/build/ball_tracker/build install --record /home/peyton/dev_ws/src/build/ball_tracker/install.log --single-version-externally-managed install_data --force
[1.037s] running egg_info
[1.038s] writing ../build/ball_tracker/ball_tracker.egg-info/PKG-INFO
[1.038s] writing dependency_links to ../build/ball_tracker/ball_tracker.egg-info/dependency_links.txt
[1.039s] writing entry points to ../build/ball_tracker/ball_tracker.egg-info/entry_points.txt
[1.039s] writing requirements to ../build/ball_tracker/ball_tracker.egg-info/requires.txt
[1.039s] writing top-level names to ../build/ball_tracker/ball_tracker.egg-info/top_level.txt
[1.040s] reading manifest file '../build/ball_tracker/ball_tracker.egg-info/SOURCES.txt'
[1.041s] adding license file 'LICENSE'
[1.041s] writing manifest file '../build/ball_tracker/ball_tracker.egg-info/SOURCES.txt'
[1.041s] running build
[1.041s] running build_py
[1.041s] running install
[1.042s] running install_lib
[1.042s] copying /home/peyton/dev_ws/src/build/ball_tracker/build/lib/ball_tracker/follow_ball.py -> /home/peyton/dev_ws/src/install/ball_tracker/lib/python3.10/site-packages/ball_tracker
[1.043s] copying /home/peyton/dev_ws/src/build/ball_tracker/build/lib/ball_tracker/__init__.py -> /home/peyton/dev_ws/src/install/ball_tracker/lib/python3.10/site-packages/ball_tracker
[1.043s] copying /home/peyton/dev_ws/src/build/ball_tracker/build/lib/ball_tracker/detect_ball_3d.py -> /home/peyton/dev_ws/src/install/ball_tracker/lib/python3.10/site-packages/ball_tracker
[1.044s] copying /home/peyton/dev_ws/src/build/ball_tracker/build/lib/ball_tracker/detect_ball.py -> /home/peyton/dev_ws/src/install/ball_tracker/lib/python3.10/site-packages/ball_tracker
[1.044s] copying /home/peyton/dev_ws/src/build/ball_tracker/build/lib/ball_tracker/process_image.py -> /home/peyton/dev_ws/src/install/ball_tracker/lib/python3.10/site-packages/ball_tracker
[1.045s] byte-compiling /home/peyton/dev_ws/src/install/ball_tracker/lib/python3.10/site-packages/ball_tracker/follow_ball.py to follow_ball.cpython-310.pyc
[1.046s] byte-compiling /home/peyton/dev_ws/src/install/ball_tracker/lib/python3.10/site-packages/ball_tracker/__init__.py to __init__.cpython-310.pyc
[1.046s] byte-compiling /home/peyton/dev_ws/src/install/ball_tracker/lib/python3.10/site-packages/ball_tracker/detect_ball_3d.py to detect_ball_3d.cpython-310.pyc
[1.046s] byte-compiling /home/peyton/dev_ws/src/install/ball_tracker/lib/python3.10/site-packages/ball_tracker/detect_ball.py to detect_ball.cpython-310.pyc
[1.047s] byte-compiling /home/peyton/dev_ws/src/install/ball_tracker/lib/python3.10/site-packages/ball_tracker/process_image.py to process_image.cpython-310.pyc
[1.048s] running install_data
[1.048s] copying resource/ball_tracker -> /home/peyton/dev_ws/src/install/ball_tracker/share/ament_index/resource_index/packages
[1.049s] copying package.xml -> /home/peyton/dev_ws/src/install/ball_tracker/share/ball_tracker
[1.049s] running install_egg_info
[1.050s] Copying ../build/ball_tracker/ball_tracker.egg-info to /home/peyton/dev_ws/src/install/ball_tracker/lib/python3.10/site-packages/ball_tracker-0.0.0-py3.10.egg-info
[1.050s] running install_scripts
[1.065s] Installing my_node script to /home/peyton/dev_ws/src/install/ball_tracker/lib/ball_tracker
[1.065s] writing list of installed files to '/home/peyton/dev_ws/src/build/ball_tracker/install.log'
[1.085s] Invoked command in '/home/peyton/dev_ws/src/ball_tracker' returned '0': PYTHONPATH=/home/peyton/dev_ws/src/build/ball_tracker/prefix_override:/home/peyton/.local/lib/python3.10/site-packages/colcon_core/task/python/colcon_distutils_commands:/home/peyton/dev_ws/src/install/ball_tracker/lib/python3.10/site-packages:${PYTHONPATH} /usr/bin/python3 -W ignore:setup.py install is deprecated -W ignore:easy_install command is deprecated setup.py egg_info --egg-base ../build/ball_tracker build --build-base /home/peyton/dev_ws/src/build/ball_tracker/build install --record /home/peyton/dev_ws/src/build/ball_tracker/install.log --single-version-externally-managed install_data --force
