[0.230s] DEBUG:colcon:Command line arguments: ['/home/peyton/.local/bin/colcon', 'build', '--symlink-install']
[0.231s] DEBUG:colcon:Parsed command line arguments: Namespace(log_base=None, log_level=None, verb_name='build', build_base='build', install_base='install', merge_install=False, symlink_install=True, test_result_base=None, continue_on_error=False, executor='parallel', parallel_workers=12, event_handlers=None, ignore_user_meta=False, metas=['./colcon.meta'], base_paths=['.'], packages_ignore=None, packages_ignore_regex=None, paths=None, packages_up_to=None, packages_up_to_regex=None, packages_above=None, packages_above_and_dependencies=None, packages_above_depth=None, packages_select_by_dep=None, packages_skip_by_dep=None, packages_skip_up_to=None, packages_select_build_failed=False, packages_skip_build_finished=False, packages_select_test_failures=False, packages_skip_test_passed=False, packages_select=None, packages_skip=None, packages_select_regex=None, packages_skip_regex=None, packages_start=None, packages_end=None, allow_overriding=[], cmake_args=None, cmake_target=None, cmake_target_skip_unavailable=False, cmake_clean_cache=False, cmake_clean_first=False, cmake_force_configure=False, ament_cmake_args=None, catkin_cmake_args=None, catkin_skip_building_tests=False, mixin_files=None, mixin=None, verb_parser=<colcon_mixin.mixin.mixin_argument.MixinArgumentDecorator object at 0x7ff360558e80>, verb_extension=<colcon_core.verb.build.BuildVerb object at 0x7ff3605588b0>, main=<bound method BuildVerb.main of <colcon_core.verb.build.BuildVerb object at 0x7ff3605588b0>>, mixin_verb=('build',))
[0.413s] Level 1:colcon.colcon_core.package_discovery:discover_packages(colcon_meta) check parameters
[0.414s] Level 1:colcon.colcon_core.package_discovery:discover_packages(recursive) check parameters
[0.414s] Level 1:colcon.colcon_core.package_discovery:discover_packages(ignore) check parameters
[0.414s] Level 1:colcon.colcon_core.package_discovery:discover_packages(path) check parameters
[0.414s] Level 1:colcon.colcon_core.package_discovery:discover_packages(colcon_meta) discover
[0.414s] Level 1:colcon.colcon_core.package_discovery:discover_packages(recursive) discover
[0.414s] INFO:colcon.colcon_core.package_discovery:Crawling recursively for packages in '/home/peyton/ros_ws'
[0.414s] Level 1:colcon.colcon_core.package_identification:_identify(.) by extensions ['ignore', 'ignore_ament_install']
[0.414s] Level 1:colcon.colcon_core.package_identification:_identify(.) by extension 'ignore'
[0.414s] Level 1:colcon.colcon_core.package_identification:_identify(.) by extension 'ignore_ament_install'
[0.414s] Level 1:colcon.colcon_core.package_identification:_identify(.) by extensions ['colcon_pkg']
[0.415s] Level 1:colcon.colcon_core.package_identification:_identify(.) by extension 'colcon_pkg'
[0.415s] Level 1:colcon.colcon_core.package_identification:_identify(.) by extensions ['colcon_meta']
[0.415s] Level 1:colcon.colcon_core.package_identification:_identify(.) by extension 'colcon_meta'
[0.415s] Level 1:colcon.colcon_core.package_identification:_identify(.) by extensions ['ros']
[0.415s] Level 1:colcon.colcon_core.package_identification:_identify(.) by extension 'ros'
[0.429s] Level 1:colcon.colcon_core.package_identification:_identify(.) by extensions ['cmake', 'python']
[0.429s] Level 1:colcon.colcon_core.package_identification:_identify(.) by extension 'cmake'
[0.429s] Level 1:colcon.colcon_core.package_identification:_identify(.) by extension 'python'
[0.429s] Level 1:colcon.colcon_core.package_identification:_identify(.) by extensions ['python_setup_py']
[0.429s] Level 1:colcon.colcon_core.package_identification:_identify(.) by extension 'python_setup_py'
[0.429s] Level 1:colcon.colcon_core.package_identification:_identify(build) by extensions ['ignore', 'ignore_ament_install']
[0.430s] Level 1:colcon.colcon_core.package_identification:_identify(build) by extension 'ignore'
[0.430s] Level 1:colcon.colcon_core.package_identification:_identify(build) ignored
[0.430s] Level 1:colcon.colcon_core.package_identification:_identify(install) by extensions ['ignore', 'ignore_ament_install']
[0.430s] Level 1:colcon.colcon_core.package_identification:_identify(install) by extension 'ignore'
[0.430s] Level 1:colcon.colcon_core.package_identification:_identify(install) ignored
[0.430s] Level 1:colcon.colcon_core.package_identification:_identify(log) by extensions ['ignore', 'ignore_ament_install']
[0.431s] Level 1:colcon.colcon_core.package_identification:_identify(log) by extension 'ignore'
[0.431s] Level 1:colcon.colcon_core.package_identification:_identify(log) ignored
[0.431s] Level 1:colcon.colcon_core.package_identification:_identify(sec_bot) by extensions ['ignore', 'ignore_ament_install']
[0.431s] Level 1:colcon.colcon_core.package_identification:_identify(sec_bot) by extension 'ignore'
[0.431s] Level 1:colcon.colcon_core.package_identification:_identify(sec_bot) by extension 'ignore_ament_install'
[0.431s] Level 1:colcon.colcon_core.package_identification:_identify(sec_bot) by extensions ['colcon_pkg']
[0.432s] Level 1:colcon.colcon_core.package_identification:_identify(sec_bot) by extension 'colcon_pkg'
[0.432s] Level 1:colcon.colcon_core.package_identification:_identify(sec_bot) by extensions ['colcon_meta']
[0.432s] Level 1:colcon.colcon_core.package_identification:_identify(sec_bot) by extension 'colcon_meta'
[0.432s] Level 1:colcon.colcon_core.package_identification:_identify(sec_bot) by extensions ['ros']
[0.432s] Level 1:colcon.colcon_core.package_identification:_identify(sec_bot) by extension 'ros'
[0.432s] Level 1:colcon.colcon_core.package_identification:_identify(sec_bot) by extensions ['cmake', 'python']
[0.432s] Level 1:colcon.colcon_core.package_identification:_identify(sec_bot) by extension 'cmake'
[0.432s] Level 1:colcon.colcon_core.package_identification:_identify(sec_bot) by extension 'python'
[0.432s] Level 1:colcon.colcon_core.package_identification:_identify(sec_bot) by extensions ['python_setup_py']
[0.432s] Level 1:colcon.colcon_core.package_identification:_identify(sec_bot) by extension 'python_setup_py'
[0.432s] Level 1:colcon.colcon_core.package_identification:_identify(sec_bot/src) by extensions ['ignore', 'ignore_ament_install']
[0.432s] Level 1:colcon.colcon_core.package_identification:_identify(sec_bot/src) by extension 'ignore'
[0.432s] Level 1:colcon.colcon_core.package_identification:_identify(sec_bot/src) by extension 'ignore_ament_install'
[0.433s] Level 1:colcon.colcon_core.package_identification:_identify(sec_bot/src) by extensions ['colcon_pkg']
[0.433s] Level 1:colcon.colcon_core.package_identification:_identify(sec_bot/src) by extension 'colcon_pkg'
[0.433s] Level 1:colcon.colcon_core.package_identification:_identify(sec_bot/src) by extensions ['colcon_meta']
[0.433s] Level 1:colcon.colcon_core.package_identification:_identify(sec_bot/src) by extension 'colcon_meta'
[0.433s] Level 1:colcon.colcon_core.package_identification:_identify(sec_bot/src) by extensions ['ros']
[0.433s] Level 1:colcon.colcon_core.package_identification:_identify(sec_bot/src) by extension 'ros'
[0.433s] Level 1:colcon.colcon_core.package_identification:_identify(sec_bot/src) by extensions ['cmake', 'python']
[0.433s] Level 1:colcon.colcon_core.package_identification:_identify(sec_bot/src) by extension 'cmake'
[0.433s] Level 1:colcon.colcon_core.package_identification:_identify(sec_bot/src) by extension 'python'
[0.433s] Level 1:colcon.colcon_core.package_identification:_identify(sec_bot/src) by extensions ['python_setup_py']
[0.433s] Level 1:colcon.colcon_core.package_identification:_identify(sec_bot/src) by extension 'python_setup_py'
[0.433s] Level 1:colcon.colcon_core.package_identification:_identify(sec_bot/src/ball_tracker) by extensions ['ignore', 'ignore_ament_install']
[0.433s] Level 1:colcon.colcon_core.package_identification:_identify(sec_bot/src/ball_tracker) by extension 'ignore'
[0.433s] Level 1:colcon.colcon_core.package_identification:_identify(sec_bot/src/ball_tracker) by extension 'ignore_ament_install'
[0.433s] Level 1:colcon.colcon_core.package_identification:_identify(sec_bot/src/ball_tracker) by extensions ['colcon_pkg']
[0.434s] Level 1:colcon.colcon_core.package_identification:_identify(sec_bot/src/ball_tracker) by extension 'colcon_pkg'
[0.434s] Level 1:colcon.colcon_core.package_identification:_identify(sec_bot/src/ball_tracker) by extensions ['colcon_meta']
[0.434s] Level 1:colcon.colcon_core.package_identification:_identify(sec_bot/src/ball_tracker) by extension 'colcon_meta'
[0.434s] Level 1:colcon.colcon_core.package_identification:_identify(sec_bot/src/ball_tracker) by extensions ['ros']
[0.434s] Level 1:colcon.colcon_core.package_identification:_identify(sec_bot/src/ball_tracker) by extension 'ros'
[0.438s] DEBUG:colcon.colcon_core.package_identification:Package 'sec_bot/src/ball_tracker' with type 'ros.ament_python' and name 'ball_tracker'
[0.439s] Level 1:colcon.colcon_core.package_identification:_identify(sec_bot/src/orbslam2) by extensions ['ignore', 'ignore_ament_install']
[0.439s] Level 1:colcon.colcon_core.package_identification:_identify(sec_bot/src/orbslam2) by extension 'ignore'
[0.439s] Level 1:colcon.colcon_core.package_identification:_identify(sec_bot/src/orbslam2) by extension 'ignore_ament_install'
[0.439s] Level 1:colcon.colcon_core.package_identification:_identify(sec_bot/src/orbslam2) by extensions ['colcon_pkg']
[0.439s] Level 1:colcon.colcon_core.package_identification:_identify(sec_bot/src/orbslam2) by extension 'colcon_pkg'
[0.439s] Level 1:colcon.colcon_core.package_identification:_identify(sec_bot/src/orbslam2) by extensions ['colcon_meta']
[0.439s] Level 1:colcon.colcon_core.package_identification:_identify(sec_bot/src/orbslam2) by extension 'colcon_meta'
[0.439s] Level 1:colcon.colcon_core.package_identification:_identify(sec_bot/src/orbslam2) by extensions ['ros']
[0.439s] Level 1:colcon.colcon_core.package_identification:_identify(sec_bot/src/orbslam2) by extension 'ros'
[0.439s] Level 1:colcon.colcon_core.package_identification:_identify(sec_bot/src/orbslam2) by extensions ['cmake', 'python']
[0.439s] Level 1:colcon.colcon_core.package_identification:_identify(sec_bot/src/orbslam2) by extension 'cmake'
[0.445s] Level 1:colcon.colcon_core.package_identification:_identify(sec_bot/src/orbslam2) by extension 'python'
[0.445s] DEBUG:colcon.colcon_core.package_identification:Package 'sec_bot/src/orbslam2' with type 'cmake' and name 'ORB_SLAM2'
[0.445s] Level 1:colcon.colcon_core.package_identification:_identify(sec_bot/src/sec_bot) by extensions ['ignore', 'ignore_ament_install']
[0.445s] Level 1:colcon.colcon_core.package_identification:_identify(sec_bot/src/sec_bot) by extension 'ignore'
[0.445s] Level 1:colcon.colcon_core.package_identification:_identify(sec_bot/src/sec_bot) by extension 'ignore_ament_install'
[0.445s] Level 1:colcon.colcon_core.package_identification:_identify(sec_bot/src/sec_bot) by extensions ['colcon_pkg']
[0.445s] Level 1:colcon.colcon_core.package_identification:_identify(sec_bot/src/sec_bot) by extension 'colcon_pkg'
[0.445s] Level 1:colcon.colcon_core.package_identification:_identify(sec_bot/src/sec_bot) by extensions ['colcon_meta']
[0.445s] Level 1:colcon.colcon_core.package_identification:_identify(sec_bot/src/sec_bot) by extension 'colcon_meta'
[0.446s] Level 1:colcon.colcon_core.package_identification:_identify(sec_bot/src/sec_bot) by extensions ['ros']
[0.446s] Level 1:colcon.colcon_core.package_identification:_identify(sec_bot/src/sec_bot) by extension 'ros'
[0.446s] DEBUG:colcon.colcon_core.package_identification:Package 'sec_bot/src/sec_bot' with type 'ros.ament_cmake' and name 'sec_bot'
[0.446s] Level 1:colcon.colcon_core.package_discovery:discover_packages(recursive) using defaults
[0.447s] Level 1:colcon.colcon_core.package_discovery:discover_packages(ignore) discover
[0.447s] Level 1:colcon.colcon_core.package_discovery:discover_packages(ignore) using defaults
[0.447s] Level 1:colcon.colcon_core.package_discovery:discover_packages(path) discover
[0.447s] Level 1:colcon.colcon_core.package_discovery:discover_packages(path) using defaults
[0.473s] Level 1:colcon.colcon_core.package_discovery:discover_packages(prefix_path) check parameters
[0.473s] Level 1:colcon.colcon_core.package_discovery:discover_packages(prefix_path) discover
[0.476s] DEBUG:colcon.colcon_installed_package_information.package_discovery:Found 2 installed packages in /home/peyton/ros_ws/install
[0.477s] DEBUG:colcon.colcon_installed_package_information.package_discovery:Found 327 installed packages in /opt/ros/humble
[0.502s] Level 1:colcon.colcon_core.package_discovery:discover_packages(prefix_path) using defaults
[0.545s] Level 5:colcon.colcon_core.verb:set package 'ORB_SLAM2' build argument 'cmake_args' from command line to 'None'
[0.545s] Level 5:colcon.colcon_core.verb:set package 'ORB_SLAM2' build argument 'cmake_target' from command line to 'None'
[0.545s] Level 5:colcon.colcon_core.verb:set package 'ORB_SLAM2' build argument 'cmake_target_skip_unavailable' from command line to 'False'
[0.545s] Level 5:colcon.colcon_core.verb:set package 'ORB_SLAM2' build argument 'cmake_clean_cache' from command line to 'False'
[0.545s] Level 5:colcon.colcon_core.verb:set package 'ORB_SLAM2' build argument 'cmake_clean_first' from command line to 'False'
[0.545s] Level 5:colcon.colcon_core.verb:set package 'ORB_SLAM2' build argument 'cmake_force_configure' from command line to 'False'
[0.545s] Level 5:colcon.colcon_core.verb:set package 'ORB_SLAM2' build argument 'ament_cmake_args' from command line to 'None'
[0.546s] Level 5:colcon.colcon_core.verb:set package 'ORB_SLAM2' build argument 'catkin_cmake_args' from command line to 'None'
[0.546s] Level 5:colcon.colcon_core.verb:set package 'ORB_SLAM2' build argument 'catkin_skip_building_tests' from command line to 'False'
[0.546s] DEBUG:colcon.colcon_core.verb:Building package 'ORB_SLAM2' with the following arguments: {'ament_cmake_args': None, 'build_base': '/home/peyton/ros_ws/build/ORB_SLAM2', 'catkin_cmake_args': None, 'catkin_skip_building_tests': False, 'cmake_args': None, 'cmake_clean_cache': False, 'cmake_clean_first': False, 'cmake_force_configure': False, 'cmake_target': None, 'cmake_target_skip_unavailable': False, 'install_base': '/home/peyton/ros_ws/install/ORB_SLAM2', 'merge_install': False, 'path': '/home/peyton/ros_ws/sec_bot/src/orbslam2', 'symlink_install': True, 'test_result_base': None}
[0.546s] Level 5:colcon.colcon_core.verb:set package 'ball_tracker' build argument 'cmake_args' from command line to 'None'
[0.546s] Level 5:colcon.colcon_core.verb:set package 'ball_tracker' build argument 'cmake_target' from command line to 'None'
[0.546s] Level 5:colcon.colcon_core.verb:set package 'ball_tracker' build argument 'cmake_target_skip_unavailable' from command line to 'False'
[0.546s] Level 5:colcon.colcon_core.verb:set package 'ball_tracker' build argument 'cmake_clean_cache' from command line to 'False'
[0.546s] Level 5:colcon.colcon_core.verb:set package 'ball_tracker' build argument 'cmake_clean_first' from command line to 'False'
[0.546s] Level 5:colcon.colcon_core.verb:set package 'ball_tracker' build argument 'cmake_force_configure' from command line to 'False'
[0.546s] Level 5:colcon.colcon_core.verb:set package 'ball_tracker' build argument 'ament_cmake_args' from command line to 'None'
[0.546s] Level 5:colcon.colcon_core.verb:set package 'ball_tracker' build argument 'catkin_cmake_args' from command line to 'None'
[0.546s] Level 5:colcon.colcon_core.verb:set package 'ball_tracker' build argument 'catkin_skip_building_tests' from command line to 'False'
[0.546s] DEBUG:colcon.colcon_core.verb:Building package 'ball_tracker' with the following arguments: {'ament_cmake_args': None, 'build_base': '/home/peyton/ros_ws/build/ball_tracker', 'catkin_cmake_args': None, 'catkin_skip_building_tests': False, 'cmake_args': None, 'cmake_clean_cache': False, 'cmake_clean_first': False, 'cmake_force_configure': False, 'cmake_target': None, 'cmake_target_skip_unavailable': False, 'install_base': '/home/peyton/ros_ws/install/ball_tracker', 'merge_install': False, 'path': '/home/peyton/ros_ws/sec_bot/src/ball_tracker', 'symlink_install': True, 'test_result_base': None}
[0.547s] Level 5:colcon.colcon_core.verb:set package 'sec_bot' build argument 'cmake_args' from command line to 'None'
[0.547s] Level 5:colcon.colcon_core.verb:set package 'sec_bot' build argument 'cmake_target' from command line to 'None'
[0.547s] Level 5:colcon.colcon_core.verb:set package 'sec_bot' build argument 'cmake_target_skip_unavailable' from command line to 'False'
[0.547s] Level 5:colcon.colcon_core.verb:set package 'sec_bot' build argument 'cmake_clean_cache' from command line to 'False'
[0.547s] Level 5:colcon.colcon_core.verb:set package 'sec_bot' build argument 'cmake_clean_first' from command line to 'False'
[0.547s] Level 5:colcon.colcon_core.verb:set package 'sec_bot' build argument 'cmake_force_configure' from command line to 'False'
[0.547s] Level 5:colcon.colcon_core.verb:set package 'sec_bot' build argument 'ament_cmake_args' from command line to 'None'
[0.547s] Level 5:colcon.colcon_core.verb:set package 'sec_bot' build argument 'catkin_cmake_args' from command line to 'None'
[0.547s] Level 5:colcon.colcon_core.verb:set package 'sec_bot' build argument 'catkin_skip_building_tests' from command line to 'False'
[0.547s] DEBUG:colcon.colcon_core.verb:Building package 'sec_bot' with the following arguments: {'ament_cmake_args': None, 'build_base': '/home/peyton/ros_ws/build/sec_bot', 'catkin_cmake_args': None, 'catkin_skip_building_tests': False, 'cmake_args': None, 'cmake_clean_cache': False, 'cmake_clean_first': False, 'cmake_force_configure': False, 'cmake_target': None, 'cmake_target_skip_unavailable': False, 'install_base': '/home/peyton/ros_ws/install/sec_bot', 'merge_install': False, 'path': '/home/peyton/ros_ws/sec_bot/src/sec_bot', 'symlink_install': True, 'test_result_base': None}
[0.548s] INFO:colcon.colcon_core.executor:Executing jobs using 'parallel' executor
[0.549s] DEBUG:colcon.colcon_parallel_executor.executor.parallel:run_until_complete
[0.549s] INFO:colcon.colcon_cmake.task.cmake.build:Building CMake package in '/home/peyton/ros_ws/sec_bot/src/orbslam2'
[0.553s] INFO:colcon.colcon_core.plugin_system:Skipping extension 'colcon_core.shell.bat': Not used on non-Windows systems
[0.553s] INFO:colcon.colcon_core.shell:Skip shell extension 'powershell' for command environment: Not usable outside of PowerShell
[0.553s] DEBUG:colcon.colcon_core.shell:Skip shell extension 'dsv' for command environment
[0.558s] INFO:colcon.colcon_ros.task.ament_python.build:Building ROS package in '/home/peyton/ros_ws/sec_bot/src/ball_tracker' with build type 'ament_python'
[0.558s] Level 1:colcon.colcon_core.shell:create_environment_hook('ball_tracker', 'ament_prefix_path')
[0.559s] INFO:colcon.colcon_core.shell:Creating environment hook '/home/peyton/ros_ws/install/ball_tracker/share/ball_tracker/hook/ament_prefix_path.ps1'
[0.560s] INFO:colcon.colcon_core.shell:Creating environment descriptor '/home/peyton/ros_ws/install/ball_tracker/share/ball_tracker/hook/ament_prefix_path.dsv'
[0.561s] INFO:colcon.colcon_core.shell:Creating environment hook '/home/peyton/ros_ws/install/ball_tracker/share/ball_tracker/hook/ament_prefix_path.sh'
[0.562s] INFO:colcon.colcon_core.shell:Skip shell extension 'powershell' for command environment: Not usable outside of PowerShell
[0.562s] DEBUG:colcon.colcon_core.shell:Skip shell extension 'dsv' for command environment
[0.566s] INFO:colcon.colcon_ros.task.ament_cmake.build:Building ROS package in '/home/peyton/ros_ws/sec_bot/src/sec_bot' with build type 'ament_cmake'
[0.567s] INFO:colcon.colcon_cmake.task.cmake.build:Building CMake package in '/home/peyton/ros_ws/sec_bot/src/sec_bot'
[0.567s] INFO:colcon.colcon_core.shell:Skip shell extension 'powershell' for command environment: Not usable outside of PowerShell
[0.567s] DEBUG:colcon.colcon_core.shell:Skip shell extension 'dsv' for command environment
[0.580s] DEBUG:colcon.colcon_core.event_handler.log_command:Invoking command in '/home/peyton/ros_ws/build/ORB_SLAM2': /usr/bin/cmake /home/peyton/ros_ws/sec_bot/src/orbslam2 -DCMAKE_INSTALL_PREFIX=/home/peyton/ros_ws/install/ORB_SLAM2
[0.990s] INFO:colcon.colcon_core.task.python.build:Building Python package in '/home/peyton/ros_ws/sec_bot/src/ball_tracker'
[0.991s] INFO:colcon.colcon_core.shell:Skip shell extension 'powershell' for command environment: Not usable outside of PowerShell
[0.991s] DEBUG:colcon.colcon_core.shell:Skip shell extension 'dsv' for command environment
[1.016s] DEBUG:colcon.colcon_core.event_handler.log_command:Invoking command in '/home/peyton/ros_ws/build/sec_bot': CMAKE_PREFIX_PATH=${CMAKE_PREFIX_PATH}:/home/peyton/ros_ws/install/ball_tracker:/opt/ros/humble /usr/bin/cmake --build /home/peyton/ros_ws/build/sec_bot -- -j12 -l12
[1.064s] DEBUG:colcon.colcon_core.event_handler.log_command:Invoked command in '/home/peyton/ros_ws/build/sec_bot' returned '0': CMAKE_PREFIX_PATH=${CMAKE_PREFIX_PATH}:/home/peyton/ros_ws/install/ball_tracker:/opt/ros/humble /usr/bin/cmake --build /home/peyton/ros_ws/build/sec_bot -- -j12 -l12
[1.078s] DEBUG:colcon.colcon_core.event_handler.log_command:Invoking command in '/home/peyton/ros_ws/build/sec_bot': CMAKE_PREFIX_PATH=${CMAKE_PREFIX_PATH}:/home/peyton/ros_ws/install/ball_tracker:/opt/ros/humble /usr/bin/cmake --install /home/peyton/ros_ws/build/sec_bot
[1.106s] Level 1:colcon.colcon_core.environment:create_environment_scripts_only(sec_bot)
[1.108s] DEBUG:colcon.colcon_core.event_handler.log_command:Invoked command in '/home/peyton/ros_ws/build/sec_bot' returned '0': CMAKE_PREFIX_PATH=${CMAKE_PREFIX_PATH}:/home/peyton/ros_ws/install/ball_tracker:/opt/ros/humble /usr/bin/cmake --install /home/peyton/ros_ws/build/sec_bot
[1.110s] Level 1:colcon.colcon_core.environment:checking '/home/peyton/ros_ws/install/sec_bot' for CMake module files
[1.111s] Level 1:colcon.colcon_core.environment:checking '/home/peyton/ros_ws/install/sec_bot' for CMake config files
[1.112s] Level 1:colcon.colcon_core.shell:create_environment_hook('sec_bot', 'cmake_prefix_path')
[1.112s] INFO:colcon.colcon_core.shell:Creating environment hook '/home/peyton/ros_ws/install/sec_bot/share/sec_bot/hook/cmake_prefix_path.ps1'
[1.113s] INFO:colcon.colcon_core.shell:Creating environment descriptor '/home/peyton/ros_ws/install/sec_bot/share/sec_bot/hook/cmake_prefix_path.dsv'
[1.114s] INFO:colcon.colcon_core.shell:Creating environment hook '/home/peyton/ros_ws/install/sec_bot/share/sec_bot/hook/cmake_prefix_path.sh'
[1.116s] Level 1:colcon.colcon_core.environment:checking '/home/peyton/ros_ws/install/sec_bot/bin'
[1.116s] Level 1:colcon.colcon_core.environment:checking '/home/peyton/ros_ws/install/sec_bot/lib/pkgconfig/sec_bot.pc'
[1.116s] Level 1:colcon.colcon_core.environment:checking '/home/peyton/ros_ws/install/sec_bot/lib/python3.10/site-packages'
[1.117s] Level 1:colcon.colcon_core.environment:checking '/home/peyton/ros_ws/install/sec_bot/bin'
[1.117s] INFO:colcon.colcon_core.shell:Creating package script '/home/peyton/ros_ws/install/sec_bot/share/sec_bot/package.ps1'
[1.118s] INFO:colcon.colcon_core.shell:Creating package descriptor '/home/peyton/ros_ws/install/sec_bot/share/sec_bot/package.dsv'
[1.121s] INFO:colcon.colcon_core.shell:Creating package script '/home/peyton/ros_ws/install/sec_bot/share/sec_bot/package.sh'
[1.123s] INFO:colcon.colcon_core.shell:Creating package script '/home/peyton/ros_ws/install/sec_bot/share/sec_bot/package.bash'
[1.125s] INFO:colcon.colcon_core.shell:Creating package script '/home/peyton/ros_ws/install/sec_bot/share/sec_bot/package.zsh'
[1.126s] Level 1:colcon.colcon_core.environment:create_file_with_runtime_dependencies(/home/peyton/ros_ws/install/sec_bot/share/colcon-core/packages/sec_bot)
[1.127s] Level 1:colcon.colcon_core.environment:create_environment_scripts_only(sec_bot)
[1.128s] Level 1:colcon.colcon_core.environment:checking '/home/peyton/ros_ws/install/sec_bot' for CMake module files
[1.128s] Level 1:colcon.colcon_core.environment:checking '/home/peyton/ros_ws/install/sec_bot' for CMake config files
[1.129s] Level 1:colcon.colcon_core.shell:create_environment_hook('sec_bot', 'cmake_prefix_path')
[1.129s] INFO:colcon.colcon_core.shell:Creating environment hook '/home/peyton/ros_ws/install/sec_bot/share/sec_bot/hook/cmake_prefix_path.ps1'
[1.130s] INFO:colcon.colcon_core.shell:Creating environment descriptor '/home/peyton/ros_ws/install/sec_bot/share/sec_bot/hook/cmake_prefix_path.dsv'
[1.131s] INFO:colcon.colcon_core.shell:Creating environment hook '/home/peyton/ros_ws/install/sec_bot/share/sec_bot/hook/cmake_prefix_path.sh'
[1.132s] Level 1:colcon.colcon_core.environment:checking '/home/peyton/ros_ws/install/sec_bot/bin'
[1.133s] Level 1:colcon.colcon_core.environment:checking '/home/peyton/ros_ws/install/sec_bot/lib/pkgconfig/sec_bot.pc'
[1.133s] Level 1:colcon.colcon_core.environment:checking '/home/peyton/ros_ws/install/sec_bot/lib/python3.10/site-packages'
[1.133s] Level 1:colcon.colcon_core.environment:checking '/home/peyton/ros_ws/install/sec_bot/bin'
[1.134s] INFO:colcon.colcon_core.shell:Creating package script '/home/peyton/ros_ws/install/sec_bot/share/sec_bot/package.ps1'
[1.135s] INFO:colcon.colcon_core.shell:Creating package descriptor '/home/peyton/ros_ws/install/sec_bot/share/sec_bot/package.dsv'
[1.136s] INFO:colcon.colcon_core.shell:Creating package script '/home/peyton/ros_ws/install/sec_bot/share/sec_bot/package.sh'
[1.136s] INFO:colcon.colcon_core.shell:Creating package script '/home/peyton/ros_ws/install/sec_bot/share/sec_bot/package.bash'
[1.137s] INFO:colcon.colcon_core.shell:Creating package script '/home/peyton/ros_ws/install/sec_bot/share/sec_bot/package.zsh'
[1.138s] Level 1:colcon.colcon_core.environment:create_file_with_runtime_dependencies(/home/peyton/ros_ws/install/sec_bot/share/colcon-core/packages/sec_bot)
[1.694s] DEBUG:colcon.colcon_core.event_handler.log_command:Invoking command in '/home/peyton/ros_ws/build/ball_tracker': PYTHONPATH=/home/peyton/ros_ws/build/ball_tracker/prefix_override:/home/peyton/.local/lib/python3.10/site-packages/colcon_core/task/python/colcon_distutils_commands:/home/peyton/ros_ws/install/ball_tracker/lib/python3.10/site-packages:${PYTHONPATH} /usr/bin/python3 -W ignore:setup.py install is deprecated -W ignore:easy_install command is deprecated setup.py develop --editable --build-directory /home/peyton/ros_ws/build/ball_tracker/build --no-deps symlink_data
[1.916s] DEBUG:colcon.colcon_core.event_handler.log_command:Invoked command in '/home/peyton/ros_ws/build/ORB_SLAM2' returned '1': /usr/bin/cmake /home/peyton/ros_ws/sec_bot/src/orbslam2 -DCMAKE_INSTALL_PREFIX=/home/peyton/ros_ws/install/ORB_SLAM2
[2.361s] DEBUG:colcon.colcon_parallel_executor.executor.parallel:closing loop
[2.361s] DEBUG:colcon.colcon_parallel_executor.executor.parallel:loop closed
[2.361s] DEBUG:colcon.colcon_parallel_executor.executor.parallel:run_until_complete finished with '1'
[2.362s] DEBUG:colcon.colcon_core.event_reactor:joining thread
[2.398s] INFO:colcon.colcon_core.plugin_system:Skipping extension 'colcon_notification.desktop_notification.notify_send': Could not find 'notify-send'
[2.399s] INFO:colcon.colcon_core.plugin_system:Skipping extension 'colcon_notification.desktop_notification.terminal_notifier': Not used on non-Darwin systems
[2.399s] INFO:colcon.colcon_core.plugin_system:Skipping extension 'colcon_notification.desktop_notification.win32': Not used on non-Windows systems
[2.399s] INFO:colcon.colcon_notification.desktop_notification:Sending desktop notification using 'notify2'
[2.399s] DEBUG:colcon.colcon_notification.desktop_notification.notify2:Failed to initialize notify2: org.freedesktop.DBus.Error.FileNotFound: Failed to connect to socket /run/user/1000/bus: No such file or directory
[2.399s] DEBUG:colcon.colcon_core.event_reactor:joined thread
[2.400s] INFO:colcon.colcon_core.shell:Creating prefix script '/home/peyton/ros_ws/install/local_setup.ps1'
[2.401s] INFO:colcon.colcon_core.shell:Creating prefix util module '/home/peyton/ros_ws/install/_local_setup_util_ps1.py'
[2.404s] INFO:colcon.colcon_core.shell:Creating prefix chain script '/home/peyton/ros_ws/install/setup.ps1'
[2.405s] INFO:colcon.colcon_core.shell:Creating prefix script '/home/peyton/ros_ws/install/local_setup.sh'
[2.406s] INFO:colcon.colcon_core.shell:Creating prefix util module '/home/peyton/ros_ws/install/_local_setup_util_sh.py'
[2.406s] INFO:colcon.colcon_core.shell:Creating prefix chain script '/home/peyton/ros_ws/install/setup.sh'
[2.408s] INFO:colcon.colcon_core.shell:Creating prefix script '/home/peyton/ros_ws/install/local_setup.bash'
[2.408s] INFO:colcon.colcon_core.shell:Creating prefix chain script '/home/peyton/ros_ws/install/setup.bash'
[2.410s] INFO:colcon.colcon_core.shell:Creating prefix script '/home/peyton/ros_ws/install/local_setup.zsh'
[2.411s] INFO:colcon.colcon_core.shell:Creating prefix chain script '/home/peyton/ros_ws/install/setup.zsh'
