[0.211s] Invoking command in '/home/peyton/dev_ws/src/build/sec_bot': CMAKE_PREFIX_PATH=${CMAKE_PREFIX_PATH}:/opt/ros/humble /usr/bin/cmake /home/peyton/dev_ws/src/sec_bot -DCMAKE_INSTALL_PREFIX=/home/peyton/dev_ws/src/install/sec_bot
[0.409s] -- The C compiler identification is GNU 11.4.0
[0.693s] -- The CXX compiler identification is GNU 11.4.0
[0.827s] -- Detecting C compiler ABI info
[0.918s] -- Detecting C compiler ABI info - done
[0.922s] -- Check for working C compiler: /usr/bin/cc - skipped
[0.923s] -- Detecting C compile features
[0.924s] -- Detecting C compile features - done
[0.928s] -- Detecting CXX compiler ABI info
[1.018s] -- Detecting CXX compiler ABI info - done
[1.023s] -- Check for working CXX compiler: /usr/bin/c++ - skipped
[1.024s] -- Detecting CXX compile features
[1.024s] -- Detecting CXX compile features - done
[1.042s] -- Found ament_cmake: 1.3.11 (/opt/ros/humble/share/ament_cmake/cmake)
[1.157s] -- Found Python3: /usr/bin/python3 (found version "3.10.12") found components: Interpreter 
[1.266s] -- Found ament_lint_auto: 0.12.11 (/opt/ros/humble/share/ament_lint_auto/cmake)
[1.345s] -- Added test 'copyright' to check source files copyright and LICENSE
[1.366s] -- Added test 'cppcheck' to perform static code analysis on C / C++ code
[1.367s] -- Configured cppcheck include dirs: 
[1.367s] -- Configured cppcheck exclude dirs and/or files: 
[1.373s] -- Added test 'cpplint' to check C / C++ code against the Google style
[1.373s] -- Configured cpplint exclude dirs and/or files: 
[1.375s] -- Added test 'flake8' to check Python code syntax and style conventions
[1.378s] -- Added test 'lint_cmake' to check CMake code style
[1.379s] -- Added test 'pep257' to check Python code against some of the docstring style conventions in PEP 257
[1.385s] -- Added test 'uncrustify' to check C / C++ code style
[1.385s] -- Configured uncrustify additional arguments: 
[1.387s] -- Added test 'xmllint' to check XML markup files
[1.390s] -- Configuring done
[1.392s] -- Generating done
[1.393s] -- Build files have been written to: /home/peyton/dev_ws/src/build/sec_bot
[1.396s] Invoked command in '/home/peyton/dev_ws/src/build/sec_bot' returned '0': CMAKE_PREFIX_PATH=${CMAKE_PREFIX_PATH}:/opt/ros/humble /usr/bin/cmake /home/peyton/dev_ws/src/sec_bot -DCMAKE_INSTALL_PREFIX=/home/peyton/dev_ws/src/install/sec_bot
[1.398s] Invoking command in '/home/peyton/dev_ws/src/build/sec_bot': CMAKE_PREFIX_PATH=${CMAKE_PREFIX_PATH}:/opt/ros/humble /usr/bin/cmake --build /home/peyton/dev_ws/src/build/sec_bot -- -j12 -l12
[1.421s] Invoked command in '/home/peyton/dev_ws/src/build/sec_bot' returned '0': CMAKE_PREFIX_PATH=${CMAKE_PREFIX_PATH}:/opt/ros/humble /usr/bin/cmake --build /home/peyton/dev_ws/src/build/sec_bot -- -j12 -l12
[1.427s] Invoking command in '/home/peyton/dev_ws/src/build/sec_bot': CMAKE_PREFIX_PATH=${CMAKE_PREFIX_PATH}:/opt/ros/humble /usr/bin/cmake --install /home/peyton/dev_ws/src/build/sec_bot
[1.431s] -- Install configuration: ""
[1.431s] -- Installing: /home/peyton/dev_ws/src/install/sec_bot/share/sec_bot/config
[1.432s] -- Installing: /home/peyton/dev_ws/src/install/sec_bot/share/sec_bot/config/empty.yaml
[1.433s] -- Installing: /home/peyton/dev_ws/src/install/sec_bot/share/sec_bot/config/view_bot.rviz
[1.433s] -- Installing: /home/peyton/dev_ws/src/install/sec_bot/share/sec_bot/description
[1.434s] -- Installing: /home/peyton/dev_ws/src/install/sec_bot/share/sec_bot/description/robot.urdf.xacro
[1.434s] -- Installing: /home/peyton/dev_ws/src/install/sec_bot/share/sec_bot/description/gazebo_control.xacro
[1.437s] -- Installing: /home/peyton/dev_ws/src/install/sec_bot/share/sec_bot/description/inertial_macros.xacro
[1.437s] -- Installing: /home/peyton/dev_ws/src/install/sec_bot/share/sec_bot/description/camera.xacro
[1.438s] -- Installing: /home/peyton/dev_ws/src/install/sec_bot/share/sec_bot/description/urdf_help.txt
[1.439s] -- Installing: /home/peyton/dev_ws/src/install/sec_bot/share/sec_bot/description/robot_core.xacro
[1.439s] -- Installing: /home/peyton/dev_ws/src/install/sec_bot/share/sec_bot/launch
[1.440s] -- Installing: /home/peyton/dev_ws/src/install/sec_bot/share/sec_bot/launch/rsp.launch.py
[1.440s] -- Installing: /home/peyton/dev_ws/src/install/sec_bot/share/sec_bot/launch/purple_tracker.launch.py
[1.440s] -- Installing: /home/peyton/dev_ws/src/install/sec_bot/share/sec_bot/launch/launch_sim.launch.py
[1.440s] -- Installing: /home/peyton/dev_ws/src/install/sec_bot/share/sec_bot/worlds
[1.440s] -- Installing: /home/peyton/dev_ws/src/install/sec_bot/share/sec_bot/worlds/empty.world
[1.442s] -- Installing: /home/peyton/dev_ws/src/install/sec_bot/share/ament_index/resource_index/package_run_dependencies/sec_bot
[1.442s] -- Installing: /home/peyton/dev_ws/src/install/sec_bot/share/ament_index/resource_index/parent_prefix_path/sec_bot
[1.442s] -- Installing: /home/peyton/dev_ws/src/install/sec_bot/share/sec_bot/environment/ament_prefix_path.sh
[1.442s] -- Installing: /home/peyton/dev_ws/src/install/sec_bot/share/sec_bot/environment/ament_prefix_path.dsv
[1.443s] -- Installing: /home/peyton/dev_ws/src/install/sec_bot/share/sec_bot/environment/path.sh
[1.443s] -- Installing: /home/peyton/dev_ws/src/install/sec_bot/share/sec_bot/environment/path.dsv
[1.443s] -- Installing: /home/peyton/dev_ws/src/install/sec_bot/share/sec_bot/local_setup.bash
[1.443s] -- Installing: /home/peyton/dev_ws/src/install/sec_bot/share/sec_bot/local_setup.sh
[1.443s] -- Installing: /home/peyton/dev_ws/src/install/sec_bot/share/sec_bot/local_setup.zsh
[1.443s] -- Installing: /home/peyton/dev_ws/src/install/sec_bot/share/sec_bot/local_setup.dsv
[1.443s] -- Installing: /home/peyton/dev_ws/src/install/sec_bot/share/sec_bot/package.dsv
[1.444s] -- Installing: /home/peyton/dev_ws/src/install/sec_bot/share/ament_index/resource_index/packages/sec_bot
[1.444s] -- Installing: /home/peyton/dev_ws/src/install/sec_bot/share/sec_bot/cmake/sec_botConfig.cmake
[1.444s] -- Installing: /home/peyton/dev_ws/src/install/sec_bot/share/sec_bot/cmake/sec_botConfig-version.cmake
[1.444s] -- Installing: /home/peyton/dev_ws/src/install/sec_bot/share/sec_bot/package.xml
[1.445s] Invoked command in '/home/peyton/dev_ws/src/build/sec_bot' returned '0': CMAKE_PREFIX_PATH=${CMAKE_PREFIX_PATH}:/opt/ros/humble /usr/bin/cmake --install /home/peyton/dev_ws/src/build/sec_bot
