[1.703s] Invoking command in '/home/peyton/ros_ws/build/ball_tracker': PYTHONPATH=/home/peyton/ros_ws/build/ball_tracker/prefix_override:/home/peyton/.local/lib/python3.10/site-packages/colcon_core/task/python/colcon_distutils_commands:/home/peyton/ros_ws/install/ball_tracker/lib/python3.10/site-packages:${PYTHONPATH} /usr/bin/python3 -W ignore:setup.py install is deprecated -W ignore:easy_install command is deprecated setup.py develop --editable --build-directory /home/peyton/ros_ws/build/ball_tracker/build --no-deps symlink_data
[2.272s] running develop
[2.752s] running egg_info
[2.752s] writing ball_tracker.egg-info/PKG-INFO
[2.752s] writing dependency_links to ball_tracker.egg-info/dependency_links.txt
[2.754s] writing entry points to ball_tracker.egg-info/entry_points.txt
[2.756s] writing requirements to ball_tracker.egg-info/requires.txt
[2.756s] writing top-level names to ball_tracker.egg-info/top_level.txt
[2.759s] reading manifest file 'ball_tracker.egg-info/SOURCES.txt'
[2.760s] writing manifest file 'ball_tracker.egg-info/SOURCES.txt'
[2.762s] running build_ext
[2.762s] Creating /home/peyton/ros_ws/install/ball_tracker/lib/python3.10/site-packages/ball-tracker.egg-link (link to .)
[2.764s] Installing follow_ball script to /home/peyton/ros_ws/install/ball_tracker/lib/ball_tracker
[2.765s] Installing image_publisher script to /home/peyton/ros_ws/install/ball_tracker/lib/ball_tracker
[2.765s] Installing image_subscriber script to /home/peyton/ros_ws/install/ball_tracker/lib/ball_tracker
[2.765s] Installing multi_ball_tracker script to /home/peyton/ros_ws/install/ball_tracker/lib/ball_tracker
[2.766s] Installing sim_multi_ball_tracker script to /home/peyton/ros_ws/install/ball_tracker/lib/ball_tracker
[2.766s] 
[2.766s] Installed /home/peyton/ros_ws/build/ball_tracker
[2.766s] running symlink_data
[2.865s] Invoked command in '/home/peyton/ros_ws/build/ball_tracker' returned '0': PYTHONPATH=/home/peyton/ros_ws/build/ball_tracker/prefix_override:/home/peyton/.local/lib/python3.10/site-packages/colcon_core/task/python/colcon_distutils_commands:/home/peyton/ros_ws/install/ball_tracker/lib/python3.10/site-packages:${PYTHONPATH} /usr/bin/python3 -W ignore:setup.py install is deprecated -W ignore:easy_install command is deprecated setup.py develop --editable --build-directory /home/peyton/ros_ws/build/ball_tracker/build --no-deps symlink_data
