[0.289s] DEBUG:colcon:Command line arguments: ['/home/peyton/.local/bin/colcon', 'build', '--symlink-install']
[0.289s] DEBUG:colcon:Parsed command line arguments: Namespace(log_base=None, log_level=None, verb_name='build', build_base='build', install_base='install', merge_install=False, symlink_install=True, test_result_base=None, continue_on_error=False, executor='parallel', parallel_workers=12, event_handlers=None, ignore_user_meta=False, metas=['./colcon.meta'], base_paths=['.'], packages_ignore=None, packages_ignore_regex=None, paths=None, packages_up_to=None, packages_up_to_regex=None, packages_above=None, packages_above_and_dependencies=None, packages_above_depth=None, packages_select_by_dep=None, packages_skip_by_dep=None, packages_skip_up_to=None, packages_select_build_failed=False, packages_skip_build_finished=False, packages_select_test_failures=False, packages_skip_test_passed=False, packages_select=None, packages_skip=None, packages_select_regex=None, packages_skip_regex=None, packages_start=None, packages_end=None, allow_overriding=[], cmake_args=None, cmake_target=None, cmake_target_skip_unavailable=False, cmake_clean_cache=False, cmake_clean_first=False, cmake_force_configure=False, ament_cmake_args=None, catkin_cmake_args=None, catkin_skip_building_tests=False, mixin_files=None, mixin=None, verb_parser=<colcon_mixin.mixin.mixin_argument.MixinArgumentDecorator object at 0x7fd11fa3ce80>, verb_extension=<colcon_core.verb.build.BuildVerb object at 0x7fd11fa3c8b0>, main=<bound method BuildVerb.main of <colcon_core.verb.build.BuildVerb object at 0x7fd11fa3c8b0>>, mixin_verb=('build',))
[0.547s] Level 1:colcon.colcon_core.package_discovery:discover_packages(colcon_meta) check parameters
[0.547s] Level 1:colcon.colcon_core.package_discovery:discover_packages(recursive) check parameters
[0.547s] Level 1:colcon.colcon_core.package_discovery:discover_packages(ignore) check parameters
[0.547s] Level 1:colcon.colcon_core.package_discovery:discover_packages(path) check parameters
[0.548s] Level 1:colcon.colcon_core.package_discovery:discover_packages(colcon_meta) discover
[0.548s] Level 1:colcon.colcon_core.package_discovery:discover_packages(recursive) discover
[0.548s] INFO:colcon.colcon_core.package_discovery:Crawling recursively for packages in '/home/peyton/ros_ws'
[0.548s] Level 1:colcon.colcon_core.package_identification:_identify(.) by extensions ['ignore', 'ignore_ament_install']
[0.548s] Level 1:colcon.colcon_core.package_identification:_identify(.) by extension 'ignore'
[0.548s] Level 1:colcon.colcon_core.package_identification:_identify(.) by extension 'ignore_ament_install'
[0.549s] Level 1:colcon.colcon_core.package_identification:_identify(.) by extensions ['colcon_pkg']
[0.549s] Level 1:colcon.colcon_core.package_identification:_identify(.) by extension 'colcon_pkg'
[0.549s] Level 1:colcon.colcon_core.package_identification:_identify(.) by extensions ['colcon_meta']
[0.549s] Level 1:colcon.colcon_core.package_identification:_identify(.) by extension 'colcon_meta'
[0.549s] Level 1:colcon.colcon_core.package_identification:_identify(.) by extensions ['ros']
[0.550s] Level 1:colcon.colcon_core.package_identification:_identify(.) by extension 'ros'
[0.571s] Level 1:colcon.colcon_core.package_identification:_identify(.) by extensions ['cmake', 'python']
[0.571s] Level 1:colcon.colcon_core.package_identification:_identify(.) by extension 'cmake'
[0.571s] Level 1:colcon.colcon_core.package_identification:_identify(.) by extension 'python'
[0.571s] Level 1:colcon.colcon_core.package_identification:_identify(.) by extensions ['python_setup_py']
[0.571s] Level 1:colcon.colcon_core.package_identification:_identify(.) by extension 'python_setup_py'
[0.572s] Level 1:colcon.colcon_core.package_identification:_identify(build) by extensions ['ignore', 'ignore_ament_install']
[0.572s] Level 1:colcon.colcon_core.package_identification:_identify(build) by extension 'ignore'
[0.572s] Level 1:colcon.colcon_core.package_identification:_identify(build) ignored
[0.572s] Level 1:colcon.colcon_core.package_identification:_identify(install) by extensions ['ignore', 'ignore_ament_install']
[0.572s] Level 1:colcon.colcon_core.package_identification:_identify(install) by extension 'ignore'
[0.573s] Level 1:colcon.colcon_core.package_identification:_identify(install) ignored
[0.573s] Level 1:colcon.colcon_core.package_identification:_identify(log) by extensions ['ignore', 'ignore_ament_install']
[0.573s] Level 1:colcon.colcon_core.package_identification:_identify(log) by extension 'ignore'
[0.573s] Level 1:colcon.colcon_core.package_identification:_identify(log) ignored
[0.573s] Level 1:colcon.colcon_core.package_identification:_identify(sec_bot) by extensions ['ignore', 'ignore_ament_install']
[0.573s] Level 1:colcon.colcon_core.package_identification:_identify(sec_bot) by extension 'ignore'
[0.574s] Level 1:colcon.colcon_core.package_identification:_identify(sec_bot) by extension 'ignore_ament_install'
[0.574s] Level 1:colcon.colcon_core.package_identification:_identify(sec_bot) by extensions ['colcon_pkg']
[0.574s] Level 1:colcon.colcon_core.package_identification:_identify(sec_bot) by extension 'colcon_pkg'
[0.574s] Level 1:colcon.colcon_core.package_identification:_identify(sec_bot) by extensions ['colcon_meta']
[0.575s] Level 1:colcon.colcon_core.package_identification:_identify(sec_bot) by extension 'colcon_meta'
[0.575s] Level 1:colcon.colcon_core.package_identification:_identify(sec_bot) by extensions ['ros']
[0.575s] Level 1:colcon.colcon_core.package_identification:_identify(sec_bot) by extension 'ros'
[0.576s] Level 1:colcon.colcon_core.package_identification:_identify(sec_bot) by extensions ['cmake', 'python']
[0.576s] Level 1:colcon.colcon_core.package_identification:_identify(sec_bot) by extension 'cmake'
[0.576s] Level 1:colcon.colcon_core.package_identification:_identify(sec_bot) by extension 'python'
[0.576s] Level 1:colcon.colcon_core.package_identification:_identify(sec_bot) by extensions ['python_setup_py']
[0.576s] Level 1:colcon.colcon_core.package_identification:_identify(sec_bot) by extension 'python_setup_py'
[0.576s] Level 1:colcon.colcon_core.package_identification:_identify(sec_bot/src) by extensions ['ignore', 'ignore_ament_install']
[0.577s] Level 1:colcon.colcon_core.package_identification:_identify(sec_bot/src) by extension 'ignore'
[0.577s] Level 1:colcon.colcon_core.package_identification:_identify(sec_bot/src) by extension 'ignore_ament_install'
[0.577s] Level 1:colcon.colcon_core.package_identification:_identify(sec_bot/src) by extensions ['colcon_pkg']
[0.577s] Level 1:colcon.colcon_core.package_identification:_identify(sec_bot/src) by extension 'colcon_pkg'
[0.577s] Level 1:colcon.colcon_core.package_identification:_identify(sec_bot/src) by extensions ['colcon_meta']
[0.577s] Level 1:colcon.colcon_core.package_identification:_identify(sec_bot/src) by extension 'colcon_meta'
[0.577s] Level 1:colcon.colcon_core.package_identification:_identify(sec_bot/src) by extensions ['ros']
[0.577s] Level 1:colcon.colcon_core.package_identification:_identify(sec_bot/src) by extension 'ros'
[0.578s] Level 1:colcon.colcon_core.package_identification:_identify(sec_bot/src) by extensions ['cmake', 'python']
[0.578s] Level 1:colcon.colcon_core.package_identification:_identify(sec_bot/src) by extension 'cmake'
[0.578s] Level 1:colcon.colcon_core.package_identification:_identify(sec_bot/src) by extension 'python'
[0.578s] Level 1:colcon.colcon_core.package_identification:_identify(sec_bot/src) by extensions ['python_setup_py']
[0.578s] Level 1:colcon.colcon_core.package_identification:_identify(sec_bot/src) by extension 'python_setup_py'
[0.578s] Level 1:colcon.colcon_core.package_identification:_identify(sec_bot/src/ball_tracker) by extensions ['ignore', 'ignore_ament_install']
[0.578s] Level 1:colcon.colcon_core.package_identification:_identify(sec_bot/src/ball_tracker) by extension 'ignore'
[0.578s] Level 1:colcon.colcon_core.package_identification:_identify(sec_bot/src/ball_tracker) by extension 'ignore_ament_install'
[0.579s] Level 1:colcon.colcon_core.package_identification:_identify(sec_bot/src/ball_tracker) by extensions ['colcon_pkg']
[0.579s] Level 1:colcon.colcon_core.package_identification:_identify(sec_bot/src/ball_tracker) by extension 'colcon_pkg'
[0.579s] Level 1:colcon.colcon_core.package_identification:_identify(sec_bot/src/ball_tracker) by extensions ['colcon_meta']
[0.579s] Level 1:colcon.colcon_core.package_identification:_identify(sec_bot/src/ball_tracker) by extension 'colcon_meta'
[0.579s] Level 1:colcon.colcon_core.package_identification:_identify(sec_bot/src/ball_tracker) by extensions ['ros']
[0.579s] Level 1:colcon.colcon_core.package_identification:_identify(sec_bot/src/ball_tracker) by extension 'ros'
[0.584s] DEBUG:colcon.colcon_core.package_identification:Package 'sec_bot/src/ball_tracker' with type 'ros.ament_python' and name 'ball_tracker'
[0.584s] Level 1:colcon.colcon_core.package_identification:_identify(sec_bot/src/sec_bot) by extensions ['ignore', 'ignore_ament_install']
[0.584s] Level 1:colcon.colcon_core.package_identification:_identify(sec_bot/src/sec_bot) by extension 'ignore'
[0.585s] Level 1:colcon.colcon_core.package_identification:_identify(sec_bot/src/sec_bot) by extension 'ignore_ament_install'
[0.585s] Level 1:colcon.colcon_core.package_identification:_identify(sec_bot/src/sec_bot) by extensions ['colcon_pkg']
[0.585s] Level 1:colcon.colcon_core.package_identification:_identify(sec_bot/src/sec_bot) by extension 'colcon_pkg'
[0.585s] Level 1:colcon.colcon_core.package_identification:_identify(sec_bot/src/sec_bot) by extensions ['colcon_meta']
[0.585s] Level 1:colcon.colcon_core.package_identification:_identify(sec_bot/src/sec_bot) by extension 'colcon_meta'
[0.585s] Level 1:colcon.colcon_core.package_identification:_identify(sec_bot/src/sec_bot) by extensions ['ros']
[0.585s] Level 1:colcon.colcon_core.package_identification:_identify(sec_bot/src/sec_bot) by extension 'ros'
[0.586s] DEBUG:colcon.colcon_core.package_identification:Package 'sec_bot/src/sec_bot' with type 'ros.ament_cmake' and name 'sec_bot'
[0.586s] Level 1:colcon.colcon_core.package_discovery:discover_packages(recursive) using defaults
[0.587s] Level 1:colcon.colcon_core.package_discovery:discover_packages(ignore) discover
[0.587s] Level 1:colcon.colcon_core.package_discovery:discover_packages(ignore) using defaults
[0.587s] Level 1:colcon.colcon_core.package_discovery:discover_packages(path) discover
[0.587s] Level 1:colcon.colcon_core.package_discovery:discover_packages(path) using defaults
[0.623s] Level 1:colcon.colcon_core.package_discovery:discover_packages(prefix_path) check parameters
[0.623s] Level 1:colcon.colcon_core.package_discovery:discover_packages(prefix_path) discover
[0.628s] DEBUG:colcon.colcon_installed_package_information.package_discovery:Found 2 installed packages in /home/peyton/ros_ws/install
[0.630s] DEBUG:colcon.colcon_installed_package_information.package_discovery:Found 327 installed packages in /opt/ros/humble
[0.655s] Level 1:colcon.colcon_core.package_discovery:discover_packages(prefix_path) using defaults
[0.712s] Level 5:colcon.colcon_core.verb:set package 'ball_tracker' build argument 'cmake_args' from command line to 'None'
[0.712s] Level 5:colcon.colcon_core.verb:set package 'ball_tracker' build argument 'cmake_target' from command line to 'None'
[0.712s] Level 5:colcon.colcon_core.verb:set package 'ball_tracker' build argument 'cmake_target_skip_unavailable' from command line to 'False'
[0.712s] Level 5:colcon.colcon_core.verb:set package 'ball_tracker' build argument 'cmake_clean_cache' from command line to 'False'
[0.712s] Level 5:colcon.colcon_core.verb:set package 'ball_tracker' build argument 'cmake_clean_first' from command line to 'False'
[0.712s] Level 5:colcon.colcon_core.verb:set package 'ball_tracker' build argument 'cmake_force_configure' from command line to 'False'
[0.712s] Level 5:colcon.colcon_core.verb:set package 'ball_tracker' build argument 'ament_cmake_args' from command line to 'None'
[0.712s] Level 5:colcon.colcon_core.verb:set package 'ball_tracker' build argument 'catkin_cmake_args' from command line to 'None'
[0.712s] Level 5:colcon.colcon_core.verb:set package 'ball_tracker' build argument 'catkin_skip_building_tests' from command line to 'False'
[0.713s] DEBUG:colcon.colcon_core.verb:Building package 'ball_tracker' with the following arguments: {'ament_cmake_args': None, 'build_base': '/home/peyton/ros_ws/build/ball_tracker', 'catkin_cmake_args': None, 'catkin_skip_building_tests': False, 'cmake_args': None, 'cmake_clean_cache': False, 'cmake_clean_first': False, 'cmake_force_configure': False, 'cmake_target': None, 'cmake_target_skip_unavailable': False, 'install_base': '/home/peyton/ros_ws/install/ball_tracker', 'merge_install': False, 'path': '/home/peyton/ros_ws/sec_bot/src/ball_tracker', 'symlink_install': True, 'test_result_base': None}
[0.713s] Level 5:colcon.colcon_core.verb:set package 'sec_bot' build argument 'cmake_args' from command line to 'None'
[0.713s] Level 5:colcon.colcon_core.verb:set package 'sec_bot' build argument 'cmake_target' from command line to 'None'
[0.714s] Level 5:colcon.colcon_core.verb:set package 'sec_bot' build argument 'cmake_target_skip_unavailable' from command line to 'False'
[0.714s] Level 5:colcon.colcon_core.verb:set package 'sec_bot' build argument 'cmake_clean_cache' from command line to 'False'
[0.714s] Level 5:colcon.colcon_core.verb:set package 'sec_bot' build argument 'cmake_clean_first' from command line to 'False'
[0.714s] Level 5:colcon.colcon_core.verb:set package 'sec_bot' build argument 'cmake_force_configure' from command line to 'False'
[0.714s] Level 5:colcon.colcon_core.verb:set package 'sec_bot' build argument 'ament_cmake_args' from command line to 'None'
[0.714s] Level 5:colcon.colcon_core.verb:set package 'sec_bot' build argument 'catkin_cmake_args' from command line to 'None'
[0.714s] Level 5:colcon.colcon_core.verb:set package 'sec_bot' build argument 'catkin_skip_building_tests' from command line to 'False'
[0.714s] DEBUG:colcon.colcon_core.verb:Building package 'sec_bot' with the following arguments: {'ament_cmake_args': None, 'build_base': '/home/peyton/ros_ws/build/sec_bot', 'catkin_cmake_args': None, 'catkin_skip_building_tests': False, 'cmake_args': None, 'cmake_clean_cache': False, 'cmake_clean_first': False, 'cmake_force_configure': False, 'cmake_target': None, 'cmake_target_skip_unavailable': False, 'install_base': '/home/peyton/ros_ws/install/sec_bot', 'merge_install': False, 'path': '/home/peyton/ros_ws/sec_bot/src/sec_bot', 'symlink_install': True, 'test_result_base': None}
[0.714s] INFO:colcon.colcon_core.executor:Executing jobs using 'parallel' executor
[0.716s] DEBUG:colcon.colcon_parallel_executor.executor.parallel:run_until_complete
[0.717s] INFO:colcon.colcon_ros.task.ament_python.build:Building ROS package in '/home/peyton/ros_ws/sec_bot/src/ball_tracker' with build type 'ament_python'
[0.717s] Level 1:colcon.colcon_core.shell:create_environment_hook('ball_tracker', 'ament_prefix_path')
[0.721s] INFO:colcon.colcon_core.plugin_system:Skipping extension 'colcon_core.shell.bat': Not used on non-Windows systems
[0.722s] INFO:colcon.colcon_core.shell:Creating environment hook '/home/peyton/ros_ws/install/ball_tracker/share/ball_tracker/hook/ament_prefix_path.ps1'
[0.724s] INFO:colcon.colcon_core.shell:Creating environment descriptor '/home/peyton/ros_ws/install/ball_tracker/share/ball_tracker/hook/ament_prefix_path.dsv'
[0.726s] INFO:colcon.colcon_core.shell:Creating environment hook '/home/peyton/ros_ws/install/ball_tracker/share/ball_tracker/hook/ament_prefix_path.sh'
[0.729s] INFO:colcon.colcon_core.shell:Skip shell extension 'powershell' for command environment: Not usable outside of PowerShell
[0.729s] DEBUG:colcon.colcon_core.shell:Skip shell extension 'dsv' for command environment
[0.734s] INFO:colcon.colcon_ros.task.ament_cmake.build:Building ROS package in '/home/peyton/ros_ws/sec_bot/src/sec_bot' with build type 'ament_cmake'
[0.735s] INFO:colcon.colcon_cmake.task.cmake.build:Building CMake package in '/home/peyton/ros_ws/sec_bot/src/sec_bot'
[0.735s] INFO:colcon.colcon_core.shell:Skip shell extension 'powershell' for command environment: Not usable outside of PowerShell
[0.735s] DEBUG:colcon.colcon_core.shell:Skip shell extension 'dsv' for command environment
[1.270s] INFO:colcon.colcon_core.task.python.build:Building Python package in '/home/peyton/ros_ws/sec_bot/src/ball_tracker'
[1.272s] INFO:colcon.colcon_core.shell:Skip shell extension 'powershell' for command environment: Not usable outside of PowerShell
[1.272s] DEBUG:colcon.colcon_core.shell:Skip shell extension 'dsv' for command environment
[1.291s] DEBUG:colcon.colcon_core.event_handler.log_command:Invoking command in '/home/peyton/ros_ws/build/sec_bot': CMAKE_PREFIX_PATH=${CMAKE_PREFIX_PATH}:/home/peyton/ros_ws/install/ball_tracker:/opt/ros/humble /usr/bin/cmake --build /home/peyton/ros_ws/build/sec_bot -- -j12 -l12
[1.346s] DEBUG:colcon.colcon_core.event_handler.log_command:Invoked command in '/home/peyton/ros_ws/build/sec_bot' returned '0': CMAKE_PREFIX_PATH=${CMAKE_PREFIX_PATH}:/home/peyton/ros_ws/install/ball_tracker:/opt/ros/humble /usr/bin/cmake --build /home/peyton/ros_ws/build/sec_bot -- -j12 -l12
[1.363s] DEBUG:colcon.colcon_core.event_handler.log_command:Invoking command in '/home/peyton/ros_ws/build/sec_bot': CMAKE_PREFIX_PATH=${CMAKE_PREFIX_PATH}:/home/peyton/ros_ws/install/ball_tracker:/opt/ros/humble /usr/bin/cmake --install /home/peyton/ros_ws/build/sec_bot
[1.399s] Level 1:colcon.colcon_core.environment:create_environment_scripts_only(sec_bot)
[1.400s] DEBUG:colcon.colcon_core.event_handler.log_command:Invoked command in '/home/peyton/ros_ws/build/sec_bot' returned '0': CMAKE_PREFIX_PATH=${CMAKE_PREFIX_PATH}:/home/peyton/ros_ws/install/ball_tracker:/opt/ros/humble /usr/bin/cmake --install /home/peyton/ros_ws/build/sec_bot
[1.404s] Level 1:colcon.colcon_core.environment:checking '/home/peyton/ros_ws/install/sec_bot' for CMake module files
[1.408s] Level 1:colcon.colcon_core.environment:checking '/home/peyton/ros_ws/install/sec_bot' for CMake config files
[1.410s] Level 1:colcon.colcon_core.shell:create_environment_hook('sec_bot', 'cmake_prefix_path')
[1.411s] INFO:colcon.colcon_core.shell:Creating environment hook '/home/peyton/ros_ws/install/sec_bot/share/sec_bot/hook/cmake_prefix_path.ps1'
[1.413s] INFO:colcon.colcon_core.shell:Creating environment descriptor '/home/peyton/ros_ws/install/sec_bot/share/sec_bot/hook/cmake_prefix_path.dsv'
[1.415s] INFO:colcon.colcon_core.shell:Creating environment hook '/home/peyton/ros_ws/install/sec_bot/share/sec_bot/hook/cmake_prefix_path.sh'
[1.418s] Level 1:colcon.colcon_core.environment:checking '/home/peyton/ros_ws/install/sec_bot/bin'
[1.418s] Level 1:colcon.colcon_core.environment:checking '/home/peyton/ros_ws/install/sec_bot/lib/pkgconfig/sec_bot.pc'
[1.419s] Level 1:colcon.colcon_core.environment:checking '/home/peyton/ros_ws/install/sec_bot/lib/python3.10/site-packages'
[1.420s] Level 1:colcon.colcon_core.environment:checking '/home/peyton/ros_ws/install/sec_bot/bin'
[1.421s] INFO:colcon.colcon_core.shell:Creating package script '/home/peyton/ros_ws/install/sec_bot/share/sec_bot/package.ps1'
[1.423s] INFO:colcon.colcon_core.shell:Creating package descriptor '/home/peyton/ros_ws/install/sec_bot/share/sec_bot/package.dsv'
[1.425s] INFO:colcon.colcon_core.shell:Creating package script '/home/peyton/ros_ws/install/sec_bot/share/sec_bot/package.sh'
[1.427s] INFO:colcon.colcon_core.shell:Creating package script '/home/peyton/ros_ws/install/sec_bot/share/sec_bot/package.bash'
[1.435s] INFO:colcon.colcon_core.shell:Creating package script '/home/peyton/ros_ws/install/sec_bot/share/sec_bot/package.zsh'
[1.438s] Level 1:colcon.colcon_core.environment:create_file_with_runtime_dependencies(/home/peyton/ros_ws/install/sec_bot/share/colcon-core/packages/sec_bot)
[1.439s] Level 1:colcon.colcon_core.environment:create_environment_scripts_only(sec_bot)
[1.440s] Level 1:colcon.colcon_core.environment:checking '/home/peyton/ros_ws/install/sec_bot' for CMake module files
[1.440s] Level 1:colcon.colcon_core.environment:checking '/home/peyton/ros_ws/install/sec_bot' for CMake config files
[1.441s] Level 1:colcon.colcon_core.shell:create_environment_hook('sec_bot', 'cmake_prefix_path')
[1.442s] INFO:colcon.colcon_core.shell:Creating environment hook '/home/peyton/ros_ws/install/sec_bot/share/sec_bot/hook/cmake_prefix_path.ps1'
[1.443s] INFO:colcon.colcon_core.shell:Creating environment descriptor '/home/peyton/ros_ws/install/sec_bot/share/sec_bot/hook/cmake_prefix_path.dsv'
[1.445s] INFO:colcon.colcon_core.shell:Creating environment hook '/home/peyton/ros_ws/install/sec_bot/share/sec_bot/hook/cmake_prefix_path.sh'
[1.447s] Level 1:colcon.colcon_core.environment:checking '/home/peyton/ros_ws/install/sec_bot/bin'
[1.447s] Level 1:colcon.colcon_core.environment:checking '/home/peyton/ros_ws/install/sec_bot/lib/pkgconfig/sec_bot.pc'
[1.449s] Level 1:colcon.colcon_core.environment:checking '/home/peyton/ros_ws/install/sec_bot/lib/python3.10/site-packages'
[1.452s] Level 1:colcon.colcon_core.environment:checking '/home/peyton/ros_ws/install/sec_bot/bin'
[1.453s] INFO:colcon.colcon_core.shell:Creating package script '/home/peyton/ros_ws/install/sec_bot/share/sec_bot/package.ps1'
[1.454s] INFO:colcon.colcon_core.shell:Creating package descriptor '/home/peyton/ros_ws/install/sec_bot/share/sec_bot/package.dsv'
[1.455s] INFO:colcon.colcon_core.shell:Creating package script '/home/peyton/ros_ws/install/sec_bot/share/sec_bot/package.sh'
[1.456s] INFO:colcon.colcon_core.shell:Creating package script '/home/peyton/ros_ws/install/sec_bot/share/sec_bot/package.bash'
[1.458s] INFO:colcon.colcon_core.shell:Creating package script '/home/peyton/ros_ws/install/sec_bot/share/sec_bot/package.zsh'
[1.459s] Level 1:colcon.colcon_core.environment:create_file_with_runtime_dependencies(/home/peyton/ros_ws/install/sec_bot/share/colcon-core/packages/sec_bot)
[2.038s] DEBUG:colcon.colcon_core.event_handler.log_command:Invoking command in '/home/peyton/ros_ws/build/ball_tracker': PYTHONPATH=/home/peyton/ros_ws/build/ball_tracker/prefix_override:/home/peyton/.local/lib/python3.10/site-packages/colcon_core/task/python/colcon_distutils_commands:/home/peyton/ros_ws/install/ball_tracker/lib/python3.10/site-packages:${PYTHONPATH} /usr/bin/python3 -W ignore:setup.py install is deprecated -W ignore:easy_install command is deprecated setup.py develop --editable --build-directory /home/peyton/ros_ws/build/ball_tracker/build --no-deps symlink_data
[3.026s] Level 1:colcon.colcon_core.shell:create_environment_hook('ball_tracker', 'pythonpath_develop')
[3.026s] INFO:colcon.colcon_core.shell:Creating environment hook '/home/peyton/ros_ws/build/ball_tracker/share/ball_tracker/hook/pythonpath_develop.ps1'
[3.028s] DEBUG:colcon.colcon_core.event_handler.log_command:Invoked command in '/home/peyton/ros_ws/build/ball_tracker' returned '0': PYTHONPATH=/home/peyton/ros_ws/build/ball_tracker/prefix_override:/home/peyton/.local/lib/python3.10/site-packages/colcon_core/task/python/colcon_distutils_commands:/home/peyton/ros_ws/install/ball_tracker/lib/python3.10/site-packages:${PYTHONPATH} /usr/bin/python3 -W ignore:setup.py install is deprecated -W ignore:easy_install command is deprecated setup.py develop --editable --build-directory /home/peyton/ros_ws/build/ball_tracker/build --no-deps symlink_data
[3.029s] INFO:colcon.colcon_core.shell:Creating environment descriptor '/home/peyton/ros_ws/build/ball_tracker/share/ball_tracker/hook/pythonpath_develop.dsv'
[3.029s] INFO:colcon.colcon_core.shell:Creating environment hook '/home/peyton/ros_ws/build/ball_tracker/share/ball_tracker/hook/pythonpath_develop.sh'
[3.031s] Level 1:colcon.colcon_core.environment:checking '/home/peyton/ros_ws/install/ball_tracker' for CMake module files
[3.032s] Level 1:colcon.colcon_core.environment:checking '/home/peyton/ros_ws/install/ball_tracker' for CMake config files
[3.032s] Level 1:colcon.colcon_core.environment:checking '/home/peyton/ros_ws/install/ball_tracker/lib'
[3.033s] Level 1:colcon.colcon_core.environment:checking '/home/peyton/ros_ws/install/ball_tracker/bin'
[3.033s] Level 1:colcon.colcon_core.environment:checking '/home/peyton/ros_ws/install/ball_tracker/lib/pkgconfig/ball_tracker.pc'
[3.033s] Level 1:colcon.colcon_core.environment:checking '/home/peyton/ros_ws/install/ball_tracker/lib/python3.10/site-packages'
[3.034s] Level 1:colcon.colcon_core.shell:create_environment_hook('ball_tracker', 'pythonpath')
[3.034s] INFO:colcon.colcon_core.shell:Creating environment hook '/home/peyton/ros_ws/install/ball_tracker/share/ball_tracker/hook/pythonpath.ps1'
[3.035s] INFO:colcon.colcon_core.shell:Creating environment descriptor '/home/peyton/ros_ws/install/ball_tracker/share/ball_tracker/hook/pythonpath.dsv'
[3.036s] INFO:colcon.colcon_core.shell:Creating environment hook '/home/peyton/ros_ws/install/ball_tracker/share/ball_tracker/hook/pythonpath.sh'
[3.036s] Level 1:colcon.colcon_core.environment:checking '/home/peyton/ros_ws/install/ball_tracker/bin'
[3.036s] Level 1:colcon.colcon_core.environment:create_environment_scripts_only(ball_tracker)
[3.037s] INFO:colcon.colcon_core.shell:Creating package script '/home/peyton/ros_ws/install/ball_tracker/share/ball_tracker/package.ps1'
[3.038s] INFO:colcon.colcon_core.shell:Creating package descriptor '/home/peyton/ros_ws/install/ball_tracker/share/ball_tracker/package.dsv'
[3.040s] INFO:colcon.colcon_core.shell:Creating package script '/home/peyton/ros_ws/install/ball_tracker/share/ball_tracker/package.sh'
[3.042s] INFO:colcon.colcon_core.shell:Creating package script '/home/peyton/ros_ws/install/ball_tracker/share/ball_tracker/package.bash'
[3.043s] INFO:colcon.colcon_core.shell:Creating package script '/home/peyton/ros_ws/install/ball_tracker/share/ball_tracker/package.zsh'
[3.044s] Level 1:colcon.colcon_core.environment:create_file_with_runtime_dependencies(/home/peyton/ros_ws/install/ball_tracker/share/colcon-core/packages/ball_tracker)
[3.045s] DEBUG:colcon.colcon_parallel_executor.executor.parallel:closing loop
[3.045s] DEBUG:colcon.colcon_parallel_executor.executor.parallel:loop closed
[3.046s] DEBUG:colcon.colcon_parallel_executor.executor.parallel:run_until_complete finished with '0'
[3.046s] DEBUG:colcon.colcon_core.event_reactor:joining thread
[3.091s] INFO:colcon.colcon_core.plugin_system:Skipping extension 'colcon_notification.desktop_notification.notify_send': Could not find 'notify-send'
[3.091s] INFO:colcon.colcon_core.plugin_system:Skipping extension 'colcon_notification.desktop_notification.terminal_notifier': Not used on non-Darwin systems
[3.091s] INFO:colcon.colcon_core.plugin_system:Skipping extension 'colcon_notification.desktop_notification.win32': Not used on non-Windows systems
[3.092s] INFO:colcon.colcon_notification.desktop_notification:Sending desktop notification using 'notify2'
[3.092s] DEBUG:colcon.colcon_notification.desktop_notification.notify2:Failed to initialize notify2: org.freedesktop.DBus.Error.FileNotFound: Failed to connect to socket /run/user/1000/bus: No such file or directory
[3.092s] DEBUG:colcon.colcon_core.event_reactor:joined thread
[3.093s] INFO:colcon.colcon_core.shell:Creating prefix script '/home/peyton/ros_ws/install/local_setup.ps1'
[3.095s] INFO:colcon.colcon_core.shell:Creating prefix util module '/home/peyton/ros_ws/install/_local_setup_util_ps1.py'
[3.098s] INFO:colcon.colcon_core.shell:Creating prefix chain script '/home/peyton/ros_ws/install/setup.ps1'
[3.102s] INFO:colcon.colcon_core.shell:Creating prefix script '/home/peyton/ros_ws/install/local_setup.sh'
[3.105s] INFO:colcon.colcon_core.shell:Creating prefix util module '/home/peyton/ros_ws/install/_local_setup_util_sh.py'
[3.106s] INFO:colcon.colcon_core.shell:Creating prefix chain script '/home/peyton/ros_ws/install/setup.sh'
[3.107s] INFO:colcon.colcon_core.shell:Creating prefix script '/home/peyton/ros_ws/install/local_setup.bash'
[3.108s] INFO:colcon.colcon_core.shell:Creating prefix chain script '/home/peyton/ros_ws/install/setup.bash'
[3.109s] INFO:colcon.colcon_core.shell:Creating prefix script '/home/peyton/ros_ws/install/local_setup.zsh'
[3.110s] INFO:colcon.colcon_core.shell:Creating prefix chain script '/home/peyton/ros_ws/install/setup.zsh'
