running egg_info
writing ../../build/ball_tracker/ball_tracker.egg-info/PKG-INFO
writing dependency_links to ../../build/ball_tracker/ball_tracker.egg-info/dependency_links.txt
writing entry points to ../../build/ball_tracker/ball_tracker.egg-info/entry_points.txt
writing requirements to ../../build/ball_tracker/ball_tracker.egg-info/requires.txt
writing top-level names to ../../build/ball_tracker/ball_tracker.egg-info/top_level.txt
reading manifest file '../../build/ball_tracker/ball_tracker.egg-info/SOURCES.txt'
adding license file 'LICENSE'
writing manifest file '../../build/ball_tracker/ball_tracker.egg-info/SOURCES.txt'
running build
running build_py
running install
running install_lib
running install_data
running install_egg_info
removing '/home/user/Downloads/sec_bot/install/ball_tracker/lib/python3.10/site-packages/ball_tracker-0.0.0-py3.10.egg-info' (and everything under it)
Copying ../../build/ball_tracker/ball_tracker.egg-info to /home/user/Downloads/sec_bot/install/ball_tracker/lib/python3.10/site-packages/ball_tracker-0.0.0-py3.10.egg-info
running install_scripts
Installing follow_ball script to /home/user/Downloads/sec_bot/install/ball_tracker/lib/ball_tracker
Installing image_publisher script to /home/user/Downloads/sec_bot/install/ball_tracker/lib/ball_tracker
Installing image_subscriber script to /home/user/Downloads/sec_bot/install/ball_tracker/lib/ball_tracker
Installing multi_ball_tracker script to /home/user/Downloads/sec_bot/install/ball_tracker/lib/ball_tracker
Installing sim_multi_ball_tracker script to /home/user/Downloads/sec_bot/install/ball_tracker/lib/ball_tracker
writing list of installed files to '/home/user/Downloads/sec_bot/build/ball_tracker/install.log'
