[0.673s] Invoking command in '/home/user/Downloads/sec_bot/src/ball_tracker': PYTHONPATH=/home/user/Downloads/sec_bot/build/ball_tracker/prefix_override:/usr/lib/python3/dist-packages/colcon_core/task/python/colcon_distutils_commands:/home/user/Downloads/sec_bot/install/ball_tracker/lib/python3.10/site-packages:${PYTHONPATH} /usr/bin/python3 -W ignore:setup.py install is deprecated -W ignore:easy_install command is deprecated setup.py egg_info --egg-base ../../build/ball_tracker build --build-base /home/user/Downloads/sec_bot/build/ball_tracker/build install --record /home/user/Downloads/sec_bot/build/ball_tracker/install.log --single-version-externally-managed install_data
[0.919s] running egg_info
[0.920s] writing ../../build/ball_tracker/ball_tracker.egg-info/PKG-INFO
[0.920s] writing dependency_links to ../../build/ball_tracker/ball_tracker.egg-info/dependency_links.txt
[0.920s] writing entry points to ../../build/ball_tracker/ball_tracker.egg-info/entry_points.txt
[0.920s] writing requirements to ../../build/ball_tracker/ball_tracker.egg-info/requires.txt
[0.920s] writing top-level names to ../../build/ball_tracker/ball_tracker.egg-info/top_level.txt
[0.922s] reading manifest file '../../build/ball_tracker/ball_tracker.egg-info/SOURCES.txt'
[0.922s] adding license file 'LICENSE'
[0.923s] writing manifest file '../../build/ball_tracker/ball_tracker.egg-info/SOURCES.txt'
[0.923s] running build
[0.923s] running build_py
[0.924s] running install
[0.924s] running install_lib
[0.927s] running install_data
[0.927s] running install_egg_info
[0.929s] removing '/home/user/Downloads/sec_bot/install/ball_tracker/lib/python3.10/site-packages/ball_tracker-0.0.0-py3.10.egg-info' (and everything under it)
[0.929s] Copying ../../build/ball_tracker/ball_tracker.egg-info to /home/user/Downloads/sec_bot/install/ball_tracker/lib/python3.10/site-packages/ball_tracker-0.0.0-py3.10.egg-info
[0.930s] running install_scripts
[0.954s] Installing follow_ball script to /home/user/Downloads/sec_bot/install/ball_tracker/lib/ball_tracker
[0.955s] Installing image_publisher script to /home/user/Downloads/sec_bot/install/ball_tracker/lib/ball_tracker
[0.955s] Installing image_subscriber script to /home/user/Downloads/sec_bot/install/ball_tracker/lib/ball_tracker
[0.955s] Installing multi_ball_tracker script to /home/user/Downloads/sec_bot/install/ball_tracker/lib/ball_tracker
[0.955s] Installing sim_multi_ball_tracker script to /home/user/Downloads/sec_bot/install/ball_tracker/lib/ball_tracker
[0.955s] writing list of installed files to '/home/user/Downloads/sec_bot/build/ball_tracker/install.log'
[0.995s] Invoked command in '/home/user/Downloads/sec_bot/src/ball_tracker' returned '0': PYTHONPATH=/home/user/Downloads/sec_bot/build/ball_tracker/prefix_override:/usr/lib/python3/dist-packages/colcon_core/task/python/colcon_distutils_commands:/home/user/Downloads/sec_bot/install/ball_tracker/lib/python3.10/site-packages:${PYTHONPATH} /usr/bin/python3 -W ignore:setup.py install is deprecated -W ignore:easy_install command is deprecated setup.py egg_info --egg-base ../../build/ball_tracker build --build-base /home/user/Downloads/sec_bot/build/ball_tracker/build install --record /home/user/Downloads/sec_bot/build/ball_tracker/install.log --single-version-externally-managed install_data
