[0.008s] Invoking command in '/home/ubuntu-vm/Desktop/sec_bot/build/sec_bot': CMAKE_PREFIX_PATH=${CMAKE_PREFIX_PATH}:/opt/ros/humble /usr/bin/cmake --build /home/ubuntu-vm/Desktop/sec_bot/build/sec_bot -- -j8 -l8
[0.049s] Invoked command in '/home/ubuntu-vm/Desktop/sec_bot/build/sec_bot' returned '0': CMAKE_PREFIX_PATH=${CMAKE_PREFIX_PATH}:/opt/ros/humble /usr/bin/cmake --build /home/ubuntu-vm/Desktop/sec_bot/build/sec_bot -- -j8 -l8
[0.059s] Invoking command in '/home/ubuntu-vm/Desktop/sec_bot/build/sec_bot': CMAKE_PREFIX_PATH=${CMAKE_PREFIX_PATH}:/opt/ros/humble /usr/bin/cmake --install /home/ubuntu-vm/Desktop/sec_bot/build/sec_bot
[0.065s] -- Install configuration: ""
[0.065s] -- Execute custom install script
[0.065s] -- Up-to-date symlink: /home/ubuntu-vm/Desktop/sec_bot/install/sec_bot/share/sec_bot/config/empty.yaml
[0.066s] -- Up-to-date symlink: /home/ubuntu-vm/Desktop/sec_bot/install/sec_bot/share/sec_bot/description/gazebo_control.xacro
[0.066s] -- Up-to-date symlink: /home/ubuntu-vm/Desktop/sec_bot/install/sec_bot/share/sec_bot/description/inertial_macros.xacro
[0.066s] -- Up-to-date symlink: /home/ubuntu-vm/Desktop/sec_bot/install/sec_bot/share/sec_bot/description/robot.urdf.xacro
[0.066s] -- Up-to-date symlink: /home/ubuntu-vm/Desktop/sec_bot/install/sec_bot/share/sec_bot/description/robot_core.xacro
[0.066s] -- Up-to-date symlink: /home/ubuntu-vm/Desktop/sec_bot/install/sec_bot/share/sec_bot/description/urdf_help.txt
[0.066s] -- Up-to-date symlink: /home/ubuntu-vm/Desktop/sec_bot/install/sec_bot/share/sec_bot/launch/launch_sim.launch.py
[0.066s] -- Up-to-date symlink: /home/ubuntu-vm/Desktop/sec_bot/install/sec_bot/share/sec_bot/launch/rsp.launch.py
[0.066s] -- Up-to-date symlink: /home/ubuntu-vm/Desktop/sec_bot/install/sec_bot/share/sec_bot/worlds/empty.world
[0.067s] -- Up-to-date symlink: /home/ubuntu-vm/Desktop/sec_bot/install/sec_bot/share/ament_index/resource_index/package_run_dependencies/sec_bot
[0.067s] -- Up-to-date symlink: /home/ubuntu-vm/Desktop/sec_bot/install/sec_bot/share/ament_index/resource_index/parent_prefix_path/sec_bot
[0.067s] -- Up-to-date symlink: /home/ubuntu-vm/Desktop/sec_bot/install/sec_bot/share/sec_bot/environment/ament_prefix_path.sh
[0.067s] -- Up-to-date symlink: /home/ubuntu-vm/Desktop/sec_bot/install/sec_bot/share/sec_bot/environment/ament_prefix_path.dsv
[0.067s] -- Up-to-date symlink: /home/ubuntu-vm/Desktop/sec_bot/install/sec_bot/share/sec_bot/environment/path.sh
[0.067s] -- Up-to-date symlink: /home/ubuntu-vm/Desktop/sec_bot/install/sec_bot/share/sec_bot/environment/path.dsv
[0.067s] -- Up-to-date symlink: /home/ubuntu-vm/Desktop/sec_bot/install/sec_bot/share/sec_bot/local_setup.bash
[0.068s] -- Up-to-date symlink: /home/ubuntu-vm/Desktop/sec_bot/install/sec_bot/share/sec_bot/local_setup.sh
[0.068s] -- Up-to-date symlink: /home/ubuntu-vm/Desktop/sec_bot/install/sec_bot/share/sec_bot/local_setup.zsh
[0.068s] -- Up-to-date symlink: /home/ubuntu-vm/Desktop/sec_bot/install/sec_bot/share/sec_bot/local_setup.dsv
[0.068s] -- Symlinking: /home/ubuntu-vm/Desktop/sec_bot/install/sec_bot/share/sec_bot/package.dsv
[0.077s] -- Up-to-date symlink: /home/ubuntu-vm/Desktop/sec_bot/install/sec_bot/share/ament_index/resource_index/packages/sec_bot
[0.077s] -- Up-to-date symlink: /home/ubuntu-vm/Desktop/sec_bot/install/sec_bot/share/sec_bot/cmake/sec_botConfig.cmake
[0.077s] -- Up-to-date symlink: /home/ubuntu-vm/Desktop/sec_bot/install/sec_bot/share/sec_bot/cmake/sec_botConfig-version.cmake
[0.077s] -- Up-to-date symlink: /home/ubuntu-vm/Desktop/sec_bot/install/sec_bot/share/sec_bot/package.xml
[0.079s] Invoked command in '/home/ubuntu-vm/Desktop/sec_bot/build/sec_bot' returned '0': CMAKE_PREFIX_PATH=${CMAKE_PREFIX_PATH}:/opt/ros/humble /usr/bin/cmake --install /home/ubuntu-vm/Desktop/sec_bot/build/sec_bot
