[0.512s] Invoking command in '/home/peyton/dev_ws/build/ball_tracker': PYTHONPATH=/home/peyton/dev_ws/build/ball_tracker/prefix_override:/home/peyton/.local/lib/python3.10/site-packages/colcon_core/task/python/colcon_distutils_commands:/home/peyton/dev_ws/install/ball_tracker/lib/python3.10/site-packages:${PYTHONPATH} /usr/bin/python3 -W ignore:setup.py install is deprecated -W ignore:easy_install command is deprecated setup.py develop --editable --build-directory /home/peyton/dev_ws/build/ball_tracker/build --no-deps symlink_data
[0.705s] running develop
[0.838s] running egg_info
[0.838s] creating ball_tracker.egg-info
[0.838s] writing ball_tracker.egg-info/PKG-INFO
[0.838s] writing dependency_links to ball_tracker.egg-info/dependency_links.txt
[0.839s] writing entry points to ball_tracker.egg-info/entry_points.txt
[0.839s] writing requirements to ball_tracker.egg-info/requires.txt
[0.839s] writing top-level names to ball_tracker.egg-info/top_level.txt
[0.839s] writing manifest file 'ball_tracker.egg-info/SOURCES.txt'
[0.840s] reading manifest file 'ball_tracker.egg-info/SOURCES.txt'
[0.841s] writing manifest file 'ball_tracker.egg-info/SOURCES.txt'
[0.842s] running build_ext
[0.843s] Creating /home/peyton/dev_ws/install/ball_tracker/lib/python3.10/site-packages/ball-tracker.egg-link (link to .)
[0.844s] Installing follow_ball script to /home/peyton/dev_ws/install/ball_tracker/lib/ball_tracker
[0.844s] Installing image_publisher script to /home/peyton/dev_ws/install/ball_tracker/lib/ball_tracker
[0.844s] Installing image_subscriber script to /home/peyton/dev_ws/install/ball_tracker/lib/ball_tracker
[0.845s] Installing multi_ball_tracker script to /home/peyton/dev_ws/install/ball_tracker/lib/ball_tracker
[0.845s] Installing sim_multi_ball_tracker script to /home/peyton/dev_ws/install/ball_tracker/lib/ball_tracker
[0.845s] 
[0.845s] Installed /home/peyton/dev_ws/build/ball_tracker
[0.845s] running symlink_data
[0.845s] creating /home/peyton/dev_ws/install/ball_tracker/share/ament_index
[0.845s] creating /home/peyton/dev_ws/install/ball_tracker/share/ament_index/resource_index
[0.845s] creating /home/peyton/dev_ws/install/ball_tracker/share/ament_index/resource_index/packages
[0.846s] symbolically linking /home/peyton/dev_ws/build/ball_tracker/resource/ball_tracker -> /home/peyton/dev_ws/install/ball_tracker/share/ament_index/resource_index/packages
[0.846s] symbolically linking /home/peyton/dev_ws/build/ball_tracker/package.xml -> /home/peyton/dev_ws/install/ball_tracker/share/ball_tracker
[0.846s] creating /home/peyton/dev_ws/install/ball_tracker/share/ball_tracker/launch
[0.846s] symbolically linking /home/peyton/dev_ws/build/ball_tracker/launch/camera.launch.py -> /home/peyton/dev_ws/install/ball_tracker/share/ball_tracker/launch
[0.846s] symbolically linking /home/peyton/dev_ws/build/ball_tracker/launch/sim_cam.launch.py -> /home/peyton/dev_ws/install/ball_tracker/share/ball_tracker/launch
[0.846s] symbolically linking /home/peyton/dev_ws/build/ball_tracker/launch/follow_ball.launch.py -> /home/peyton/dev_ws/install/ball_tracker/share/ball_tracker/launch
[0.877s] Invoked command in '/home/peyton/dev_ws/build/ball_tracker' returned '0': PYTHONPATH=/home/peyton/dev_ws/build/ball_tracker/prefix_override:/home/peyton/.local/lib/python3.10/site-packages/colcon_core/task/python/colcon_distutils_commands:/home/peyton/dev_ws/install/ball_tracker/lib/python3.10/site-packages:${PYTHONPATH} /usr/bin/python3 -W ignore:setup.py install is deprecated -W ignore:easy_install command is deprecated setup.py develop --editable --build-directory /home/peyton/dev_ws/build/ball_tracker/build --no-deps symlink_data
