[0.011s] Invoking command in '/home/user/Downloads/sec_bot/build/sec_bot': CMAKE_PREFIX_PATH=${CMAKE_PREFIX_PATH}:/home/user/sec_bot/install/ball_tracker:/home/user/Desktop/sec_bot/install/ball_tracker:/opt/ros/humble /usr/bin/cmake /home/user/Downloads/sec_bot/src/sec_bot -DCMAKE_INSTALL_PREFIX=/home/user/Downloads/sec_bot/install/sec_bot
[0.074s] -- The C compiler identification is GNU 11.4.0
[0.139s] -- The CXX compiler identification is GNU 11.4.0
[0.147s] -- Detecting C compiler ABI info
[0.237s] -- Detecting C compiler ABI info - done
[0.245s] -- Check for working C compiler: /usr/bin/cc - skipped
[0.245s] -- Detecting C compile features
[0.245s] -- Detecting C compile features - done
[0.245s] -- Detecting CXX compiler ABI info
[0.338s] -- Detecting CXX compiler ABI info - done
[0.344s] -- Check for working CXX compiler: /usr/bin/c++ - skipped
[0.344s] -- Detecting CXX compile features
[0.344s] -- Detecting CXX compile features - done
[0.347s] -- Found ament_cmake: 1.3.11 (/opt/ros/humble/share/ament_cmake/cmake)
[0.510s] -- Found Python3: /usr/bin/python3 (found version "3.10.12") found components: Interpreter 
[0.607s] -- Found ament_lint_auto: 0.12.11 (/opt/ros/humble/share/ament_lint_auto/cmake)
[0.691s] -- Added test 'copyright' to check source files copyright and LICENSE
[0.695s] -- Added test 'flake8' to check Python code syntax and style conventions
[0.696s] -- Added test 'lint_cmake' to check CMake code style
[0.697s] -- Added test 'pep257' to check Python code against some of the docstring style conventions in PEP 257
[0.699s] -- Added test 'xmllint' to check XML markup files
[0.700s] -- Configuring done
[0.703s] -- Generating done
[0.705s] -- Build files have been written to: /home/user/Downloads/sec_bot/build/sec_bot
[0.710s] Invoked command in '/home/user/Downloads/sec_bot/build/sec_bot' returned '0': CMAKE_PREFIX_PATH=${CMAKE_PREFIX_PATH}:/home/user/sec_bot/install/ball_tracker:/home/user/Desktop/sec_bot/install/ball_tracker:/opt/ros/humble /usr/bin/cmake /home/user/Downloads/sec_bot/src/sec_bot -DCMAKE_INSTALL_PREFIX=/home/user/Downloads/sec_bot/install/sec_bot
[0.712s] Invoking command in '/home/user/Downloads/sec_bot/build/sec_bot': CMAKE_PREFIX_PATH=${CMAKE_PREFIX_PATH}:/home/user/sec_bot/install/ball_tracker:/home/user/Desktop/sec_bot/install/ball_tracker:/opt/ros/humble /usr/bin/cmake --build /home/user/Downloads/sec_bot/build/sec_bot -- -j8 -l8
[0.758s] Invoked command in '/home/user/Downloads/sec_bot/build/sec_bot' returned '0': CMAKE_PREFIX_PATH=${CMAKE_PREFIX_PATH}:/home/user/sec_bot/install/ball_tracker:/home/user/Desktop/sec_bot/install/ball_tracker:/opt/ros/humble /usr/bin/cmake --build /home/user/Downloads/sec_bot/build/sec_bot -- -j8 -l8
[0.770s] Invoking command in '/home/user/Downloads/sec_bot/build/sec_bot': CMAKE_PREFIX_PATH=${CMAKE_PREFIX_PATH}:/home/user/sec_bot/install/ball_tracker:/home/user/Desktop/sec_bot/install/ball_tracker:/opt/ros/humble /usr/bin/cmake --install /home/user/Downloads/sec_bot/build/sec_bot
[0.779s] -- Install configuration: ""
[0.779s] -- Installing: /home/user/Downloads/sec_bot/install/sec_bot/share/sec_bot/config
[0.779s] -- Installing: /home/user/Downloads/sec_bot/install/sec_bot/share/sec_bot/config/empty.yaml
[0.779s] -- Installing: /home/user/Downloads/sec_bot/install/sec_bot/share/sec_bot/description
[0.779s] -- Installing: /home/user/Downloads/sec_bot/install/sec_bot/share/sec_bot/description/camera.xacro
[0.779s] -- Installing: /home/user/Downloads/sec_bot/install/sec_bot/share/sec_bot/description/gazebo_control.xacro
[0.779s] -- Installing: /home/user/Downloads/sec_bot/install/sec_bot/share/sec_bot/description/robot_core.xacro
[0.779s] -- Installing: /home/user/Downloads/sec_bot/install/sec_bot/share/sec_bot/description/urdf_help.txt
[0.780s] -- Installing: /home/user/Downloads/sec_bot/install/sec_bot/share/sec_bot/description/robot.urdf.xacro
[0.780s] -- Installing: /home/user/Downloads/sec_bot/install/sec_bot/share/sec_bot/description/config
[0.780s] -- Installing: /home/user/Downloads/sec_bot/install/sec_bot/share/sec_bot/description/config/robot_controllers.yaml
[0.780s] -- Installing: /home/user/Downloads/sec_bot/install/sec_bot/share/sec_bot/description/inertial_macros.xacro
[0.781s] -- Installing: /home/user/Downloads/sec_bot/install/sec_bot/share/sec_bot/launch
[0.781s] -- Installing: /home/user/Downloads/sec_bot/install/sec_bot/share/sec_bot/launch/launch_sim.launch.py
[0.781s] -- Installing: /home/user/Downloads/sec_bot/install/sec_bot/share/sec_bot/launch/camera.launch.py
[0.781s] -- Installing: /home/user/Downloads/sec_bot/install/sec_bot/share/sec_bot/launch/rsp.launch.py
[0.781s] -- Installing: /home/user/Downloads/sec_bot/install/sec_bot/share/sec_bot/launch/sec_bot.launch
[0.781s] -- Installing: /home/user/Downloads/sec_bot/install/sec_bot/share/sec_bot/worlds
[0.781s] -- Installing: /home/user/Downloads/sec_bot/install/sec_bot/share/sec_bot/worlds/empty.world
[0.781s] -- Installing: /home/user/Downloads/sec_bot/install/sec_bot/share/ament_index/resource_index/package_run_dependencies/sec_bot
[0.781s] -- Installing: /home/user/Downloads/sec_bot/install/sec_bot/share/ament_index/resource_index/parent_prefix_path/sec_bot
[0.781s] -- Installing: /home/user/Downloads/sec_bot/install/sec_bot/share/sec_bot/environment/ament_prefix_path.sh
[0.781s] -- Installing: /home/user/Downloads/sec_bot/install/sec_bot/share/sec_bot/environment/ament_prefix_path.dsv
[0.781s] -- Installing: /home/user/Downloads/sec_bot/install/sec_bot/share/sec_bot/environment/path.sh
[0.781s] -- Installing: /home/user/Downloads/sec_bot/install/sec_bot/share/sec_bot/environment/path.dsv
[0.782s] -- Installing: /home/user/Downloads/sec_bot/install/sec_bot/share/sec_bot/local_setup.bash
[0.782s] -- Installing: /home/user/Downloads/sec_bot/install/sec_bot/share/sec_bot/local_setup.sh
[0.782s] -- Installing: /home/user/Downloads/sec_bot/install/sec_bot/share/sec_bot/local_setup.zsh
[0.782s] -- Installing: /home/user/Downloads/sec_bot/install/sec_bot/share/sec_bot/local_setup.dsv
[0.783s] -- Installing: /home/user/Downloads/sec_bot/install/sec_bot/share/sec_bot/package.dsv
[0.783s] -- Installing: /home/user/Downloads/sec_bot/install/sec_bot/share/ament_index/resource_index/packages/sec_bot
[0.783s] -- Installing: /home/user/Downloads/sec_bot/install/sec_bot/share/sec_bot/cmake/sec_botConfig.cmake
[0.783s] -- Installing: /home/user/Downloads/sec_bot/install/sec_bot/share/sec_bot/cmake/sec_botConfig-version.cmake
[0.783s] -- Installing: /home/user/Downloads/sec_bot/install/sec_bot/share/sec_bot/package.xml
[0.787s] Invoked command in '/home/user/Downloads/sec_bot/build/sec_bot' returned '0': CMAKE_PREFIX_PATH=${CMAKE_PREFIX_PATH}:/home/user/sec_bot/install/ball_tracker:/home/user/Desktop/sec_bot/install/ball_tracker:/opt/ros/humble /usr/bin/cmake --install /home/user/Downloads/sec_bot/build/sec_bot
