[0.179s] DEBUG:colcon:Command line arguments: ['/home/peyton/.local/bin/colcon', 'build']
[0.179s] DEBUG:colcon:Parsed command line arguments: Namespace(log_base=None, log_level=None, verb_name='build', build_base='build', install_base='install', merge_install=False, symlink_install=False, test_result_base=None, continue_on_error=False, executor='parallel', parallel_workers=12, event_handlers=None, ignore_user_meta=False, metas=['./colcon.meta'], base_paths=['.'], packages_ignore=None, packages_ignore_regex=None, paths=None, packages_up_to=None, packages_up_to_regex=None, packages_above=None, packages_above_and_dependencies=None, packages_above_depth=None, packages_select_by_dep=None, packages_skip_by_dep=None, packages_skip_up_to=None, packages_select_build_failed=False, packages_skip_build_finished=False, packages_select_test_failures=False, packages_skip_test_passed=False, packages_select=None, packages_skip=None, packages_select_regex=None, packages_skip_regex=None, packages_start=None, packages_end=None, allow_overriding=[], cmake_args=None, cmake_target=None, cmake_target_skip_unavailable=False, cmake_clean_cache=False, cmake_clean_first=False, cmake_force_configure=False, ament_cmake_args=None, catkin_cmake_args=None, catkin_skip_building_tests=False, mixin_files=None, mixin=None, verb_parser=<colcon_mixin.mixin.mixin_argument.MixinArgumentDecorator object at 0x7f21aa155810>, verb_extension=<colcon_core.verb.build.BuildVerb object at 0x7f21aa155240>, main=<bound method BuildVerb.main of <colcon_core.verb.build.BuildVerb object at 0x7f21aa155240>>, mixin_verb=('build',))
[0.279s] Level 1:colcon.colcon_core.package_discovery:discover_packages(colcon_meta) check parameters
[0.279s] Level 1:colcon.colcon_core.package_discovery:discover_packages(recursive) check parameters
[0.279s] Level 1:colcon.colcon_core.package_discovery:discover_packages(ignore) check parameters
[0.279s] Level 1:colcon.colcon_core.package_discovery:discover_packages(path) check parameters
[0.279s] Level 1:colcon.colcon_core.package_discovery:discover_packages(colcon_meta) discover
[0.279s] Level 1:colcon.colcon_core.package_discovery:discover_packages(recursive) discover
[0.279s] INFO:colcon.colcon_core.package_discovery:Crawling recursively for packages in '/home/peyton/dev_ws'
[0.279s] Level 1:colcon.colcon_core.package_identification:_identify(.) by extensions ['ignore', 'ignore_ament_install']
[0.280s] Level 1:colcon.colcon_core.package_identification:_identify(.) by extension 'ignore'
[0.280s] Level 1:colcon.colcon_core.package_identification:_identify(.) by extension 'ignore_ament_install'
[0.280s] Level 1:colcon.colcon_core.package_identification:_identify(.) by extensions ['colcon_pkg']
[0.280s] Level 1:colcon.colcon_core.package_identification:_identify(.) by extension 'colcon_pkg'
[0.280s] Level 1:colcon.colcon_core.package_identification:_identify(.) by extensions ['colcon_meta']
[0.280s] Level 1:colcon.colcon_core.package_identification:_identify(.) by extension 'colcon_meta'
[0.280s] Level 1:colcon.colcon_core.package_identification:_identify(.) by extensions ['ros']
[0.280s] Level 1:colcon.colcon_core.package_identification:_identify(.) by extension 'ros'
[0.287s] Level 1:colcon.colcon_core.package_identification:_identify(.) by extensions ['cmake', 'python']
[0.287s] Level 1:colcon.colcon_core.package_identification:_identify(.) by extension 'cmake'
[0.287s] Level 1:colcon.colcon_core.package_identification:_identify(.) by extension 'python'
[0.287s] Level 1:colcon.colcon_core.package_identification:_identify(.) by extensions ['python_setup_py']
[0.287s] Level 1:colcon.colcon_core.package_identification:_identify(.) by extension 'python_setup_py'
[0.287s] Level 1:colcon.colcon_core.package_identification:_identify(build) by extensions ['ignore', 'ignore_ament_install']
[0.287s] Level 1:colcon.colcon_core.package_identification:_identify(build) by extension 'ignore'
[0.287s] Level 1:colcon.colcon_core.package_identification:_identify(build) ignored
[0.287s] Level 1:colcon.colcon_core.package_identification:_identify(install) by extensions ['ignore', 'ignore_ament_install']
[0.287s] Level 1:colcon.colcon_core.package_identification:_identify(install) by extension 'ignore'
[0.288s] Level 1:colcon.colcon_core.package_identification:_identify(install) ignored
[0.288s] Level 1:colcon.colcon_core.package_identification:_identify(log) by extensions ['ignore', 'ignore_ament_install']
[0.288s] Level 1:colcon.colcon_core.package_identification:_identify(log) by extension 'ignore'
[0.288s] Level 1:colcon.colcon_core.package_identification:_identify(log) ignored
[0.288s] Level 1:colcon.colcon_core.package_identification:_identify(src) by extensions ['ignore', 'ignore_ament_install']
[0.288s] Level 1:colcon.colcon_core.package_identification:_identify(src) by extension 'ignore'
[0.288s] Level 1:colcon.colcon_core.package_identification:_identify(src) by extension 'ignore_ament_install'
[0.288s] Level 1:colcon.colcon_core.package_identification:_identify(src) by extensions ['colcon_pkg']
[0.288s] Level 1:colcon.colcon_core.package_identification:_identify(src) by extension 'colcon_pkg'
[0.288s] Level 1:colcon.colcon_core.package_identification:_identify(src) by extensions ['colcon_meta']
[0.288s] Level 1:colcon.colcon_core.package_identification:_identify(src) by extension 'colcon_meta'
[0.288s] Level 1:colcon.colcon_core.package_identification:_identify(src) by extensions ['ros']
[0.288s] Level 1:colcon.colcon_core.package_identification:_identify(src) by extension 'ros'
[0.288s] Level 1:colcon.colcon_core.package_identification:_identify(src) by extensions ['cmake', 'python']
[0.288s] Level 1:colcon.colcon_core.package_identification:_identify(src) by extension 'cmake'
[0.288s] Level 1:colcon.colcon_core.package_identification:_identify(src) by extension 'python'
[0.288s] Level 1:colcon.colcon_core.package_identification:_identify(src) by extensions ['python_setup_py']
[0.288s] Level 1:colcon.colcon_core.package_identification:_identify(src) by extension 'python_setup_py'
[0.288s] Level 1:colcon.colcon_core.package_identification:_identify(src/ball_tracker) by extensions ['ignore', 'ignore_ament_install']
[0.288s] Level 1:colcon.colcon_core.package_identification:_identify(src/ball_tracker) by extension 'ignore'
[0.288s] Level 1:colcon.colcon_core.package_identification:_identify(src/ball_tracker) by extension 'ignore_ament_install'
[0.289s] Level 1:colcon.colcon_core.package_identification:_identify(src/ball_tracker) by extensions ['colcon_pkg']
[0.289s] Level 1:colcon.colcon_core.package_identification:_identify(src/ball_tracker) by extension 'colcon_pkg'
[0.289s] Level 1:colcon.colcon_core.package_identification:_identify(src/ball_tracker) by extensions ['colcon_meta']
[0.289s] Level 1:colcon.colcon_core.package_identification:_identify(src/ball_tracker) by extension 'colcon_meta'
[0.289s] Level 1:colcon.colcon_core.package_identification:_identify(src/ball_tracker) by extensions ['ros']
[0.289s] Level 1:colcon.colcon_core.package_identification:_identify(src/ball_tracker) by extension 'ros'
[0.290s] DEBUG:colcon.colcon_core.package_identification:Package 'src/ball_tracker' with type 'ros.ament_python' and name 'ball_tracker'
[0.290s] Level 1:colcon.colcon_core.package_identification:_identify(src/build) by extensions ['ignore', 'ignore_ament_install']
[0.290s] Level 1:colcon.colcon_core.package_identification:_identify(src/build) by extension 'ignore'
[0.290s] Level 1:colcon.colcon_core.package_identification:_identify(src/build) ignored
[0.290s] Level 1:colcon.colcon_core.package_identification:_identify(src/install) by extensions ['ignore', 'ignore_ament_install']
[0.290s] Level 1:colcon.colcon_core.package_identification:_identify(src/install) by extension 'ignore'
[0.291s] Level 1:colcon.colcon_core.package_identification:_identify(src/install) ignored
[0.291s] Level 1:colcon.colcon_core.package_identification:_identify(src/log) by extensions ['ignore', 'ignore_ament_install']
[0.291s] Level 1:colcon.colcon_core.package_identification:_identify(src/log) by extension 'ignore'
[0.291s] Level 1:colcon.colcon_core.package_identification:_identify(src/log) ignored
[0.291s] Level 1:colcon.colcon_core.package_identification:_identify(src/sec_bot) by extensions ['ignore', 'ignore_ament_install']
[0.291s] Level 1:colcon.colcon_core.package_identification:_identify(src/sec_bot) by extension 'ignore'
[0.291s] Level 1:colcon.colcon_core.package_identification:_identify(src/sec_bot) by extension 'ignore_ament_install'
[0.291s] Level 1:colcon.colcon_core.package_identification:_identify(src/sec_bot) by extensions ['colcon_pkg']
[0.291s] Level 1:colcon.colcon_core.package_identification:_identify(src/sec_bot) by extension 'colcon_pkg'
[0.291s] Level 1:colcon.colcon_core.package_identification:_identify(src/sec_bot) by extensions ['colcon_meta']
[0.291s] Level 1:colcon.colcon_core.package_identification:_identify(src/sec_bot) by extension 'colcon_meta'
[0.291s] Level 1:colcon.colcon_core.package_identification:_identify(src/sec_bot) by extensions ['ros']
[0.291s] Level 1:colcon.colcon_core.package_identification:_identify(src/sec_bot) by extension 'ros'
[0.291s] DEBUG:colcon.colcon_core.package_identification:Package 'src/sec_bot' with type 'ros.ament_cmake' and name 'sec_bot'
[0.291s] Level 1:colcon.colcon_core.package_discovery:discover_packages(recursive) using defaults
[0.291s] Level 1:colcon.colcon_core.package_discovery:discover_packages(ignore) discover
[0.292s] Level 1:colcon.colcon_core.package_discovery:discover_packages(ignore) using defaults
[0.292s] Level 1:colcon.colcon_core.package_discovery:discover_packages(path) discover
[0.292s] Level 1:colcon.colcon_core.package_discovery:discover_packages(path) using defaults
[0.304s] Level 1:colcon.colcon_core.package_discovery:discover_packages(prefix_path) check parameters
[0.304s] Level 1:colcon.colcon_core.package_discovery:discover_packages(prefix_path) discover
[0.305s] WARNING:colcon.colcon_ros.prefix_path.ament:The path '/home/peyton/dev_ws/src/install/purple_tracker' in the environment variable AMENT_PREFIX_PATH doesn't exist
[0.306s] DEBUG:colcon.colcon_installed_package_information.package_discovery:Found 0 installed packages in /home/peyton/dev_ws/src/ball_tracker/launch/install
[0.306s] DEBUG:colcon.colcon_installed_package_information.package_discovery:Found 2 installed packages in /home/peyton/dev_ws/install
[0.306s] DEBUG:colcon.colcon_installed_package_information.package_discovery:Found 2 installed packages in /home/peyton/dev_ws/src/install
[0.307s] DEBUG:colcon.colcon_installed_package_information.package_discovery:Found 1 installed packages in /home/peyton/dev_ws/src/sec_bot/install
[0.308s] DEBUG:colcon.colcon_installed_package_information.package_discovery:Found 327 installed packages in /opt/ros/humble
[0.309s] Level 1:colcon.colcon_core.package_discovery:discover_packages(prefix_path) using defaults
[0.344s] Level 5:colcon.colcon_core.verb:set package 'ball_tracker' build argument 'cmake_args' from command line to 'None'
[0.344s] Level 5:colcon.colcon_core.verb:set package 'ball_tracker' build argument 'cmake_target' from command line to 'None'
[0.344s] Level 5:colcon.colcon_core.verb:set package 'ball_tracker' build argument 'cmake_target_skip_unavailable' from command line to 'False'
[0.344s] Level 5:colcon.colcon_core.verb:set package 'ball_tracker' build argument 'cmake_clean_cache' from command line to 'False'
[0.344s] Level 5:colcon.colcon_core.verb:set package 'ball_tracker' build argument 'cmake_clean_first' from command line to 'False'
[0.344s] Level 5:colcon.colcon_core.verb:set package 'ball_tracker' build argument 'cmake_force_configure' from command line to 'False'
[0.345s] Level 5:colcon.colcon_core.verb:set package 'ball_tracker' build argument 'ament_cmake_args' from command line to 'None'
[0.345s] Level 5:colcon.colcon_core.verb:set package 'ball_tracker' build argument 'catkin_cmake_args' from command line to 'None'
[0.345s] Level 5:colcon.colcon_core.verb:set package 'ball_tracker' build argument 'catkin_skip_building_tests' from command line to 'False'
[0.345s] DEBUG:colcon.colcon_core.verb:Building package 'ball_tracker' with the following arguments: {'ament_cmake_args': None, 'build_base': '/home/peyton/dev_ws/build/ball_tracker', 'catkin_cmake_args': None, 'catkin_skip_building_tests': False, 'cmake_args': None, 'cmake_clean_cache': False, 'cmake_clean_first': False, 'cmake_force_configure': False, 'cmake_target': None, 'cmake_target_skip_unavailable': False, 'install_base': '/home/peyton/dev_ws/install/ball_tracker', 'merge_install': False, 'path': '/home/peyton/dev_ws/src/ball_tracker', 'symlink_install': False, 'test_result_base': None}
[0.345s] Level 5:colcon.colcon_core.verb:set package 'sec_bot' build argument 'cmake_args' from command line to 'None'
[0.345s] Level 5:colcon.colcon_core.verb:set package 'sec_bot' build argument 'cmake_target' from command line to 'None'
[0.345s] Level 5:colcon.colcon_core.verb:set package 'sec_bot' build argument 'cmake_target_skip_unavailable' from command line to 'False'
[0.345s] Level 5:colcon.colcon_core.verb:set package 'sec_bot' build argument 'cmake_clean_cache' from command line to 'False'
[0.345s] Level 5:colcon.colcon_core.verb:set package 'sec_bot' build argument 'cmake_clean_first' from command line to 'False'
[0.345s] Level 5:colcon.colcon_core.verb:set package 'sec_bot' build argument 'cmake_force_configure' from command line to 'False'
[0.345s] Level 5:colcon.colcon_core.verb:set package 'sec_bot' build argument 'ament_cmake_args' from command line to 'None'
[0.345s] Level 5:colcon.colcon_core.verb:set package 'sec_bot' build argument 'catkin_cmake_args' from command line to 'None'
[0.345s] Level 5:colcon.colcon_core.verb:set package 'sec_bot' build argument 'catkin_skip_building_tests' from command line to 'False'
[0.345s] DEBUG:colcon.colcon_core.verb:Building package 'sec_bot' with the following arguments: {'ament_cmake_args': None, 'build_base': '/home/peyton/dev_ws/build/sec_bot', 'catkin_cmake_args': None, 'catkin_skip_building_tests': False, 'cmake_args': None, 'cmake_clean_cache': False, 'cmake_clean_first': False, 'cmake_force_configure': False, 'cmake_target': None, 'cmake_target_skip_unavailable': False, 'install_base': '/home/peyton/dev_ws/install/sec_bot', 'merge_install': False, 'path': '/home/peyton/dev_ws/src/sec_bot', 'symlink_install': False, 'test_result_base': None}
[0.345s] INFO:colcon.colcon_core.executor:Executing jobs using 'parallel' executor
[0.346s] DEBUG:colcon.colcon_parallel_executor.executor.parallel:run_until_complete
[0.346s] INFO:colcon.colcon_ros.task.ament_python.build:Building ROS package in '/home/peyton/dev_ws/src/ball_tracker' with build type 'ament_python'
[0.346s] Level 1:colcon.colcon_core.shell:create_environment_hook('ball_tracker', 'ament_prefix_path')
[0.348s] INFO:colcon.colcon_core.plugin_system:Skipping extension 'colcon_core.shell.bat': Not used on non-Windows systems
[0.348s] INFO:colcon.colcon_core.shell:Creating environment hook '/home/peyton/dev_ws/install/ball_tracker/share/ball_tracker/hook/ament_prefix_path.ps1'
[0.350s] INFO:colcon.colcon_core.shell:Creating environment descriptor '/home/peyton/dev_ws/install/ball_tracker/share/ball_tracker/hook/ament_prefix_path.dsv'
[0.351s] INFO:colcon.colcon_core.shell:Creating environment hook '/home/peyton/dev_ws/install/ball_tracker/share/ball_tracker/hook/ament_prefix_path.sh'
[0.352s] INFO:colcon.colcon_core.shell:Skip shell extension 'powershell' for command environment: Not usable outside of PowerShell
[0.352s] DEBUG:colcon.colcon_core.shell:Skip shell extension 'dsv' for command environment
[0.356s] INFO:colcon.colcon_ros.task.ament_cmake.build:Building ROS package in '/home/peyton/dev_ws/src/sec_bot' with build type 'ament_cmake'
[0.356s] INFO:colcon.colcon_cmake.task.cmake.build:Building CMake package in '/home/peyton/dev_ws/src/sec_bot'
[0.357s] INFO:colcon.colcon_core.shell:Skip shell extension 'powershell' for command environment: Not usable outside of PowerShell
[0.357s] DEBUG:colcon.colcon_core.shell:Skip shell extension 'dsv' for command environment
[0.540s] INFO:colcon.colcon_core.task.python.build:Building Python package in '/home/peyton/dev_ws/src/ball_tracker'
[0.541s] INFO:colcon.colcon_core.shell:Skip shell extension 'powershell' for command environment: Not usable outside of PowerShell
[0.541s] DEBUG:colcon.colcon_core.shell:Skip shell extension 'dsv' for command environment
[0.548s] DEBUG:colcon.colcon_core.event_handler.log_command:Invoking command in '/home/peyton/dev_ws/build/sec_bot': CMAKE_PREFIX_PATH=${CMAKE_PREFIX_PATH}:/home/peyton/dev_ws/install/ball_tracker:/home/peyton/dev_ws/src/install/purple_tracker:/home/peyton/dev_ws/src/install/ball_tracker:/opt/ros/humble /usr/bin/cmake /home/peyton/dev_ws/src/sec_bot -DCMAKE_INSTALL_PREFIX=/home/peyton/dev_ws/install/sec_bot
[0.844s] DEBUG:colcon.colcon_core.event_handler.log_command:Invoked command in '/home/peyton/dev_ws/build/sec_bot' returned '0': CMAKE_PREFIX_PATH=${CMAKE_PREFIX_PATH}:/home/peyton/dev_ws/install/ball_tracker:/home/peyton/dev_ws/src/install/purple_tracker:/home/peyton/dev_ws/src/install/ball_tracker:/opt/ros/humble /usr/bin/cmake /home/peyton/dev_ws/src/sec_bot -DCMAKE_INSTALL_PREFIX=/home/peyton/dev_ws/install/sec_bot
[0.846s] DEBUG:colcon.colcon_core.event_handler.log_command:Invoking command in '/home/peyton/dev_ws/build/sec_bot': CMAKE_PREFIX_PATH=${CMAKE_PREFIX_PATH}:/home/peyton/dev_ws/install/ball_tracker:/home/peyton/dev_ws/src/install/purple_tracker:/home/peyton/dev_ws/src/install/ball_tracker:/opt/ros/humble /usr/bin/cmake --build /home/peyton/dev_ws/build/sec_bot -- -j12 -l12
[0.869s] DEBUG:colcon.colcon_core.event_handler.log_command:Invoked command in '/home/peyton/dev_ws/build/sec_bot' returned '0': CMAKE_PREFIX_PATH=${CMAKE_PREFIX_PATH}:/home/peyton/dev_ws/install/ball_tracker:/home/peyton/dev_ws/src/install/purple_tracker:/home/peyton/dev_ws/src/install/ball_tracker:/opt/ros/humble /usr/bin/cmake --build /home/peyton/dev_ws/build/sec_bot -- -j12 -l12
[0.875s] DEBUG:colcon.colcon_core.event_handler.log_command:Invoking command in '/home/peyton/dev_ws/build/sec_bot': CMAKE_PREFIX_PATH=${CMAKE_PREFIX_PATH}:/home/peyton/dev_ws/install/ball_tracker:/home/peyton/dev_ws/src/install/purple_tracker:/home/peyton/dev_ws/src/install/ball_tracker:/opt/ros/humble /usr/bin/cmake --install /home/peyton/dev_ws/build/sec_bot
[0.888s] Level 1:colcon.colcon_core.environment:create_environment_scripts_only(sec_bot)
[0.889s] DEBUG:colcon.colcon_core.event_handler.log_command:Invoked command in '/home/peyton/dev_ws/build/sec_bot' returned '0': CMAKE_PREFIX_PATH=${CMAKE_PREFIX_PATH}:/home/peyton/dev_ws/install/ball_tracker:/home/peyton/dev_ws/src/install/purple_tracker:/home/peyton/dev_ws/src/install/ball_tracker:/opt/ros/humble /usr/bin/cmake --install /home/peyton/dev_ws/build/sec_bot
[0.895s] Level 1:colcon.colcon_core.environment:checking '/home/peyton/dev_ws/install/sec_bot' for CMake module files
[0.895s] Level 1:colcon.colcon_core.environment:checking '/home/peyton/dev_ws/install/sec_bot' for CMake config files
[0.895s] Level 1:colcon.colcon_core.shell:create_environment_hook('sec_bot', 'cmake_prefix_path')
[0.896s] INFO:colcon.colcon_core.shell:Creating environment hook '/home/peyton/dev_ws/install/sec_bot/share/sec_bot/hook/cmake_prefix_path.ps1'
[0.896s] INFO:colcon.colcon_core.shell:Creating environment descriptor '/home/peyton/dev_ws/install/sec_bot/share/sec_bot/hook/cmake_prefix_path.dsv'
[0.896s] INFO:colcon.colcon_core.shell:Creating environment hook '/home/peyton/dev_ws/install/sec_bot/share/sec_bot/hook/cmake_prefix_path.sh'
[0.897s] Level 1:colcon.colcon_core.environment:checking '/home/peyton/dev_ws/install/sec_bot/bin'
[0.897s] Level 1:colcon.colcon_core.environment:checking '/home/peyton/dev_ws/install/sec_bot/lib/pkgconfig/sec_bot.pc'
[0.897s] Level 1:colcon.colcon_core.environment:checking '/home/peyton/dev_ws/install/sec_bot/lib/python3.10/site-packages'
[0.897s] Level 1:colcon.colcon_core.environment:checking '/home/peyton/dev_ws/install/sec_bot/bin'
[0.897s] INFO:colcon.colcon_core.shell:Creating package script '/home/peyton/dev_ws/install/sec_bot/share/sec_bot/package.ps1'
[0.898s] INFO:colcon.colcon_core.shell:Creating package descriptor '/home/peyton/dev_ws/install/sec_bot/share/sec_bot/package.dsv'
[0.899s] INFO:colcon.colcon_core.shell:Creating package script '/home/peyton/dev_ws/install/sec_bot/share/sec_bot/package.sh'
[0.900s] INFO:colcon.colcon_core.shell:Creating package script '/home/peyton/dev_ws/install/sec_bot/share/sec_bot/package.bash'
[0.901s] INFO:colcon.colcon_core.shell:Creating package script '/home/peyton/dev_ws/install/sec_bot/share/sec_bot/package.zsh'
[0.902s] Level 1:colcon.colcon_core.environment:create_file_with_runtime_dependencies(/home/peyton/dev_ws/install/sec_bot/share/colcon-core/packages/sec_bot)
[0.902s] Level 1:colcon.colcon_core.environment:create_environment_scripts_only(sec_bot)
[0.903s] Level 1:colcon.colcon_core.environment:checking '/home/peyton/dev_ws/install/sec_bot' for CMake module files
[0.903s] Level 1:colcon.colcon_core.environment:checking '/home/peyton/dev_ws/install/sec_bot' for CMake config files
[0.903s] Level 1:colcon.colcon_core.shell:create_environment_hook('sec_bot', 'cmake_prefix_path')
[0.903s] INFO:colcon.colcon_core.shell:Creating environment hook '/home/peyton/dev_ws/install/sec_bot/share/sec_bot/hook/cmake_prefix_path.ps1'
[0.903s] INFO:colcon.colcon_core.shell:Creating environment descriptor '/home/peyton/dev_ws/install/sec_bot/share/sec_bot/hook/cmake_prefix_path.dsv'
[0.904s] INFO:colcon.colcon_core.shell:Creating environment hook '/home/peyton/dev_ws/install/sec_bot/share/sec_bot/hook/cmake_prefix_path.sh'
[0.904s] Level 1:colcon.colcon_core.environment:checking '/home/peyton/dev_ws/install/sec_bot/bin'
[0.904s] Level 1:colcon.colcon_core.environment:checking '/home/peyton/dev_ws/install/sec_bot/lib/pkgconfig/sec_bot.pc'
[0.904s] Level 1:colcon.colcon_core.environment:checking '/home/peyton/dev_ws/install/sec_bot/lib/python3.10/site-packages'
[0.904s] Level 1:colcon.colcon_core.environment:checking '/home/peyton/dev_ws/install/sec_bot/bin'
[0.905s] INFO:colcon.colcon_core.shell:Creating package script '/home/peyton/dev_ws/install/sec_bot/share/sec_bot/package.ps1'
[0.905s] INFO:colcon.colcon_core.shell:Creating package descriptor '/home/peyton/dev_ws/install/sec_bot/share/sec_bot/package.dsv'
[0.905s] INFO:colcon.colcon_core.shell:Creating package script '/home/peyton/dev_ws/install/sec_bot/share/sec_bot/package.sh'
[0.906s] INFO:colcon.colcon_core.shell:Creating package script '/home/peyton/dev_ws/install/sec_bot/share/sec_bot/package.bash'
[0.906s] INFO:colcon.colcon_core.shell:Creating package script '/home/peyton/dev_ws/install/sec_bot/share/sec_bot/package.zsh'
[0.906s] Level 1:colcon.colcon_core.environment:create_file_with_runtime_dependencies(/home/peyton/dev_ws/install/sec_bot/share/colcon-core/packages/sec_bot)
[0.988s] DEBUG:colcon.colcon_core.event_handler.log_command:Invoking command in '/home/peyton/dev_ws/build/ball_tracker': PYTHONPATH=/home/peyton/dev_ws/build/ball_tracker/prefix_override:/home/peyton/.local/lib/python3.10/site-packages/colcon_core/task/python/colcon_distutils_commands:/home/peyton/dev_ws/install/ball_tracker/lib/python3.10/site-packages:${PYTHONPATH} /usr/bin/python3 -W ignore:setup.py install is deprecated -W ignore:easy_install command is deprecated setup.py develop --uninstall --editable --build-directory /home/peyton/dev_ws/build/ball_tracker/build
[1.297s] DEBUG:colcon.colcon_core.event_handler.log_command:Invoked command in '/home/peyton/dev_ws/build/ball_tracker' returned '0': PYTHONPATH=/home/peyton/dev_ws/build/ball_tracker/prefix_override:/home/peyton/.local/lib/python3.10/site-packages/colcon_core/task/python/colcon_distutils_commands:/home/peyton/dev_ws/install/ball_tracker/lib/python3.10/site-packages:${PYTHONPATH} /usr/bin/python3 -W ignore:setup.py install is deprecated -W ignore:easy_install command is deprecated setup.py develop --uninstall --editable --build-directory /home/peyton/dev_ws/build/ball_tracker/build
[1.298s] DEBUG:colcon.colcon_core.event_handler.log_command:Invoking command in '/home/peyton/dev_ws/src/ball_tracker': PYTHONPATH=/home/peyton/dev_ws/build/ball_tracker/prefix_override:/home/peyton/.local/lib/python3.10/site-packages/colcon_core/task/python/colcon_distutils_commands:/home/peyton/dev_ws/install/ball_tracker/lib/python3.10/site-packages:${PYTHONPATH} /usr/bin/python3 -W ignore:setup.py install is deprecated -W ignore:easy_install command is deprecated setup.py egg_info --egg-base ../../build/ball_tracker build --build-base /home/peyton/dev_ws/build/ball_tracker/build install --record /home/peyton/dev_ws/build/ball_tracker/install.log --single-version-externally-managed install_data --force
[1.512s] Level 1:colcon.colcon_core.environment:checking '/home/peyton/dev_ws/install/ball_tracker' for CMake module files
[1.513s] DEBUG:colcon.colcon_core.event_handler.log_command:Invoked command in '/home/peyton/dev_ws/src/ball_tracker' returned '0': PYTHONPATH=/home/peyton/dev_ws/build/ball_tracker/prefix_override:/home/peyton/.local/lib/python3.10/site-packages/colcon_core/task/python/colcon_distutils_commands:/home/peyton/dev_ws/install/ball_tracker/lib/python3.10/site-packages:${PYTHONPATH} /usr/bin/python3 -W ignore:setup.py install is deprecated -W ignore:easy_install command is deprecated setup.py egg_info --egg-base ../../build/ball_tracker build --build-base /home/peyton/dev_ws/build/ball_tracker/build install --record /home/peyton/dev_ws/build/ball_tracker/install.log --single-version-externally-managed install_data --force
[1.513s] Level 1:colcon.colcon_core.environment:checking '/home/peyton/dev_ws/install/ball_tracker' for CMake config files
[1.513s] Level 1:colcon.colcon_core.environment:checking '/home/peyton/dev_ws/install/ball_tracker/lib'
[1.514s] Level 1:colcon.colcon_core.environment:checking '/home/peyton/dev_ws/install/ball_tracker/bin'
[1.514s] Level 1:colcon.colcon_core.environment:checking '/home/peyton/dev_ws/install/ball_tracker/lib/pkgconfig/ball_tracker.pc'
[1.514s] Level 1:colcon.colcon_core.environment:checking '/home/peyton/dev_ws/install/ball_tracker/lib/python3.10/site-packages'
[1.514s] Level 1:colcon.colcon_core.shell:create_environment_hook('ball_tracker', 'pythonpath')
[1.514s] INFO:colcon.colcon_core.shell:Creating environment hook '/home/peyton/dev_ws/install/ball_tracker/share/ball_tracker/hook/pythonpath.ps1'
[1.514s] INFO:colcon.colcon_core.shell:Creating environment descriptor '/home/peyton/dev_ws/install/ball_tracker/share/ball_tracker/hook/pythonpath.dsv'
[1.515s] INFO:colcon.colcon_core.shell:Creating environment hook '/home/peyton/dev_ws/install/ball_tracker/share/ball_tracker/hook/pythonpath.sh'
[1.515s] Level 1:colcon.colcon_core.environment:checking '/home/peyton/dev_ws/install/ball_tracker/bin'
[1.515s] Level 1:colcon.colcon_core.environment:create_environment_scripts_only(ball_tracker)
[1.515s] INFO:colcon.colcon_core.shell:Creating package script '/home/peyton/dev_ws/install/ball_tracker/share/ball_tracker/package.ps1'
[1.516s] INFO:colcon.colcon_core.shell:Creating package descriptor '/home/peyton/dev_ws/install/ball_tracker/share/ball_tracker/package.dsv'
[1.516s] INFO:colcon.colcon_core.shell:Creating package script '/home/peyton/dev_ws/install/ball_tracker/share/ball_tracker/package.sh'
[1.516s] INFO:colcon.colcon_core.shell:Creating package script '/home/peyton/dev_ws/install/ball_tracker/share/ball_tracker/package.bash'
[1.517s] INFO:colcon.colcon_core.shell:Creating package script '/home/peyton/dev_ws/install/ball_tracker/share/ball_tracker/package.zsh'
[1.517s] Level 1:colcon.colcon_core.environment:create_file_with_runtime_dependencies(/home/peyton/dev_ws/install/ball_tracker/share/colcon-core/packages/ball_tracker)
[1.517s] DEBUG:colcon.colcon_parallel_executor.executor.parallel:closing loop
[1.518s] DEBUG:colcon.colcon_parallel_executor.executor.parallel:loop closed
[1.518s] DEBUG:colcon.colcon_parallel_executor.executor.parallel:run_until_complete finished with '0'
[1.519s] DEBUG:colcon.colcon_core.event_reactor:joining thread
[1.538s] INFO:colcon.colcon_core.plugin_system:Skipping extension 'colcon_notification.desktop_notification.notify_send': Could not find 'notify-send'
[1.539s] INFO:colcon.colcon_core.plugin_system:Skipping extension 'colcon_notification.desktop_notification.terminal_notifier': Not used on non-Darwin systems
[1.539s] INFO:colcon.colcon_core.plugin_system:Skipping extension 'colcon_notification.desktop_notification.win32': Not used on non-Windows systems
[1.539s] INFO:colcon.colcon_notification.desktop_notification:Sending desktop notification using 'notify2'
[1.539s] DEBUG:colcon.colcon_notification.desktop_notification.notify2:Failed to initialize notify2: org.freedesktop.DBus.Error.FileNotFound: Failed to connect to socket /run/user/1000/bus: No such file or directory
[1.539s] DEBUG:colcon.colcon_core.event_reactor:joined thread
[1.539s] INFO:colcon.colcon_core.shell:Creating prefix script '/home/peyton/dev_ws/install/local_setup.ps1'
[1.540s] INFO:colcon.colcon_core.shell:Creating prefix util module '/home/peyton/dev_ws/install/_local_setup_util_ps1.py'
[1.541s] INFO:colcon.colcon_core.shell:Creating prefix chain script '/home/peyton/dev_ws/install/setup.ps1'
[1.542s] INFO:colcon.colcon_core.shell:Creating prefix script '/home/peyton/dev_ws/install/local_setup.sh'
[1.543s] INFO:colcon.colcon_core.shell:Creating prefix util module '/home/peyton/dev_ws/install/_local_setup_util_sh.py'
[1.543s] INFO:colcon.colcon_core.shell:Creating prefix chain script '/home/peyton/dev_ws/install/setup.sh'
[1.544s] INFO:colcon.colcon_core.shell:Creating prefix script '/home/peyton/dev_ws/install/local_setup.bash'
[1.545s] INFO:colcon.colcon_core.shell:Creating prefix chain script '/home/peyton/dev_ws/install/setup.bash'
[1.546s] INFO:colcon.colcon_core.shell:Creating prefix script '/home/peyton/dev_ws/install/local_setup.zsh'
[1.546s] INFO:colcon.colcon_core.shell:Creating prefix chain script '/home/peyton/dev_ws/install/setup.zsh'
